758451329
380251680
668217730
729908832
198406300
566761754
248207001
293722525
388140405
377044540
188151369
66573527
890085870
966583982
205400489
789453964
779079623
924667324
514748397
359378835
632644398
603693293
597711678
624630314
39478978
189032901
116178489
740704237
847866754
990811733
568644923
393889695
973216224
782586796
505353984
127157802
513563782
889061362
45254804
457648377
809870322
8129011
204217710
620899001
273498709
979330822
509557897
401766633
448292780
336094015
482094449
577799926
701227327
158483167
941602782
754674588
262098014
214128437
904713750
211169911
237943019
341745972
919136605
598848475
418323504
804145629
332233112
438664804
431354090
528384109
900373577
443852126
522049458
292266070
358701181
772914747
100809993
277360881
226175673
232143049
180687832
654172556
509575394
10573795
750115230
591618848
756503523
273502909
221615487
875045481
240564851
65696976
651770492
78718048
86439676
930151420
278155334
808319566
742422036
908847019
660077889
478710809
227972402
917598034
304324098
408330189
554059564
956262936
801365962
929052892
937789639
912824256
21054972
833330188
260267849
189598221
171913803
936749073
219597647
287747656
366206467
434263947
552327437
761058038
369544570
518981193
404145155
447036468
640865691
881159187
637543497
731967544
780862776
668152951
183343130
51828583
13574602
377295462
696199851
546293853
536827247
916519382
388154249
217464737
51664952
587786361
183885375
290415067
582545973
997989742
191832362
161172772
358548186
835320713
282317822
298229279
491547497
529509410
663457557
422274831
661235760
346867392
584567408
264860912
883333561
99905097
763724311
149007026
115289697
709738787
439063795
387674924
729897025
181152968
915306343
572898088
96744337
262159504
859493145
694994830
805150923
821229781
392448355
979263566
518855575
225544963
759854810
178866406
894539181
339703688
800083845
335269235
312141831
985804668
592644634
538795220
816059523
15000004
667413758
239528939
415342180
565424071
17380706
927385725
161507798
18325450
83761190
322896392
339330169
188207447
424898581
290161011
411011188
90053342
409338485
939236932
306412878
652595495
944804260
440311387
577879042
437683338
493824134
595001634
604878485
108732985
945725604
411538800
952051510
842389646
620384074
4346714
495631916
592300878
776005006
908153112
964295961
599731827
384274646
436004552
732190509
933691178
480189877
357260281
758188204
247888786
610775613
485323974
473766118
573766248
833279784
20442486
778708134
359344455
820106281
977199794
62861260
348284508
921524721
158570051
766695058
623682372
796172934
106485175
238833796
781465778
905277970
574657540
996757444
52092216
924726706
306399630
807192916
184764059
67821825
125899838
10816672
938334719
775149993
377035165
541055890
542721564
266284748
124132372
597689568
318477893
277488002
65827226
720102469
787380248
22703134
580907408
496783437
939522361
628711433
281775913
131503163
908220155
870179534
786307548
615704471
925733075
70523255
926052582
342334096
202402862
494874928
3856176
846161282
632593756
198111284
819042226
188856807
540189266
209455810
904678779
912962924
135635685
899690145
650816240
749726959
534032470
972884236
487532493
736834247
421669097
986093862
610574230
967086831
35768432
28345008
225803427
398433435
775822593
69586005
180729936
693950831
141389576
724193591
996074178
806267225
597381364
302938209
424073656
230642665
119776139
712076859
15287088
900015686
114855632
969542949
594093013
772077269
26916552
958964492
688928927
904429380
681715337
958905937
145271808
718907056
824648097
261687090
455138640
858613770
610107862
116488526
379335432
642044562
916992395
215291225
15207797
514867944
729315112
257012325
435878053
238997735
420054097
12606498
259218358
323343302
735847345
895217011
633901942
406755698
279868679
36565060
761107991
982023876
211775926
692138653
838507925
52678472
755868361
585478729
998120015
430772822
403896747
295946147
995209048
34051432
178000313
294808102
66426709
53975647
673529220
261356096
307889019
474110593
924665819
502748973
470220078
440771341
722394750
44468170
647025995
26381860
886916096
3012031
223622550
655213541
376539490
958420686
370228299
382054294
563510445
895276392
283693050
589783390
611132409
528326585
144984505
584212855
586432610
707030883
846736590
230820522
645454437
24393434
774251624
866413135
191544498
656421507
203334721
277506825
40085043
670862158
401992768
314915598
268855556
199698044
398799984
990514027
102230753
949877658
984259840
56378910
954682703
773841593
419158536
923149985
562134806
778289485
959474937
546922579
491458680
698422139
230962786
435506662
776872799
525657430
819659056
882023447
418221828
881642668
165183387
280732371
34492008
721768079
16711517
583426460
297434291
927636734
1642171
11978338
432155684
94633564
102038494
543222076
636678757
251063879
275136677
291641496
607282918
914912578
538158359
617049591
782559948
222507450
125966374
404048819
430233881
660088960
694417774
633623844
377068635
935889208
643378668
804693961
650389527
387205053
446601369
733848245
42279323
144094165
941797990
720647246
653685582
998615234
729255086
966329499
566389498
502341168
258305789
341433903
241885936
765139609
130163677
848578359
158181919
526472990
729483514
378973377
521497359
813344305
9062706
349557342
554235414
632629923
610418112
518115421
753766797
139548012
122696554
691041738
87034751
570366140
937628823
230119962
881050543
348742067
834229302
195395000
374948171
255890238
298783874
306631481
627770858
251070243
964231857
955852514
969291767
680990754
619174168
364387381
946969411
329912331
390349411
959013426
175700550
891002478
794554254
220389552
867658215
48889112
106218277
681076422
293611454
338718603
474969698
780720268
978825715
825179598
731855017
657102030
326085343
678971205
517513068
495127911
923529564
234989778
936799138
230389253
368751212
212714316
98566496
484254809
443559663
206700993
802073545
659033013
524156672
565999948
218807836
519739027
766399658
446281907
285028747
105038671
313240315
90575157
58092040
285074325
165373623
466763947
317290979
368767169
80483245
586648727
276102389
293550419
336945007
283896577
777372766
258548823
66662772
776089452
778153222
988201410
489256762
947270943
230055754
799944125
91210185
18552379
414519403
188975014
831095581
492323782
916795317
324865855
533248028
752268132
664459350
187398744
777484043
810656377
286852792
882821163
289344931
626264972
213439648
825857642
532728360
471015547
517952969
49374940
174001108
728576593
58358010
527641681
469707323
559391545
903738642
391402105
221445113
205787698
291796193
73065740
172810119
449235401
478403108
951136216
590309828
80607111
104452834
913545752
67286081
738205227
977863198
294422278
466240878
154206662
398596978
764737823
900136465
955968968
710119833
151419289
768496095
739682413
907244913
386903671
140172986
783634980
789646436
325132931
302949138
976069749
178785030
147815663
582168049
323273933
962865676
469923970
784480663
850765653
906923812
347756945
785806891
758517905
349920790
286312164
582074297
740533587
984721017
35611209
74002024
280708580
885824433
482488560
883070686
467103652
686087141
214342391
957268289
560617877
224245599
944577471
660524940
743704013
637608743
251448461
399083800
959772816
547732529
408711194
787377541
162725291
761060093
554498425
903759812
827591470
875964012
318720674
66655993
356006180
583340227
705678922
812882933
801202334
857086375
206820530
615890915
50665282
149473599
940845658
712189989
389044102
95389572
406806308
160363653
557631137
283703693
396769255
979441854
837363920
703870407
55613440
979320411
595056130
391784264
815711646
625044503
154713111
569562677
884320094
565300664
259904013
175454050
90167114
530082096
972370129
141183666
723472312
553849787
947561272
215619793
46394302
352235348
740304073
249502397
341438699
548062064
813541287
440430761
193796605
157546580
598158218
871298823
709240683
953634491
109968834
924156721
674266527
966173321
142809246
532655483
184865475
605385497
28719301
883047302
407270584
75718865
983988967
999033541
159264962
731391719
91210207
821129821
181801055
615356221
512391540
30192926
863927286
142432532
901507360
939790071
91453887
743577849
498410433
664641793
547371373
280603355
552142764
309987188
389725340
222535597
110432961
815842159
19779832
307859032
569792433
507668767
816073562
873669116
389563962
739359174
40494944
119007914
988658576
495480095
122836276
886821767
213484983
353160000
546098630
423361183
41789338
675290640
37278702
360372475
414907449
874735478
638450168
422050078
231572959
201469078
260415815
499240658
355386254
519380930
995365119
606252891
818079822
611201278
151797854
457918049
448359649
987229289
142301431
88375499
213133160
488775111
127508384
997368819
810094567
247334356
508439251
996234000
914269278
519127266
423457201
83003522
379632983
37104973
536476148
701226634
173925396
317893979
914771010
352629607
299500096
819659667
699271543
383695996
153508413
832885239
572439724
940293378
726049950
904950173
744536269
728828006
484626550
710134277
476407419
676610873
573131792
421082186
392545714
256826935
367334331
786220768
319849244
716321005
263574177
323690579
644335068
32422973
729015809
448989175
695176692
158188970
760550373
149253468
689850674
137594307
661217514
281065832
58677745
637082311
575487485
530279837
385457957
167773195
289686371
545204347
882348077
751903143
322583825
464149056
809659961
320549955
323980573
457065142
601810629
671192347
637805587
284172567
132409516
34388491
562097961
679233005
996701855
467641268
814666725
270043558
875996941
541902911
924599653
135610001
834912466
678149066
889553465
120115223
590178649
504201663
795080410
349776480
322174526
683642018
187894898
329739114
317693582
520885372
509513446
744621328
68903101
363397691
61226571
413033198
789363360
580746798
892927212
58781119
508946459
565489447
977332986
947151641
532689678
125042401
792364177
271318250
968302566
303401771
727706289
905747989
497590723
530554891
751241891
57156389
264490550
640850541
223313969
124344963
771934882
506449536
664774466
6444620
357008057
853176759
38875036
169463912
777996031
405214890
812377489
78298320
13299472
620007814
510242246
356462702
279376631
722670872
33343985
795550553
944063792
903771846
354576642
308408522
844888328
183524428
57059479
746489033
939896031
684776475
320592951
326256899
738448062
547067344
807159578
471176951
671050212
501475691
842934304
528886553
95589063
752510974
673489500
68206714
84020187
507101986
837680147
840542740
379660585
576924877
575337346
718183082
403923090
557533724
798783694
630325712
290864507
372158420
542887176
959332006
495757275
701387707
962837644
601890449
573377987
229198230
990203691
796182591
284596595
397545236
359110145
386377336
395184359
706100580
876741554
994230379
471206921
992441249
860674382
330218165
366355761
65425037
519450673
425419528
678566727
779568071
102762450
545805566
257359705
843485681
590461508
323847398
514982644
788455719
688071086
443090523
965462889
28877556
616306310
251805207
557077877
983934187
525743425
392863002
927206402
716456364
180630826
19553864
424619332
753450483
340276585
159912614
36570464
726766030
162662091
580105029
477004648
626054564
626694849
757221032
759524804
617612389
875834232
579686377
897865409
733244813
957024250
31802209
385576564
727018629
17142277
212359481
318912856
112486411
533721303
867979429
241905417
369547957
948039439
207755630
27443031
190611576
443741761
541603260
433599246
723886623
588058663
568683986
382021333
864929671
212793378
618416084
415939938
596432991
862423930
543424920
297102517
552921045
417729988
626037525
810165117
208187737
344023108
83233803
693359352
149053047
519819393
145408291
109193595
302241675
475844667
402265266
405991823
128189736
88837235
325992595
495323638
971312245
968915358
431861885
579596615
394816285
45202878
131128351
458595706
501023441
823751539
696330006
814506867
867134567
481028712
58636111
760346898
415181340
338449113
394325980
477979805
704938705
728202547
72546564
711415110
261270562
110417325
806634756
3620552
125994571
737419547
561916864
786953052
154331675
448087996
254211911
621539378
147487000
245808805
467979480
325282053
109513321
870019798
738751154
745851051
297432064
762867741
539314621
344849696
476049612
626258202
813643109
856876385
156057244
171485802
512065109
554778196
759437078
215578169
86463846
625777925
529496792
947489530
777678124
631840968
309064018
613033701
128636883
69872179
655056308
425287663
768754013
884056587
813107403
185304690
335877865
310691994
251497020
812490932
236915245
333723652
352867594
570193448
90192280
361558467
823546737
899082064
793285236
264201609
133250934
65193172
529950217
227666974
648462795
612973785
702849652
933782917
480348167
680699142
348965410
488556870
432146290
441347075
902737604
538852605
218533686
854265981
738485574
806606519
29179989
964040479
303450304
460251056
761275342
322232639
390121375
426029781
780667007
528570182
881200335
349579741
706838515
175108364
301591290
71130701
394405143
299318948
65964231
614589950
882937910
370967019
1581310
634236818
378483135
975080197
750222461
775138918
246570009
22262298
370552906
380165453
550767303
846000913
745519007
728950291
153494397
896148726
78891372
351541903
458762276
310371237
162994550
747631615
730115805
50677119
869938127
993408145
360667788
25825228
877730167
649047193
963149335
903899015
975281900
113524608
996070112
326931124
118351510
672449149
323013139
877562014
195076301
824617218
475932375
482573967
442177834
177587968
888983361
927858183
987651818
309566517
63359339
537701739
27696730
119568423
947658774
763252571
237189960
765725491
549711165
308611796
383884100
561535985
32220596
677287450
734496043
985582135
195613044
128511189
323361923
319319400
762367170
958709849
142100559
126320058
292065580
84161374
415502119
611691237
195404719
845031046
15777509
352777753
653708011
76557534
260035911
74521193
377720681
909761545
182818073
692034867
345552535
392656712
711496066
811340674
999276844
887502342
212818024
564393670
937439559
805040020
622829784
191324331
842382484
268139592
907194518
977761143
132291284
905094044
757495325
915183858
249936914
893200079
137373277
974893248
832781139
151140290
781723251
635707832
177903677
251489814
6810965
930744627
640026678
357338036
651246500
691418110
188533920
149864041
428695954
123794825
238355800
909301394
626241445
705686223
278674191
859567936
58033914
730073345
673717131
627387596
731030567
976547176
323397902
618550738
584202876
422934210
59362493
630157293
314887861
182883879
803552348
1258930
808187347
980145492
128323706
650176546
344017541
399734422
96585902
50441432
627369991
439051369
990311844
228652858
228397241
534663303
483176719
58151059
310359023
595321810
918421832
988948546
660750890
726409218
464871742
768530169
127978178
224391657
99371941
653587851
694512924
946509057
759061009
267447771
869556408
555565630
953141618
749012386
231393437
413038461
227194195
788508934
204773905
41017924
730021954
168552289
492282381
268441301
242045148
563040198
763993062
60645593
775470589
99879219
219794988
800666740
283211270
70084948
171999338
635478925
738717350
203110754
521518314
905788390
852573052
316139994
826481102
518413126
859946305
99575819
232722077
879146662
431436308
774289278
777745438
264356652
852273468
588545593
741755402
5355021
552537452
287301238
740954796
506117359
459965058
518431533
812874367
573049620
488765381
605807616
425448133
903818093
921998874
562301849
968632176
664212442
832153504
27014361
255751640
652172279
203582454
752608232
307359006
11885777
133823381
246355699
763409475
855134693
196200006
667401676
100973335
820179704
53816519
847206189
255833989
23134041
666833786
725047399
340009446
528343362
517694422
492171983
662394184
724953174
797357003
306822355
957528945
784096121
798240513
201183866
871754962
434167653
212863052
747453795
824744372
864725845
748664855
189436814
667797877
583124746
582968100
985367676
142177839
551159156
543425843
689803553
960085514
679723545
374285447
251680598
912115231
164463059
635027327
690145605
495872786
252487615
896421782
948935093
307233004
547001440
199094628
711152874
991630219
424488716
695014313
502465601
19262162
409924545
110528617
138304358
885846021
445772756
356230804
383340274
668333046
753942190
167133444
855019462
879368891
23546721
879356189
851235680
691446886
982221799
290661610
564013367
498849245
355862555
51442502
850679507
168430924
600785879
835785539
552205869
556591
764923757
180225858
904313646
693399627
761769612
950030416
971029062
759571770
678929210
964814414
331069250
611613073
339762995
152547526
885576406
711247977
472980857
124686734
685705086
40025755
168436139
296799157
959239849
234509126
782571705
852797300
313530024
8121788
599197966
617509521
746221238
721722454
925720057
927014202
34034634
367627632
81835904
336959970
378037993
667414412
445092356
189629228
232542611
447211392
71810846
983258778
873822568
197028064
804074607
833033363
19158203
936365377
617954653
564973947
694020094
87913350
312498419
429874862
116264019
744222187
255107805
204106264
662333156
590651990
487105562
810503265
329968050
594715787
790520434
179045530
612166234
833202200
707748059
439474221
346346412
826936887
207023313
681797975
668695537
180280009
185231169
211012527
68170245
81560352
317676756
45456552
750170237
840443289
50991164
928248352
68174539
686510883
712025333
979808644
540661419
16965232
951834844
753983627
486297319
474612831
797011498
102903696
630330906
399521007
155105797
35252494
474366030
579949720
191375438
61601461
985369654
773320586
221278496
356968775
969131282
795165839
515224436
673438768
331623296
102115967
943572801
665290788
825188222
152786029
10618783
527468533
150451095
84730769
780717829
533306231
529166406
800924085
169046412
671378762
946114135
568744957
775915218
133110356
208738562
536641205
570631920
433239104
91866767
568520559
961451718
360790685
768529544
685982253
358697774
950223826
879618488
909439003
687609545
276668482
713482123
259142941
500191788
204371766
401328042
915873968
240567480
735748059
517494835
849735802
480213621
135298444
329345219
722687977
635437188
785730183
336264788
385345279
765641492
99152265
504389944
875942200
667423600
975456795
631018810
660921827
996042964
325077444
969967747
663355363
446161463
422656322
53986659
866584865
477996083
87299915
46775359
757349395
498688599
462210335
60581753
397914903
744702066
903970217
225931213
58893532
128966514
670698318
150609922
728728584
115507221
494461997
685854764
54520270
107384056
456392627
394611410
638779555
326099230
415209568
413339422
59158422
861500832
200182962
612725381
833379176
70819598
506553300
184935360
510963351
205590341
732063173
710252486
271696663
154671189
114426457
472780368
4655532
671145282
788473918
155246399
513182339
748428902
315669274
958966114
979260968
377946945
763747294
998654080
881434080
382983485
809541703
997582253
608025340
380564229
744515822
271964585
533809384
262351947
451326369
89295013
860134190
869926258
428130830
203917505
255163128
24175635
319743669
870355006
860559541
610672147
614108419
114645784
762308256
282849523
390868355
194552874
759383339
958645353
276730139
682871078
500862923
459813441
32178552
490815574
816193191
478286653
722759203
305518135
487039396
505021891
644298741
951589862
441349774
802164776
677011835
940184176
753915879
872588119
776496645
928901475
737972297
825055927
313452584
36882453
242783369
775323438
405341151
938982714
298903852
241381291
976642955
67943171
744934381
464919099
470776194
189940208
750356294
625765632
827648720
556026103
597876473
512202322
73301507
807963271
203382205
224998464
183028227
631827197
451259608
278979832
732153053
956906653
824324587
859883708
900509310
109666492
141181845
54155733
606686195
920421781
147909327
242992047
206670388
3217489
814663291
253392354
359567295
646961609
286854058
515032968
68687104
852463055
844494675
478666036
835404839
969112865
999243008
87151086
410032693
897856305
264085416
899959353
459282956
393780725
901655066
66447569
288706309
111310655
915372769
41736870
568278622
248183144
158480267
411549412
833992579
440269792
806420252
427969777
495975716
297203172
79701558
832425562
322127278
457313680
547013628
24892155
986994204
468437319
985675515
885249223
606378311
949445657
196080918
249446549
992166038
844997357
273381382
511393328
761283729
609565478
485970031
969803335
625886174
690784244
389452144
449019779
204040709
556952830
710241846
8656530
13369599
580434809
667875971
989139640
700959011
672329495
95008588
693604247
995680813
42764204
22672753
43424273
142904110
994449084
335585547
686019600
107353890
446078382
834446460
622221535
714931312
10098088
858215230
915620721
680000161
405728171
233068564
634411600
864922054
63990176
824058694
884191183
926114053
82989230
757064473
87657702
319863448
793367668
138597611
56637758
958342281
267296023
386125412
103013760
361938041
551549205
436157619
422268932
738913648
161684348
659229520
616429889
256982125
469809041
671297867
708774658
125231679
29479769
442458610
287111050
166549119
815947032
424066232
515225495
413152072
687016115
205098892
580626444
799399294
287981567
2664923
852990258
140413802
460774991
190584416
978591163
231491228
563690314
332979855
376222751
959078900
826868752
195980568
605641594
668267724
250922757
673245029
971073483
164725513
697752979
771217345
965193500
752349506
244393948
274349385
683336096
993233933
34470511
227346525
159891950
537359745
364794071
606639073
749275038
923579985
527109979
421898757
668213596
252000953
183797443
12427090
585914207
310210267
622502150
749230020
958214506
449735568
291688077
185286496
477545877
67962835
508971449
130031427
22110012
176063793
594673322
919527945
818629079
402887911
804970885
254343707
940391780
910226254
476971958
866198118
264020347
352090602
41354929
19158144
487250093
493663804
399213287
25405189
101115962
402871847
157303317
250544801
825663434
888845207
627114112
448028111
879519805
176510179
313021239
175235772
222215932
518678044
634564530
348106697
719427126
288144756
623979927
131183100
148632911
682163533
7904550
567972143
556462558
107124267
855357119
268319331
370575332
704388496
682777690
588775575
253848773
413977875
437972928
813302784
984492496
399999554
537818688
347184569
745863970
703758224
30328536
766626978
905696332
959226628
793123690
653068597
171238811
700178019
424465154
412328956
767909216
327517810
434917969
425961882
140994619
966202311
57024771
216513237
927201036
777321560
666670488
107679374
464217230
561836642
602026930
532240651
227767067
613733996
776818832
767751963
41611949
883086682
760313088
143630208
7733010
188591835
178698838
717156517
697342006
869524062
300942653
477736357
352390222
238564158
587030686
742591052
580873329
810457076
828692592
356774402
934089719
169249007
583208977
819694508
840730450
821772295
78262941
649709644
144658577
880461007
825455574
457367609
363996256
268101532
970759191
161992727
94380920
712273738
486704880
606396871
530368875
170613128
327590399
90568212
713332528
790775336
175612548
161854461
243719494
911358603
174737154
585551203
710681159
957701224
311173083
50805655
665371353
637520047
925872245
761537324
9322723
173351276
710550857
879262139
138616879
403169539
423531910
678203506
903015006
880954082
757606295
900864537
670516914
689726776
217191977
104280973
630836965
418386746
411842631
76671188
637875841
928161360
236473787
544145223
944378310
673332256
160369731
268005955
765295646
820176633
71569036
75629275
928998317
733296140
295611726
133081883
288827480
966761653
290624724
504928713
863333155
397426638
659988753
903149722
559089838
639327723
405070696
21028446
933973610
943741844
273607153
691193249
814743905
925525109
629191397
426689379
622900013
469176864
118665468
9632780
711305052
858587369
230467824
615433282
853491304
345442979
189453894
769121032
776179900
665021563
487708677
729229449
249123436
359498271
360085123
410806080
721792523
198296075
16818561
728890707
466002743
424299786
241494217
501492161
638710310
134460296
535671028
180450861
924655916
741367375
103074209
317537847
886805328
372961560
716050384
712580724
940992894
703036355
678679035
225881916
711801761
75778420
827793001
288896020
740163976
626095252
655816501
62868755
298818413
702431623
327532458
21983743
701931525
271604681
346061809
102466723
475855731
8329503
132938984
844801395
419036701
164075723
343439119
920873304
568332876
35878781
461663030
863083827
448590321
25457566
569784270
522492563
87981450
598637024
555086357
542789922
444839006
381830071
923743080
592037918
736115344
834416039
901822245
139124936
290426941
797136805
247156352
696761543
323177168
648498239
256839059
173435467
183786011
947460048
642961198
336282867
606339608
671192035
487117889
410329544
475235638
494831542
254265622
297912274
184593132
407747383
552366328
522206413
909154076
675254630
687983133
448212447
301736573
440598571
800909953
652005913
282833010
902407112
293558185
281093160
611177566
364725952
596230087
746212002
106212705
343842168
496806149
456461340
166534400
928322770
79697392
329531856
635771164
962849127
28585232
225130854
336199371
199928242
302009907
564165422
750196232
206627660
888552212
109290568
985360149
571137858
725232978
525549178
175212124
903566848
989698027
632188025
865714153
446598759
941702914
34143878
821821538
538264292
483280859
641911678
713108347
347073400
241826767
944812820
225749462
381873049
678984660
304434598
79260706
677393812
148783806
589967408
775272804
622944271
655170517
802495679
156747997
510594190
65593315
679322815
271981502
958343366
858548773
244447309
256576615
925812451
597471722
497474379
509252711
684662587
731085937
893980420
773870591
911768303
457391250
636543487
456977567
305079238
838435035
983999639
40199929
367922182
96268075
791623114
69198414
818414866
636675361
143569457
465898707
78095538
142327706
934044537
396710873
768516181
708891685
528316329
711771071
226344610
638988056
988229392
75388634
997278011
558014285
107208482
921413943
150119249
251226579
715997910
106711684
176471851
360650750
669064176
967519304
868716911
245010266
727056155
640765945
279933209
868316760
759351812
937296213
45349789
969273257
350496228
3868231
980718314
713544389
431163456
7433630
525311564
839338944
729270740
146192628
35771648
381625745
72365259
934666449
140735897
709295827
204339714
383781324
843197126
213524629
584305063
934633616
435024779
797780549
993889431
946979706
57204396
972065586
175302359
408350262
504139892
278864829
912528869
888801322
661728306
644129237
95941938
749873158
691824736
200101615
159103983
819692118
839717167
847644717
983023519
733230693
832166625
743633018
656233039
40976258
82919716
853024913
271890466
270161311
909943481
896130345
177320189
62742307
875029637
564452319
261852045
658179320
875557279
644718480
489736956
458657578
814826542
390222810
135785498
986557552
621924808
39888638
120227452
609295499
872542248
321255391
512058890
397036657
15774697
101495132
281263177
37741285
368029135
973087277
729173964
685167016
88938866
666976210
248956341
390286502
117159558
12299184
979760904
685553495
66281521
970359900
82866869
455719480
77717517
943297828
178257656
85284900
582560221
386187681
806744147
577061478
790270552
36461629
29477787
589101216
189833428
263186224
609531379
421361046
92760396
421756491
668259943
232416337
377735737
613790019
546101154
132313687
900354781
473147842
192886820
954244582
252427828
648565153
106745553
877396993
853326715
119293894
821312835
71245149
164745903
970435754
997411935
39465434
711410708
530449782
773014889
419542777
712700829
506432789
602212802
414918655
120081720
411229809
222158980
95297688
55309393
281773602
405035720
808424807
655256019
552873484
172226775
531281373
217837550
701012765
762959544
119455591
328242917
274269375
463045535
391911943
586756382
443002243
250652591
545867190
70268795
298206581
92510912
733147914
738448639
472494246
691482414
285799350
778904281
36535853
534272302
766201605
305778260
401788835
83998585
743311329
363647208
174697173
263989791
777401782
992922519
204919625
339276342
840300614
705622002
790123602
649607880
150559420
135494837
363842047
490353070
537017953
345269086
913157953
959331562
731874466
505313060
955252389
618499938
837912770
796258881
161482196
153194543
32558817
237531630
256379843
606078324
123002453
713541847
765136638
70404223
590667654
816251781
289940752
423661783
687355716
578118813
929930302
63689715
578164207
671123063
174179368
315280897
674284504
413635581
193001947
257945220
499100841
830815180
170390053
521939717
633628216
885296758
533330877
20592247
706862716
826944217
130896212
216344068
836065343
507868000
385712880
793292013
486051078
235252516
578129397
701713368
618042684
916706101
737832853
261268862
110136575
995137954
602508622
60589532
311113477
936694222
690986729
554779818
784768328
463748662
281419325
230756109
171913197
664631861
864983432
855828397
19837691
11042633
739662571
70902556
89799224
349327967
194188492
951654781
434811035
192397645
889123696
697251821
126981740
813209295
205877775
957203613
993490927
543904013
793690068
742430654
136682833
326855842
603401862
318640734
786628905
362086250
530258189
459688563
265038194
120924572
567113779
652598918
161824329
964948733
965397479
178491850
290440766
469218169
686538376
206344343
414181655
420105315
933859686
790480809
166082271
839805138
107151632
945908288
178830598
460330200
293756442
252275239
404764032
86822288
807798602
82283327
844374852
725832739
665617832
419283862
664033697
528008946
419403863
460230447
626195424
835418040
194778756
646564958
834252510
467460637
703995157
919795977
185718211
461088778
498891161
362291298
904549174
322841352
298393258
702743874
3575334
831941015
464309542
89628835
374272219
761623585
425742466
755799285
818082576
261621347
909305911
68021932
828556893
100759409
634090432
223467828
367823517
288635610
999662761
486480506
342181299
457136444
101934620
641490754
58927261
745292690
777187569
924574374
796942005
488736057
339498664
562681006
392385818
191993350
642887927
708826321
2381560
944978831
636280777
989185943
847361765
264164498
167819309
422273159
49913350
509326769
69777543
189029443
228293939
125949555
186285117
898387127
946284448
971186450
765778932
578042072
392890569
913677599
84953646
638072079
405943693
289016905
433149449
456630108
530460829
360194837
127207366
667601558
304469049
840528886
760501044
502134727
961717966
482813995
361203343
183647392
137770623
870084084
474734207
978125629
159766563
201197752
89396312
803092508
273664901
976829076
707534561
950104172
37623610
274016685
729168239
155262476
731458297
126851413
558463488
982127489
484424321
212745983
592854855
531175641
422190630
326848120
290488780
333985986
879756380
737542829
565341635
331034009
596269124
584296268
1666695
319147081
841898083
932696225
247163846
505164881
534338411
85252855
691312887
410357463
11442601
398921924
524559967
425077469
735489219
808518585
132529063
386307380
904748576
509904853
407682365
317610802
218495421
788866708
363461279
19107640
385271416
751450733
938169167
340231609
452622831
374963480
780669884
363866663
935118456
640697238
323658849
169058849
281765451
801991300
305250010
442424083
543131962
653707335
140379481
801732982
371879028
827132247
648223478
533901344
120269384
938821542
979665281
363320103
885738414
145809528
117398343
269117141
565608369
808549283
213198177
517514397
229281228
643319759
867221320
877274410
988896141
995416912
832673629
761323679
109905161
476562177
923602153
71225845
669542439
721399926
646909515
646776243
672229735
486938356
225266680
898611332
322561039
310845359
670952090
440357232
803877769
157215660
363093012
70801621
628001765
206967487
558162291
106312041
273834301
599861477
358419791
463556394
192014088
539384685
783944785
829100554
373230552
551908250
532333806
256043409
510390232
900691259
13363323
620153129
728222955
836636305
327315189
465098706
699678118
774328063
168081978
415725678
772667519
637196839
228619845
98075301
105006882
654004439
894252151
633526069
786303170
414207076
592824178
84109378
478650085
701613413
699806773
59439316
287949803
888547677
600368578
98171041
852060407
301178115
759456078
647409532
441084990
107820546
658166191
376253479
153050763
878987810
90416231
449419362
861000113
444519858
497173750
628408596
9076531
54052193
361920312
924151109
992329319
86924669
747471069
663299529
862854288
801849999
158556190
622374806
715625769
567401071
825205925
857422546
441181633
784439520
796551337
453856511
747711363
752995579
884060845
418694438
431170437
522650364
383070389
947710304
589602408
620219584
84202068
279150641
609187146
500387548
82192196
876773841
944076053
140345813
31066017
448161629
180931990
827467751
162714812
763838449
850802530
834267231
748428562
534092396
699069534
138174887
256172817
55933801
324784740
435755766
523607202
714910824
792542304
268871532
124772790
5960606
766687885
323899320
772804610
367141439
767507282
911165654
69904290
915746317
504841303
320426860
332483880
975637415
535485894
975002515
499227020
161616447
311192461
341617710
126441756
276708543
203580390
176160754
962830541
504678886
305735740
835358611
534131197
725613642
321827232
119225589
463883939
422543395
796736151
747708170
946841076
644275100
757687580
14345737
551140239
179761876
815217240
969796136
421792556
811007736
386910110
721795963
887983255
139940038
608718863
617075986
934080658
556294968
751780705
782300358
283188834
363807598
744993456
665711469
414057532
782921190
151035257
371807717
817090028
932925653
190866406
119202463
833398646
906945984
534598604
489767175
518093043
517340702
121865097
902284530
517413866
508888846
617558162
624676300
900464376
560456781
431643153
785201346
215346907
299701240
53139653
248239535
853551861
852674692
931977946
173628741
739571614
284775194
708292034
327407127
533914710
580792637
791467631
808175076
915864442
137344522
649729090
291952500
247220078
853504585
906884075
314873925
246301196
778417919
386842351
941020641
989834542
799269390
670643710
717229278
924534737
158391910
144278103
207368717
710998962
269594141
872719380
103150022
513343466
521300528
678207773
531447148
334040351
804341732
671250216
770965553
61614999
570479690
42184180
104997642
163534531
215640750
988383251
896265165
136886020
320749646
743110311
952982652
425270056
156226453
220175527
918295774
56080954
55787654
121473555
799095949
740385185
54380862
85773906
476647342
443409186
616362119
133199363
559303833
250621054
866446308
502308036
313443104
325581856
184271791
981879273
713625048
376475125
834957933
931930798
228064125
818901731
48415139
363066021
9763940
718334766
388833736
149253249
10969191
286644029
939052275
11532470
335331222
403847869
466591694
54374771
813398784
427118832
630410512
259389425
444619495
51662572
127724909
53402364
261107103
631074033
997352571
503288409
770543496
89054539
107505822
629353772
240019988
355855169
758885852
569846009
103253544
845145615
173514541
394301194
707565752
322362806
675750349
621432541
468921506
516874023
259930796
576802932
659439356
537787125
346228539
835586606
918527632
634749174
997633993
753735482
321196726
543272971
928884627
164849613
12088512
48221610
992673144
579943148
820721530
433119344
95022369
716941388
482735957
904718810
829693691
94333375
889338499
25531643
995270061
720045239
733481622
945799798
538846310
990548986
723963870
761359993
465530852
404838069
827179042
522232217
29354612
108414995
680021147
230270854
522399309
427361963
368819487
401922062
18874061
887447808
467499231
437269530
391051705
234325678
655386243
94409905
256385951
171859570
660118597
208497728
456328424
305434200
97231037
146304527
660872776
566806252
299432533
505940894
264122786
461723021
462523030
342091099
374660461
320409904
799619727
356608060
232517661
10776807
707344496
229386629
861778534
932495893
405104863
49706566
5774771
346083849
727948022
379949979
896791941
156261854
547582265
567448255
50360488
663633188
828452084
902832657
81548349
670245162
562376949
572965061
430800562
858324097
91420805
797395540
897743079
234062270
8435905
283910159
159727972
793564850
260693309
414823690
547939788
201469434
988131550
182963804
721525169
49892428
977631815
714796339
24589967
554883675
358223980
319363139
942563332
600297356
352722791
35174435
467365584
516820372
55253726
881171875
183963160
121263921
803729940
89038661
217798998
328595828
916559350
111966655
214296045
127433276
684516365
449133993
679807184
460870726
906893850
54907265
860570303
85677845
795642275
171505744
650680319
399763195
783958795
402005175
303182909
76508450
905647658
39851297
665988902
892220995
914432671
777423925
117854732
451528734
748965938
482315118
240820980
223633178
779296741
125414173
636918586
124314352
525499470
912483080
965164197
124155724
955873253
189595318
406145718
488564269
998421208
983903154
121311421
391278132
402834054
875279191
363594790
867215376
641411686
951195434
973614304
585036411
84757757
283657190
368308183
264938910
685074655
177350629
92490590
636005949
469765674
152432972
905582218
580565305
47080146
510979498
529955999
619945959
342540726
872984171
173667832
921762608
245280994
181186572
752177089
209660787
823739730
168463421
837837579
699938326
573088899
438774952
613678006
392155177
450568141
871511387
308497149
576945353
412831334
415940294
224376571
572500762
804042494
510265733
260994982
92953606
163543396
486586653
798556927
351667565
835018183
683244081
566420464
381162500
654108647
275719725
656840043
822618433
605039855
365787451
837927704
544999657
405180366
781018748
273475000
113608068
522601822
399230278
167953525
6162065
188110925
382917427
754994815
41121524
237288328
163688250
503210951
150933874
56822147
849615640
389059336
552963146
539750521
963778608
943807955
884926736
577699039
830082057
333755889
717846746
369610495
498080103
993184327
650667583
572590646
84640030
706333134
599115945
930840230
918857577
975145436
390965051
758503389
288591660
2075047
121662694
784054665
954120175
640840181
676149100
209246224
423945646
556187466
232964887
997873368
755456678
461445716
621147039
293255967
694967830
898205112
595867805
676706895
698493537
469404621
846341211
521284045
444935266
218020596
592328223
644073009
870852275
5655472
64491852
770710871
459043746
207611972
943223355
372638917
231564834
220945199
153995727
35266429
487754412
452835518
256951938
660598568
36394617
426417184
981449885
405009439
915277113
314862849
842408445
926203434
960475849
840254899
607595915
991280842
271005088
541206762
369198724
620931382
698492102
356598084
680792685
674581738
72233138
931283517
407014340
776556038
816981004
965869284
279188016
803608461
732069784
33817870
640398549
907882638
291867462
931557280
836457737
241264001
943704532
236260859
260119460
166360826
707592904
824526819
920379872
333572673
179161402
461120487
232076839
100677926
863503738
854231984
804872329
311272529
478502697
257009177
981812933
808262353
713879949
355846017
797439281
717216711
176698137
809553037
686826466
62193323
247256733
735729901
460116983
193647270
709644
356306541
980602800
472917254
691359101
129093863
292600330
595711584
843886936
481570903
986980928
778703644
575931539
851738367
356257597
482712505
77438076
408573317
223244212
879411187
50594024
919393353
985706443
69609894
782290752
949140515
895689839
23808714
122494570
477941373
860679934
499347906
343869845
718534929
466095309
352237806
497412576
249366607
971263989
350530551
659338280
224948527
950143154
883777451
656151859
368850755
628900800
456641029
779944030
36000537
144967714
473306451
219481541
720255553
564023804
179659503
215216551
82146828
593313270
506373178
963156931
610617123
652236579
979645383
86162634
580145919
502731070
411131445
569827098
791816342
101582730
964926032
800442143
892470018
752107459
246631341
502084067
238967190
739536094
172746730
142215162
446357296
241556744
894489592
880893649
905485984
347247278
394100390
1125726
734126407
539543737
181685788
330138422
959658822
120187831
991120943
814508118
895191953
203540051
422168829
91374485
323650804
95916534
678398937
999915552
288149359
785964361
781568866
521128895
816992048
959204234
423271641
723470687
425730697
406623651
811168162
268201907
954672154
156027076
973250851
799720952
497410372
150469102
992244941
630484556
381654185
367743060
394622076
701927102
684845634
588199873
805008080
299047396
216196865
763932081
317797316
923121233
415272170
631076767
401766997
169995632
637405477
27608779
986715750
312197527
31025593
309497092
361114632
773079002
829301358
510560227
724835218
821529716
116147926
675451720
423043949
684976869
81182995
254736771
29327622
353733942
531276335
332929831
162068767
534382471
270719511
489137906
121915759
49284909
173499947
461957244
299866739
324692636
376556960
685397626
595024415
74060023
850592437
672909883
634009315
218339504
76304401
780321225
662697020
612311678
519794392
549042678
917171018
173185350
783074972
668594214
394628416
538238644
168018762
279076203
101949560
851391884
153787558
25515774
21901305
56135730
662327076
305385665
451069714
641966021
137124935
18906642
775150114
448661760
810473761
791536642
510692086
643127048
471422099
886574734
86455077
129243647
782110152
244202797
547181486
245445968
937930516
985568958
224216174
986781761
849871756
953878230
685159603
840872955
659538477
254247279
154481210
535187891
895683221
219038992
865239524
632750511
818271047
61507859
837975695
775593258
436003888
523103137
563909123
417835914
936867948
669270662
214235176
392759686
569068160
288189839
384053452
509015230
354933683
446419525
408226685
361460514
165273935
394151355
354468365
696809757
896117360
906393766
19710924
455298560
789894254
773788968
165441317
86397161
701255745
538646783
271396959
385167975
39481326
227092749
895302695
16891451
573744948
324024902
739986044
65232256
341068817
841359525
683411361
82847745
104234249
43556145
321392129
210217319
504390345
290066004
449273033
151060818
223440887
547948456
281248248
794989560
262531445
854293931
961961587
649774962
158304236
304614139
131593881
809432664
210750976
348063119
794298512
435022985
779614753
187834651
552288281
718222956
155672012
957760288
571108120
631348520
203027504
821338112
68542606
532972594
925667821
931314991
578957845
755965226
299053702
336698839
658397276
419910615
215858873
136115759
672424462
393654089
288540642
807504583
703477437
460425311
99991893
65845807
491042964
130974567
564232145
935677626
512241275
523558362
6652194
821257984
633244350
945832048
390832331
629913828
793652960
409193724
779325958
801622177
561964937
754788713
346867652
358169473
973983458
302384066
780878058
950329911
998008244
549436506
561280553
302399996
621127217
439868057
830898440
769254074
400100616
114285169
459769313
537154056
916847849
351731319
722241737
897067292
516997962
358070501
369780633
987196631
700256030
226206405
918974660
554733818
499927281
172296250
81701161
721013902
575809289
165867730
805982828
71966757
331184130
669975852
671985526
814839424
617287104
140212839
778009880
916132505
241840918
341766207
524041283
873731369
756030959
179034917
253437768
457767421
539309640
933419448
605217729
352750550
258499716
359654339
58841714
275503701
93197832
160044295
898630949
534135778
489847687
362215278
263322706
111902869
27645543
211319467
986463145
874673838
932788537
435319592
313438146
944665607
873686355
672859325
631376649
378357801
848691473
518068885
16626352
667563404
366204045
469422715
498765156
300642691
985370263
830927566
89751870
184741271
454857742
542592681
139957371
99203851
969356330
243116950
734371282
434651278
865797974
138289131
998616718
725602693
65076837
916183501
341418354
316199554
890266958
57870744
526647815
910536157
351596879
763979572
655328147
725838847
472252984
334873039
177040994
322840467
336901292
860506478
89460745
497645486
700491505
670601804
356105061
408753304
709672286
132780378
39963806
855339213
642331244
919302472
737737025
810318506
389787574
926665814
38833379
657325603
686428175
929586568
925045543
878911975
976731068
142617092
291391813
675266566
618433422
9042339
571700766
717879375
27152979
578165751
592659321
456217948
81502490
801149845
762441094
943017535
950743443
610011083
484603062
919930113
467357452
161529238
185767287
398689578
965457860
15680015
935620120
661957388
642175621
835695695
286527051
611358743
795417042
986302569
825737200
29390749
585416771
114646544
959761895
156309335
966975969
337924551
709272824
969776812
727679048
406394191
938507271
239912970
97662896
91857119
500145491
499939785
896541584
737616086
334212037
251507820
207182166
897824933
157022062
875491813
964253723
604933282
780977678
236633858
642434806
77927716
723868221
434289114
255541155
821212725
136522566
239007430
757832168
601099342
596621649
894255529
719959642
535734182
340201054
896911769
936565595
412861982
6394683
236816860
832832377
855537227
900373166
829186415
357300341
126654069
298738552
466125004
365238968
788463041
114398064
20613736
237149469
640320886
781396856
459232449
54960498
255821899
512992253
696658610
641526363
605676806
422319225
359556890
73479184
976646958
582907308
206338217
524090054
501158945
525661763
577394229
173196243
761960352
29378841
39068337
906751149
573655158
732313700
160685660
759585578
689178854
96054658
490585881
860409751
268091448
785619407
239459051
17211197
333050026
564539953
211154213
953663443
35946855
702797291
346436139
551496055
456741537
943597121
884415799
233343266
996275588
258844721
894817637
682564630
542873707
695755351
520922991
40104369
489303452
660307784
903291166
875687936
576161473
558709195
960937397
451587754
521092300
77340268
32466635
872518558
745936287
531829335
592031699
950224341
31148704
125124879
828793943
953654816
512703046
709762932
827057385
910816355
337960434
328999837
737265868
327991169
300318981
17869413
36453147
146589407
611242471
442554937
259273136
247151872
266745683
973932668
424944317
752568762
951046677
909960108
795258758
279999773
652124080
928820519
514303867
455330498
132061629
759543259
533917424
985612454
444623653
809192506
213213085
104808490
952812764
969862274
130113886
399880918
226978660
827497659
111224798
506099880
193363267
512381252
658032923
132077895
221256493
173466861
876853286
517268671
160199202
223583766
105673685
574374766
474843599
231607599
917208458
962112918
285223009
111804181
214261279
557982980
324582293
673843906
121728101
874719453
312977575
651446166
685052079
504051206
509077021
267954753
265022126
708701095
246929146
464603202
592707116
773080154
158951445
295565608
447006752
434679930
156283
302429845
470901425
270606382
278798850
420734469
753940275
23505391
76812395
632967778
685119510
195670360
19768716
641642603
529841829
14262423
95733199
577891422
316999319
778191050
203527944
89043318
391070328
830074026
416675154
870276017
452590489
947080695
979985292
131228330
372043552
728589154
107103372
274153256
323538190
215661325
59375199
829858134
668655932
943285713
514819396
289966800
835613369
732586478
924501885
481278511
112607809
601229712
73930531
333524734
130863198
803791086
392124793
840748143
252900318
963727393
99575405
944875064
588589978
382223594
796947960
164551723
973141102
897598713
109698445
334807036
515295347
440420332
494355494
789788630
411869205
320383784
630031962
77069986
950522309
253656142
348279306
285839017
201631942
951529018
74255726
631516623
574966644
35119756
450491398
672916187
789571678
606455309
129792098
993764921
895010368
302654826
193356450
398127625
542808448
848163229
76611036
2353719
337411723
291368161
485639680
227979620
176249102
464997618
768770397
874541155
433959807
996750389
199479546
81678493
992853014
705958150
893837577
404749903
813381679
418494810
444735116
963936904
490113592
54948627
251822369
141548780
84735144
53286842
270509957
885661187
974168077
371743200
475222733
783319907
252752875
79721934
263131594
158008748
785215786
594638691
727923267
109573212
806607737
159492405
997732624
948183717
213994438
625693460
183522604
771735027
550510272
831702711
426459906
244810820
391998619
953263382
961717156
151222891
90474784
236747856
188813449
247559545
106776118
279009423
306657228
348599658
645209936
155056377
223132647
373969284
504618321
289940369
309469910
677011883
80534642
610612374
886254385
354510392
666523344
355529974
266570306
101451683
530611658
603934897
284366995
604344062
743954659
764463463
111308575
324675774
200747510
23093009
121656588
246927777
56028503
853116133
415613655
456455856
79869609
822152146
856017148
375046087
946834421
320623364
809433655
274077230
770175936
978445699
862861528
730142692
745117683
333957693
713018227
296080775
600097596
804340752
664278297
763761204
362128305
812141706
727694796
577891040
50144510
841451151
85016692
448707516
911302648
67273048
655064146
340315999
878596740
336529748
13565173
238845534
209811755
253165011
896684791
827423337
266845828
923083888
587995990
181486879
878365235
552896575
100260960
602913654
715681849
260573258
628353079
628303930
699317762
990433385
565835928
430495338
667881257
13939080
721373446
626034311
975750113
958554551
449628553
3644143
938329595
711180676
530624465
50486190
820984387
434216733
37252882
492599219
236674870
511957954
248629040
577707433
926032374
145891583
417196635
432351095
345256572
807991325
56374612
243095212
676389861
438723485
487345408
724460029
399121227
166680330
667622387
566058076
907063378
708487016
106218704
853280477
414480386
645649525
773561157
792359014
899364045
519223908
173972378
13877199
560287471
909404599
657640340
18016010
512876197
237769743
674001165
216430614
80313602
866001185
393096374
196748051
348941610
714285059
216532293
426132162
955723804
164366244
34901848
751283233
131229795
109617707
380429530
77155354
378345967
376185262
154294218
745024920
455054863
10078977
178372846
564243722
84168813
659146209
758711343
742887012
424228266
380253873
51856375
416057752
127831780
71544689
275099488
954314579
607787195
805581319
223845841
829702387
422574
329280691
427818978
740643333
448054835
106121300
600842410
702900660
799874741
924368443
204546546
160632922
437110597
838891830
832133263
74067641
127406757
283758667
648230478
302073760
453843450
612578476
689403847
895774219
322843531
360067997
138761255
663999029
529268979
593164331
785397472
816459855
301710277
156226531
691479091
54045608
658836883
877647029
887128772
707480317
650689640
721520263
694432648
858199211
484877225
20831687
384306792
25299769
119404290
922387861
213669545
694363722
416714727
858016836
552908467
427040595
48906928
405846740
10735548
309442243
894302101
789768351
115829123
602511832
150888022
930186323
318627005
514629697
85731027
561483428
323178362
590816376
793095685
380034402
471054450
934732453
853838498
38997323
853480004
702705707
55543085
34213778
131899956
749669401
773994520
90708457
379134780
626767361
350999722
935982666
919236594
964823612
678463096
96341252
559614414
967002815
351438630
394406924
40900572
357907054
669627194
156049312
357233940
469486114
28508474
916463136
330609989
281319301
586296463
686319357
684466832
524229292
280259810
664821424
180610850
593395840
530892819
720470491
352982207
790098374
857025038
841394301
986991138
177223169
62347847
767247701
116490643
666914891
93104999
32085696
797194852
64721188
491225793
984620813
451478959
681793549
671580354
478161955
114280227
520419361
373944192
843818294
698570643
933615551
842494901
499085026
945043823
722382357
63271981
789223135
176592491
35473163
242967644
612974183
670868692
435605171
788765698
878175965
636202524
394736029
587100376
631477787
651993631
775006814
602281698
968816851
840491424
813200142
115760452
695077801
262203512
519807906
105428744
427602713
720042131
38823403
541640209
842543390
641402978
869868260
130212267
615093582
889464628
917532200
519221059
914637690
354515979
713117808
258414824
419416788
995571813
394874623
691898965
859484436
381730066
130940023
717371207
451426322
515634718
34470894
703847191
185285072
804288383
449338751
469978283
284113620
682375870
731465365
701751487
938543970
698412626
770999864
20898665
876349869
73835015
613683756
704006235
7377056
849100187
746134500
384397063
554444160
581203396
225503476
326555658
761340444
401320933
811600128
996386452
540462
520934498
607509217
642776346
224509070
25826180
657180909
236216589
768889964
862670521
699359519
447052402
45844662
757600305
88495150
414310014
867719650
366827626
668605650
579372975
789989670
291408518
311312125
892316322
403148862
495931246
154714903
244305791
930788057
567448524
798084038
163594535
951591642
177447549
742330937
383674026
190083958
732620166
199852326
951104729
551325848
364904
145029131
344081392
999923569
767046832
200745933
182638911
460031769
481148968
988949910
710774601
44036947
44178751
210362736
206867402
660542617
978304843
13934751
235719477
513212225
737452764
670092196
206436864
227552600
620151025
997767886
572421431
263821390
650711770
309877777
675932342
356699944
823534676
451906635
426653307
963031191
645973416
344289864
659300837
201547602
498096938
27434853
242861417
676728495
910020886
738952920
201441179
718040189
755588208
932773183
747976798
801697638
314726698
606870171
668122708
513592686
524388104
680002981
536404923
188198027
51905461
533919453
923727020
900568112
76085274
964125980
997467021
878649730
453716985
995411028
164678470
966297018
541978226
712523693
649456011
907209098
689194104
807017999
323298630
638615024
910862778
107987334
934029646
630002551
763978427
505644566
325636971
29012161
219882784
158216161
77058197
248941738
12597032
831469983
294595811
995321232
36550732
733469445
5922090
87362737
945762238
556431665
135255998
4214040
496729259
997213413
266074829
830271730
722097421
915877546
330085092
827676351
694737412
147224926
328380465
717583761
625434627
353626299
991498329
158179625
740949269
3334102
719465113
313367949
168279302
901720470
356901615
859781217
859288880
649583953
395680358
519729823
966918844
771330031
535265218
272714634
628646492
909424722
991536575
502323851
868385084
264921929
359133363
340592019
679508670
985777189
17858142
739001739
876507312
577506879
84718241
819192655
20415879
131084152
836496823
782746989
913888387
265196397
782365222
88631027
80410902
204788718
455213760
203764789
479372290
389249552
631960840
557002419
791650538
137618805
404046136
776477641
58414573
770346032
958915189
350040071
804183617
521641511
546651528
772638767
841276807
273566909
182530431
108940914
674615017
566878757
151278057
24747904
734106178
489848124
794549213
175497500
482927570
488935383
443599374
923946531
292831085
475925263
362674921
86263345
897398618
456075307
214316233
734496131
323659038
178155960
477500048
87735748
717711120
109638173
947949825
93401305
501673084
110829264
884237159
7581753
58116319
978659190
641333706
858473389
840896218
325949103
391451040
180683815
722388483
451272616
695368032
399792047
491697558
620902063
284788665
753930461
197960189
217600524
53895913
192327522
600650747
91650941
887773319
537910198
801530938
556371181
994755635
866720100
983120499
493802497
703641147
132753548
652672135
938865990
100168215
129215247
94230037
561349688
683149892
984278662
87729912
678777278
266352999
848364415
365465232
216024296
613641745
429807025
263172615
439961002
485573380
911587453
792935155
631417911
458863291
6914461
512113416
754265985
40729427
873177259
376321170
511531860
998004510
465741102
150367799
507661614
14089463
93311382
618481812
185881098
958800762
13544338
108504082
884481288
289177812
981998406
803462110
929079199
522981200
27632245
535212595
206268831
989987006
292076082
645966886
7332072
519722581
764554678
824041184
707144589
438493557
518927912
968452373
330988836
211957133
980789002
534903188
942685685
544152856
897759164
337872938
759778943
301121285
726029716
989175668
743891503
570635492
260878396
256623336
768780291
318100339
341773510
2231666
270862296
704691076
240043206
209787428
512980080
71076734
117454898
431735118
982111006
930496539
866330276
977507219
483957095
670384103
968557120
149772242
492021772
464205115
440121306
432058112
319517396
784137264
83140142
127175946
367100492
812283211
598412283
678350017
161116329
879397604
512191533
597704833
337269852
702120341
842277784
10001980
984349966
547600878
479820552
806184619
164359223
796003879
808550257
32351331
848580184
546504462
14472388
188483848
156142961
594368163
850066203
224866519
151805003
216069641
221868160
369140702
569459704
45366245
907671403
99207993
962357639
211380758
840949317
958020189
680796203
194628986
820723357
613927938
838033840
970447438
542244672
903636108
180394576
358663849
360710626
199540235
853835131
30219792
357253464
705377669
206808405
75644244
553422310
116142367
685680641
173306430
840084497
12758134
595959733
877989355
226059328
374822811
303039904
231494096
105466164
86358106
865414724
596855581
432953683
496660272
345893658
368642325
320356697
998232924
817141590
585620422
414745867
367465189
374347721
808483008
763468147
129266102
858305499
303369049
629928242
469564140
869351439
828730428
524453441
899293609
891325769
460699871
29446174
26975630
610841599
556771793
614150178
905911487
372399251
880039713
704687875
695659487
869278585
351920393
221859963
614409654
965595003
852662545
348149883
974876163
352007653
899034205
554847441
674613092
214804715
186081958
916349772
895597806
806434148
761211764
673449560
379585615
346865169
92947325
125049680
580973828
998871942
212465806
527382660
803422419
505916995
380887528
527160397
49970968
962497579
768705554
587113360
301269414
940668458
5315363
253493199
28390830
781294571
892552233
667624979
879043274
126142708
509931664
677011245
35317928
965468785
462046216
180747491
737169826
174066513
953640059
152126908
137036064
838258291
957204607
837232556
453398618
695816853
203656908
928179149
912476794
446147595
595045732
152094184
496765504
58119916
963036056
421600418
175748678
365183738
226858167
83145459
908840898
815742573
972514648
961590540
802537736
579682678
339867191
942351338
884395270
623444127
147896559
332577666
518592715
599123897
299204031
378318492
148343506
922457799
938098204
580376602
4020111
218172603
597250976
68076392
406134278
358318420
495819951
624450005
821763790
181067926
365958482
666233957
834622430
151245132
710123842
759185236
326524526
54378187
689474197
707652216
648352381
481650826
620857987
798615233
405245783
711282237
303126338
670809615
125038271
939263108
814830323
506539083
821597812
723927240
847486593
288829799
194693572
561163888
59436020
1277968
864142514
182217172
341708579
748568312
108561726
220486792
278364095
213696376
415236959
647784293
315141513
810658398
678549869
136109246
535369821
373992999
179177297
163717131
486797446
139553253
591231430
206597039
412162106
484695470
200318440
393375302
933065281
637931321
453272907
568911422
465026550
248499495
226281180
763149726
498258422
822400215
553764542
910312053
92825752
228255052
696556424
605312231
433676372
596524968
314341159
831131548
372814258
263520868
902424946
555662796
902006692
127341870
49775882
873428465
843058887
749177003
706639510
240213493
959853274
771913192
126479955
175848534
214314508
68486903
872231947
992650362
806771958
704977202
673902946
644464810
620025455
884448325
383765397
362888991
892704889
967841276
26928103
556838127
495206452
727767583
260009036
656906853
568986006
715102759
893068430
953819304
492563069
544926645
459744735
296079148
868185325
890658002
484503115
33571236
966981408
940203376
878321677
959202497
707907833
780932911
273271708
123800772
818389075
663652205
367350537
252052182
365018946
71340424
644040461
153039771
97392327
911650510
222312142
116822143
321260529
922229110
948361583
310235356
874620531
350761372
262487343
425960140
951473066
225539483
419992744
50752038
929459390
587582449
510316421
501158737
70376093
722301674
939735280
382353404
536525008
325485233
552480675
326538974
85988035
576666376
861867293
196155169
202997827
954350251
560266319
156022567
140887476
684545828
930029373
974612910
346130031
780994038
854402146
647204713
925216095
784509442
800334273
199400551
461691251
531219121
442265233
819132152
149332071
372421918
825274679
139761277
414695957
76803461
669495100
114706229
276248901
566446174
463739105
128415385
92587099
215071229
891142522
375076177
573860795
173593053
470874496
599591069
553307908
347746123
960557233
887290928
822734885
895457421
739530771
767998200
931342319
212658393
319492152
647675653
907819418
808587163
619899558
651030434
604979667
758098631
598664043
473808745
485848782
402615211
287938284
241072928
2695135
257658737
516113636
451186642
448401158
526642246
154814740
458538486
721004778
920948882
728110692
1321502
860729023
198615566
470224460
357516466
536187529
977045088
319845587
386116279
601170231
528825920
833382211
625380075
20222469
260615916
392198186
546993582
604868
813830122
575804049
368755114
663139099
884534425
314069928
354848871
468985658
130317211
990837929
415555187
599876719
445307249
43626426
697529307
8323207
799438291
366315800
544222517
512647222
286004464
327725442
423105319
499670086
229729934
241841291
271972141
388020532
302125465
908454707
934140075
98796790
201332748
160398562
136692725
42127806
924969187
61181842
49949863
184620856
489020774
329867855
282058421
423467637
909588737
548628613
377639046
542757344
757576170
948115062
330920846
45207907
406468184
229469019
685656081
962701134
11022256
697332066
785944345
62736900
262845459
213111400
134803212
589462663
606382669
546034315
873435339
833507804
3535850
665951293
633181457
629945210
900154143
130485297
117446234
740681161
400769187
230744448
809198810
803574876
62388786
67274401
676518293
190083281
668621894
102341721
841493177
850804586
911754066
841741765
63338615
438527731
156731399
858398229
339819169
378525404
627985024
312031492
525438838
614496339
456918176
575370125
833910846
49476526
955891345
50727864
736608927
782253450
183551856
813874600
740412509
264496326
427137502
551810516
911316616
417199575
708029997
863529903
382287833
661512822
566490286
44475206
319912506
485760403
244618289
712185257
949703848
303758318
11901970
27577354
820701966
713827300
637117107
590717118
667243429
883550901
314514713
730505557
818781609
514512697
543300782
474144746
58139254
539296614
660704228
254192689
721377972
100185658
533388793
396515897
297728258
858766027
825735264
795719704
700120846
836053497
919396029
228318657
283313033
849089549
506428957
572034369
605140690
146245126
297998907
479825959
271890234
738029605
314945182
200685022
492879065
600940091
219402679
932755879
816601392
462463668
155393512
151591066
893546949
281360426
116348326
968014328
238057166
784541423
236194524
487111138
311829551
582246855
774460761
703813814
312196787
894561343
478656294
522416148
47007249
463073923
869323874
699308120
9172200
63862493
469043391
681990577
244999198
982218427
278801398
278249983
663828309
660324355
425605856
243152239
490891784
913973606
720535347
590757334
122580684
308556415
917874198
303126170
399569989
331452685
341744416
695812256
391959525
637942926
790162468
40148394
718308692
106788713
586912939
550188619
409476870
988099800
231708180
141922270
873397784
545390608
308818243
431627282
82389394
714738608
894865933
175750936
15938529
659494512
293142451
824427342
52733744
918664071
148742241
988171238
761037457
740220184
463690500
260514058
354227213
170665154
9405781
520225153
692579609
140351856
219015218
57496359
360578863
193835470
813787818
748244172
276563604
91922721
227893316
587942402
239473752
206246723
928849407
252520852
205766645
374295717
552238821
48524117
57767406
793858243
368489625
470723347
439425108
947249617
197335746
957594994
654938832
256754831
509401018
296431180
768571920
909116243
691826425
678044766
128934070
742044681
842485777
37022762
836178217
983933013
270108517
125853068
639544493
611740842
955147576
578250063
668366119
838502661
365221373
139659610
756164198
171206554
183517194
20003784
604292734
494295226
19884017
631584751
917147675
314243591
795398172
769787794
124309445
287740197
55273356
848396984
757682857
475617134
280670738
708198778
114674881
985282670
800780689
97150328
437093816
614180949
367733613
203445774
173113998
318280270
992143003
132687983
131781469
895174442
877395170
254606921
915645747
959631003
107057523
287497348
639674301
893253765
840930120
388233124
983627482
722574616
77460973
146310458
108614026
756372421
528377296
577027747
799222197
363527340
648784715
104214208
902517685
811387366
314868663
728891125
658820649
340170223
150693810
67383875
974054310
303612066
491113070
790844564
850127191
87635304
290202286
385122687
874358361
744228150
289806454
174566304
888338560
965790066
81084989
120573287
848875058
624158543
415905616
689848401
590086166
968006227
917788882
57759137
326832314
313942542
204886750
968536391
223141391
14019836
510421130
887999719
362760358
335824446
306531109
194936093
866395535
794110665
472069156
45155809
87717609
485337345
882117343
85092890
903106871
955051456
713889358
332308498
900460920
651949254
301527218
160328463
588635041
400208368
961350011
813830228
169299819
35634550
729291400
184822833
780849432
528640604
863246952
209874522
293597835
112812112
87563582
988084568
309693754
231724810
464819047
787454687
76982801
114229351
949768818
431457482
379715746
450234246
914098367
241967971
149843257
269742888
958638955
897734349
434974953
390808499
956475939
303477115
867051102
43072551
764109162
984401932
563545640
265296824
57686275
904707488
970954103
620123411
542220872
383965668
730640399
320600218
629125384
519921751
189531914
37214428
186330277
689363935
360611396
511600366
148840580
775859615
722396284
381719489
271299264
474260411
161921650
611154695
675844992
664592124
940404834
752306201
226232186
206567855
355051553
834182648
655809360
136871887
939217603
991215535
72301471
436139209
618634310
215562675
16966666
993870312
500654032
954360811
184140436
438651095
560013781
822056627
350243903
57285843
181530541
43060318
686765099
624138652
304805414
854428218
974357047
716339923
283205027
288055309
874290367
559830160
201253416
426951055
785180398
339527682
843456652
477203047
213123951
395759347
656331512
727168780
229572309
467352196
365963331
573292642
103812108
283294789
387114558
943280037
103812052
486806713
987091674
788641030
491771109
899854276
721018322
933119560
299771694
33130101
816851916
510352465
926399437
997271789
52817770
246842778
139434330
193446482
637682616
241450881
97287396
433582841
324294628
918485064
181763444
630051591
914580207
330123021
932703368
763789929
57855886
589149750
637717194
180495219
293812015
111618246
463709546
819922308
997589485
691016908
459554679
566312806
959273432
263818054
148317876
205923978
455026830
790472991
455537013
592524707
897492095
806101306
107047512
648646840
582067890
696005878
301616754
971953752
679985845
837607993
719615770
83303523
532161175
553711949
112451339
506642286
740719813
819100417
102968916
72409432
384136977
79055567
775780072
558947642
537412569
965910891
393151272
771295568
115913059
652948991
813384691
879728114
49118312
348311743
438558574
920414873
458793033
256714461
346518059
909389670
722313606
463182502
987871097
710633380
217972884
906645182
811531636
514059616
569153013
805646101
155858780
393149467
532259242
942067381
324974841
455535902
778639209
869826227
92158804
240724396
479043052
990793841
181066428
322085390
420799975
146583707
37078286
199068954
827073877
171203439
628487917
384519762
891984679
884280302
976962759
2404545
172551736
334759201
913052088
214072972
930201880
565333493
151071116
500911183
242481069
786340445
551607376
487476923
931658315
499314905
824516125
124338179
860598103
480899806
555184252
992995490
58519401
151462182
908184577
217732403
686608549
328913543
394962223
447478412
356564551
747339411
325066361
430457902
314637920
118668404
331784476
32931364
454434681
390751513
526741318
433382457
192436226
709030494
421294949
473606525
397273410
103813822
478135448
725567563
402455332
356446985
875007852
857663907
836232531
658804344
314443672
619712838
820752104
581706755
86169239
925878030
447299243
718209206
806080437
677682972
492249534
531777730
869371861
33597465
248628299
384117346
263379004
919776563
522970440
285955927
151296782
318060598
192171360
368881858
573971236
25397437
948662204
169000673
667742142
665378612
581421128
604298783
147940857
510342738
685007944
253277153
497096096
98277587
786144641
767287165
983105639
98258940
157366507
257087028
420202980
16549946
435786185
225884102
666368833
694870829
12053331
145019239
667877101
628291915
390991262
870344229
925444799
83799339
931893391
33959317
563400013
852887942
743121158
196072290
134795858
500242578
728187904
932687941
22845453
436416037
298664450
256148054
649979081
454953151
220190417
63037961
625735703
325272089
291369454
374631134
316973466
661502794
49735423
269849445
373368264
349767337
976433342
413735397
5841216
233461388
624622642
698491044
90186954
678577282
282508853
103577926
376742733
888117378
605713211
594592172
903661161
822482937
194463145
480208797
95872021
665968491
398365575
575773035
635826899
285023496
705037454
520987518
498248476
753825420
176575858
454077503
785680374
627643111
515303596
316216927
417903551
309702661
746246830
633061343
612202029
469294760
631897983
159383726
40128346
702178210
290558643
938338371
110799748
176819767
528017372
500037592
90885033
25447135
529465092
354938587
437699610
799988429
666841526
791537318
347228690
251367517
95046617
893850180
803676754
641153302
544654601
677115795
822494118
638659385
554950862
707110021
316045135
364636178
552798555
389428474
49764524
831143556
153594150
291267146
235449851
91398806
126516012
603918532
302717647
640515885
952967995
452585034
944605560
892628136
515784108
987066739
378551467
92347403
398479912
53789229
42201411
945056415
115282334
146866160
963096340
207196074
769095572
257540468
199994946
995896342
210240689
17490754
615518513
409931080
486845681
352457545
761176200
391682273
494488806
982339026
463822006
621057261
993159090
973779641
620631100
649502733
93401113
482054091
714505072
662721301
478843900
8390249
753780216
678002696
767422633
215919247
749816142
911237164
329862596
791870991
952318814
364451343
852755610
994803599
956973941
880388295
405314242
504377411
190573118
605859206
306269784
665775841
277741259
914589220
108179938
908701809
172293569
537510370
354867270
364976245
34795378
652580149
559631111
831404807
409633029
644707596
130087667
911556447
296905995
47226430
128632281
420948644
561074661
725650237
550991987
896039563
282156210
917764459
974388483
680511255
499079517
377396969
49043310
76179054
207259513
827244129
712793439
14488929
564432570
613348019
420282711
906904749
353258060
143249928
779731614
167587014
729364603
179836713
513964564
340517830
430589397
563501457
147025442
913615701
315014472
805538333
933694754
479949701
540758897
827595315
854626312
400972450
494480233
771467800
566288818
403669430
309623206
467897328
265447929
92633136
990560835
999635033
303780593
223513771
493071202
842720873
75350988
501309710
534657354
448618379
701957210
479927343
775163886
509000283
29815636
834205516
124897284
45322229
152116760
622424450
161509574
869312027
860479675
949399683
543332693
907929125
656724624
618966808
317577110
947095016
857661585
570904822
294168178
188110963
842448162
573476387
788687383
882615740
554207408
665782529
44589801
942135784
471958830
752430942
401767622
8771993
370354997
125459705
774323279
609970942
682367048
182139530
485348484
293054133
9717273
676761227
249469908
747397411
770454382
861477947
673467093
314205727
912130855
388138330
281803745
841618612
945158794
618499041
55065518
115135409
82009315
406394120
470729101
177127483
913076116
6192826
981201191
826961773
519517668
752639894
365865066
513479811
456515958
558881189
180199145
118271447
25533559
44662975
980887271
292439702
682478980
78093128
85555588
869175997
993821491
572890567
614040201
228477653
156750998
526783427
594222708
615503266
150099596
703917729
969823071
910234603
188986834
911726562
568258193
303659255
515769542
518547825
800366819
613011679
271045511
773973951
633900989
179641082
2178940
644135410
441560116
164689656
769382054
837865812
316588955
715321099
895791376
670647994
539472277
356793565
944365335
642139110
143463431
882461847
229922759
724658256
779538988
596764733
489043719
61319560
277409620
753878976
410870613
935041781
14878812
625037955
63162370
324477899
616620282
989179384
557868364
807170355
307934548
38641191
773450831
186559053
1346741
473135796
293685637
236135762
749233138
636037236
421537681
951710411
264014871
964158170
149464972
179527146
455430035
371785554
832618356
349714966
90907268
643468434
958073915
137457103
534321442
553251124
473640961
208151080
28804184
601620296
748141743
137743277
411365991
871471574
398300325
444544039
40265320
302607166
323176883
684808841
605406554
642652407
660601701
698354300
770495505
231997449
144103127
243054867
121316221
608949813
855289219
197788407
635391900
176280175
859568787
382549696
952102112
324308273
104724970
457305135
201295836
958147808
46880495
657872542
688798676
495665540
20553252
161988775
416772650
632500729
264559601
789557758
300398890
203874268
801245023
88278878
171284730
16276279
544922378
689031665
44176431
298082593
659111781
785048848
384929297
252449443
783569314
368143899
554665262
415183785
357395807
10811253
932791845
592674694
325433394
345872273
938561341
65933696
668855269
541321518
466112993
882277124
738235265
558375553
514833796
793762268
861448784
334515221
647824940
454983148
134641848
443819353
481897549
782545445
515770566
675088098
314527976
17634838
562669736
287847013
844191625
481583659
232434678
498263554
612953351
919500590
788976239
525129706
574518873
823575935
312222000
17159003
79684808
636929649
143459826
720831648
600425501
575279293
426668386
728865570
880233685
310115952
495230163
926539496
444186927
373396642
585207839
655682953
810141688
429438447
263879542
389017788
306368357
660342953
109943412
879534541
698172875
415819830
392101301
4752742
888124767
362674776
472262467
271349309
177725956
931345594
136391172
503318614
782802986
993107378
773730249
930261779
519052970
859099631
237205882
899000256
786137242
49217469
621016843
804531065
356207456
426303794
785079300
723472814
196943529
609285557
888158388
207867504
329975056
649269408
477939600
523509628
865770043
769247003
981632947
771533313
884571500
161387152
852250694
115549017
163946978
252189127
431225883
176679502
941958158
79711642
155914097
486322209
869014961
969890330
89151574
986390498
421445998
881691428
567420956
164312156
810054825
55782489
965804305
534884218
30489702
893095317
591573322
978112425
23041720
843254165
14834375
401607059
226599026
519294573
220811772
425625044
914236053
805252564
454647344
846407565
100886212
149777864
764731732
37392586
604319528
37551435
669197660
395545107
926466496
825323902
399016830
59587267
731947013
485875564
368903532
805687217
587033499
224634051
32173977
253857670
276066632
697817398
558815761
934265448
646578231
474125807
706209976
575453013
242650885
675431337
731282015
235868613
234532308
36375048
294589698
377294666
650942754
695733856
80948717
164865585
614262152
982787552
252772531
327125171
556461370
697537697
128759518
174937328
515837090
42638343
805038092
240971265
50118573
439468207
850458600
883279728
834431513
47421043
166131679
476011183
89414789
148388422
642318518
96242117
692319222
746271785
804383563
427516960
760526243
207169430
909628395
411776993
679091659
703868733
813888522
511916288
146444232
737333196
716974051
332091529
674093490
291501483
137719710
801098348
837160676
476988
245130073
679898394
573110362
810051627
446408864
632976579
355383928
743366305
876969885
293630862
201655735
721241026
113878892
75953912
364715766
30221105
132912389
538463348
372906435
289180663
221523337
917389503
22783251
333880413
634529877
664757676
122253974
202907949
23833001
468237930
928929936
309234614
534303398
947186098
407593174
372766873
178288976
748038468
815456776
657562120
348245063
502205242
95793621
460849763
929734471
631709163
602239010
825408996
530539967
402764230
539452693
277789026
4239976
999628624
348891867
307320729
35449816
211355125
884422255
617514396
923474383
663924967
828200818
992974875
277430316
586892400
881430811
187262870
829870730
65848544
573831010
367052000
661529049
679719465
238786842
986562834
239026728
680605069
220848699
759882761
768424918
788759886
492903156
244704631
928557255
607309387
863006359
537106093
53160305
411814882
514161361
626697270
886068488
28963492
372341152
284489689
826319766
27337773
165189281
156901164
535242394
636434902
692045801
729949213
704531667
520068607
701834958
944588081
202562154
637345700
682235290
564271840
882482585
213869149
790902948
935914961
680641580
633519154
27116694
621209354
681222694
418232185
855998576
848343062
513482530
272033580
774617029
784200987
194137847
958175697
929728088
855924710
184004384
21698213
370740715
291319522
929679422
566511515
152644251
761753046
77570369
413202594
925215968
580774484
50379124
735404746
891423220
549363453
381700114
431702266
198737097
846719483
948177046
68919489
601178306
309203249
346206945
572404422
263485239
679042904
235977795
683817083
781132822
323986157
738408186
42626930
817662448
590858907
322875956
463298357
840508729
334020111
116256623
943832038
990416920
469854444
928871331
224314314
586747029
650808482
523571266
635591610
176700660
24928427
876581426
314774590
247907222
417276789
761814667
776744356
497266
634161108
491983247
144043597
383695905
571267499
720815911
246959242
320767306
575111409
611553537
558243922
259557806
72607326
959483864
841602175
587240881
948154575
505435959
825085893
840481751
641544182
307457710
535283565
623756539
987949179
289286240
20917860
61516862
785895487
819202919
599406776
460878695
730763164
310051508
707623423
586937175
108574156
29853072
669396247
624002931
384569550
100167266
716135943
998135755
430143141
169100586
127346355
926418532
995648315
39021712
666932794
752618795
272602221
534537947
68113249
823531770
492511994
649841466
544534050
606425440
577560075
642581726
903733506
785069050
13258038
740394514
373575401
614127655
108105828
274770189
428223806
89097651
40584281
573470023
925998813
951578554
842951116
739676051
291880386
119414834
499613397
473128588
273280093
870670579
330078573
604194724
440747998
698962160
883963259
920724050
227581442
373099289
4491878
584435997
918390294
138849500
835288422
526308427
588719649
23278604
187573706
494000177
8982273
515768559
690186948
670849035
512962682
610491934
180022234
350741404
705848744
734733723
437865252
115948624
557300100
624394361
70053729
880728617
379678440
485793566
33031453
806870925
400927591
50664487
118437736
993950416
61193394
726495641
138960288
513339301
254476172
852584725
538195362
792490806
795921345
250468631
831325343
703443074
839441293
741378434
621847106
476213925
570594859
592453920
373338955
851322649
566263489
276261974
717766782
764464104
72190184
726356460
65579946
23728957
967461681
598815654
310964859
26719723
944724810
955961491
572556359
950245640
2162343
484979443
986949177
476586575
230005500
49487428
596244875
503093101
988992819
469547452
140233040
189131715
55431106
313239530
547130875
757016402
458587543
313938833
852192575
990268632
425142922
418101143
832252205
141127176
666518625
73018620
806625088
126248699
468744884
103875084
369524244
485241267
153880144
955962403
401185942
8664426
702867839
806802255
968578680
288504760
874082365
878297626
634475696
714362128
201362226
910333472
224073223
394138226
485570311
403657975
989058264
791534801
414126417
358956294
21234491
821462433
75410032
2695770
382386789
876470694
70566344
994426226
277589369
845672650
542932579
461898115
300504933
290874290
915084089
374269377
528491735
493169150
639798198
194155628
811267787
623617015
248780456
408378011
412376539
97349136
449250215
551445494
950059238
250924733
356465289
330527461
15150008
956116668
972156789
980577672
260158416
696990345
350112906
938633861
715546299
508702965
339182882
44824892
37283102
247535220
620963923
44299629
218089531
442042067
756371578
234402992
2066952
836985931
507262575
220742090
146291184
215269521
224658290
622170025
334375895
984779176
15821352
908473722
210556448
913928440
332683530
391712905
205655680
462603639
648221282
158823086
809204993
507879976
917764804
336199006
151014454
680080279
679088576
525820356
454076479
205690345
71144512
42254668
907634014
603509276
761488570
945758774
906220732
904461740
342097804
749047875
399023457
663895332
834844599
734773358
904139049
238713157
550871194
141166801
482164454
697368063
152369813
428515886
919698643
848138959
779056690
538473346
107288261
686146018
572675378
744922323
18521991
784791960
863917005
623787531
577046281
460812526
804345522
580545945
406049205
736214405
88568027
692479956
937731571
528813018
536916243
840307249
543107480
338130654
263057454
567815155
617956655
908633815
227536178
694898669
851870266
487939526
840403118
390946574
741243961
15077619
444905639
3125849
520331020
598789233
859599338
9719515
324940412
216010774
273347433
71247476
672640714
611345060
719541152
513063994
340430818
888926865
583656323
70737181
702150262
422886575
98531990
896782525
889869666
672120373
241663525
126393917
122900707
515731396
943667082
80403911
324163920
168827924
405143686
221252264
276320038
394338181
281572952
348913453
644300184
420103385
712941343
918709115
564569620
2473980
559328964
230025683
333439750
759453057
711590231
874259609
874366770
96549821
916055360
762785518
576850661
324228084
507306540
714368077
469247779
732867442
434919249
4224070
288772664
293613823
263867932
96145408
200426282
126085457
295639552
75078290
515459447
299829563
558787496
915481084
992748283
419907770
647978976
244339297
890186693
410571712
610910340
484091735
924619414
801033999
849863504
605751594
20018163
808718202
223182105
586999497
983638069
74214346
502297907
489324547
296077079
994763119
804581451
454962756
128964595
398715622
613414978
791073720
671464067
937604229
462957395
442490779
798250286
727936010
153893246
8983417
757442965
905015881
867263659
772242782
425533504
617809859
124473538
68816228
344667443
342144489
786597902
459720415
284574932
537160727
983042068
803297190
418295872
563337092
172224230
815312233
186001908
821411844
866125530
916502022
765481793
996457591
461743550
874221349
777248334
684378110
149397137
159284136
998004738
458669182
300890354
203882244
320373140
198074323
706940322
458767526
139063063
539323642
612994706
919109218
160182268
696142449
36203482
257115710
238792176
365838409
970803020
588663675
886304688
973084139
289757365
236173931
126950016
236610917
283778529
60769636
742987877
195690946
906942618
430154341
927145628
262945454
247638969
640391581
725519531
231223523
233399506
231936504
251468559
150526900
757059227
552413286
117438821
620893390
607365028
413654675
484688541
774830370
718413891
946258208
232305489
269816429
227836163
625524326
332314987
398457343
554990220
391358014
686974515
236296473
491283126
678107457
265987900
446343032
480378987
673360522
664424577
489321390
573242309
865391965
923420063
366861219
516520090
572968351
7762767
750998950
189531152
509243910
352764556
376868100
85366259
470033135
217853117
715574024
808079720
246557568
876131768
586885092
676253122
333938495
929765867
99154442
269374974
38155163
967286813
242520831
238960249
630077185
942743532
30766254
558434266
434827009
913458791
945335984
728862866
284170254
473198982
651125411
136028758
679887459
741933721
565025478
760425257
837880835
575383592
615024940
658197873
240077400
341366359
996196137
145131489
39489978
713903563
544829226
82953820
402053740
441911721
455482144
555028572
251486839
458640199
937818074
593314070
587834255
422545542
422463732
872395617
541731470
244243794
776873097
353069141
491642402
178058494
49990141
579811101
72330213
847442066
258545439
476836665
913288994
675878705
155670071
468568795
535766714
138169002
801673185
593099451
544603319
744551459
471270322
171023835
111980354
239197223
926324904
636583901
737924475
281245297
620257426
471364607
17134413
194526503
457188191
618128548
592230438
913947303
843674711
732736440
396464131
653058627
659635507
20978733
807992296
118105834
560632319
705659486
516794116
295815896
870773087
534299415
191006767
988902650
820866905
795981476
692035241
739627896
707422691
387700251
661902789
18709173
285475902
59975036
406506629
828219701
769197448
329745575
998912896
100731726
479983717
295195070
409946819
816180480
591199611
94850005
1512485
477124432
519927993
72700514
591865652
670595970
837271146
641925019
788053214
613696093
836136376
799810902
118057647
750389429
942875604
416476676
875771201
80645969
484161340
470138108
983871254
474140382
704817526
246899224
86671051
843736252
576586606
171581738
750895465
944461332
517697647
447821763
426971752
859521129
165638078
975717515
439652884
798098556
307962893
840230348
586389081
799812190
431733616
358444096
78035363
744210744
902184331
970814088
669748776
868488053
527386867
350370844
511737184
467622865
707303977
148908300
627407619
582187857
359468276
95276479
392391685
123613570
165278233
175498067
204339098
13694920
915098081
29360786
931091916
10483973
954433601
139046479
579424727
831639881
673275257
599017924
105952786
395140172
926281896
162693252
757664433
140347216
390388549
959714450
144209741
505620756
832628175
446859599
216354365
505465383
851965705
239493687
324234555
323795987
124637955
504372567
495989884
794844348
117076816
283354749
465705072
243764134
39761111
509245594
428408392
750481969
917557402
714157132
505215024
652934316
649604140
769055557
955864908
982771261
686360899
487929397
932956532
151792204
88036129
899139938
627999743
359285152
280588295
276437271
479579105
425154271
288355053
636046873
678218651
625438869
569576383
137443298
171933265
542153215
5612463
353750236
482453003
971352667
242758550
300897051
800825889
141071347
827553631
792298111
37778086
219449282
302658265
199818217
449614314
546241306
783912349
274602721
577918340
959504277
731916429
448465034
717712955
963546192
882449314
999584385
790219671
290521121
767632335
650600988
359973362
120427789
27174502
91007003
6624719
430184706
686722338
379282786
616660500
680500370
770678581
524812816
879397169
423503073
493479816
346526577
964239323
866009457
394629609
99702258
179509267
496964302
745550200
47070604
693199313
623943447
643115832
259699095
380766193
341359049
300009954
34309887
432495813
160697827
993144667
422727707
728751125
483516037
317838438
570820087
477400762
610951285
354428005
437566106
808597961
820323925
886216443
88027255
566306371
220756847
579666906
752567749
746140675
555898152
250870446
365471417
399705024
608437875
886093786
73870879
807007861
736456297
394169244
855032789
730273145
78127065
7997361
361277741
144220153
28385514
433804167
328267275
952764285
980674968
642970720
680859993
923212745
464918377
339511951
913381081
733333964
221522761
813692470
634865498
427679810
1723379
816561101
19026978
266723204
675536272
484765042
734172422
811222547
656233918
986007219
358818869
834649181
72006397
293865884
379865767
743445306
293186198
639517615
155634660
781407642
662894486
682234994
714521476
484302534
335307573
687509757
549877170
298426164
872290996
521589965
780958018
927911923
929935913
354980624
627583754
216109016
603822874
395876449
823520358
930338084
81083624
444573326
492467857
288284886
469904638
635714041
675395984
359019829
68962409
950526356
878514107
778267671
825135403
834473644
700522659
636686875
753828862
836685787
741779217
858072686
351359734
161950417
764971870
272590105
129270530
204194068
215251328
851869668
995041545
778026848
641356429
86954222
372787142
606892536
231483968
990203963
333116563
718213579
485863861
257567488
529327580
886902434
651373435
111118359
327353711
405620434
117534217
805837484
143270644
466818246
137310926
705838861
77795710
818732832
16852808
875044078
633700583
452867861
651594941
972302777
426052829
699390909
671242400
656135691
446227222
951106359
575051861
437262758
435817923
101260658
376631802
933557363
789527355
495466812
388239546
392744240
265852676
906852884
304020075
197557063
338170921
621427803
85084540
670064859
481974746
678090848
419242454
697672463
987476934
96895573
76775553
623685792
402451092
880353767
986481708
644830686
78166148
307544600
256415126
548055462
953680988
954386257
995225660
928247977
27265991
785306105
951853742
692727053
57444597
417617597
607154231
228831819
304738054
768997947
548783867
251687925
263073096
819480445
706053001
797900232
877748192
990394864
198784526
520774366
558852632
689102945
245737783
517166339
996177925
324737747
90376694
851102689
773423443
761566529
885546845
490688517
883222144
83088245
989136728
130860625
833534793
410448062
202829186
346023791
865266396
76360108
686875619
98511204
536977623
862431219
473192264
92355544
843196705
571129869
252063227
265586967
193410296
874663002
378134686
518370485
935482881
344985489
375374089
717467345
253826965
191205897
262446427
860585023
607235525
176148357
346626235
904341286
880675528
111670453
351095926
183891762
546994360
302038534
321725555
768312988
981708100
744816013
699466795
246088019
99503190
489661607
317578703
318116948
389089102
631957416
432328239
463471473
881519253
450918157
589106234
715233452
866459562
717909460
221162306
40956960
166111610
830823132
557752775
462521902
515912809
533602695
641949360
705367895
245145708
290669496
367936474
891853338
751337387
328851246
516086472
653206155
320905643
719659769
78262605
797832902
570197813
518139664
784846777
139367782
619845376
922612069
30206289
336787991
330360358
966067475
854072319
709071303
494512550
193206558
413213329
909223273
397835414
712909091
647586687
332221836
211810798
912027001
863853735
823392513
398504935
247677339
430581942
292560349
532335277
718581700
169114972
37728187
864452491
744435268
860265590
295958986
177036655
55748125
558668398
353909466
878112840
767864283
492262359
505691107
413155116
314862245
773998201
800522339
588106190
673521499
389689099
780091665
560471637
681479685
326967346
802692246
194907006
717386374
837264628
590850502
541781964
246552069
574938254
379157780
356714065
998532514
945718284
546277079
790430463
419738530
280502280
801445045
192608919
92937903
905126188
434383422
254233234
106873368
757136400
342969767
431686385
778364312
682107041
784636799
762581594
936015811
799019852
786161063
759335187
938524191
913654405
26797399
248916414
892236657
666022465
400776123
499807672
511446206
510221915
636566138
106718801
213965765
866581711
449923044
857142421
600777666
47408214
645739615
557442838
368727920
210640532
806072974
802862352
335171477
864350509
500720497
794788191
178882207
178093491
487552928
463830043
234750540
839747098
52736835
65079560
65853760
43462020
407596081
260923255
123204959
670406958
314160099
694826515
817235834
969559500
487649497
941248916
696348659
651620857
325981357
878320927
644434208
169168229
743246190
808694025
477016342
5158498
556445966
124653304
483524961
285408231
12321954
102734589
433994278
387881828
948326535
829894779
996955305
865935371
22831730
251301728
656914382
167941938
770170037
34505825
686058133
733981986
141576388
64186
484426664
720345506
77294080
15997564
232426699
851730941
377029487
53864714
44103114
321257737
456042090
808147491
935435978
841835386
216153745
258488910
806600722
479033872
115246590
612904478
354465185
657997888
707217141
176839430
39270943
145759094
77501172
876062790
327972848
711738491
736495857
673750391
498645034
892951359
394268709
928592083
982358556
112133635
833478677
737568344
215354834
901361182
167905630
152772409
875842511
609241339
942435799
985726436
646929461
419643696
48066189
321562267
188934334
317051675
664448820
184918771
468803663
422755068
807230198
772259492
411894991
790992105
557473675
298849459
31023401
913137251
722862590
536813939
566465907
377041717
660560737
373781261
522991751
343118389
498480847
278374993
974423928
370782944
578528803
821467231
995684434
208682795
213631162
207441106
482307142
507684942
485924525
453725569
148054288
977996047
610271424
401919306
456102338
806493458
48386368
411183125
225049241
977893958
765674350
294620019
796311977
805956407
382702595
474535949
894922294
906459202
916932338
962803707
142134633
821061280
818185097
710029259
330525878
879917400
702517578
913479245
392217173
602407599
144050124
814679360
372867665
612252845
29813790
23846936
764719303
573847435
559372953
572127260
790375715
521454624
903354495
692354965
659556285
632151007
60991616
185717971
491909513
428067070
118327684
498612171
965579230
43504573
178250651
182816809
338624308
817664577
957063778
790747570
146264827
995111235
788862779
160276235
70185915
177744067
299584520
980618412
310199796
898531003
503211959
601884363
862801726
316682509
570625580
310807339
985883399
510411695
351872550
535499947
19614154
966111586
420199946
938488400
721628031
957128135
564025476
868401470
142957209
872140987
476256828
948412082
379787771
816542443
677876583
223667415
945265302
539138677
802190835
763917289
56695422
357598525
182311238
8116084
261851977
274010586
526212172
509869911
607316737
910352820
635785686
523419675
528730179
7791601
825660722
629329995
82421281
207442182
516885219
889388962
25745545
507271588
892578185
808668898
442190217
96578497
247605182
292056809
793652919
783402112
365381822
559324865
310414421
489844344
488155185
509012597
899525123
246425109
624124085
71270694
269760296
182426984
748082057
110498877
784989307
598903614
259748290
999404665
919111374
431959575
825881938
827324991
626484026
524033457
947189509
627054643
647631449
24436631
263588254
564336515
815804043
44658994
263398855
3609889
760048196
577590185
657729076
25814109
875320745
125965778
734115397
250587075
119124564
685174386
706328878
209499694
488222375
219982661
776651811
622539631
734926172
540108574
677257876
980024336
26096519
690053100
408883008
103787623
583504533
64075389
464705668
14599944
545738702
704886868
464803442
895421676
622424915
211075740
403492232
165061315
572102955
868521850
203104896
438861226
265185971
50263147
513299850
892782768
304256476
874740171
999772310
475986490
311461225
378960775
933952107
91117777
560872750
284411921
454844638
536094655
59441818
179763382
297409437
148336824
515727979
759804708
543874617
850286388
980085791
77558442
952336946
460522740
474719743
582619702
281749612
734468780
366871235
882700302
351635502
976108562
639439894
726909266
440845300
268200074
31101294
674363286
159341911
325199650
27289295
474055113
769927232
998927669
619354660
429153374
251915565
98916494
332374595
584872695
672861408
865605035
390039202
799766436
221151093
871609135
264626479
116669929
467637348
632649220
508304306
365324814
4094044
305782298
882993382
31233778
881714957
937184569
777549919
762201584
271936657
56675642
615411879
493522565
98890437
812582243
431908125
187984583
231497421
560256157
245843767
605162449
118618870
583616420
88404246
818136310
646800974
316292768
273353912
915456377
999506742
641566552
860984289
214858654
999076365
141904723
392735840
519062120
79183870
633116956
730448000
536394360
47917333
456409225
28106609
845912898
722081813
923554206
905495736
12669489
870805648
292759433
522841459
59177452
517670671
232516875
939831274
750078031
56811827
502309702
878016044
830044019
787737331
55301827
699358480
692561892
5448023
432217786
246665173
309892123
437180307
517132985
829173894
450966423
494176093
660752984
832440973
822581062
612943555
273840492
203456283
675006495
337770153
919761258
150071119
245204980
749629957
973923848
393138642
426497107
60685678
8976471
615664059
300734794
286400788
965244232
531516817
191753402
715936547
791040348
478733818
945620290
273074263
570980171
733480232
709475778
566463864
26543594
177906114
434101690
903815571
60697444
334847030
652144870
214972704
584672472
911880292
302276419
670855076
713158116
997557427
127108391
397757458
915115157
420200717
689896384
536191405
216660626
451688442
668103973
27557409
370552125
682121466
968406933
298664880
455462122
795967441
214054721
931827638
720432069
870108501
893975610
138952157
979859927
96618726
79771713
779555249
271047237
753456319
709338774
457167172
161513869
859471374
215988835
516095585
553290866
865076165
530012992
478215958
46366632
683080067
473990069
402903868
501284409
378877710
809394729
941673233
471649229
970731881
441271431
779226526
869230800
939048884
97974886
805113434
242215462
708046727
335647017
993330645
178319563
856301049
848415158
848583383
431018774
95231408
136671174
978047293
12843839
859801371
734566433
790665775
366797578
70817646
216782518
873850477
691736513
214852832
360063166
204366014
19404549
428266359
357252612
542564205
523948821
436931538
804389286
572196148
333795843
443294527
555926673
975593324
759544197
437434883
432563456
448897418
871715595
953019602
740211181
747214899
276323466
750009119
378359799
655749346
954033988
442073705
442601431
389612700
826408263
795749396
555582119
802262574
223127195
452040562
219848643
385469219
107322047
707987181
293555494
952263640
732689146
34803251
282956526
666315142
89879993
628512837
675397358
858320032
675710977
131523065
54636948
673153279
961118583
916295575
216794816
702164564
901275321
874368614
234732684
433772196
744587377
850807224
510779412
683776335
101392892
89467007
843896199
170015553
577686876
538160213
286533121
302772077
73704785
250102082
130918396
339268887
958341902
687872275
574168990
273132897
647312777
403370988
192552207
236166534
983229493
557904039
566792882
79589152
437195141
611630804
243740130
203103561
688141852
215644117
307391290
797783051
539121440
781284173
996591654
782821773
632310910
112387492
774845156
360690886
96107180
345276168
149323799
848352188
982719216
243159460
535291984
823090472
177722218
24649585
328130533
196448278
901777740
361655438
878845625
31707545
177304403
991020954
22438067
976684408
703734390
908307334
381892128
279400520
598753635
101504755
356421425
143273888
445170834
86994292
291064284
515228779
8459236
722718265
791246443
796686030
255318986
608232399
391706818
425996946
656147168
249968686
259532265
328592792
280372670
583739805
569057721
377203978
776766463
928080934
75672552
810382342
315156309
981444768
850116636
614108484
834257113
653537071
436391666
862822628
156480303
435235190
434964590
683886964
852147870
157843197
57340191
674315242
116418139
704280321
899984366
591591132
608077791
6760400
288551861
205317309
754615461
314859517
17885113
766994175
266308699
954182028
161232199
403109442
411187973
783055412
523445106
26059971
695727442
585920059
12877528
223687363
184998580
558467000
