41647707
389955885
585207037
709509278
350648678
422717408
753701058
232377031
761778904
57904999
242847577
568518030
94451706
122302118
97136244
390090516
108682377
545229389
311315878
588648625
905799250
238669583
642015973
978153735
567374384
483149073
580222343
891478832
940965940
455501481
779101834
827188418
981163744
920325983
67982788
272272053
18138051
960819595
933153305
929215948
79157099
433449107
419414241
507887580
959646386
434379286
401102503
890359717
4120812
921307192
949245992
847776535
200997972
62605169
215827285
508839014
761869659
966970366
660355151
426390985
36452279
60460729
640035832
932087934
475028098
626245800
506278242
654216648
997792701
18566988
935350221
294553734
557852128
968859402
622214739
952253096
274068923
312425442
925896931
40311313
65201879
663049835
479227651
371355934
816877166
756008275
782561139
571764518
860454279
139215080
686951476
990068901
534121129
453963447
193814640
889849282
892087106
585208587
132519002
850672250
989539197
713028297
975396680
918525090
488061040
869211576
316915099
95936668
80248886
613400808
683351411
280226888
280382179
809863602
443725986
83610567
672682409
721218432
910203544
15569166
300255520
283487877
539352290
986955053
227176724
474076864
187541370
858034963
103548966
220202052
931423809
457844490
315940405
805645489
465310114
401140409
704111156
87479363
612254059
706011023
375293884
185724947
85182683
884970735
146780799
746588305
438084707
795911350
74225959
695656068
278845771
103847656
859297306
126676725
629240380
468114399
88041888
394037959
332464538
828053378
191239910
517950213
618802485
507809828
628563987
725503147
488134762
447676717
304409330
275220168
462856119
285783613
18292120
106285450
61250406
319401296
779554134
934714379
213566647
344302963
759634809
631657661
721330829
231966397
657785850
892014912
589052528
639888377
240863934
570536483
272300796
932670775
550250135
145969090
814107371
426763295
538869987
429267595
29524780
174105801
360967201
446443974
173178908
242704488
185095816
80093958
127984297
772165327
11535392
134459038
304350754
867288389
403413669
390513982
356918763
338853389
161526337
796433923
399981121
952664611
15442047
478926922
459587701
191304769
421164625
926197848
254863903
503346812
451760485
277857370
542142582
452993120
561469979
145649233
33432512
825981978
651565896
102751566
679542134
184226319
165125116
575046489
955300919
201092147
731970160
686102178
671126217
103937419
137235320
199794313
159340657
581100199
631458040
683000617
203481993
834226439
585717615
242082312
676264730
547155400
651265815
932594439
616104192
463871826
289400494
912090655
554400584
972918231
477686094
469325125
305153933
413045732
176716374
317021475
446587386
654452532
505933933
359187715
225376671
478138917
462033772
650027062
784121628
539210113
726119103
33879927
900636786
998331268
16752118
511679212
177034010
149783687
212809114
294586404
478004307
58970231
8093714
712623947
122980052
894828286
239415756
665984570
519987477
981812854
261344318
340715643
36696660
623803401
774953689
511560151
434646618
47626052
891325576
510359339
481280894
255486843
564680837
716015716
551042185
988144696
496187591
539657990
637521078
529999739
877923991
202521173
217588396
305615652
902020641
199814084
542690993
803209986
635335872
475803202
962811297
319753363
581349205
149317187
536381309
267009481
183340638
433641765
382450242
563344209
359937068
520768386
797811540
831304714
813474897
843102780
435160034
44633496
609864903
308519353
195326197
713059345
422596852
80599169
564836419
474623738
99220998
16162486
315318451
319941136
653541835
582456900
844861769
512735091
473208208
433524936
590232117
62806212
552437526
74868494
932653360
998529375
216109479
653785871
578028343
838120368
494598918
911828402
653087451
997169477
207093865
486769957
991099578
2828428
626554501
42012294
956183394
989771612
782894580
952563968
374962750
775509443
357781650
645152550
898870908
628812963
978307050
664775731
373171375
540694663
207921743
861624719
244804353
405487962
30484107
128760645
283611181
294417883
796571714
919748623
381918275
304558136
832022157
977050815
423919800
415034163
10735943
841840229
137762276
467874259
527218682
100850874
21361206
118835290
261323055
978071545
455750594
865057750
650093444
69603776
448706580
934558472
341023293
94997771
74712579
274336541
675013722
926464307
111072181
439593991
77145786
729462032
45060337
584820641
448079616
238023831
340122643
773028268
772018560
876457054
269353307
994751467
408261784
583100115
463073276
192546564
146167967
322395228
459988923
413926111
241826977
448534506
14307946
460508460
26816600
277648420
949501333
861501310
920887009
402537867
70728603
117254853
575557517
822011376
661212688
120111442
618272226
363049693
971760600
37123086
734196557
158061153
228314544
983441771
311711940
689613036
606047191
94542755
673697002
525116681
223284271
262459950
498594450
692278645
254331519
545065037
540646619
717983054
829434559
87395440
948754437
19051769
319509378
884681483
630444413
126831294
546557922
379539843
990020103
727232420
387937947
923176264
404002969
371458144
633646795
152981162
534161323
591308014
47756133
608790802
32991752
208899876
114904565
654217205
567194394
28468835
998137326
518954763
421482219
788609555
905644358
739444835
38030341
363600801
225784081
227224742
562658119
240820310
790321425
234762837
338640278
603620907
444762221
553292807
574011475
322199012
803788996
829278537
542055839
164323730
948157675
670162030
403188347
133947082
244295300
968256552
43818383
152170328
556247551
425739235
931775376
440442890
229965431
137268950
40422482
253974099
317597079
923468903
687544157
534573464
838690940
455542969
889611948
637096874
759030708
461682301
720035936
544862457
291608617
480772390
402929502
418636795
859657853
203155886
659247256
962821543
947419588
170641683
821605878
743495662
218689387
600445350
44211648
803572678
846452398
35689001
351393421
221461307
565026791
309931812
274606317
205227039
642062286
965732847
892391805
39650067
234281451
130633675
970600593
342400486
446180776
638978999
763280395
261113464
431309350
125315415
139727762
335616668
706693400
825880598
102083791
176208272
272305566
366992269
739010783
665604358
321482886
399769139
512060794
93432178
828039112
744349962
115699368
580247736
21876086
832949145
945482611
370313098
76422662
19256087
40988530
92335367
685126376
386795862
333719755
104169777
381291529
796301843
269580583
493991311
981733724
265241800
123410455
978792369
839485409
161522963
186185801
427399230
642257536
422155738
441337617
614058303
502585756
607113062
449092294
783906469
479558682
993124655
472032548
245663002
160117004
974716205
713250137
130410061
784362685
964935971
583725172
520777087
208853617
669797685
434186926
624382138
504392843
969147735
380883387
501151684
784920450
222480962
422316307
495228860
463075763
432089631
193748445
341199051
362097639
662722798
24116322
596788971
534064110
141349879
842362037
680917044
91449483
6382221
801100352
136316299
437922450
114322333
629768691
388351009
566568786
494227348
863592149
895370333
291870158
284654358
82706459
979358052
886341783
736968425
242534985
2536920
510551538
820831721
922271750
205745421
155625409
174720697
749354316
693016326
825550146
63849243
741135272
98290413
127654175
793393577
260912729
593038168
738118310
59943435
208758187
819330734
486125218
574760519
155639860
96800568
278528096
666259476
494232267
743194049
913201008
979056741
71566057
481539927
555436453
467483231
395326533
883206162
110560783
613106812
611134211
222589410
3073889
380664052
208179341
55100300
554996657
676703715
251927436
471729166
538518020
173162057
509194042
317054766
441877545
476424637
224399714
947142065
906541112
401920272
751057187
353332497
499020889
60941527
814291418
892407942
889164996
259150250
786639299
319162692
177625649
16907460
806759363
67151645
958991596
69861793
446332238
990144390
72275753
248642655
786928895
355142497
440712028
654460976
747254306
789275397
510607952
969657147
842696044
598385417
438948608
343366239
108229131
534218428
35106024
38757798
261089625
73018375
262509144
899869483
460716439
109914502
517317157
807116874
740228178
363719294
804915446
600189613
636450911
844509766
845857967
649427373
112369181
651230340
114584978
937937768
717583418
846455297
61598575
806971960
405123012
499929325
893346855
95770768
554466698
824472478
263759468
83872138
667258979
498079922
181584080
643460278
541488524
182703737
463926761
326991656
394953822
641148330
526270104
327707541
555857034
984162263
943801352
596584829
770058021
271587548
735662410
470809796
520858574
252553728
758606736
276040700
801697263
187830920
568707417
995739115
877340530
587388822
88550980
929562218
818290715
694102756
376032442
132332278
990829984
319734359
613055187
180900654
220044470
784234271
437256998
756432218
699680791
95227096
861348127
598853297
224288127
721570940
641625704
572197933
34114980
23239476
660045497
772755338
969849530
138041581
438188346
312795308
686131892
360827405
723382848
28233318
225889080
226429127
194196498
547975050
732924194
310421001
677845071
138300010
316479987
354398786
760533050
730430013
230069941
895163415
194537364
730225147
624702432
376804711
194116406
820444533
925050056
773209336
112029158
415795143
646956254
718280305
91341334
854840606
431843648
573857232
626437294
668603935
475172510
622870274
731872826
405688911
198521728
800048563
790477461
185911540
854415660
891010769
361228873
902916044
478002354
946387257
639608747
432621234
518914983
508228236
788048731
590832286
189587541
78804709
979156074
883403488
98365145
40745356
586253107
964955409
319678139
74814377
936250821
522736617
897887307
332815553
848749292
426768164
777557695
112196323
469161676
905119872
800956172
431829767
643505447
372625185
47434274
227519550
820557852
243568209
184553255
792286595
856417890
926138890
751522381
681438351
982807714
615257649
415363647
989672861
36613577
849063653
799513453
226093697
63156880
733029219
862954864
883874103
750830291
467167494
855210603
143210404
77919048
550535196
928813130
134858301
691852290
579898419
531150557
235049336
466355853
180712978
929006295
764433753
826337630
641373088
295832223
399019242
62525469
308899164
173511272
976400003
802564828
782322529
795888165
228900235
974210009
267938235
244037218
561915088
787448523
75312761
385877371
500140397
161825340
415846760
450000129
365889696
411899459
102425570
652995828
640656372
190473080
336889053
799281373
367057538
115766692
615750760
265323316
486375146
550958456
821076689
565123377
224430205
903194164
352128150
563674883
208740433
768246910
385717177
480051320
18061671
291354275
228909600
321387346
200347164
701144309
806772529
55486262
13100816
679984125
714414949
508431379
361370020
65797962
541723860
430082824
988752869
479127624
5837056
172754514
789647512
972149264
87951201
287356283
849591771
243406804
905710555
940235631
477245524
834484656
274548207
297980005
601158331
438304930
346277831
285520215
241874173
861909898
558677066
315102660
570998338
719352339
274610628
32554725
544733679
689445260
741617601
484760499
947203545
352875958
957843789
800803313
726514262
71984757
468235311
877158795
773346065
922792084
522872619
958959258
635042327
895744588
86924209
950320872
352478420
919670245
517529206
312198418
935031359
115359270
773287970
245817148
12930253
721475032
791916770
561901977
13888030
292104451
246198178
201707009
178145138
555718772
607253556
442770109
480139979
737709900
861880119
632840611
351220228
430346581
142962972
216946000
750699912
45494799
488421102
442527379
441358870
543822792
581468108
629676487
65055908
237886897
72535516
522158402
435860614
327440259
308389530
7765196
816362805
673760645
776827588
824384570
307408530
3610667
264011068
171830336
236650532
960983027
264207576
860445799
362594702
208842289
696340746
86653357
337559435
561920252
752294932
571628110
424288509
959034626
997770993
131238986
716930660
404771094
206276869
159922778
183744219
464802052
262328093
991655494
162840837
339496978
283770813
149454516
93301123
869576108
779117048
805045193
328651795
534726845
904174660
385983881
158582042
456348098
849599759
417873171
714392782
370347051
718625324
900002739
798018158
916428507
820434948
269788788
865119893
188502014
937164148
230559148
750638485
920735005
636295793
632013028
84373851
683359746
632729362
666147004
44229740
448892568
554601935
789533154
119863949
220314362
493949204
620580078
742583207
111477298
949410039
310569996
966168863
971170501
667490993
59873465
421870037
456498536
471546162
893155910
19474141
773471058
557057929
532300706
429054481
560758939
431817101
477203983
734489252
977493037
675566202
91590488
727937414
563446472
765145351
840677988
710802739
538590297
199368177
789482472
268069318
154996909
447595241
785521815
523647343
269314702
580903806
21290768
949645780
490295976
536091031
994208843
559000672
204234753
278675533
520343133
646656569
678602080
140693552
769151196
489252695
448346950
76206961
260632571
28087506
315218333
291690549
328318034
188992364
288051804
876957226
862933326
93513493
381537143
536014322
954887575
783690675
56404881
680945249
105654571
59373740
350786029
709356790
22360097
787475944
766326963
350170605
273845221
654224356
358520011
355414840
801438709
338936419
600304885
158843698
496220186
585014447
43606189
649330544
511555766
949411964
361436455
360096795
500240211
665339878
45961188
768655367
711942767
605438134
912234760
36019258
838420116
549348698
472152059
610012223
45553313
303903995
155687302
528744394
659848401
564353358
658225401
547943644
641520016
138569299
391127507
132211191
961976658
930266451
730215327
293079650
818391823
687919552
219191460
950671214
240188520
794186376
419091443
21503711
49597146
68983723
984904623
894619129
478051148
862181868
305380462
997778422
969639781
562787582
743234038
125222744
834069305
927589219
411403822
973999604
560805898
735417395
733889731
265316239
511777994
40011707
508610233
855174169
33716592
908924483
638231449
96357856
172884931
581053881
706585045
182233759
334503838
951921105
87445260
30691537
730237837
201466926
74450860
377700250
717165549
147989784
568817830
592512214
643367811
336355304
679236051
246731700
808621204
505770397
48750472
847932864
360557289
856851471
986895613
216003907
46909771
245962128
767381992
580755603
742699645
195013094
268502835
52493816
150810161
451195710
724740815
181090140
112426540
779528028
688831450
110334722
181029117
542453635
835775696
223413739
331560530
926094344
801962208
663871669
335243221
761907637
431247496
717686585
714063495
798349109
728152932
776764848
452431963
153682466
616591900
662146593
751270900
447231698
871506997
17409302
144985686
76327725
804867054
56840124
804015940
897538349
380814240
752518534
254402568
896180468
932829184
519345278
731106457
750769009
822309691
639586568
649695803
61727338
60641190
918928036
646468240
919871273
803135918
788026045
868198948
893682077
119817096
303121926
184383586
102854490
159101582
729247295
875853704
546891901
428915309
54233357
833897689
139521710
995402420
79842030
114124986
809787087
210313383
394588438
161433921
960677762
342242275
851277185
93382380
131519954
97893480
697728817
426129143
294150087
726741369
930048228
777021131
552987732
570593381
956032139
671264442
113770004
782346222
6898696
429384803
135590605
934596095
885267857
472240077
941662686
452453299
325261103
569196793
253070488
10582357
686941752
738568230
836876913
393860528
942125844
28188837
276214475
637021959
267362323
641711001
469642938
886713983
702989928
746949286
842181163
345476345
686004253
808229446
169969148
216839069
643033781
978735227
191589374
168501434
857771641
800772065
63991100
153383402
739482927
18554843
435438569
476659491
649110068
28834677
550076735
243822167
38860636
63554304
501856766
297710798
942590861
415040389
195466509
510492053
77495783
590156747
524198355
88449867
588242218
336080713
591742386
847294353
919434023
950085252
169664698
466412154
286923346
591361802
809023429
784665635
409296676
361787855
972642171
978945780
569635742
627430339
715430329
269397584
5244563
784633205
246596878
79047398
430691129
520865548
995608707
27571931
124189058
409930404
283041910
443870775
280190283
440147284
152390269
412158221
566869908
611215367
744003780
936151331
592027536
165919606
546747702
84332851
817492439
658407459
353189051
306889879
343994644
536578523
339456517
816129999
19454427
450530836
978660962
777722457
722721279
431386920
746610226
382180153
450002170
479707638
358714510
336219040
918049631
589687479
766656562
310145414
6854872
244058152
55739311
314554005
487055738
157837053
722015612
548197979
962292468
737393186
885986442
771171851
58885714
381847499
669035868
507309361
163809114
111794711
701118292
815068738
645568466
394982627
719633937
427607096
590740841
786300025
410541205
138381137
22283102
511432029
249632750
265420570
399248647
557477436
264349019
532351841
65372807
255141139
366862517
928086336
28092000
453392385
489839538
575710171
237750341
480817423
406902345
185011355
286402997
549689265
421061040
378104493
510185170
848492608
991145808
624194176
815149696
323037443
928980385
569200121
738273035
21877855
568900647
582467156
322352205
155529158
208287491
900821201
209940425
512185851
275277673
769461765
572772316
167580046
204194118
129105266
45584867
103128259
376627997
340662601
425059710
699384466
697213235
786814615
453077116
600028828
723837189
889085770
209241057
801331691
827446328
426815830
675972127
595737805
152024587
22284969
502984835
619186451
843760246
499759951
997638193
676458952
381226779
537040324
370514349
29293966
208048309
638035716
499473587
859942109
653662265
290244779
594404492
272072040
547424403
624593015
395049667
823018652
970323197
923206812
897747614
13726444
931379015
43654895
976933102
599324754
502894759
626502096
922913671
534687135
295225987
293806090
489305923
917479273
826139279
348757197
420017210
662514819
249856892
60937488
92690023
855513024
616899230
611755949
911662469
733456342
121119074
414018397
961625601
303705083
290199206
197506992
87853777
306306727
293927535
480086089
163947164
7516421
844131378
80767496
937493158
817486971
518124855
817859235
958617174
830009674
919690145
277316344
517119356
872710555
834464722
323346550
229412932
911708371
674643566
313544213
204939314
594583529
510256084
451971587
626756796
727033168
817883036
13906135
800476887
322653816
75507792
712242610
472463476
226414651
453895213
338495780
706676295
303417455
349550467
725930039
90760871
71024264
223348568
445254917
826769300
271665344
396008355
87597684
356465615
122369915
651846936
678437743
779634328
353076596
620161578
91741990
815659103
867609679
602651420
894923435
595825452
876944223
317168449
260408047
942831536
392335179
896424233
927510253
536080587
13909262
972099857
265132848
799684258
809698090
990276078
931077355
54365042
547536594
505137649
114607385
809875521
637770730
669142580
787484881
565270954
552123840
916915657
184568285
689105884
859542183
989713145
562561055
4287612
154149624
396724771
740708292
408218491
445782125
791838192
519265787
652246314
709599536
170673398
693823473
1736722
835082500
107053469
663202391
461543605
829919708
37412241
311273933
908228954
793681539
186122280
62122879
264686111
467104045
242891143
393596832
570429912
34106568
24020835
687982173
609055218
176258725
240733557
958885908
553756023
663891991
307712839
358495217
416364990
15254590
741148076
430743971
362840096
34290834
325550484
604537360
324247540
23644946
250664707
976680315
664010599
412515230
161757106
444488823
242829813
208934273
194887114
616711741
934584431
450680011
593861928
990189509
19268016
648990419
624518496
402417796
348414876
992192480
381430313
880176865
457967335
688751590
743606340
873966163
112615264
102734475
411072163
576207974
599245618
222879901
931174586
520887680
764524346
660528058
804650967
943309878
479256170
471283976
354507691
762992534
881752137
58244562
352797580
148257697
708275016
39172442
243169631
81926544
948622602
28171819
463637623
675176802
333509669
662651185
977981786
387861739
22358992
544891365
505380149
246747121
887815170
800315370
516298732
464950170
298836936
78793774
159509517
246227378
130787439
587910854
134556519
765550593
966322569
453943
840007719
63711966
936877725
445214122
469741144
552967796
900847409
613295008
941760656
721210200
407079064
271662180
580167651
448093334
997881000
382566810
565156677
758787810
513260527
493831592
958835243
291241064
686538330
528910618
703174316
28313709
91231050
221097916
530622706
958936433
286974136
797649080
372458281
80635252
667170191
900761645
151066186
496121537
854704951
578006879
284647581
461226900
294362422
33851632
793095494
502270968
766994912
268310859
800937289
110067479
597365561
792265323
667830707
860003340
845366052
68887484
18311080
420060542
990029505
441621937
675403944
215513293
132906959
34961864
279059925
620531000
766926186
563618809
979393311
124992876
380080904
694510073
821522611
122016204
885514121
440723258
663234872
579760909
746672119
573612334
880201539
321147841
527316300
675178292
140356400
938427068
997813128
701406731
39384500
712480830
969125200
869321988
772774705
123994446
26496607
362062958
289496295
698777967
118897142
122866473
10011170
728396208
783229028
587352985
654317399
148274581
111171083
220202411
701431619
38755115
44287935
71688891
169269651
338626812
137385282
163970109
760139558
716567075
289545081
408673689
156941452
950447494
418417655
297901529
562802406
40370024
862000062
760037485
991323948
384881640
884444604
883001103
14661727
566834285
86160773
551843266
830923595
386248352
78339888
381575549
732317583
48470768
151883091
353090947
428706582
185357612
2882547
846039014
156597740
130092428
854422107
159927432
937143011
726383813
306561787
501382608
57439015
641332746
993950239
505685788
666508981
812191278
652052572
946919343
901970162
47716662
413084065
292767997
958534977
716910100
877802851
18400297
892902809
568148629
718465614
302823617
694989670
868537703
261872274
143161951
227261259
965184810
151938285
604798762
742797468
5198406
124621657
50157584
624499208
233441808
6187991
23966567
949792594
912819156
251584401
118542392
362212254
997907996
922775463
417237187
742618524
167994409
865932077
125900714
706251923
221202477
762974666
780722511
442298835
897574404
558126352
328296932
281089410
389793117
352557056
818682932
61884427
821127113
386557530
379633357
257170429
474209470
31936692
82724703
617245587
532251
610959251
483209739
715699916
449070826
357460467
526122516
347529586
773964349
991184002
17361875
377397698
976631572
268405947
911322742
691282347
158112218
161579108
482492229
471003392
480643429
40672514
577522485
777877437
426354425
143848502
866106574
284729916
68275501
963965658
932746943
300323417
256365277
260587171
879418207
230125690
723022711
784207744
143569464
58182882
460256290
891806999
696328037
260373995
462392673
306704782
660937464
427756838
173140212
333432561
931771385
205241335
152681688
473329595
686501688
751551590
525583175
531180511
92494013
777424018
724853411
922448270
136368170
273590961
249962430
828238606
953535172
267399670
478439122
720614456
659052938
621705108
865130463
789871181
572867737
681532666
296834180
406524202
585334522
452492370
416116640
451061089
734582101
835164810
177586343
684951701
318525027
136121325
395135598
689954813
929442673
455875110
996602282
588951453
508811182
979688702
16215922
461581532
817942129
118799913
135783567
883319636
226993347
923174642
998177395
704239901
912105858
631472783
625294920
435963835
733733556
190673508
7487279
236860529
159373055
249235362
37623742
498900206
98633342
166820631
361516061
535365099
945981813
171933310
678631459
951426052
36615565
319437823
382155906
214841903
195718270
908388560
564059594
897106172
930679757
169839887
728308160
329834603
445753098
113916985
273587900
814579142
311928516
796396707
897347477
201893234
363487671
82425017
463739388
963004194
432234716
51369991
995073658
69022538
755452147
722413178
229781259
900028631
980618642
733797171
868640847
823879911
342725447
823020841
960498427
552907675
317064943
20232970
742858113
554323954
873357373
954994118
399549992
671913366
854040002
130244857
616361333
524529246
954649164
584283358
779213941
379409885
993570580
991728949
53300417
441211993
900319043
886343077
903099461
523531714
985189454
11307416
147225839
628005292
18641371
660050822
705473329
664445225
674068470
233982923
178518275
513408357
445582660
531298916
560797620
917474331
25106092
621540487
343420655
231062044
998691093
970197951
478538272
551100047
70544490
164399159
381778151
235630882
289383875
28425169
326231925
808650159
470101076
126436972
152422302
404278753
694141805
545105230
97360954
318475727
35095921
428856667
719296913
936427003
378289606
284920529
304616719
65053932
261635907
331490189
806535448
107369327
74087328
75097983
539436163
590849975
900926337
756517816
177381096
913954916
382709847
689202159
817236924
231395313
365198247
317135742
795880010
1773470
453965289
968677927
13448276
43997041
673056317
786689133
294834227
413601806
643160814
296145198
896159104
49326200
662961713
291333460
841674961
622981660
667043772
848901546
923917054
636230477
285183826
551991226
56112225
438704761
930720871
234966179
453364593
857201767
612545371
513618247
745275161
367154013
987066539
88750049
453628934
881449970
465359813
619665864
928174595
285768206
410925519
236592867
738794120
275957137
329429960
937356338
762735575
467148533
827895574
34305380
991177905
895679723
216981156
745471768
562760110
305345575
484133977
616584164
144922191
686892404
930320573
614912332
975767529
106258952
206954023
500491898
187017530
695921440
432389362
174606538
503944717
507136646
130628370
300308483
317018095
581038270
264040247
554093525
511809301
704605598
616614183
207608296
154107211
19956036
680671652
368994027
665991604
612385884
960292557
243498144
288819564
661661663
472413743
32584275
772642218
864926587
755768576
929149384
327393197
139356328
808688686
837585158
822438289
22256426
260574714
765866003
839552511
80152468
568412552
679394911
288463359
587762467
849937755
306693454
320430815
826029592
120684725
430596343
707449643
797116313
375497173
503570719
832836061
207294001
808103826
830232734
750767278
340801669
733218664
551363687
355033446
784990205
837670904
979156407
530838450
949359617
919766533
622104073
411052512
375155804
880990877
460872756
411571692
685412428
566498405
387918596
25401351
796109826
86257292
742991159
491290234
126876069
27792218
427655798
254086264
596753054
386508276
379316925
508653621
793299822
308994253
117098408
80120361
685850067
783493811
560160887
529148485
787173828
786957332
866516710
755531786
781196173
602998078
46639342
27462019
263477438
440100641
911349392
329869520
381945282
33375125
5681537
448356705
509695821
842204581
365698879
737989430
321128191
945102835
335385728
729520831
780514089
539894964
363377036
654935132
653688830
216852570
86715684
135889967
521129462
493399440
365269156
94090698
823140979
302619521
177211985
781474085
942033856
360033661
48057917
897799225
78603693
939997904
347457894
177977570
606639929
278524431
353102311
491539873
596761065
653575747
263434848
9107039
742140685
320049392
200667338
980189597
17303648
546015176
936718590
205239926
965398351
880730007
2444339
321740982
778508232
336870304
83896111
893205104
581762091
21615557
701483328
678912937
862509992
612234301
797446220
827133704
722884205
95081810
605930824
566532325
841618266
956670496
737965935
294998886
21399886
875021714
127657236
260823713
66327255
63651538
883198915
149748094
610057119
510880
60560947
507458650
45998740
718497942
510803830
466476700
570312255
764731000
835662783
304259673
671453006
237924638
947962335
284154530
944508126
795312498
583252162
457012643
744345126
638005287
687426902
617409349
18563428
153917723
328511891
703150778
409308499
401708088
330176198
47707225
616377066
302125918
892075834
974263298
582001755
134436517
337373489
350373958
914097545
208777978
657494397
210659384
692372164
228615676
952352999
924170014
726523865
755004422
684244110
849417118
361050435
226298197
747442947
826917306
53507157
346673139
63620548
22428405
347506334
933318038
707036071
817739567
81444602
39536809
874169783
636906764
259999198
800674276
501402716
155536806
321244245
297637223
841700814
56786980
582866200
498395723
662984245
103860821
432372617
629647259
859052089
518402063
915553456
567391864
758920210
433600320
197462448
629422399
770596148
246096247
243806659
641481518
80253785
349365871
689567587
884103146
38345056
784793882
290928382
729682554
255401228
900761958
494487551
620686485
722786019
916926634
36563
609477565
424516175
822702831
454181681
37000370
141031444
837207647
28426623
390818969
798342073
16929279
264490156
79315885
593520494
278856538
854654454
255601757
188010904
145647394
813809201
108421788
361450825
63204116
694795210
152029416
393223254
75643217
887457585
923115961
84612222
656075563
297080438
631231636
10731444
37801105
11574365
894139762
104683385
132695146
186824455
531412197
229992455
268858220
940723617
893820725
344552075
521312518
131470336
278138727
395154902
232502322
71415308
42903293
504866756
401725435
285174591
264047218
332666265
501259164
769020552
967476758
320265452
399440135
242686021
259847511
616983027
548661910
782458218
877254056
78349556
407667502
927846733
576099925
505252040
686825861
663878433
327475696
415396044
447121542
825108157
543714729
660568464
1574082
817916646
946836379
110404505
34910197
923767255
902044177
906509725
819091331
443088655
466396456
433289650
307708411
280816386
388999035
916551071
270593541
806307199
730686239
379353138
38517424
899407598
134514092
754372723
261997706
858631934
429828607
919077789
565674947
646360092
451813103
137448126
273664128
45234657
734432236
507055532
309576176
632380989
301128925
25219924
414135925
622292332
317019168
125803632
291455227
767750512
976840985
598554351
852589651
876165458
956155028
455376824
632564481
77773679
573597266
395596620
362893860
6711099
759434787
737458640
873298216
205916623
374199325
510381933
415213868
13328953
242497553
69551513
830087038
508003061
397316044
809517612
100621009
309513532
555134075
914720591
114298239
878425933
304942877
576871860
921189109
724515510
53785333
756713363
738208305
528092452
492728026
480774919
884514856
450516413
766339673
172801790
929687897
711931271
926674771
504607856
602080332
721337993
745542388
443023010
692438046
407466150
235166693
313842472
445865799
543479422
275920148
268851673
130808484
279170642
210091411
308729581
425138922
460495528
74483662
645743496
461439249
97513673
486021981
16085188
230544640
947038233
510942674
906639103
373715604
922377506
74242105
920692015
165656807
206436510
856343096
547860779
375590239
986530886
531495670
262675625
357205183
279481073
766411648
394314157
974977057
553459170
724060166
60123028
487626676
994309387
828846030
252140507
545356839
586356804
67432286
532502028
491800398
713330264
836119227
630493019
334885274
607197992
33685717
276556699
535353195
151445192
402269212
421358322
185899622
344238035
158594821
738797509
669181245
515460047
409992688
677389576
930248775
426586745
227018356
167691779
500092302
474410755
20805015
6413234
804187542
439921979
885787586
927496119
52163341
915878963
113287385
668644088
885978804
624609814
951991544
169479682
346392307
675774955
447124887
936860097
996672501
469200241
748599820
392982470
233625453
905978678
485692010
799616492
142799595
39670439
704234530
483752002
247107284
966979765
571441391
507072567
681397420
452866650
705709653
508268484
612699960
114026344
415970416
508806284
169774814
218808967
180127608
17243571
10544197
475912445
297915022
930653066
66217619
732488181
283297828
586904569
860683768
291679943
583278787
523507753
885330458
112918788
973236573
987848384
252875662
441985135
509160807
401166510
685931163
589213259
621806091
398489206
245189720
819697045
607511432
24468179
14387915
806713929
436652905
459709519
641421735
445176379
332815398
632745524
487936221
654226692
559663350
177491940
122686613
913179633
920763767
35545043
636139952
377135048
750643004
230276366
838551294
942204805
551688344
440670438
659941367
982193863
197702820
880152718
273124815
469918874
41382274
970408295
572314957
583743722
841893303
132756266
341436071
634330685
844240139
631909994
134744178
656001525
91372513
817961010
388803357
339563399
254654585
485857031
986204283
428571618
798726967
423216217
162780696
618948928
291048903
23874633
682042348
238152396
573791030
422649980
466469936
945053043
793189316
352287854
806770670
70230193
604914765
603145399
237934268
803765075
872868974
467779934
433063609
934002678
109354070
588692726
930646775
339299877
807634900
618414173
499876140
402988306
984710723
987312650
731430240
685419957
655199005
623943593
22864666
480614900
25185095
385910808
860154127
374328290
7799152
944563287
925747887
393105111
582554820
587351306
483068423
434783941
272177082
229645233
262469624
223756063
203654059
607288556
623691147
607030419
824390711
242382126
845094077
81308838
230020989
612313554
903937005
37421262
727892685
225130472
439889502
287887626
171074240
505443332
710591184
352970194
849678812
264262904
396015784
227341418
602004000
684734755
641053311
159831600
104650390
693199919
609097544
471573003
927843664
981420877
337315325
929761016
627957992
353129611
29775230
986311310
894815925
218656808
823517280
683748338
990872664
300964868
695641217
172863715
41610924
359809686
147959900
803087986
365349484
950485681
940997113
641380426
121654405
633971093
729522002
759237699
315940660
994769815
405217878
235287491
149585460
948027997
743440377
494564937
314658157
875068917
289598276
491468066
266020091
380323161
395679802
314464379
25024498
673991417
294114844
358494915
594414437
901220874
501402898
231620411
487043360
512006420
804231229
727982741
830780546
973670584
556196018
836874944
466690443
14650370
519194340
177192609
559360822
972287821
258537470
644483359
718494693
198805203
153881587
993501304
662642265
385873364
322267715
30698918
834678412
96402184
405277059
833843651
129398629
853087405
796375890
468381748
41299586
162887284
727928445
578673244
325142678
740136235
63979752
843044839
810498433
311093602
695855090
225724789
328638591
881568985
327191496
120331571
24079458
472474432
765940103
631717155
237342995
361384764
229416773
635232875
529486427
135221734
316090153
239362027
359228773
903824995
881357718
134629963
230221113
535973674
581756510
817566681
116281800
985263491
860262730
538165613
220537046
927933520
961425380
325148949
546521310
467001214
982606872
887704802
929584009
491357000
726138849
129816704
406180191
243251219
790494645
907658847
512165239
786183673
491672515
349336051
546564762
962398850
619735156
376177471
14194820
630698170
784468745
734697297
704060302
707132730
282345622
231584756
704127933
61668376
183827874
546409026
267636592
345165087
941795889
431846287
388262405
49118447
479140883
507165845
592232070
898900879
847402325
734599161
696410370
704104080
252571218
402424072
927523333
399844271
303240919
273288343
886726166
992233292
746717497
18447425
810711423
876003331
386979383
335179127
103268051
351863213
762830272
495723360
667993181
25540351
592550515
45723525
625700827
775868640
6258437
29601365
523397840
194876725
611886585
197890790
247316547
639641735
846579789
810995505
710476944
703300994
923731837
995716642
865660145
620784895
617388285
732418078
769996245
693248580
655346545
627557661
590225367
126098339
775892993
76528755
644265984
614494004
266959211
404373243
984244334
829721811
213339711
757861230
530973628
373642015
653126868
639344766
465951678
513995232
121442895
563467160
842578858
409454424
84925633
817042827
591657797
107381764
183599090
406679976
839412051
641670942
47431937
784058872
399159608
876340518
112548093
695712819
69201361
136060362
983885339
139103674
847946947
224251363
975470006
689599047
337613266
67518517
480510799
614607553
111664067
945399369
244558598
207974772
480685209
543462445
223674074
977323091
699082406
95916239
834314672
34205064
573268394
709956616
654200406
636783770
857959221
442073323
750633071
920242542
408248410
112161209
819991737
654396167
613297525
552380613
93486402
652069207
423156598
336263555
461085313
546314329
29019649
136569133
787872488
369904664
614354304
421056358
332813765
617146963
444120551
645148835
267645781
725655071
481438349
781541650
251149848
677346592
830433767
876409101
918368574
40846462
554611922
386795213
788737550
618841306
853758341
603606416
711540881
793635750
768291956
606840405
11536501
968601518
288597386
661003204
680767121
916085247
95479920
425497596
183031146
632949814
610766206
213141465
78050115
204890729
14071318
539688505
197104526
952544673
547533882
654859817
441854968
48285540
465877717
702453232
224324332
462754675
868695919
770128621
994176444
602019517
983101317
81486739
766479672
325136178
439191199
254391331
781127643
886048923
655863033
217560401
451123077
743307516
460312632
307257021
234832405
61881953
887521549
306488176
838289187
569255585
730753682
910810319
312842073
240219869
510743755
340486477
166107264
331639455
273555936
668580074
193887609
759443102
95006973
754359989
523584503
910238331
39323499
596617302
519000275
774871143
713489193
852978460
632273111
302550249
810948572
347825355
159115404
894479295
835062122
515243304
599867075
276047530
654013324
645665981
606025779
313437183
278738015
106703944
338566980
787699629
799340236
149412709
272638502
428769343
153942840
834481462
871717100
723769211
952729237
96783813
614766116
145833381
147128042
278631838
134242434
31369413
251710298
508256021
946708020
229790728
705243388
961143457
401065935
533971085
465306172
675376722
408262656
853341541
322358789
769342179
241332450
361332149
784759246
218999728
406869569
561457665
676318903
20540318
799445726
458933533
891789950
682444882
896018881
64225317
139151092
529403462
435833534
259312614
386407534
911691083
565513259
707359332
681057589
37466423
118163642
277918267
722975409
603686471
8714626
987463956
552405315
569972407
714977435
544489947
288424979
382992420
892085345
350064566
815616309
601112115
275805158
556819570
845152748
346522992
14453830
116636436
568408232
899608362
518820609
488185319
513265159
597294489
600572622
357988895
598888636
894885993
813327307
946434763
91566579
880860267
446637374
876428833
696034297
703334866
182376885
497813404
453502070
482077020
860629759
322463778
591456682
780780630
169000271
185537182
237259869
881947665
200129709
43801526
137382711
616148207
962819962
496701861
22083272
850464622
136941947
454146442
77957437
912361952
965036454
912114231
599358670
745111811
83840823
204124149
346870450
846135029
232372736
309576006
651037285
894163147
42001825
332869016
498004008
976987560
236291533
723008896
300840509
942428688
896517521
659744974
799462912
911288620
296631304
686012373
193954372
35646340
143738395
820042449
74011898
452054845
312344738
81770514
656961610
381655868
618014022
618939774
323516478
175853621
476078041
323428094
233751030
202658967
755426083
542270799
671805576
160723162
251989565
767834364
944493681
859989398
117457012
927369360
130434364
182227856
46608715
870825278
53026324
239817897
991256157
282883730
908187175
924833596
506824928
587795155
242854221
821256910
418746265
96657786
959424359
944382439
52101376
970106051
643590314
430654960
27123451
44263952
829833524
840667455
21007644
275954468
931146750
69186107
137949226
122477634
605479878
695872032
43377365
744679184
2391152
598256996
131681247
268724577
628000102
259365766
524611924
712058814
513603353
760573143
987801126
439292659
734727351
32944759
864413410
136638247
374944672
617915103
898054197
806345499
882398957
886173635
167676645
810733914
943840327
816289443
302828070
624634424
306674299
503895020
205507293
380765568
412564210
473932896
249467647
338375962
832922515
242182794
710224500
791956603
291162025
446169100
482382701
379497459
985122455
382192223
270635325
326950989
135786052
534923689
700473567
358770402
261023637
987175983
706193572
384931765
41670601
640280838
246362618
999223366
267626419
535045649
11413888
833276962
814066457
397261644
797128042
477370457
964197966
168740451
866753611
761144841
837182902
381368230
162034602
706348086
487175556
663529420
721674040
925942024
28034783
820803926
828139753
759612739
825213271
5178968
578778580
254787236
594950732
279817470
65292659
297856318
28127581
471508972
895012120
3399162
403042692
54166948
923048660
598003155
963974326
882762357
36530835
439140852
889340745
6610272
117880628
875766244
724252533
409333537
885545692
674138123
137738422
443644344
68764876
775823106
96203814
98722691
177520237
455166221
774864853
699544902
703708689
802465185
95131521
116548159
751618418
598865424
189101328
101200736
126620977
39567813
369118203
910768279
451562900
54915041
616518772
962751916
264761861
69967216
408908046
547372971
667012674
556328858
401071080
573805177
303788029
759768370
955608221
984208544
279658652
700369534
316238688
286218829
77845864
145551710
312213406
244869895
887206451
430374387
517473707
96414769
357653916
950034222
249874274
3800498
992304092
511660275
976377280
935028282
594001690
375987995
789789236
33788826
704961725
315812002
674650095
210783432
344889693
909636829
332842586
159940107
510529318
896958965
640416894
458483887
921453414
173031961
24265484
373258480
519498766
576358008
700650967
329598307
887534765
581071678
90823985
905715529
742502266
954404146
398947285
754085411
468681167
632681129
231607505
19196692
489609265
750472936
48548478
938161036
450842381
410287020
368925915
496863620
155053912
738484047
163636192
970552565
535559993
402988359
183535635
259437306
945203644
774424605
743466511
970600651
393361693
750141178
887299610
996122088
286213576
556494171
51010542
822266156
35821430
241366531
317336922
813227894
694180757
886444150
55005466
870784966
669424201
513367299
523617615
881355646
276739816
321606174
823169678
345274442
628241948
484302178
595670492
360413392
696149733
839069399
985855159
605097965
451858521
81250349
657189820
759245652
882058115
946007323
80431143
401327459
459952437
195428018
437314507
238259515
659859047
189731974
2287009
980262999
644922556
344222435
349422340
347424403
628275620
807527813
731929184
544302182
578871717
305963355
298801748
215919002
601941415
254927888
692462779
463833645
224673604
867103890
333696375
247525165
208114034
451821980
827833968
749865939
837390934
463111945
313188827
351260477
819358924
251338642
70171959
64652247
580465407
781491274
12943539
57463954
451818333
504320263
861052126
124368291
813878536
243952457
140160776
584084850
451762864
184785574
321652515
907726721
365055275
456478882
878713019
770291295
592359960
698830138
525501336
967627058
457370514
1601442
154414710
605655498
575411378
272180592
45241666
56635837
79355834
866247214
683434603
947573198
446456882
798963627
142922962
730437336
465143141
519995942
274863078
497610002
230986647
890074889
638663585
874601981
35597986
299786726
134060936
610101442
555963784
66702615
397379890
230914595
169029637
223462880
70137698
923858594
587352354
157551848
425281082
912309228
93187884
264352438
158571410
177468487
760273866
629695531
54634264
306969038
409162241
4580940
467985869
775972693
207882386
576092440
333687352
851515653
805059634
254892712
36410011
649214285
572066335
629251729
739183861
592714465
919213994
331650619
304669137
236495929
926203347
598672497
439671976
19135735
880268158
585820101
4350653
510716330
165276149
585592358
243262613
313921106
233587392
198928616
891106917
659649736
622436444
27048447
940212886
935219306
984701103
608838033
313895036
900894751
86995888
698008797
651484147
397511406
320821157
850927022
928188754
414599478
263712621
789874595
322295205
433129354
168204050
832568955
22470902
911552079
516833578
921193861
472966537
780864631
430646172
516389290
952948841
337966430
97149357
385234061
737994898
43816073
993658145
44736524
750926658
22462865
401666190
816097036
942577355
981788070
388363934
381091250
570220740
53039477
478140489
307787043
955760865
249674410
273194206
207721297
495589972
900724661
334932187
361297341
938085625
707743396
618473922
726816581
874267794
680640686
975803228
302494862
793946020
240010294
844858432
448090718
566927311
742758572
347961919
692062219
460071076
750954351
904036092
187481534
837809814
817200466
1406614
883675193
149309430
435620900
955583277
641668308
454510170
281393361
244157453
173343310
401422571
417012458
509280197
412024631
13473719
577499671
956104232
41639782
239349198
751085376
274162405
324936558
763179389
280646938
406296846
452467433
844532345
396402863
656278199
760699669
500156198
55951206
162769479
617232445
847676364
332886535
240665703
957717465
4701122
11136184
129503527
921355750
215132155
69900637
459602846
509559499
782525700
226837344
717300115
316982183
502092889
732542351
430869806
646769999
735651056
936432329
433306562
129424787
895915042
869132171
520074258
395484080
209622236
162107930
317845479
542893147
820476242
472015348
936801508
761567655
780463542
851769444
247632565
160353027
740073161
552579156
111080123
779925650
915599636
797679714
233061370
694018845
906612725
442318963
379105103
819049238
401245194
651572234
432501972
739101686
493844215
501864934
776084556
247248720
520585767
422791678
462092342
393998982
891277198
304981293
129868082
320383440
524221303
287473736
140835852
65744053
809851564
824457665
334923051
830475802
23207247
820448574
163269571
626933562
926119402
673892320
293108997
103802046
176633886
518085994
202183647
68282178
978570222
589895159
861433653
247361080
166923185
54016022
434824656
375909635
972096275
516798205
690952939
658698935
905903784
415506265
802570668
972397109
989392090
821021348
19391116
476117193
299545811
617665826
270212758
158062744
76619692
146945763
299533092
905405765
7333539
908676219
849978803
179425666
995488228
756140110
843089311
694521942
777485855
798902423
826215390
77239034
398729271
419474212
159022061
768799777
303019702
251479558
782675756
629083702
964649850
976557174
587286459
63854603
156972618
116616064
579533910
657550811
351112746
660429354
458018704
374222495
616053795
498109600
828450176
549755453
706362312
274885491
287018889
5273538
363832304
811398852
177284550
144500401
687638089
712415065
120316627
756952999
221745053
71719626
543474310
271888123
974993754
417102227
293346590
154739839
631265550
418204662
91125287
265377138
811740731
86756656
374150643
141923749
267867162
605207964
46772554
755679205
857511563
663941455
449520901
124638682
925287431
233428087
505774594
757388011
938712559
192930354
947102318
245730682
15179282
719983130
536657596
519003067
222239072
787724777
864160892
737667104
773191002
683925589
428427557
822561028
952261020
118647434
878635063
79434253
214122746
386279509
803436529
557980690
49233308
92730411
718598403
232969094
416763856
205352281
800834103
305608134
502299067
292161824
787468876
689052487
170278851
715798841
527017639
900414066
351013755
995333772
868547967
415115687
822711094
145880559
839014537
324413344
847390962
234886338
325892310
375576824
867160452
783109423
637624881
312951276
678035802
661024427
969343860
156626027
761848378
319117922
711405830
626900535
465573651
474745516
768691882
842082614
136463003
758191434
149413706
466675977
27981089
746475069
739068191
704830442
526549931
738580631
247478583
163010293
590838035
877234092
373118615
487636580
554580358
987896371
751122666
857279054
623371235
554506655
430836928
138483999
190123993
118820382
679383061
362183325
289706292
737870313
477921645
568711923
254966783
397503702
422917183
818247067
682600119
991500459
31326589
172840352
233213953
157652266
728538697
892605699
576022643
481716219
805762411
475220471
895176181
812577778
844103516
635657111
547002549
251739474
854704869
933898611
612260403
835857402
5617487
902572366
640424947
227189393
3102495
744330297
99781376
229063657
346044883
457014639
456113577
635110108
467056191
903349108
296559393
2387435
21621072
821106963
417645860
146625747
341681994
784138975
348146574
299993599
753149335
779591432
430550809
13327582
103993041
951980989
978729336
158092402
947885300
753382189
129024772
212198855
876624420
487304215
735794670
651235127
477395048
20968431
783016681
316504273
461045790
706709217
138934218
759317108
435331782
695792070
19559802
216125749
450892609
256079412
544676131
549674090
781692796
49999130
573587515
461926489
979476972
160900895
994045346
571113758
930694431
479561846
688388573
631255652
902325689
241477944
16381746
838809167
441010617
843260716
458617833
817585977
806903662
871484552
604682315
709439952
271657945
340291217
190426694
730164695
310894836
175022246
954357051
680062524
79331399
830644148
607202939
741808098
204041947
317997535
509400516
975691767
596889761
350600929
434944407
650442719
993497945
488810778
27823707
48900727
707046670
243170900
636155063
711012862
702802263
220189557
829237926
187101299
411056980
782937017
163870782
183369180
578655134
793048876
99644611
990444145
396676436
712869591
990041466
43080355
649312760
144418668
661979188
674556523
14261160
708430413
124185071
170584782
988000269
998659679
863563801
631941499
690017220
215951326
526981132
597210540
773043369
803142648
842883984
679914154
263871910
735363112
684955300
109872386
742911256
400236610
800537718
822692594
522534635
30590677
260192772
27157725
695335758
181983826
907912292
546370284
765983084
913704146
38911323
529317711
304647502
380709916
874763660
361928816
85628250
686650169
571269142
304701874
40398609
528978716
786300147
65787777
521028578
17837122
484630345
191914351
737919184
609242231
338981721
953387388
662187800
488414737
14768286
947968340
727827608
170061295
259774038
40460707
110267029
716336164
465261987
790755869
801998252
913464217
750863975
936982403
95405260
833931565
37134891
121121936
739565974
198497818
654444043
481033937
943343489
143984546
850043639
841285392
733440085
406857891
828408006
234866173
912839768
213808095
658521207
247606943
445854479
453901868
613367459
295231699
980126223
448840491
103208821
44183977
848545004
415534825
307020262
573617107
199331513
756770763
380360424
570842710
738426205
781077167
540771569
6252954
451988684
614142693
131451090
753169648
135191098
298329926
199526827
909387458
213483487
413976094
630082441
730701040
837615629
917075524
968599689
157842543
305947846
591944130
437184493
81079581
453406664
987954988
474869293
770141590
785757199
887216417
533299604
310603628
621855237
783735988
353290059
103956125
931019255
103893166
655504890
920637687
987034813
19852246
853559821
719620147
218059936
489190768
482364413
366735035
49157816
375159113
200231032
56773902
450168345
970519761
137024209
189082919
994880612
815740377
25933035
708376347
430373453
11971966
965147965
954777469
269715879
576265026
124799729
549905397
216924135
708660644
34201962
445723809
565472126
367274414
206860558
193395162
527284752
715494728
771159571
424802514
284095404
735700361
921124133
897809848
398444210
345630509
662107031
604172056
338644455
209582450
447515093
189628799
539942341
384560980
490844907
380321703
698309997
764021507
260987874
156985920
121205587
766461607
89368740
345803719
765972861
234287983
722033480
182863005
340967428
114729022
834861632
507205771
302045888
802566283
260833883
734520642
783848921
144712832
354234954
773205808
268390449
618759494
589652288
277032401
489620821
50867217
199404537
914238067
529429754
916996616
588577223
801743080
56705385
125278517
418173603
452285339
999654410
910792344
857099571
372084199
502631435
859808673
530128132
446943551
932999193
397696214
63198101
19478507
345673985
873013565
789760138
47734925
30121714
859335361
44756001
205429560
646434894
868232058
246404922
524372074
623395539
616418159
26212556
5550090
716672370
401062083
490697925
878226036
432634776
923574821
918724877
545880895
242719523
558055905
361426154
725450634
379420870
175454216
836889097
397790049
600775784
748058099
636466281
477693893
954557412
541664706
504291993
471311647
818479255
358748855
457932083
255437894
65472132
542988062
823959923
957136359
442002200
610517199
793035712
319210575
602344125
303812913
57699700
632296809
110956038
376789096
294144658
268763119
378376211
395112189
375808353
645448466
181261381
132063521
958431507
672615383
746958521
828978789
508172585
821486059
680223416
172212314
178746355
299513905
366283478
878567232
932497411
399490242
274005430
597891389
344792306
882464395
504536534
843168117
96273544
156945649
577265178
413705939
890792973
488172118
231633855
437163908
800676580
807436733
924709687
965987276
343033638
250183415
234993262
585175658
39146048
651529128
930764577
513906565
511829725
976792193
286194278
308216683
997830201
794996728
493481550
27768930
634394971
523627576
651462558
177774096
860887879
2318297
16592182
330354385
318643622
658168109
346146808
755734611
921007966
189622928
84677086
606317822
218014318
971991221
644708488
930590638
57119255
60621668
545265118
675909018
661996897
545380799
396664815
100969072
384580490
178616699
459415700
54856670
707293676
514323848
284964012
571207103
874047171
721532557
784680097
994074764
122194516
222846883
135104034
423945107
29916133
498150123
408017091
149580473
697860497
734161144
717539389
81432451
804891829
735115538
584852808
777319245
50482042
485777694
29909251
203810495
823419799
31525331
908373939
572968489
837147938
531556337
287266789
134819491
296150087
508244977
93948536
483621970
221067294
209472153
634353099
693847277
204321048
276656471
32938001
943902321
783960287
638862153
275343640
40408250
257727774
935039919
77499621
102009069
819044872
105833463
9171001
986593755
254492447
619298098
691141977
305168107
67154529
204410452
593550627
5831977
247642284
983743295
488480106
450872994
152067640
296729144
245371313
478683950
228169641
216073426
832629347
931820614
895528334
871422901
897040643
636585263
388861734
735657336
253812811
601704548
453023227
643615506
383817430
598968366
483931239
432873143
283517164
535981036
918236416
413819234
242345175
938459292
149201383
936654248
28633241
317421821
297229237
568935564
476809720
316158669
181415787
457231204
196985423
881871527
372870504
465663770
496365702
336756370
526527816
560681474
157064834
158879775
300067559
915644551
846922056
624907622
929163689
949069583
151737707
502985968
867852522
286773340
193737639
717307286
303577998
103023741
760625495
950436538
155059829
964413467
364085244
240050749
253261030
443967730
784397192
11955665
799495864
734130345
507938204
443633687
263618749
484005769
136654218
8811752
960064263
598407044
377305704
1102433
187918337
552349079
956744111
224575359
510073243
674461903
521023094
303815271
783246278
636167073
621420721
975939039
393948742
269324320
40413894
399074348
44203320
294586688
906715043
779411387
223133233
73613191
80178187
501614518
651101558
288035271
660795510
373041528
991504120
807668208
159294711
892053985
428859201
238538916
577901455
147911970
165827681
979291475
717753597
270303766
336601338
724367565
771848703
680216124
77504832
326444397
691751266
888042011
462656379
632081009
487212300
85320579
559321665
55751574
141000273
636464719
578004251
272130061
8606312
495227597
984363202
64013799
72959473
105998609
842214828
698529211
257107607
271418983
347488440
436162645
470028556
43935107
632723020
159763334
308054908
843297827
808619834
866528306
369988851
928853088
456270646
933061267
452631266
444383461
549803974
859016577
53552340
531147426
729164951
233783862
397793218
278464193
270742988
78464081
41349130
58811123
34791609
540565783
812996516
474191821
939846869
800713627
682312
438903271
729967401
358362880
91120284
44688948
888582577
566845023
718588914
831969352
774011978
709107901
762999434
972461873
918169856
258540690
620369887
146687417
146473283
32071686
727231925
260650373
536091703
670821451
782153055
5173068
725323680
563055462
796038313
812945384
990635660
204990828
238103347
702841236
826570197
867610842
976678302
626262904
504742460
242799137
170690854
204983998
62013666
259854744
574207897
386629330
677145291
778710926
905139256
804752175
428252624
572277536
495664531
991577549
575787467
387303541
689580632
861438883
833419599
262710335
990141
589307801
388059296
843816041
142058940
519200005
35878955
216382873
577841766
366094300
742612842
488863601
718047880
503241966
612972084
491134539
100086526
327266999
251564161
479056893
608569569
76699992
686993829
672476368
301853266
197305630
985539440
518153996
605285926
837786299
751922630
358654658
441688803
114363253
73663026
41512700
94272881
433465433
842631594
477596529
642799317
927730133
991592317
972427341
612644401
715323570
387937022
815672799
539823134
223794524
71878398
885826785
418927669
687242554
782785576
106190809
899186562
103413222
470260211
319807029
766359775
362483005
926330946
215392565
210920
68110018
443890460
826357058
95397931
186487083
57398436
14839925
806640910
750935461
308273631
477863189
252507973
42715154
940675571
431303704
67920084
51858310
255865259
461980301
446620001
50796
345321758
140302594
942964344
886365619
472788750
661388003
647115405
749213637
237622237
546568837
150862154
777868890
173844688
117073238
934041147
521952344
970986556
149625010
704168452
416738996
922705715
943354924
409916184
35292303
215103117
172980152
861893952
304865067
814336605
867052267
552554711
116612193
852887268
599953594
480454556
160170322
122624789
463503599
766200043
488748807
343892296
369427399
535345885
706953229
714475040
484906197
73848434
954243008
621682459
283773622
183835903
146344471
467380931
311208116
684883885
593176988
724686408
45302601
902587069
456423494
924305747
14186695
94591665
426983198
902935780
777300637
816425278
294179492
490873260
350188526
678243941
49361099
75964527
239646096
618093370
254038734
991287474
340468340
225399217
441438408
307288409
78918362
57401572
445772483
93254749
496424
314825615
932945478
609781958
826448488
431989830
413627793
489784915
761405572
957203128
924638789
252576466
803039917
917813733
325453995
887417256
808092090
650719820
445726203
136386414
247528016
403514774
558291965
750284272
780727746
119378559
885860499
814201817
777615388
832782895
707309929
722226234
911985510
223818824
407879866
872455415
168220125
304044533
211574324
915779469
428202489
204087380
145177015
252549897
854566068
803693877
318421506
30492842
464746001
396899607
373483998
682065043
274747421
718412717
896286183
244096232
606596244
37479532
751879260
151105343
251566381
930063494
904387185
607743863
14913010
721113769
730318066
591441531
646521264
379144359
434874149
891427712
38089120
661484934
961059011
217434272
172752127
541782788
31534442
814484057
193086363
564462675
24014827
737690799
624899845
319016684
730791566
990937240
945154273
599671482
640227944
173747052
751971906
769267505
771582543
585243164
381150344
919854440
271542470
901081597
114926116
844527468
404173414
542236124
954807998
276126870
660074807
431038962
825800188
314714442
17643928
128362271
168353941
483005859
704167683
776173174
90569133
351971194
749657352
923032150
724126313
755943706
332566280
682097113
96614881
584755709
412862040
174409893
838322708
979960456
597433134
222584235
938884661
747066419
86537477
135993130
941519644
142272809
747548243
963393248
742151767
557443990
225370616
77606424
705182164
669279434
863493268
455588670
242363613
15007169
837974824
210761319
265540714
651708148
351878740
467338456
711876332
232712795
909273037
533709929
731570468
859025755
510823906
605807340
462624911
284232603
391251391
752947822
487946893
966677396
364395282
659699997
560412326
437499806
498860231
503115809
539714806
138236879
125983704
491161982
916785349
18789683
375162833
786379900
416023103
598105975
231446300
428674265
41304847
728923407
693991128
165422138
11428478
119657594
640889054
238025639
109496017
327396178
740422463
372444508
402819015
862148579
69286680
24423415
60305340
450053496
315944115
599254112
129499618
570251913
729335228
95246199
628741505
500695670
397721674
391513978
486090613
170461430
77156013
255510712
574713545
146927834
240074930
186322903
733434647
542121921
198519921
974041693
389449342
308453307
629862867
948878029
234399004
441343140
834168410
222579187
105256832
640806354
151834035
997323773
58281292
628902678
49422622
552196531
73220530
98440970
616898021
914770841
645542987
186000674
594279364
714281615
229600800
803487759
201769964
684996755
746496983
152944934
652538983
952413489
42697378
616970776
92009104
254061443
136106978
732384803
550628059
466668240
625981117
710647899
330581157
564227053
526264318
832530815
701746518
2408415
278292576
931193027
827390642
53037788
713225647
238720063
191665140
647372087
684035265
674736369
223125408
200754774
409325602
239786898
149411061
932399370
512613257
657676352
981939143
308244998
349246568
451744088
774531960
26873788
791337287
273428413
53953350
417751008
501674283
351823509
679803388
152527030
530615792
363176373
385687721
177331752
307394846
954958946
589334692
567953347
954131395
444048397
106427909
587192786
798106865
613393887
65793651
827407001
217937124
195179411
352693716
970227396
526897756
227656291
28002037
459312566
774393747
852740633
395719900
200281837
50373202
753831494
602467118
178807452
822637250
201135274
442929257
172917070
353435241
326161032
269028883
195323016
162259122
600643842
461395304
629682102
232552701
843427181
93048945
595041859
608556111
928678278
199677297
345399235
155302696
61611511
745554843
830324131
730348859
606712649
332865854
180570138
783182867
952064272
603624426
240156730
191985609
216088703
233821609
56585346
167417255
504356398
199750948
473980514
813904029
210703218
343545488
78284180
402495817
133775246
467249913
894593143
286290756
117406680
445160426
457646064
944163084
149790877
574741672
120705053
817530009
750895520
10728858
601228601
282728749
420049207
165982074
220671272
597856554
869580297
923845975
76175904
589935513
401912661
609216492
91348639
330116750
999251796
149606122
741440690
199468303
541774357
396904170
890444332
108933728
991205069
372203793
634698343
465238872
460920637
257472867
88820771
647982246
968306021
99644654
404667587
293353370
33872731
465041237
39920732
426854403
638449570
411312644
820537294
47362317
816148620
342172880
115180847
546511158
377674613
449853607
706081030
220056859
499684668
940108718
636942944
957179720
711148184
333182703
432469891
78452213
611471569
252616260
467982294
268512929
425359014
130348302
937262814
999918234
878342460
471229845
907281313
807838837
634057116
501154741
196579597
204276684
291255434
753864428
548064217
910165006
363922903
916470580
374682441
359046802
162826225
531778386
291069413
783510487
764543400
915427448
84885978
171882830
968357554
523587911
876800618
713255387
718413332
200646237
81214717
601407465
124943936
251446965
805696376
944927077
999498703
993298866
103319851
416920113
655353588
467996299
401999385
393854006
199961941
609007021
475896891
648533629
942248628
745517194
259618325
462202950
662849261
861999088
547495313
142982718
609857052
256794855
842711922
101766882
44879075
185903579
780358312
672825109
261595995
239175540
497107359
147539276
317174263
5089089
575543113
82789368
548035388
502206935
541705989
374453768
264718473
2561187
670584539
406860926
774206081
502212098
409249130
326965411
653768602
436028615
763612343
947795971
450629157
832961603
754266884
207154577
795075023
485997775
850479004
466872029
684708145
492441402
896642398
581213086
622468007
555037062
11545369
209567616
515584788
272722118
592250000
675046711
723529353
674543642
649624098
246692091
674396105
976827653
621527619
547966227
877210825
45223584
367288491
345771986
662101622
335714299
164193356
37906692
619539632
416062613
151922816
882460106
221907264
551311166
641012944
565875315
697121248
242171962
992291628
754798636
310991063
971553983
268650231
225346838
491484417
400306711
312703657
287238011
662360483
956449688
11126285
90899313
865842371
628546549
389262265
100694695
141732981
729221969
182181976
695901455
132600672
298113364
284438409
128403761
909348257
799363536
112512156
176409610
702640824
568982039
697646557
538569255
691190865
196012469
491191713
922119536
669610067
364411735
183757768
637619660
415564143
383956683
846654446
953757692
771333146
552008107
3135420
326272483
31649863
910941410
983238696
428716441
846620099
677157043
404895767
928557885
528447953
363622801
268137832
252569974
86659399
866430246
345457693
976933700
674380925
307271107
94028380
331458289
918375178
222310854
571735044
222105379
228270228
291629473
414762616
156975863
577542498
459732133
508423082
246150040
274086159
733579383
150980352
654883353
907906310
63261218
107580913
498917095
613443851
686498948
493823601
415380856
108909483
811565460
665421025
50049768
268461248
54849937
165541266
420553517
334757922
157931947
683354070
466328610
722072221
660886537
382302628
240450442
466632166
486698034
259109073
328216270
749924004
762122164
832280456
927784360
662470538
803989167
222164162
202440618
814775561
598430688
45919614
75074912
998825181
141616209
452840219
2274622
165255015
166740260
913718752
429554514
274873429
676087166
985548852
917801120
276410923
148833201
120356141
753558363
412407449
341985871
165240625
744479927
602982548
482929376
26314287
902005309
358163222
354497584
723166576
144158396
278878895
937774273
495190130
606196563
476283087
227886641
378802974
760812035
310930809
83846507
322966815
724226747
710671528
331277779
528160747
74882033
155065199
792643977
539668578
683612713
504372740
150125624
583214378
446797039
470819074
229204583
771993375
118929486
324404107
982106833
332520299
930171023
317833532
835064274
449823403
347503009
912001258
149767933
405339861
190135812
598026678
582899211
439280365
593220959
341349463
666923501
588108671
212713397
195607437
59882068
687857406
760397587
101905290
256757920
282690236
734352620
981998909
850182615
916788976
877339374
10943751
244047497
367262072
330210103
436252162
664731133
725103189
192306863
863737402
331541315
517547232
342939379
579548982
313599239
257430419
925996128
335648529
483420239
354651345
219868752
561841131
791418306
586113158
151756175
745557515
776372620
365213960
454847295
638332313
598301653
981077607
387210604
201852119
447967216
428759361
129191709
724221970
277048
135133606
548365213
838065934
859529772
750187604
857146001
147079300
437228321
802608318
818145765
522411933
154026420
987506124
739614974
871667449
570017084
810600816
908659057
260941407
844929562
959613750
809793671
560911445
310393988
776078946
236799460
925557741
373022584
279279128
369159727
230309643
130289818
948249772
591171088
209894604
253579461
931329729
801322240
367658196
957294874
315383378
316859699
718669852
402540631
997058265
117695830
431256529
89216693
59052424
943502752
431547858
49120668
364985602
235079205
941526999
181386266
375656588
847826220
985503507
372497537
166221278
502315745
597769399
241403758
833379630
404947664
279427167
452858777
339146404
729966962
855057381
52995256
448175893
607675294
56939307
129091594
548138706
136135909
791948311
38663194
70748933
546031229
114208694
436882864
771586245
726635074
80665009
370300195
45051726
84235337
205154805
410995455
214960960
39165508
452345582
303496250
264701901
954308071
683411674
467231060
369334912
767450164
135143874
340181724
947131162
186624680
891793465
263480916
557364500
57522084
661593035
143559460
381162146
941399565
622061208
872788752
7494081
261846328
924044256
687535544
176790259
858295080
94247558
188174641
900808532
481337725
862406207
791636751
359612232
92411570
958580590
744714004
38547380
557420225
516254784
585405723
200417907
194542391
966195256
242454337
939112543
898473875
871688315
976634351
371956793
109045546
462470236
946052334
22292220
668357501
401522195
31412843
129510492
173067880
281953449
701575360
109118212
426291174
290797287
940132460
666271329
945849077
700757313
55368155
444219691
119790854
952639267
93312141
490435148
466311878
731320539
953710939
37423692
290509832
522194051
163624470
543646290
179546422
708732938
19638115
951334285
118391973
728834045
534152162
713994833
700009374
247925474
557737194
437367822
243078839
654450074
290009125
365579841
40909971
163474891
12680403
458433409
597903764
996153667
740191468
853460549
307729932
734929068
252440565
315225883
117445727
536449418
518801738
680261146
419846266
112528602
890664141
153590608
584639841
386892600
448625759
896890552
182896765
14539476
759611318
54056469
336132864
262498501
64292274
309173801
929804509
578203906
552029896
147243013
507826599
777865015
674136693
287823021
941206442
492541860
526275118
801806823
311412327
496447180
644059582
278275082
406927283
318878193
999943636
190714444
99913622
168906047
140528261
968636362
293749413
322114239
241901166
340040273
601036223
882691034
848006578
675669811
804251344
634048256
649150470
484576666
406875257
944876870
294886044
284226162
570371079
915754847
485013027
424992874
994149296
758926540
446505457
595977227
693741754
507583269
920829378
51810758
627019202
62955786
200276337
193257193
621001904
79669613
224647420
788286664
890953468
943042290
893635893
546381875
82784600
238017338
544872800
781180324
544590828
249848975
222976471
993182814
639618907
509645721
873256406
165815345
375670831
67356730
449157896
670983038
176412008
175810325
668768970
66572235
426000828
591292251
876709429
789495074
832369648
601316048
570958987
725358593
238802727
324279683
938446854
722150818
618677600
476013445
740097527
9029484
788647436
245848981
974976576
832120769
909419177
8855847
848859234
761879839
556185399
604218925
839787924
171828747
364930721
615721152
505726015
224769677
945030304
795984547
111789184
482445901
617701978
306863343
647517289
323532995
418468553
929308767
844304822
615375642
923834920
938431017
311952830
592603623
546204049
986738565
922728907
443787717
843029197
406513045
879033781
930577005
224047921
844622296
95681416
666745599
924986191
424893427
533583567
958313446
124571786
411658854
868153934
598585911
99684367
371678356
426425700
795781321
974530821
354665862
289030836
747953932
328068398
98934771
140677495
995963216
643443837
106506149
305194085
586413315
275077293
865063116
777919794
844822326
440136158
402277048
860740998
478135985
763623610
616551640
248628293
623737018
245478398
47144052
420410720
253467458
522692863
381147490
876791354
413764096
718551205
952673507
56565642
412977015
324802131
685999050
294802834
257172572
804566725
385247767
381544689
716770203
461792690
663162519
729164580
790002471
978158709
200436090
17016824
35900044
645245213
136028447
790150454
38187713
812174047
99255472
178324591
28152450
798035555
489177637
338861159
895970843
755995057
243022347
723062515
57565512
16615136
352665009
462255316
450357458
546450818
280797408
304786484
872625561
535026156
933910937
21704249
310976004
162724106
301566019
715147161
586806554
694118433
709948468
871619672
486275884
644817817
1044417
978832291
86037873
414193360
453360250
923155243
205892286
236977169
561085261
790776589
716900341
656357002
756542780
953551947
529455938
566801583
219842937
953367291
287040735
262003609
427027113
207827098
267446741
246964544
297754203
495854569
261836969
509954217
759878613
830139311
642669883
994166674
120559498
237631292
648065313
454654099
868856087
647891571
180028109
138140785
690184355
885387437
594559003
542509198
139378681
346453070
409133816
844743330
243591243
82528496
381491723
522063862
566858113
771951546
208500711
675124927
915404527
956751147
564320055
653007859
556190173
876265063
61767081
204553286
517984797
619081786
507453373
20505805
78562116
837056745
781856210
996877806
122523521
470424565
519512646
610970696
516157148
488931931
337529773
983306859
853582921
609314615
107445917
966855927
997015213
520773600
952375724
101132401
93200531
819554041
249402306
828420745
577132232
767505641
604633981
660617368
668973471
841026779
850344787
787949027
183703053
755934140
987173728
896273436
597659308
579395889
774489252
631222754
917115749
190508844
730173491
938379539
839844436
706727414
241244164
696997732
764499882
903863391
823530143
906352933
520474036
749348444
133410148
799138221
316499529
187904577
880921920
987949026
400648085
695690849
132691396
888343946
577803813
586402516
347417767
943223398
972943805
54526570
423354829
389781468
436613049
287189388
407102911
478896127
954469303
457549510
224807913
667855565
115753876
558943686
765581981
827162264
384509755
604597817
80659771
942645241
378866913
601638170
701224801
517415366
700826570
675299654
809245225
552631941
105549208
378495417
490165288
294900300
207395099
697674466
604817408
284063425
255294806
753188960
616256216
715973043
337611178
74078618
916498015
409415076
579751824
30202869
750655922
305017210
213966582
886472765
815985034
282081713
443412425
52116525
124246189
328515495
920724915
6816156
16857163
18678662
185829985
438886116
897366863
409300022
209309815
287418271
293462563
24504925
217623927
810585680
444641417
559181872
586062639
784797319
803229223
293040034
838647402
829703670
774706018
10770311
331726294
2076947
509775648
77840296
338810329
210644194
66090669
249211071
943634341
239092287
138795451
558421375
150807188
918156626
480044727
36986226
674848603
928230227
386109986
489730167
958054780
831614941
614152226
978789395
409832871
520251116
83290475
747523610
145120961
952079154
718494907
516655815
213508168
895707909
14556909
886897326
403128690
597799507
303308742
687350664
34961352
577526296
477436837
595516797
831371237
503412945
397172718
986070587
876113754
450746652
461456612
897855369
501197024
384521401
104338678
170055766
71858454
155981617
994930118
166661490
353567636
722593879
103884940
231657230
463865537
40033477
161437239
443637028
310525429
700303364
165270786
334785641
956965250
251010666
13615315
370281798
448555695
13708805
617001734
268316106
319916457
747716973
884448165
469614588
646000261
802323757
296215164
449999525
790048294
344003302
515418209
327962864
249487885
43037847
327903044
786797235
132675535
935444992
670050634
772198508
921773364
167495032
606664406
90940911
573938294
769592563
414436924
192060777
863058740
403410771
432584925
953123636
330964938
688715683
382723054
905954016
389021082
182074676
162071880
358749829
943215281
654997436
140147919
687001163
393170863
630042446
667366352
204767007
483573709
74502966
435341124
353558437
762454885
419182743
889989541
883424769
615137152
915836258
798153429
841457162
166602560
728485072
708591812
697663082
238780582
220757046
763518742
977086011
786873185
958302275
935479153
419332041
663681034
243656459
362104421
234075059
344293595
998620007
859862791
89759747
750964488
998354220
132553258
189498597
263227664
905210581
965550651
557523970
93389282
733098601
403590460
774189955
192196384
729293642
273108300
779751607
744013182
877614680
973336939
939520505
71859174
846201230
208033908
604026638
36306451
913587206
334617033
998774069
55610129
872880137
116780658
916837482
870491488
154884816
472905402
824367837
158636937
33011905
269089933
262565281
483298183
292915130
777146520
415352979
504639176
854695182
519622414
200448945
661767813
261767939
441749223
908532354
333625915
333879405
25161246
545914283
724429310
673978393
148916948
151937967
641692091
869591895
140767539
147995362
731603839
524549540
662003921
594876139
264053963
348293629
832799304
368516852
864094926
546182490
836040317
414203552
411634144
983171008
335550254
469554648
256743179
989333670
598336946
545796472
344767717
974529873
217986852
688111770
822643752
523028820
208943694
669468912
180046011
515539685
644899924
783518909
990712287
209408064
569464375
173868358
781522554
687874688
233300668
225664826
275261029
277312456
784906740
919308005
436855545
652075765
538855391
23674674
709328603
659305633
170983001
779746608
987209340
430808310
44115253
464751654
887543082
439435240
560656872
351441480
313876841
574784372
538324056
805357595
269117927
43381806
626246997
18553315
401527859
894239481
895908697
174859663
971224517
598261645
989089722
369221548
933471542
408516523
76147974
751159971
854367945
668331679
492888441
289586576
476943526
710161228
690214576
170448812
523682055
994379218
395913729
597544004
839454772
367579642
925796546
101921222
237700851
455479409
669794950
150335561
326989079
702164395
55145650
956398962
518583763
105754251
182109326
801267080
457710268
494743502
82144211
904615697
57883390
186826463
691911476
971230295
452803331
95666779
689931674
118532089
909116950
219589254
42224314
97363990
277197628
788244510
655467125
285018922
284365330
293684331
623239636
865171142
519842744
609156035
245079836
734425894
157715874
261010095
150894557
957559767
113816354
532456642
85155513
521445101
417898490
247636781
193358449
29238494
132500352
242637978
966445873
974990274
500629501
868110184
215021614
903607665
860637068
127971072
297301505
905722709
911478985
966191910
285238938
345954294
502987994
267474860
333696977
920510152
72162651
32368998
565565832
198668142
235584213
168882864
293926526
300947356
175449184
459025745
217901187
40611235
444844774
405906408
8273743
360286055
789421841
143062742
278409932
255177550
701275442
896313245
256212477
844774267
807913188
15969575
10164530
351193689
357620954
686481178
112643465
33463334
955092449
282001946
823463336
277063976
827314484
729267099
464339372
790248732
969320051
344786803
792354740
24729372
819335928
728836803
428959488
725344519
489851980
464838282
849898758
972800686
453702710
199023590
264350338
776740640
660895287
308604360
651404090
357269480
857361210
203186060
645919373
735777106
654475429
201096811
19140492
135670233
672282609
65872188
98876785
547987305
13725733
592919200
113060164
823502237
360979016
336934950
731027648
111651983
492797707
818461969
963155168
191339100
387457822
877204968
697751362
424609541
495790680
790700321
122504905
796551779
151464034
186973658
771529314
965606656
754612793
159774325
629086755
323968731
53438066
747790501
239478175
991675262
572926691
572480649
661429457
116812895
737276623
284672765
501327682
412264105
733694080
430338395
100203303
216807575
724764098
257590706
435038050
21129512
360907991
767539765
284782422
813527250
363377685
152197427
578646803
895257801
624310129
8151088
258678409
244852897
212826184
430584077
57468413
706512862
112414338
555239316
957884344
185390020
236515050
281202509
373993841
797080218
215540833
809605481
879376911
996005202
155388503
895635449
455813326
504985396
970612824
593824640
520262301
95538870
276938022
3741548
266757670
861621954
936669102
875528427
625460458
107283951
809055366
639616028
116304167
753764336
33351150
615363024
827815108
94032066
964816521
350009950
301793242
281027752
783018149
998936471
169798557
693512594
334176520
585163790
365311891
250553605
440346114
506214688
397850838
701031616
704303122
925601206
872041385
803557261
957490312
331661559
737217661
360762304
325108986
325585952
106571421
96388669
291719004
334628007
19626308
988670525
768626250
227306016
124294608
661638313
542002670
353167100
279295685
646569301
600215783
347288244
332299682
37089932
23543043
811955737
390585402
644205320
514625652
845888403
971672663
663740527
218592881
217774576
193394010
31148373
423099700
209533926
7793211
217920891
128326046
965446907
257234658
87631743
707583481
960658874
830008170
47345916
645489082
688540205
479244380
61943728
462975826
632380992
103238013
72103989
647681655
624795826
163156288
79056680
79820773
296688760
7287921
814983715
230135558
711233383
675365
533939501
9458283
432973288
708104919
731558397
979301874
701572990
552818755
273637346
419463067
600852357
817163416
765906834
825046822
318929850
335662416
36152783
425438015
380097509
772346591
452485926
212327536
161149139
68273314
599796883
299547027
544709257
394567384
992078292
504561342
744623696
504903892
266109389
285636596
143300425
884021502
145786788
771083865
459855233
844934270
649909889
525222211
38551491
986609797
998339975
495556079
838871993
870763686
372774986
887725860
619514432
181907150
661383446
410020262
850840285
287751694
28697158
524559585
116846846
759971969
306913628
100961372
611001541
115891010
305357381
947640529
420807868
974818950
620896920
123406313
990439664
172396663
602556587
155152496
642798086
357828758
232216579
190532741
353056929
972030310
594760080
374168650
428519717
344615862
529354649
239480667
667486476
755270592
149786612
252689222
200623678
361803031
571932165
358392161
123595944
775213294
266329823
179956554
433028278
559496732
766917788
307987877
908263001
238994876
615494337
197897836
648710841
42364326
445171955
545076380
265449656
343572063
971362391
708960829
752654183
141678403
32299705
160583045
810712406
185936502
24659100
942032568
511382130
22121027
323102903
88116969
889691404
102883091
880040983
747821602
37944455
860475593
364811713
599100278
222624275
783056571
502761154
995206989
959235882
14863136
380777830
619505016
275238858
913629366
257566626
191382339
684052029
770097450
927831500
687114041
456030892
151127436
356200488
22894978
359833395
374292654
133429679
119206004
721979740
209350888
936653950
26169143
760491094
221774319
375303615
173948069
777906377
102864994
466773435
15653497
106620624
776645047
12951185
329964124
719719264
397707740
728977294
877488990
907408809
70871962
811262930
281678013
113067992
991718125
39061662
587991346
768372724
296604827
900688229
943805351
478043935
48094121
736527379
631145752
972783273
682860635
730878839
132632959
914022539
951394824
779539281
969372782
328574301
82540372
150049736
864274871
818083821
305589881
727222554
454838309
56746785
251173209
163234929
237096085
634833871
260131144
75158921
309919416
880261937
9963571
214041934
205748220
112897875
217512216
459401803
661709469
572402407
109683523
765797273
198033085
255759549
723547750
732961321
255588266
128180441
999700699
81825259
356962681
335852891
116697561
113243512
843658189
193957304
740485466
462599435
89492425
294129607
843315412
311916745
896215889
362770725
844960388
588110989
177396961
437649037
104605677
852445345
362999153
609434231
832395498
654646430
99228525
910499098
801916539
783105913
75620256
487928889
318735088
781180143
468525670
64769860
554494254
349479465
87844115
987936048
46029856
341794598
349678824
12554729
98069827
260250719
815461897
817605183
703199683
620578094
340376245
19208870
7292932
307249555
923274767
459610546
292858777
91206249
738835843
23488105
590508137
519568939
236932079
221210052
964042966
871900905
718992497
895623362
366944625
237123813
393441425
349746641
199485406
901218032
433354229
453517921
39766079
764281258
28735723
584948271
474407636
301996105
653170829
557388651
998109981
646630545
718295854
9330576
859983692
531655692
110895849
515119372
567675388
746040370
877282811
590459511
329012372
180107333
426831197
708008307
869845495
364272066
675457584
552811882
572391387
521961296
701757927
307724839
44027068
890985805
109492771
103052280
17962256
265609766
828516482
128443584
281406496
433656117
233352698
976289878
748572802
363179711
963149716
239864456
444777117
3912022
937032715
17972065
764242271
176642732
437626075
857831906
835521736
930153475
310782540
659250905
301827076
275942880
252541953
881298394
590721911
996806908
891588160
416655486
75843684
918540754
704750905
734809240
706623087
217253914
112508318
824383982
826691118
35100373
518662183
902295610
348582932
390188294
435479360
216576069
959995780
204978514
880025030
331379935
651973731
215196018
431525172
256513790
649040263
549719066
966194801
949491628
935604446
46719889
496058320
783340451
666724449
145158674
642017642
223510004
606906083
441769134
373064820
150811032
71053764
965345538
658850781
747244981
96212712
174000810
16120197
937676209
813297742
307240315
710631246
883991854
540462441
344604529
502520751
787480915
412006477
631911679
751031335
548712687
815243136
292081776
68769666
196193157
41281104
819249491
235805646
141588023
454642371
754134353
514425530
937493930
472487366
153193735
132116069
645203230
942366205
175814803
612969935
106929802
118063021
291962694
658234052
275141727
228981695
416701515
844096335
822126534
732408995
381425305
972593765
215613129
698170628
145760512
497099737
678558367
549954588
899607053
556524882
779715071
96835232
255626037
541955047
148387972
254041774
986566600
108625669
234575905
702563617
267556505
399437803
800246012
801183686
441528341
222891847
161501840
453787935
869547665
19933265
196350787
924004032
186953017
115539789
149630150
814464480
576982208
853192269
721467815
229275403
286596829
523549095
818560132
27488711
981972625
692820724
973594034
753169288
759432906
316884930
222874547
118532021
460097424
132257824
351228058
637872852
657017241
643010569
272065714
575487694
801659006
403443698
901802673
683797451
701661100
519630503
657811953
87210971
344322962
841645085
330031114
808098467
740654162
590610601
537702
272742667
246072816
552780735
787757577
361286789
404339435
108311762
643041578
340540012
880748741
59693506
899400112
715144161
431378666
954363328
922440130
853277314
41763698
138312889
46400754
5471968
422897050
323433153
249413645
995067453
921314640
95730664
776093491
932480212
479252220
325492316
745053228
819598709
657145506
293495970
387963303
764390654
176538018
281566259
620978803
332740648
393367386
80960041
60532776
209749710
249797413
6034353
454137830
177437598
726114716
27549856
871668191
746335523
134348511
674947130
593602559
437213395
996221373
572525407
90849867
383410076
276448508
122493439
796116486
223225443
59394995
787852695
559279699
869414688
712456632
759500472
723957810
872966459
451480352
635306236
423212409
849656833
965581614
434130444
933327576
853105420
548234610
482765115
975313091
481407563
614442745
374331833
652415681
733153127
114088860
891382642
80496864
31164312
842772538
860938637
364694145
977301876
606277886
863334610
352260054
642407050
417995783
356780734
405846777
200710467
471068002
73437703
308048193
916531114
378791984
453280207
998806490
46054968
666030122
712149289
35155552
730134587
732765292
307266311
920087053
974329893
549612697
785747180
861357731
353739414
468690754
351631979
414878106
819901975
386288434
172754789
450885415
404505954
916979237
146476682
831795026
402376460
261714187
777424476
985624083
900322511
636037205
102883877
955469044
699678294
241232166
906721075
350112872
74150395
933042636
884476665
558153821
845280829
753964344
755402281
345867486
117061795
484967158
385524651
312717124
300657269
359163545
144672768
250716390
299198329
462390673
371958010
5390387
387118972
289383233
650933373
134490974
879013364
442973295
325658311
312144686
525204877
365529001
62805718
214888096
37295819
107024201
587549283
79385673
789294159
633690434
430203662
504908514
237794728
679981094
860705588
297494501
207196124
869083633
364210194
102288294
400018537
413329184
62995321
200737038
395461832
665571150
931585571
249595222
723461868
54427273
272702746
986820425
913595756
855703274
842974601
675862588
783032782
705126970
569995114
553144150
741062972
450571665
733376305
686750685
379038142
74948224
531112136
897718874
101696221
593311347
730982232
738633766
872317729
236285680
664376996
289777567
579488933
219297122
347954139
528571574
871725008
679570071
566607038
654106788
261880647
68069207
276078758
60804085
364524065
17480613
194797465
286342413
634486968
265664987
555339776
427368854
831799905
957746137
340888461
766141632
640855717
544427292
569126828
887112422
330162939
387268247
484128245
690567043
558828809
483536819
980453578
909211504
746908549
883164209
404908416
508618816
22482984
952274610
935245070
736147251
457999087
22872330
643993637
59805193
957065242
995462075
891556203
834899286
853355494
764087301
771739555
915645835
282650522
102034098
587554380
147165209
149656909
785644524
315902270
24714875
664887957
419581616
335575193
424794176
200899893
754902797
683546306
537071722
243719794
24080505
77033566
573661823
93480438
136379716
827393151
64844424
395383454
819277321
369502487
646586704
725687202
494037233
308103466
36684951
178961557
746278661
697433904
549549104
102771502
467556738
936523642
595782453
914593090
465741908
619789537
313285523
433351852
125145712
618650395
948202915
835791042
332546221
716509802
668165617
764771425
673461509
552064019
743334253
818157724
238096510
267348506
45835273
598616905
227371864
558181284
97919810
28302609
759547836
881494672
334951133
623665915
145331833
249935897
899431366
812760529
951819872
66240216
988711054
167429192
681714910
732639847
9303669
345846601
644711649
493502174
619372824
515185320
537229449
62987612
900366893
407569921
646823543
490035914
816964659
704249753
104691125
918469974
608138145
194432024
473563704
264003688
236465049
31687927
423192729
173207820
177906131
202327944
57589456
47378986
191572447
951938801
329153697
686915575
5594530
123960457
583369211
16154975
860696788
34146986
518205916
649512283
570591551
554181665
227519905
387977817
590900946
384547440
610852797
76246957
572307335
563996795
11037911
191506882
218974917
24111365
206395118
180738973
606384780
94567637
849845335
9322862
407880444
634670496
311589709
545031547
329928982
369921284
364584200
356365901
510178903
417345252
433290651
468272121
491715572
563764926
732892865
616898404
562580317
470214235
584150506
717788431
929075329
847604788
359729907
49473529
89962849
120348815
201642103
153697420
274578946
602767865
707278349
969045550
875760917
500515322
85595005
358361817
721675245
842476352
365299133
401382109
413661409
513572561
996333541
12741925
708586505
116794307
22765209
645707069
38398062
274736954
137802740
615165892
281928950
928009748
615055330
553727084
876349143
710425868
148294361
675940574
94509020
531470106
430024457
818882571
19282771
750181930
76735451
120792921
457200799
974634174
528917123
51077539
779156013
904412048
320645929
767673757
466924606
245186723
813365929
314136084
684749750
446782262
410162166
267451289
663055066
254180922
124434242
821051046
247702318
908250451
2214728
448615745
764887815
3928037
667990708
498666312
18928283
94533301
890357684
395343225
624895564
369516357
712281462
878092531
191823640
237081635
311436932
60127557
931465617
186875405
458487457
560770248
122719999
896853195
169210092
845974150
685300257
608540846
515563953
147532991
192715065
7349781
509395956
544920655
299119971
106467126
639540733
880540542
185927499
582043542
410888043
690767633
510570855
33268135
971748693
904474118
786042830
14818821
729176868
590938457
335406186
967777644
834803352
553409103
394941524
828001127
774164273
253969014
917869571
901146553
643623380
672774730
497220897
581615639
38118452
165760007
217586694
715532726
549749456
38140676
806931901
74950612
635597866
215432538
340345005
256311806
903078580
750129687
849591408
805884683
333028391
883115291
85355039
864166493
790144151
439385244
324556
47343172
528520154
83660363
286360549
969561820
562942766
290520210
11673895
37721200
175137549
60838042
425668492
646997633
629075824
596538473
60987661
807322214
211983976
945894201
407257015
287973048
763703413
744554683
280067527
160111059
415659925
349399137
240300068
482769809
853421439
120792889
191659522
266764073
205534618
626876776
751349258
5542331
869073262
148837518
689976933
897667149
960777297
429959315
325154879
642101055
295463822
839527298
922629291
318656290
74250585
974374875
500740604
419605623
542688021
669628215
699708088
882246728
894254027
745420982
641556646
635121062
707303380
834186261
901850918
781763276
137443219
899988662
435012814
240586290
965434526
788335683
672372609
965467779
660728034
329660729
693552072
413202931
557705660
321246132
526655811
796953592
668214343
569726579
557277786
492088265
661898691
229194110
980161444
860665401
961921293
193833177
189686878
44372701
72493622
748703753
538690567
400683797
218331826
211837955
261208275
163109349
661791787
113461095
421704824
659046704
717276490
863697088
609596696
900117037
416720700
725490404
189281840
502995031
292648459
862664497
869798545
635899808
528772695
209005777
787570931
734492125
650292003
451886074
607786810
494075251
709651859
339502054
211527116
629487139
416049099
87903677
430184521
589460820
99479234
278363546
332456449
136615401
563110971
499214732
873334146
566645590
435510326
89507414
201871538
258522812
309905465
959095356
49035425
363517666
229979953
624209903
895591145
623314943
86724178
630241579
323071520
430865832
305177162
895218078
749257537
434415985
378685563
793035056
430739734
263502201
525109815
2041175
45012195
139041841
352898288
543913985
224320240
889724279
804073072
643150520
757807875
349925260
184671680
178955218
861662828
95617337
48884358
209087175
571987602
10277844
414579209
890780937
568120547
44154474
251524528
514564876
266559840
973517050
324589993
305181190
944436355
158816592
352762467
681494542
73629862
821897120
121913119
101985751
909008356
959213448
340810294
988479195
394716407
152431949
385863731
477891944
297992024
910432309
922781408
130191913
690569209
882487797
462500286
745555749
26592901
975151456
269253984
269814981
741555263
245676768
237801263
516997606
587451555
236769718
583669530
558947996
515358281
613088025
378669812
922640614
714000483
125304878
923254390
550352873
270795013
316776972
852478503
787791284
238050505
244101614
655832799
776340787
51881565
188851496
515066035
158609335
661700302
939007191
105634100
528031484
987594113
523050998
672867188
59485940
484451478
897735050
989113500
197544348
857867280
386934953
844014162
58218602
323708409
239426002
671646157
848715156
877188643
675267073
976283425
325814380
606902453
81965332
589450312
251856123
493243224
945312598
532649065
920181299
53119277
790637498
894069150
891745066
584763704
691234009
203809768
359064424
374451086
29709715
513324196
907264791
749552570
732421485
163504580
646438068
781361534
481966314
879028402
909430158
225737491
919552229
624600534
233914172
488503121
558237699
331771851
192848492
877775185
702668201
591629754
409013065
162653242
47308785
345920005
952078169
599335041
274923609
332628868
675648605
588933308
650389571
87392137
435661932
671094775
172560116
94503917
710334921
257676490
379592852
77773293
88622125
906447558
295760030
727428602
648231734
51207018
586921451
518219009
90952765
125164925
905864966
854345539
450122959
453624657
213542704
647450814
4596257
1211886
192584044
606302198
147865301
781754505
209568675
413154883
51036937
851740976
402017103
468473636
911777348
401331578
639743196
588762675
271215183
70938109
454421424
220357582
363622504
650596020
339669422
774400593
81720742
146416909
827445130
186225778
898518797
201078757
99912670
810072857
833567576
914556493
838828313
476184478
152545604
957611292
248912781
322897514
202440429
101968889
345246909
58805968
277608993
802653014
375984739
390280581
475927698
483470061
556814811
196296714
860858111
205499247
139451719
873894020
889593461
456776882
12776896
437748500
360845900
255586262
800167017
727414900
632324924
933367227
152078321
307618676
607463874
9099748
789994846
384370351
333534650
252934857
511605965
998246839
268651496
866161260
495251812
443141940
814831125
343996695
295249175
449212481
303354295
386886217
496167622
258901523
480350335
104568125
44176540
415190906
231443881
200334687
840325925
980245797
274038139
324215550
769380955
471584786
731176393
3902429
737191033
862303627
280837295
859059510
73662858
278915827
882803126
384520374
903136214
646961077
178651556
839189654
141024582
781791234
267452595
979549242
748809724
358323804
285089415
563157391
113645064
623213837
788365562
955073935
893234291
372345529
436891077
665780184
631128804
238436246
899571016
380461472
72641714
202698128
278520262
403003927
673548782
631896063
204909745
776861366
747338361
29112690
116416468
513131146
556566820
939407319
357141083
299458635
191190222
651018803
983644343
811040188
424308959
790436483
623938683
336610185
962786253
996384683
603612261
369457558
739448037
919395120
169420943
520723301
897540527
47003949
819738261
419756033
584467251
228097147
32289814
320366370
76866742
681827030
173736485
493801385
82076744
288913485
555750176
612762733
795070724
807409851
960988015
368113162
159545763
355957255
384679382
745045540
724683836
970509483
840831482
658712607
537388136
383321287
855540311
158239935
296512889
996392142
875517451
496285204
965243671
465618686
662745205
635032495
47142108
526649365
643641045
825092384
31678868
609953631
2010184
862863520
189358100
960935619
868295055
570035950
223864768
357177038
601320889
262713230
50669050
910826305
479796407
795706279
634532776
142030077
830194020
904954851
369923216
849152182
129882108
927335951
941159502
399842927
735977905
18951492
504697917
585464891
274293982
171453028
605742969
38541693
504335084
637592640
739443778
251030333
335127430
58368288
155282183
109335182
807826989
210483573
372863642
663720714
164305545
414991355
416174291
426219883
923528633
906349847
962355575
826618177
205643406
631275209
323998224
835507874
454413594
269300182
21669184
893458327
483681411
887492892
349373230
129535358
727298633
926747139
172720672
683255612
461589976
141285873
937844708
391147464
829850563
788602617
12014046
482088267
656017366
57056794
962726030
387804797
846193692
284822897
74767908
359462640
260277320
814988444
76766334
618291928
210622148
181403127
639363714
450804978
563970391
498924461
716547350
850114166
269808465
829314999
904921424
72024355
655403376
576582013
702116834
369025468
560765930
465757462
582608572
928334247
784139433
146160824
810616161
456106978
802637171
810792610
318193170
703511708
725360643
71932203
582296311
729838817
971234411
743497528
466860702
460540170
249170568
774396357
846092878
736766243
842162774
272886713
90841359
382366640
466762743
944890796
695961937
34493646
479540886
942388293
729295450
669594524
262030733
171678276
20220305
698615289
472706841
190184056
292170987
404374728
924595748
787246635
409936730
889238884
973285316
75042023
268315822
881723072
122438947
529330261
159912410
650641348
895123978
412825816
580773179
880534540
16211210
538329309
877416303
122581871
935966424
378512703
418148932
311893773
945372162
606619716
64750715
485612744
15917335
156078245
202995899
638194056
938593550
247260908
458132246
417575423
411209924
663144723
167873196
806715720
995525175
980847716
716897632
698404015
475218131
653463713
896504206
616475729
632892271
249082494
967393077
492119788
362080796
678819961
586178754
809786267
75690803
941343297
618653349
352981566
954478025
307967402
802669491
545107749
597547464
348399304
108083463
550769461
282459324
341216572
614502703
97070857
959479269
993919478
90519589
467299617
237708830
7386772
3718892
424058042
775555234
893083014
