103 13
93 2
78 5
116 7
108 7
104 1
113 13
103 11
109 12
92 8
95 4
96 2
99 10
105 4
97 9
82 9
101 6
112 7
99 10
118 7
97 1
98 1
104 8
86 4
98 1
100 8
98 5
101 9
107 4
116 10
84 2
103 7
105 8
128 8
94 2
102 10
104 11
100 8
99 1
114 12
93 6
112 8
96 11
114 9
111 8
83 7
112 1
112 13
97 14
108 14
104 14
108 13
106 2
86 14
100 3
106 7
106 11
83 4
107 6
108 6
100 1
99 3
97 10
92 2
98 11
105 3
101 2
90 3
106 7
102 3
98 1
113 3
87 1
98 14
101 1
109 2
98 3
89 5
101 2
109 14
88 11
122 12
88 1
104 10
116 1
97 6
110 12
100 6
103 3
100 5
113 10
106 11
100 1
81 6
96 14
103 6
90 7
97 13
89 4
114 7
995 353
4690 224
45454 207
1994 90
9403 115
90221 768
41 4
39 3
60 2
39 4
59 4
36 4
47 2
40 8
50 3
47 1
77 8
71 1
75 4
78 3
69 9
76 7
69 9
64 8
76 3
69 8
4176 25
3989 25
4062 12
4265 30
4129 14
4209 26
4189 9
4219 41
4266 24
4164 5
