1255
324725
13185773
542363695
138226541
491493771
364079842
804020275
412317487
710272491
895709547
106464370
729238066
394179659
650317882
774489072
55970033
665557839
975102392
404583651
782389175
384640765
333918359
935985316
851717500
200347631
898383983
25574125
787755232
713310643
944392617
34452342
606789729
410763814
888807789
780100806
906302293
601730515
465260418
430906996
319365406
576123230
4252472
719549633
133111935
611647407
893439502
729948126
177964967
431753777
729075127
841907554
343023243
216363923
293579677
616257975
970295369
689472439
336468060
57160942
689810711
659723215
123808687
161863263
805101824
205839025
317375753
306646567
931867660
790048457
231466689
837287837
66487756
580828499
134177434
878998727
317739205
58090687
793529100
660186387
575884475
954139338
456208302
965521910
887433541
509914832
575418364
363760626
813149863
250402226
604225179
941086105
458686971
144839639
728409976
562247020
979345218
73924486
844607483
790963896
695248663
923968368
892350697
507983763
429087372
603013550
78542402
307700531
894205106
663646514
747023061
619490309
281279117
769206791
751884972
871796646
833830428
262955515
535825611
979877690
720715300
442129272
16188325
281338578
885760972
11123263
756685989
70142359
422215799
41064041
701068191
726197548
201946341
363395888
813631309
56979754
267451551
411400920
992169046
84294905
273027944
931277848
148540062
901478384
394477461
443364427
820015754
53781366
118835014
602524957
523565065
151731766
920297754
572628237
20887714
872647603
997470426
979567819
565856487
2732654
249875868
683805302
107053848
338321613
221664664
992594548
839396604
404916501
865847129
661459841
244192696
401806452
922366903
701644850
774609844
18991281
661630816
401910893
467405950
192317257
143441191
707988971
978276735
172607180
420643313
803108407
687590848
330437772
447686802
543539407
314402953
916309331
530082787
604302914
176173647
726416084
827371067
114126548
306985743
872802364
660483213
717234809
471469715
57676796
213631901
316406382
284922050
776320609
355836558
360261657
859469667
507343862
248268224
162803202
835157903
436197728
41681314
486899823
138376906
123239187
358254007
700242356
92779352
327020257
113735264
825647657
67827013
995625716
913799084
670553534
446378440
577039964
905591169
402137480
247106160
844809957
509806910
821292025
403484603
36826139
971427273
789353072
584581373
477240798
991748243
9649913
127141264
54938550
699326380
712853097
286412045
544581967
287810968
52039537
830034500
743729187
622246365
46963514
985660353
37836172
984374404
236314097
355121084
890918733
595880072
989146693
917289732
26143888
351768815
413986913
779339620
888041672
844160551
69460143
637472228
579174745
12114370
621757547
7774641
726115676
961497896
735021960
327625263
970532209
191729883
859382890
854637968
93352556
998858969
7949392
773420369
335034100
186035938
815286397
316638577
822640780
130774307
100162415
224238844
659937773
28331259
483599675
266605095
309787727
180190142
415368051
902619721
391758910
349106513
353130865
917634104
828036396
667270402
134441445
853577343
908692663
690297138
799358832
5061862
495973270
539093130
401056148
827113999
278629169
367067156
869391095
470138125
320460736
726391158
588989054
559691622
713974275
369917551
962253020
950593871
605901893
257597559
55158735
891731910
911460050
356781108
611393743
181226809
68158128
165254100
314400957
949095861
745544587
676230153
793227442
438479178
267509623
458711971
932602840
789156854
935905542
297432788
342774824
359071902
603263809
103867387
9179667
775535483
489937361
893484256
279029209
661976246
106177259
110975478
657221163
455114218
889747920
944647811
499404815
994021168
642897438
425971820
582652499
186451223
103485335
631222550
415241377
132459518
636021222
30328607
327772555
566708596
67880686
350861287
938000095
337558767
96347575
150259372
759873624
440405141
52835944
684343878
968114484
346706119
615128984
592450079
746255576
125087540
379355196
59487631
374949697
232321528
744251233
295564762
772749722
38626259
783520693
541413584
91424194
801451601
702272214
19019882
295533417
463624555
362976678
68345930
393663113
171450538
183650021
843867692
899596374
629414036
657767680
601336691
684056022
371489184
579571263
575928345
564134325
966429769
908058866
967628008
892362469
813714367
509218409
986190298
622646537
242239523
883914745
989108013
710236462
109272495
450954273
759891082
444985381
675440054
879291817
920782018
318497538
82642371
536319275
97224344
324055311
159372493
640314063
218753070
129358314
707657165
136239876
83664326
691774065
711944920
799053096
517650748
135349684
418009342
312070331
124305646
585622058
758925847
71253192
980250624
254539483
801117036
281260350
791260258
773783627
433877801
164091504
387147474
985632118
79930397
804341683
501972338
882055752
112728675
810730273
401167471
223115146
975687529
273375471
593093991
190604909
273740736
389575961
545460690
810220995
890186562
676138438
908121369
872344978
231184146
87498690
661382288
269762415
334058434
395687994
817905169
862571889
216032004
384479328
227046744
992393014
917841998
618168119
593445550
24485720
451747211
126746953
756227197
797223002
915350467
225504793
183649293
909973599
373082082
48477519
593918514
498638790
446661705
789689429
214551546
676549499
995973051
709164335
741931078
773880830
581849787
624745643
541397985
938739568
187060235
444942537
562114183
680604770
95238520
795748170
820774683
863127412
184006875
317497340
30372863
203393248
584333580
84148768
800928493
883736988
509472991
954536879
876391964
612520318
77917169
383312185
908902024
581729292
479422213
353341609
714003549
722071499
724064428
243133214
63840175
239902314
296135911
920682657
805837814
388844183
791087573
888119319
912540128
725385900
647745768
188991902
949447719
186552179
877911740
741060963
452921472
644406734
291315301
75652577
627196857
772456106
680152531
423486981
313339353
90686756
9954316
283549868
954585242
505790671
531385333
709528510
637339381
302127268
579868998
578243936
14549875
481185316
772895541
3816295
222930641
752609941
309680939
601812109
155726068
12265423
738682939
397958829
67029400
536846507
866392634
800553014
791740237
240002492
688573201
727306325
139137732
174421106
359483716
708769894
439209067
484936685
402140143
827351306
450558600
880693820
134980491
209090670
723390538
820882769
296556206
978236533
522376645
509800451
333523598
301354604
646901834
483686909
376893724
606529898
372719550
520340629
730488275
131001450
819871741
918774554
71047686
803439552
442581577
471548159
219317561
273760211
284859535
58768801
522591715
139353357
904188371
339916445
510824831
95589296
585092625
596901567
618436675
539413994
352317510
33445628
132771120
309872727
537755928
379929924
804559410
567114348
616103153
877891792
50685919
802405920
954517938
619849340
447438185
324254005
41158708
993728086
773208909
505488886
380631674
472938475
722495639
511439861
130172310
850142461
370140380
701891467
527043976
421086296
235092676
285356319
149507713
702133446
769182353
770554005
619695079
581768926
552722320
705543768
150003866
748047983
948965462
88096293
196603979
804370286
606113621
649351148
447476755
619752073
198670501
284613902
395050993
698054342
946640863
973836840
847564133
680983698
231503790
552176961
370049308
391310814
531493003
316674911
166674680
359276690
8474172
617509985
782100247
327639318
427164629
383589999
360851683
812202491
63384765
448468571
393778123
824578238
832346564
2895213
340945090
227969129
130921457
178698998
460655362
905675867
229607349
746817627
755341212
373035877
379034073
931399899
610194027
452247057
100335352
646514268
826764444
621967604
989029651
769533196
551180318
714675050
640788711
475271063
261475003
836573662
204151297
261352428
977206491
395622874
769113974
496682158
446451652
275043572
41998063
144521235
421115889
110066969
333695928
223864702
730797185
199745213
675361080
486279712
317609900
331254895
510353732
37286090
562651067
232824132
245816210
670703211
924340202
373390456
921902277
685617177
26835505
930552194
922712432
380523820
793927489
215823307
125923024
680264942
725106362
834249424
36285534
961385215
320763795
154660455
997808218
135966649
922115323
247066315
321930745
662749969
283319540
256152862
604626141
72914579
782235789
72470233
26316213
704974833
100468779
19873065
359515238
501829419
986027706
59122085
629585032
424723456
112782778
560191463
569090370
938691783
472721840
129780566
27779558
826756026
618220995
837551455
569725698
874310250
772813028
576667608
872452255
583223613
554852332
165040606
238128667
875470650
452493890
348088902
953425640
417610281
320152048
759353153
738607120
119811750
418454678
124064643
305226131
659743580
231647747
810327584
177575595
874547121
164165489
972829564
726336691
473944533
546141944
355912382
816410912
86914185
376049787
964819618
21510836
314430565
684674448
322867713
147949778
