900037694
586683130
985876210
36567501
371530852
656736280
428608619
128307322
721308471
316805579
815306386
991441189
861704330
727411284
259915167
962861079
871777258
497519125
69769056
906503580
997032227
429635306
830474035
931297642
510390082
756728137
140232320
648479731
264556391
159217738
26451111
964008058
507362499
502228511
797127320
122275763
729192902
231423236
765441607
655798819
377083126
350064712
160205614
686638374
300741121
35141256
996107616
538522737
519345423
808728266
248059213
962527925
836166233
420538777
326136157
309872048
759771003
714119700
949037325
92148861
70717810
74646006
684425193
748439419
494412738
636377984
948678755
172352703
568873183
773222049
459934169
650970358
461388439
394024866
386004920
835465736
271064890
566692616
130602790
295637218
694149388
905659160
37297966
500092122
749457603
961708850
320065958
238315493
158770569
839172458
277455721
795448103
965279175
434163042
100498429
24671049
890790649
96165226
321426807
143610056
928763118
929645118
805323367
689987454
385932155
723175036
144937010
757189637
509248126
167348880
486331899
929963083
171203228
88125194
463008608
692752047
713165726
479319380
449763339
469721350
590556885
726339231
902748866
92037388
434482168
380596930
569494041
550106386
352631457
560447221
365400913
723841635
982135363
774665394
25357373
10221219
445704375
409281216
587976162
406968754
988442999
633715587
595882850
432897980
932351255
93044100
990277622
180562047
693743120
678467591
149808095
424677537
909447917
912077622
868473847
412376493
716899646
801157883
715184735
162714357
368291355
977747826
454056775
529977579
368257611
481224304
286076974
240040099
438466500
183386499
552500959
724193487
603801826
358592166
104480181
906655506
537549711
700304137
552043606
464632509
584831616
126224991
715989474
131172545
370437531
713562502
159792536
423141017
755172508
449780484
509868029
16698034
661333000
206017008
514224051
397565099
127600122
107823783
430929397
338791108
954095180
886662020
840096390
520567077
24351063
582534320
494709666
331284788
153603008
595222904
748206183
966371719
600509565
354577079
551868427
749154508
621116723
929577938
163416514
993671126
80843925
3842722
114087482
900357972
249594872
974814498
499711044
690038410
971281569
612691296
182115553
409785517
800813057
739222168
970241137
57632869
263742927
988507190
920305520
511383941
327348483
756484685
740347055
924488817
248156356
171569140
440082975
406223630
214189292
392836033
720098112
708976371
532256723
211201918
87879043
524686910
878691655
642352948
363938840
899435046
304966448
578745679
674595376
968413003
916819248
713707027
387877425
616330420
928438995
738136577
131632530
255547419
168332601
669978561
279517893
979842979
915475702
107476919
760150930
566780103
864118967
776345889
194394425
375282185
594503877
755674420
147654440
37713052
476979950
236322629
419704131
925071125
391033143
360828008
798495293
849968269
797447490
922772400
859693125
24100748
675444453
823087890
665410517
967848424
144967257
651929654
995449711
532458325
276148412
806063470
2362
65663913
116434412
876931860
458847217
702136359
700407357
472347271
138470305
772579402
28092843
362136048
365710094
111201278
631188300
144978607
236337661
668802721
30428970
875996526
92697830
423182163
558554073
211217038
130443309
260830229
290698490
883682444
876374969
442012073
748772813
311213996
754723393
84437999
589328073
650989558
626788990
329378243
162234263
60077181
997644620
45351737
315698963
836796766
985857620
800839091
820835652
903967562
135080137
588971235
22055375
233308557
734369067
428596946
989006289
525847899
145339901
811809301
18341226
199926554
372086976
219021625
127485970
54865653
372240803
920981638
560484053
243887675
463210048
82641156
650480204
585135072
648595913
151172562
241716916
458091222
741876155
48680635
6361633
96437173
205081296
418119980
872120678
145150659
996575627
719653233
614631048
580467032
197937037
987981583
508806933
741219076
982144706
256640353
199236815
28908608
667230003
183612210
430653608
505507676
709776047
441833525
779591066
239203625
439253455
366782745
950439737
803875518
181424698
583831355
911802997
47821855
397051004
350827995
683949428
86336210
468719611
134819151
137111290
480692303
287486844
656942077
393037901
169521536
134676982
647515016
7152714
745311777
390220220
841509733
668210427
65527475
184310159
327201717
804829343
901272668
179632287
768174625
56427314
266187013
993732695
584875922
654372966
748296268
562853038
6913340
368483038
696568479
114015936
588024250
691324436
194137227
916640246
730472548
903921983
886498377
482169635
626430087
4321595
933837440
162748737
448574246
128580920
691215750
931536375
195527239
13097594
271088939
891801963
830513254
595260423
797751256
692842744
623496380
173039171
739914836
831385087
563334634
879464201
364670694
912005344
576661437
444637994
870727339
365004582
129138054
963879729
358412548
484592121
708113952
394154221
182577603
752484608
575874803
638563327
401632109
920312080
820991975
573433778
705305283
764407820
152780479
729892352
242552709
936505267
306998751
210042598
331041610
277429277
402780923
843762701
502538271
523124603
720770449
541289128
518102492
703050781
708931009
534088945
663841663
712566454
274531149
852886336
439903993
549560495
575581290
728631464
651513157
711187191
170098114
973994189
648962496
16749078
432193098
273749782
694261576
579212758
324454799
774279409
297726750
146512010
467803970
983759380
418279296
667536002
125706079
533089851
672617571
931112741
176379175
57460200
19590586
820365438
793246623
711054696
400884461
986486198
425080215
375119908
269849695
675987058
698612684
577951216
58660259
881069266
195419116
762403786
453497029
217855758
34379553
573537871
493060118
885246262
62409616
270210551
703358996
837670514
354285308
592477055
705864890
753746890
461486708
592177186
948266140
464372753
759961105
592975755
765729904
547088784
134415106
107482441
3753652
352527738
175487089
673999057
246903441
52039029
706044166
662508103
382385579
499455474
701668116
283060566
953606491
670078964
261475186
876555649
413682749
546320316
729556733
547259215
722640041
148290391
488509153
600469467
519391017
500524804
861024775
527990165
542771884
767682633
228683517
667549358
691697303
431534247
793985999
746502393
528549202
949751330
481655782
160137885
983375667
354288143
849487074
67667518
361470027
694305569
107021685
967820714
757752433
895724100
907123442
607568798
640884657
706447551
6305021
976765775
99833223
951858504
539173896
227389791
741704055
453090252
373231015
4103371
733714240
417264646
803098005
787675836
314563718
623561681
58720633
536237606
981734948
893236375
506255907
622653917
474987234
51214769
506450478
159625096
644774002
526463013
608267464
897038927
683958740
347392834
787749033
564330276
853399152
186619254
199823927
771940849
621465704
137884669
831382019
71090228
984898208
226226850
314258521
960394297
272345111
181763138
835100066
967381175
457211965
251390743
760075160
211961112
780135761
500620714
60126482
775198527
990304721
444483836
214389531
690423349
505668395
835356182
632588784
894342246
519278104
540340335
200735233
801358466
154536430
735717992
130011477
342091350
965357536
282570309
975522217
951780643
510673129
458157675
571288828
673837310
224190211
137840329
139114256
364684231
372380025
832954518
393129997
350491631
125455072
86908775
250583969
194763365
425456992
600767959
554377127
67273032
942812441
938194694
507621546
370919457
353650642
865474352
615872548
136841796
338079608
343904734
936612850
24740000
5272119
296651975
866836130
250688530
743419883
400694379
843091315
461064832
963914436
440930034
912359032
260775801
617317775
899377672
135194131
572969966
977663308
511279768
971452735
368750759
917087674
82958122
456114842
261159409
289716420
49361976
380839780
76643759
760566276
128900041
60153682
380963553
328157154
726619369
983068165
733327388
430719516
8029202
704552378
254273573
575830288
755642780
881650164
148477515
178068516
863691697
218253713
617379802
777222372
252624891
165695290
542376581
201980426
649685962
280930781
211612590
11105206
878111112
638122576
271953899
665853861
682837686
979627829
793422157
609157059
33208986
356057559
905930420
584721579
308437156
377245990
45478966
685784050
351398043
117754431
458992888
722960078
87627948
973010272
106009990
266476937
138824387
500303553
560548180
995465742
896761804
803493918
86003633
592459078
787731848
890564597
673361047
441271904
231917957
183985222
658479647
525679958
675702268
915481079
676344100
364219942
356606136
214983833
74616824
765978392
898494027
359744547
571993859
546507462
743260652
514749075
345361971
91617466
754115661
738651221
288177986
12552588
776963583
552039393
807889404
471138401
363018394
916728478
938526522
766271052
238298347
305454536
707675388
567709807
779585870
476634516
933482689
313009474
221436001
85068555
815380197
100375671
356014622
789382784
854087194
753899920
85161785
227082517
312943335
315068539
837499511
713523708
85766377
544743389
103138784
827748868
145762592
112629247
131068850
213662959
290321094
935561483
259057034
456685502
261437743
549060001
506360217
95125943
675178937
520168898
834185042
914058823
908738917
260002355
678012758
817460954
824188381
53728402
787661994
840698150
137235152
683652389
964625071
141902774
303679232
610104713
115896352
151854486
464344433
846392976
266209035
334888931
272151643
792166149
432373470
789419303
917516408
921648117
740767242
92974681
583219824
264973832
289624276
861684203
658517860
827540393
996706479
834274859
415734217
225943503
286039817
599094055
844711554
713221324
942634924
466248486
195049720
598457158
153342560
72767897
958658220
603458391
870625213
660091431
338821690
894719374
879843265
736189782
602568535
837109648
508688368
855398190
574404758
943612742
35077886
817400679
97556366
624342623
227587391
995911978
353343791
342519454
245637731
216364264
376046333
976057859
277988758
289755771
251608580
822333889
768584914
865346363
402835163
855971209
263285356
119280685
480107663
456316491
142512227
644020350
203007211
215418739
330361318
913120856
947499589
312465331
21013479
323217256
813885173
479397210
944575136
104243805
85797044
587572859
405487870
453873484
541907349
289869087
841464392
589520539
437712355
665060631
581347226
165215078
831375509
600049281
15874822
926872666
26168942
373815635
33650540
80929497
371825130
149960540
466948236
638608420
531990655
852680327
712576688
430018234
152155172
618813887
7443440
899083735
789671464
293566781
695514436
611833993
743513592
425574188
282941897
402907887
682314506
957387385
764060798
663663120
414652175
502014201
776383092
996702640
241402280
130859622
751813489
456117620
531654103
549129627
615546214
792857737
69156532
404097985
646245799
427254244
105514656
442897921
532485250
913259816
302915797
838892731
815103599
722139295
727119770
69480660
997392979
935761900
771116986
87266057
865013306
141503167
475972122
264915023
715492233
378292720
871712789
365318539
724825652
792749926
460385303
64625908
343197410
851398386
744936896
426568675
704207412
5898426
507365178
318946253
697168871
464323294
744428934
878478573
45075940
608567285
980877271
462345781
833277807
324056647
278435642
200050774
318125736
490618764
503705708
890768575
663788183
196553953
571847672
348506274
276252397
542102072
55822399
713824291
370239538
321538966
621480354
828893249
946091077
204260376
818186214
314715170
973322873
619029769
9915574
988491469
672854291
969561538
521535668
572443277
102492877
211780978
780223156
492288371
386513246
283481509
384767551
220736334
255363049
604027317
867679554
848833842
94846005
281534458
195961678
715851391
239572280
110421813
150878300
398158924
437038682
959547483
208123343
106767206
373781593
900023661
516833385
377353798
672346815
156713905
7379564
725113285
828644207
87199765
959907823
544921300
720125914
883598276
742534692
631319550
595837223
913007473
796370270
599197569
989097151
523304971
178437123
281955048
312293165
484878494
49626147
22240027
537003836
566675351
80291256
272897700
126654745
4148081
424931144
548811099
149296705
353562696
196845206
461559141
189316838
317998906
263831410
906524557
704710733
170420086
809055387
492672371
884171548
298659949
923106326
948758696
14247705
150577382
251336211
506513278
289287392
77396565
119185835
102426057
950791127
435237124
719141375
144262922
623857582
738561613
694138162
687712831
981291239
17643850
97131659
155395724
605070108
401126810
111472919
229034313
206184981
759578742
82319117
902264553
179531473
508557551
524661517
741420676
828051217
264889368
166618687
794651795
626470878
546289022
144841363
771305190
904180150
505171708
350502096
943788976
140258369
877550041
670554957
35863463
192854015
449378321
551561877
245744015
498642464
416833007
402763668
610258065
69504762
223231479
469923360
22770952
756259091
881696081
108521214
674684713
872408486
306226417
88983637
581540765
750671673
808225687
795529705
649515736
74590766
343527374
622073291
362502663
6394560
768550779
371252769
586263757
218618447
49243101
824861165
186899858
276082990
64310384
82461188
117405352
543705357
245579859
548338616
40767974
923522160
337545522
510514964
441863958
519013925
749989328
53640346
729261392
132478160
947592044
730693417
663484149
494414535
393814896
752515462
295096602
447207451
972422696
3800823
451805277
256490125
489990427
254092242
690505199
173212783
125812129
120394339
583388784
625484024
49987056
822598483
858407272
179647957
807392447
796423017
955999636
690554211
95129250
517122715
241271676
265142685
289316540
324245790
349252098
535735851
759166714
284171615
66081218
682323639
768244680
90445307
945583299
627969795
672369884
22851346
627107085
473113909
31629034
36645955
815888319
848483327
819326413
673740677
602714255
612916451
159169743
157295710
358364582
269815888
197931860
631439323
284924370
989538128
721514591
47262635
480727440
388863805
716293344
848623987
730883189
949440057
123179177
939300712
525680396
467473038
257330588
204819430
141929564
756747516
984267165
526035221
244224354
933545301
421269409
540242063
176426488
12244799
728873248
963090294
403300888
121894798
193679227
30002996
711297270
346807709
539309234
919109744
336552508
760196122
505037221
124205375
687177901
958401759
620899010
884820233
388772761
390450563
511940136
740435417
837251534
637846676
743109443
722121647
711084924
234080849
821194264
885519542
853569973
940639092
729384459
586482608
178936758
677149726
730817621
381351212
21005477
64107931
616195318
602929656
482726163
447227324
624765265
318043390
511874955
152101963
449137799
817466716
352907185
900879748
498778353
330260435
619877463
76958794
86915108
332560559
805293889
751339027
349980497
233365716
569239303
282470662
355054100
314269148
156565305
444220483
475080007
638298760
391021348
808863017
534312237
348364820
591089430
518661157
932584085
875168980
919914881
216654491
845442992
769918860
781194034
170394289
83001510
212023130
715454133
772264254
575948424
893921891
350035498
636683619
855347370
674613882
526236821
301904198
365630459
491741487
276050399
491697212
571197574
168490186
89499264
774165018
858002857
469893805
64751139
629028632
450971416
338471552
130064437
334562936
334752556
6006179
639015471
955389770
715204364
142495780
813077619
777415543
308293044
517232385
390145216
862055512
34856069
423442348
491763416
344396494
592198153
56148877
389798895
705676074
997665232
319870381
131627804
970150243
54891724
313828928
656681682
603574451
921253536
170226354
469094607
838018381
318587278
826248846
332639292
640057264
391606934
985261903
144535571
314626374
934534218
818720717
657121172
776082805
723254801
108137404
534098754
618438034
256200159
749275167
659247341
492786463
412176176
758262180
886336225
854374533
178633310
455482458
872689436
520598977
748536895
270618547
565576050
138143067
988699117
414663156
577323266
40110650
53992213
403055569
304680928
184439761
613152264
91784021
216714184
7063347
742379040
824927758
772667394
705928203
962627479
159550921
905822640
864582095
290665824
6118733
585659684
589621148
260703280
686155682
837556949
26663647
69396950
516425834
440904432
638236943
797368237
583282265
108872316
938512219
107421634
241119741
761308214
850208410
833568646
384889003
469580763
261233436
655488383
373141764
369561549
467585461
935773374
252981066
496828423
347947297
983928891
716837844
782176489
699918644
27954546
96823066
422310593
856091453
117894504
493218612
156614994
10279203
524239521
301582699
460325657
929624471
654789820
192263356
625335530
865117143
981004927
994198230
95952648
91721149
416447416
280930584
543940570
439139911
225416854
488782767
669922622
519888840
851986612
688094696
844472169
580837042
46163679
970215541
670448954
317644448
702557817
783455469
500232145
933828470
765660298
555675001
299615082
567787260
871060450
213241585
785695319
509093669
434148349
63508942
138913103
327086092
403511784
436011277
661580602
151483489
949874662
529326985
773662209
965018783
222327312
600628951
692293365
817869878
313607791
385874224
991022104
913461409
166960712
599401466
734532463
972274810
255717944
408924904
917983961
458281429
132551177
896035322
799429521
76426478
392534997
656773712
320737135
378117009
961724463
854795929
499402233
945488623
829666913
173352573
702559490
506700157
46428737
61165413
729022789
314529081
810169576
369599480
638232431
132243845
525509683
876697594
573997908
594243392
366546288
988330270
453832379
19778752
623636817
687747716
38817276
128759207
649977202
791765453
321316888
145160946
1359885
905142313
608862006
591906791
357092432
921167481
959521348
593777428
341846219
772781237
640416518
775703685
394905325
598316576
528386854
935643342
914972388
182694149
615092828
170001450
108544358
187609153
165358013
759464430
850625152
259335742
448917999
267255458
706805349
661054516
696117757
309782559
79424343
597237035
636648615
119262029
110304973
164296658
54266101
351121585
33442447
498708225
659212083
178291198
575265002
752172867
328851693
392252616
706236906
865871539
253694451
605716173
375016168
954118898
484064880
225008632
132430906
575392118
57355982
734181150
19281379
856241331
285999553
852138363
179910224
669848499
839765123
725897029
58373866
927073628
527830755
557626780
117120099
403925032
512950526
453556691
129460978
491040097
434882401
471988650
971296185
759745231
158933569
123157583
903817576
186961802
779832012
931172175
51454149
574768958
87382049
939259685
158550963
995692102
913637337
125062789
27273882
508244122
730868410
701101308
59678426
922555606
567550839
276920357
618648904
34952793
494371313
929818105
173150342
350133683
149994162
566134949
486870428
43179959
501619944
397318561
915669506
845922350
717711754
996866369
222337544
280552521
524566797
220278856
800847633
199915557
574940754
713291700
227120338
584772176
718783946
589128752
3374560
514447553
82423782
909615160
364351773
804890983
276411450
710660454
324611020
269788518
346406670
902821721
661494577
73831900
686988659
590820412
451856880
383634102
285076768
698019268
307492503
91549087
27004726
257386050
717175830
349602865
540032795
529201197
664953856
987240281
571609055
582819362
204188525
512473052
42100320
521457214
988327961
136182703
416657857
37066493
651943326
226649080
652726824
75731635
229694472
892679488
304955812
102289405
224927921
498402472
538008314
646732029
502296924
636657123
295000437
374803021
235319831
405045983
604009146
895100100
560951921
789512778
161214985
941766147
443309760
2053997
238399915
610604922
573216021
515011766
145328201
503305639
349499954
714949425
3488977
294137880
750283915
42068810
818552306
557087341
603455942
261338850
358992547
168523189
697779711
603945608
443321938
210859700
281367491
1549061
672295158
61802349
731178755
937863814
391189552
613371902
321710820
466210577
449795779
984643705
532673593
50216038
799762021
854710959
733072157
389422995
575335867
98430947
389341295
850659828
835915156
290252764
302875849
663512050
986569693
259936090
143612897
797960807
681279968
97258246
271346135
622482668
174254821
592929106
544669039
799898117
259236221
799027774
380149665
902666423
328878328
577274143
944990843
681369424
938644852
19310009
541709801
105084203
258821756
390321673
805178747
315941599
735499753
169042564
568197698
841499934
843745790
680710281
465217024
905985879
628508830
580210284
166589912
276703177
601368762
305624529
613033251
88239308
172062036
269882154
571486293
636579817
302734396
242305467
60516896
959215675
464799779
137344218
391126084
333145014
854236210
98408699
564828362
760140347
960019601
875463647
882415982
797940917
182085147
745557477
462647864
905603556
5190001
298617632
578253008
276348964
690868660
896396589
442136293
545974676
815183055
936865713
301206614
201010115
399450047
671483581
111838455
607405151
49866835
537990845
188672607
475914022
974066065
472506655
547690495
821747617
611336204
301554026
414444061
767548912
771852937
331692891
138365948
82006198
255701099
738563647
294449125
528878417
55541385
901941799
768700523
808972662
977622191
829137400
310937580
900894237
85597144
513145688
573511303
282282910
869875367
145494667
570213954
270248888
110645987
308409727
381227504
846552977
439958084
538401236
598153504
879361865
874783158
624276991
53098812
844391594
224455222
182789983
16173484
47474181
119041740
163862999
427051275
91854290
978275441
159667494
385828897
713785116
358740122
671036604
507510675
87449761
58328226
104664426
15113693
332075873
165549163
766902696
973448619
221377537
803853210
946149421
801718067
123438284
923232190
753249379
81264265
792446047
629037286
876209465
650056711
6656230
259861880
459699764
237135507
190869555
642962775
41926706
686766588
377473348
190285919
843033920
124747572
712228508
837992401
886648113
898279995
467191008
130014928
754177024
700489646
185078708
141089395
404377855
301855350
159686659
499501025
964769952
85671338
450780441
976597448
520932141
602984175
323055233
921261743
633450126
873383087
20308474
495002611
827899671
210779660
306633250
778270936
313560185
196705272
793620407
531455517
801293815
304781900
934415602
435164448
6965574
142967889
948688700
855535667
153331970
994109341
243428851
791694510
561358472
861069991
423578488
567866826
124517545
838678843
396796106
128601328
53817193
838555807
84720699
930757627
37510163
718491447
496061958
455720105
39859857
84414755
459882126
21766315
799051538
173561914
560450136
315741927
793250348
680795999
238001935
352286602
713132128
763230400
883248781
198692664
789906259
114119696
851287181
51969221
925544716
439946291
292317671
544307158
912176334
141718508
677523320
382028951
462504059
964242156
707407483
205578192
909644367
381239849
717830425
672330532
425599765
583317959
248268156
974508384
911700551
911682944
875803826
562735716
902386730
146845316
550998395
278791639
564044464
253694804
12336679
989613231
714531637
18547666
666585753
735788996
104173603
743817859
609112976
888278950
818418128
675810834
781755817
342501888
3330440
411200643
36093316
587005369
599913162
97025146
918919115
417563155
24213525
706812700
933518725
583856770
39049427
754250692
507702655
700432856
937169615
155016137
812067791
95327966
484605256
928706431
714371069
599375744
222104826
427507098
572744558
277915163
731295290
338878267
618585663
875778618
524869049
556614153
486562179
36543466
471965271
38864465
458596051
267726627
174446578
427009898
331081456
600656791
192527357
265596652
86020840
641552146
269589176
20822158
9877838
4040683
894925505
23092714
872218476
395120810
868597285
205388529
775338759
351555249
985591641
458792959
671949636
282252015
923965772
93365176
182818588
564255539
203883580
229896837
556103845
571013388
715086540
491677119
157502526
367410729
562434049
786812230
445367082
225428383
945625254
884600018
282110064
527270524
62258129
733998710
938604664
939699963
783985511
748670628
812068481
192244075
47826248
340702505
904397414
422655803
897917833
464250078
355537634
253356416
47566841
683464477
146215399
705030651
935004935
889791120
403626738
924882280
278297446
755770249
418014046
588821456
424071052
325491532
935000735
624372128
958506378
694927377
536616554
676081856
916018902
670087191
526078507
756069907
922299117
455361316
525745979
71942093
983149972
993940767
198793981
617353488
235731593
794634710
931985757
53289287
404752321
363359303
810649485
965305489
565562209
152584463
441415654
484460993
490041700
710295186
858852933
518184941
874375438
263113894
499820962
612265118
822617180
417655018
83342946
952674954
719948155
181810423
419203153
828974689
53882344
687178698
228319881
267899860
885233312
259260974
291579633
876133327
686358364
109301924
570894667
117358586
398763381
406646844
873406693
683031450
724434309
482802799
485852056
992445331
825487006
306781053
823492524
224237589
858886787
725300280
246201954
15035341
441721611
951434805
401029149
395488233
460321858
639738837
986792318
124824835
27767699
723565918
540932543
44163856
877517942
367325372
293894059
986964939
265092970
750031359
911998309
978544429
8386706
370084647
566125254
804308663
80403093
997373380
769381171
291800784
755006650
475953430
957977793
252418905
461117201
500030274
961411308
759017201
754758333
695765866
334314545
782265964
709784269
799688681
287381295
792173119
710716482
285115501
279650786
164772550
102602671
825823017
702495472
270656409
411269494
598759038
376881738
289200777
671928291
367085570
490659753
946102041
174291389
630756482
412387039
204903616
162554361
650759454
922959596
313769648
888584960
203060148
953413544
949853644
249941545
439944544
507044195
923392645
185665094
656285103
59836769
297019465
233503913
209132868
79249218
210307482
437965314
781429113
300814215
557087863
548911164
218233905
286728375
445532776
947620369
471082883
381370163
24512288
88829776
958295536
950238510
702195659
807565043
609351050
700657091
706347003
908142490
447974212
839806117
687784382
148145540
916581007
728225470
567189950
611774386
178565848
478422155
795979752
735107714
79898130
717151828
319731813
382041932
490372361
517650622
197990876
362345833
301176850
309321082
105299387
420576606
29166358
293938462
801171227
806600478
96955451
79508195
55743165
992269184
709959895
272423926
310781115
194738578
831281862
691644913
741243583
418886750
704241971
920233807
419578805
977399478
916403372
37303795
578565444
405686293
51164644
701559604
469110765
596809010
651610236
966490338
807183427
875672694
510794069
531200544
520229377
257661088
46931183
455614176
224486419
490289296
180249728
854051713
985000203
911555410
666469365
674299531
332673861
688918278
440396102
179807470
280962469
659087099
960590617
830201558
977568700
924122898
529119121
384633941
868781002
187821409
976060124
949964563
219797736
839531664
614700567
482183838
321894931
701915524
585096152
261772844
165993862
609394436
518117467
865003330
633435093
429933381
30340350
554750816
268677586
551870869
861689635
680070195
309522407
34919047
792405122
139694170
135050957
324287339
716247648
686804528
851902006
495206477
840302161
569920140
497901553
52330519
636341432
127858540
251342164
195780657
330626362
630487997
716005793
523260
988619576
968013338
458888946
621490211
358660935
196582084
514972581
549187124
838341728
113434214
894392298
987320794
596476737
211621151
696603083
291529181
367620254
76000014
507095084
813550229
682182908
293671113
148762330
660710569
394070128
970204270
33289434
482053037
100341589
927381770
180632589
439098321
196037249
731165125
953639521
856279852
670386599
82092991
709193664
292068930
295147026
12383594
673490636
530494761
976889635
809516241
219689606
326888261
330883936
35865941
955170038
794432142
753532102
292867099
992112029
713609091
487887464
436126634
347010952
114337662
675472978
86478203
249417381
632263046
598809822
899155371
7143366
720469194
431416006
972911284
532657195
486437395
153969941
884557867
363070180
606702474
573479940
582710042
167433167
742099221
844594073
99327269
902730494
715506037
470605716
900296440
448763521
568697526
807242224
238438815
844523327
383920496
172404494
158187869
309024915
813698383
327295970
901721611
541178681
467891935
373835169
237686555
789680543
48667639
450116823
224107210
981750038
771648550
992368023
92642259
530216819
880949638
764601693
583582238
790959182
130556838
672765587
337068436
891906661
321498331
954660681
668402984
472274096
862586181
990112532
125807720
624986961
191363572
893070458
478296488
747214028
820838736
796169734
445293138
675903528
842568940
44937713
709706323
425013161
434972149
680373962
491107811
283331601
151543576
257936064
413355086
27571927
640230912
320340671
649635805
806493762
764234102
60869508
256832731
395488736
363017868
270592856
511927317
603454602
924370457
903907429
871692842
654964179
1649725
725387001
303952608
603676540
454539370
888096944
736809360
984657106
431110690
629946246
23140007
922894022
865527516
716176512
8120627
251916627
266850818
263963443
523644344
732661326
969641627
30548514
349976350
78477553
99053702
682890357
361997155
775946574
659456276
981107249
137569976
833224476
149891823
982833984
70097494
66726557
956315082
875335708
381812795
913952781
643859883
513909430
450312984
380959556
952154061
288840416
919274181
801797731
275779038
752924721
668844555
79655914
564489842
295809627
273124405
463090259
60501135
685359742
374863021
828473811
195402605
455166449
368445566
790042253
861034135
110873473
510541371
451041497
966728291
455922605
306300440
502985582
398235811
234261392
63723578
130295606
554877966
673262402
668851325
834904617
93447403
516641165
406501580
198501969
895588388
446494346
777942174
875450770
839431856
294734596
577831180
300879946
771604623
853807597
764027913
264700706
418472696
203947904
916908905
130251797
812541379
143198993
605475730
719062974
638094046
327308951
637967946
619722566
870848053
215306268
708556618
52807166
375878301
447027615
484671673
459999239
56785440
932678431
936317110
843622502
457008544
427273214
300719041
437397143
411844380
271228917
321352293
826059214
278554882
431716860
575121989
613549235
894454234
788559227
548294382
958459270
82166029
344688393
332684830
267608462
817596535
392750922
414452014
923974694
226110372
199946381
787560780
773379465
644562456
618728504
961787219
906375540
645883678
205891911
805765535
303462600
73003857
884860704
501181356
460672826
760813777
959162622
755904570
844072191
827484089
296990146
139170953
226775653
707722619
473260233
178503412
180166198
266863836
881735322
390410047
510792683
114194594
784946060
652780367
260360113
317424712
639990531
700453283
112846738
116798087
90547877
652666525
226170975
139928993
667181049
681940813
521242276
168959315
362042139
229753892
473162337
891718721
336143568
129756780
367794001
480488596
704663255
543975756
624043689
255408462
740741050
199980175
322489861
367501456
561619863
292445775
279011806
281148634
899602478
695872265
317383470
652108122
813748862
323992536
654133375
58909222
831280472
714552593
553839832
451475913
401124479
854100195
473993361
362429831
722327808
137974170
339628777
368377630
687152878
285562332
54520231
644806676
12792202
108102328
109033769
311666010
889248725
339864022
469668579
304146347
401781320
295848042
351199980
120542264
293839456
322137582
375282573
519535646
417259109
444105140
867080488
43330220
743099362
435767855
758629171
474310130
765420609
756270974
918717791
528455339
927493668
252218564
823753288
398127935
982003363
233292674
715151840
62243767
285235185
520072335
590902620
976500634
189607248
313007812
19072358
611890441
447375040
676844669
977024549
799455106
541139637
253397708
118007040
176007665
947625672
38216488
175845147
596813427
336943887
104395114
643894927
317311633
206973741
237958933
430567900
5910354
762986347
499485350
304613394
395754842
137058619
309816888
393874588
669816857
236019692
864200297
836102463
947294109
150647198
420394170
626424017
836945321
546174083
462511722
714228659
533653249
730966550
946251458
623985681
813855478
813570192
522732030
381737718
356126384
883855155
53726972
968199049
831978800
504995807
141634934
334603636
886095921
118759226
170696104
959710252
106092710
356215372
818475246
408780028
28860442
261660643
829771656
936158578
161867272
951236533
471887604
892976051
391675554
944030909
107260223
441168079
965934306
448023585
948056112
368531398
95553423
594349348
47481553
914493974
522669820
488978937
128725480
128586461
497831126
579614795
135780109
745341307
924691991
653503924
7567276
975682206
565424822
160069652
84240495
435333258
627440990
158076703
668412394
237024686
714642242
586336594
503238714
224302423
663770137
886159260
170845761
561124968
11579891
186017766
626231639
494487259
177052342
337962773
601974966
243360831
27231311
365101670
784145261
717240192
154368023
483216047
10242266
641278070
292789009
574679517
466643665
346622890
104643233
690269652
118453236
472424427
555322982
257010232
255748861
53359093
75671949
986903913
751689787
183567326
748051556
652120552
530563301
10672694
972849711
895589229
753321586
198013723
252305538
853435377
922802229
162051135
727410134
411462458
552140833
707132726
218554068
540606674
125439395
388608277
567971056
653695516
183390334
102085581
443533136
416085911
67488956
266287109
13863217
100067039
26570663
188512110
568464212
212126213
93620801
409123813
88066070
611340848
314454933
484012107
507095399
621161028
193144021
952172212
792854633
448246697
39183466
936732765
882250838
43735376
339337323
33268004
697913145
8616994
551185075
289087114
157753663
764547723
311665899
67076947
808464197
758597166
534270585
119157032
422626561
596820687
477231074
352987517
618279611
363892839
364948619
552931455
354439255
198554747
312520469
284956599
868496566
758919722
295866979
830408384
862570030
634716910
173791516
30042640
521762737
342170420
724759933
304006046
469261892
73280363
855195224
960234571
403256829
638265826
585549090
741267051
442630767
711429140
694717928
150301422
382494481
323999138
240020391
286511016
735966230
232112172
920472697
954390296
393049233
445816572
213794249
696853885
936315892
119252981
916195306
583287723
919745143
503591093
80156920
6590860
176583578
684743297
594201721
985415649
378369647
453461800
593725096
648923940
561214159
210303102
996391102
55961245
899017366
331346651
957116958
763310238
826964199
677530829
905547461
463280213
71127836
117950438
614652754
706360872
86210364
416444087
568554467
318455986
763545566
786990491
546260901
712447238
251426211
681141293
650876844
53598553
236956261
747315554
419756889
74846672
554408806
508556029
813602894
46545730
840999346
937802693
412828617
102107383
384411638
467519500
387516613
168885519
785975731
637215731
720757562
973122857
730278332
334623875
341519108
49870046
414541159
414137203
199718731
396638944
946520039
276414742
973927957
514724893
23387012
201232390
713466806
11737966
430239033
967657742
323048089
654360904
554756838
459462295
583101183
386263332
407680529
796309419
214901168
541749008
11606029
750311520
101010975
329819351
47737798
147701827
974765334
917014647
508454953
859898692
129571585
538051831
657966025
423930133
19167043
603581320
531495420
444492854
555865632
215923496
361260205
571603878
172589892
401973921
800280147
657966472
592413420
570986074
760573944
54960226
596633974
418139132
43169389
834765463
539130721
488371731
842500430
488035259
838115356
635666994
516269200
836263938
974089554
126112869
891742163
105063113
969059830
679075827
738183177
456618000
442062125
51598130
243900924
90210736
313637697
775104122
659375007
577431448
806235280
897707606
797905017
577419156
493889624
719706927
753313847
688979727
957785287
695861544
376420640
761358449
872644527
679342436
743322319
806624837
665074679
193633136
340083461
81508199
420141
558607868
667101723
465154053
336528590
49782475
694943440
500483104
168043590
246127771
42112946
780902407
931355984
821509607
944311074
372944286
908412499
609216006
642721277
537907836
745422150
371583489
945572694
911976950
191054238
165899493
597666852
611518208
186003146
470606837
550216489
177613578
649607163
370231845
855542647
252549209
689404717
974260103
380935138
39551547
864966903
958639104
351481077
163561711
161815461
254742940
138975453
608192987
443293549
822676306
483911053
746031663
457768509
330645922
33345666
132627184
816098611
503615670
398412463
617213885
585944145
426349665
917563033
391384019
69587533
565995729
696117160
383436431
437753128
124815520
26328373
925381533
153054020
975197645
698744789
325221678
841999811
769801798
539398881
790191513
952900151
454761167
65085067
44138393
644352290
478828183
738538143
224287104
490723071
185857674
490298686
917295164
814541849
983588236
935432193
978837588
792535679
122723266
79945581
78722817
552956279
66829324
311295345
197343916
337105221
989950059
524395782
485082358
741013096
288309016
969907076
115193672
227549409
860293656
139598267
817989401
831137652
676119133
787530371
298630944
552130114
25767635
693279433
731117157
320238610
570411538
522780616
50617266
459103991
966373266
601306110
871973292
562375002
880695023
82979077
974015794
371615982
245338259
61448643
832257813
942339458
143976217
11515028
960622369
424678476
281033739
733974220
417416169
751336428
420612307
267474615
471518012
155440501
804505221
569096001
167115734
710652727
691646764
176681421
764846877
98282933
400704744
490010731
279767882
306327374
973967619
651238360
148087433
162307015
173031328
459925540
692838569
62607487
351167716
624486719
577880372
832381752
469973875
457690261
409529626
795243248
807659893
604667245
729592195
74634583
697778977
677558841
185982633
785181422
872336783
321986828
920268196
903149809
212964858
120291395
853355439
496392083
691981870
343782268
199047016
976996310
249831891
432942616
458708653
997798610
54588377
736755915
185550713
609297497
436938939
565678565
212345070
96157046
50983998
900927697
157675892
523889993
459015520
965448003
641271300
673181916
324428746
680533317
760225306
806041134
110730283
912729046
911645724
878655155
677817951
668817770
617658164
368757937
921544735
54590106
579197927
447750446
231487622
254654612
284340222
691106886
335865466
357186825
396761097
85591295
887350580
969293674
421741758
391326196
40397416
351654575
496068699
522576803
978972052
390432743
956175517
287542034
605950563
513524589
296423050
812985527
564705840
378360908
360818327
932910927
281228354
563134679
146717515
937867910
678022000
422365157
110480148
994985279
67837297
588969259
266506965
837731046
194565858
941940369
439192593
322124819
619577897
713289691
155635817
305145565
765348209
409848105
487251976
919457561
157365842
219098373
7458016
533466575
485661276
903273989
647046554
648863050
455020840
53748759
435418939
816491576
60539960
342034003
727129469
801389988
721551671
93113987
94753750
802623452
591267513
525504791
299763775
672389059
735138053
151082716
293561566
102432581
606552876
188021350
714300672
848415031
698257099
224045462
512472488
497910561
168585356
5001534
843988894
501996711
640762387
517963030
915931777
853172767
491356939
987571668
851877052
498664267
852576117
850385882
970944252
877177308
77129081
81633370
727999567
32076388
272499111
147794272
170547423
508656060
884584010
915302777
332666790
464862141
728224418
535440742
903414451
669858712
72582631
864869050
299483291
889621320
527538035
711982515
98977963
551675855
96823090
737507308
356262177
463451663
301311214
193461433
647208418
922670338
195671218
997128727
974896603
100766203
499716066
366899435
476911341
653045788
103680675
89290771
878463149
794203868
348906455
852723358
612941945
408895394
701672585
74323908
75893407
149316106
649646441
544851987
508171275
653364320
746437203
174404422
672718606
494390373
315551478
785603589
819565411
167914076
692114726
465196822
21003393
170821887
254518067
843423383
442361091
112084725
653010871
720352868
825155806
925816993
389474601
680074293
406584764
592834409
177120521
488397051
388946420
187550491
326956503
69024860
408078359
783748346
949553926
937962092
712064751
638002630
563378623
95605748
571547214
739364738
274178611
165155956
166289039
224020119
588929370
358508319
702491571
324241574
133581725
719772183
314862899
460705762
652644410
542779125
780377046
144021643
575710258
745310551
240467263
816989652
659564954
809159259
336482260
516288106
467386539
712011469
848409673
977328021
732903783
783171097
965257325
7772651
43666606
90883371
393375729
781989712
356473162
163734498
26045492
308204305
422922490
675373066
270872649
608819132
773854305
777601790
165645737
317937509
776577999
946637641
578418085
576933638
871082509
139276105
954532706
162889669
725085173
415882289
550220707
553881348
945506681
74194200
173570682
323496075
499189886
866057633
474969634
766781233
388414377
438977254
4660798
746596214
571934392
862439331
824800437
306093104
681768687
27713526
287813652
607347499
947344460
175058812
827696147
525138377
641442862
129931578
25264455
426688108
446450143
571398423
776788695
167154664
315138372
871702261
995646817
920736713
68911042
335508548
92476044
979843012
907248303
651816678
639134244
462899249
120366525
285797166
171752041
446661669
908290053
826521459
356974365
386927907
257024777
705082219
715443859
14946733
460762987
578560248
917002721
292799759
353676730
32557018
39034696
482805259
382784089
550777812
47686264
215295333
886441362
150095374
264692376
686713123
497831506
956203702
521881097
640495281
430315542
178054143
105524449
452289482
570448586
180141357
923265466
611220763
365051427
579576944
162174344
688190296
336424972
804356207
921892705
490932774
881723837
101682869
946808656
504146194
457781217
107835273
528675811
368107035
565100996
320678460
898835546
892479265
489127241
567924666
179010400
408258851
978187094
821192305
964935513
364108050
658905804
910374390
975919200
546432022
817225261
521491301
62448937
157880746
720954425
727203428
502104502
173039953
767340672
517658424
193805138
710422009
153067346
570069194
311613755
547127348
841224080
130443312
468087210
138796158
248356952
137396737
56251495
693415254
357414710
712074086
970449295
55999447
794394068
16673922
777899682
435868135
852205899
641876957
384840040
225021640
273286805
394403061
774810217
680348972
578643603
987008077
583619890
80585506
459277047
380167924
390245733
873771632
309160932
346023956
974009855
522844680
525424555
668496387
719452503
584198337
397583835
426003825
119792516
839394716
688105797
267226365
750924726
630660408
167702537
995320920
358193765
856426468
341387362
266724263
187394916
39383196
106930010
404179709
689936704
667642500
541336573
920235876
501169239
542490762
596464742
786480528
745836465
810067172
475744337
85606168
801415355
416942859
263404744
837425279
54482534
274216426
641174652
221503573
93248282
331515673
81406120
164261158
811926155
283257607
573179941
756594925
981504927
298308562
697190325
6191415
41574163
505186134
149323034
446987387
163277098
648665689
315056581
598628450
381301557
549553166
89423866
955610509
524922368
982093391
95470582
43473682
761845615
263819586
541709110
708538424
375429672
422027949
191150025
483033452
696303405
705916800
947106803
513304614
418005610
182173731
907196855
536475639
711290312
249763407
865325129
231956174
480736791
903705984
425525824
337663714
600468295
185918489
973875792
620439961
148079240
535894872
81100467
806274218
204511821
934503198
131083896
883857114
262646966
160265770
605972088
256745521
654421366
261328110
652010311
621079575
557255662
839576599
484213953
270883509
317728695
855224214
846418588
415297664
120751366
43269218
169739684
712362392
562782305
614804720
323619033
333013068
505834106
442098237
785961442
341493223
885853933
674513094
180520213
657475499
545461565
163577951
929195772
759020824
486273173
364154690
958801311
588796757
598688259
28440629
45082008
165785695
211343497
44879616
662128218
549270490
961240403
964867489
998034502
263048833
738934820
903771850
104772701
209534778
376049889
261046306
26016240
258748621
809375178
736512985
76958753
894534945
919900763
796058404
66502149
861571512
388296305
97079678
97874193
469841981
661725874
982604430
457716599
65293657
805638144
316023593
147046215
657347116
37767565
904641143
499561860
330394606
258479672
757743293
440494981
30875848
50853376
496100071
402732572
306817413
750373425
849864423
186814934
333287015
325372465
485911563
99166201
797591756
253042882
301436589
413058811
473518647
67103636
485045372
925132477
636917548
279945926
418552587
700837976
656400412
436035230
31661436
329829654
690674367
85605804
436960141
799298683
41542907
654625149
995709858
850518158
207552429
255085404
88532355
110837432
644677645
667882762
208568143
605715371
835887648
985248860
381016548
955485467
129631442
708871708
40882960
360974706
189262933
926464555
614487125
535298912
924995248
738432470
849994423
18195445
958028831
957718777
446001157
322525109
428536631
297277830
760455902
335917939
977691821
489443658
809170719
26678499
551518568
72326551
944530513
9928855
143929032
455648908
6251581
652127195
847315038
867620658
398613803
968897164
84838799
233206470
14030892
730952516
570723758
642483392
392794999
216517544
668120647
631852870
162964517
959023019
319430546
208779055
943445199
852807406
809029403
205501222
906463783
116139683
102123893
381385127
846976276
161182453
331867828
977641031
22045511
237126919
644847053
650408306
606376953
130795221
701295196
299671822
148484386
965315726
65283739
855300163
655807305
872285026
40487800
940905987
903747226
208704081
930736326
638392357
617022716
32730099
950196378
585352212
553082878
442503128
934311371
766943840
400031629
796345157
480890584
279016725
596648543
971925618
896878860
977785152
239233311
869556172
741938532
316257451
445134602
727929978
127040387
494638637
881462124
437472197
345001191
177656071
213382486
631213438
805828011
294772559
110076182
16012932
178921165
145747973
440258678
774937445
689151042
664490455
523820187
784811327
767060162
843499622
731613533
550719602
837360441
283008875
66886911
707777564
400219827
441747620
745251444
556680460
596648557
255433147
694599841
398024644
310224808
801796172
122398653
408647659
98393958
566200569
990443445
340304234
847962738
620641591
635306805
833375657
943299639
325310310
894707698
30213260
716211828
222695077
545603879
550160798
966825960
916891807
83781256
824203520
861984497
687956199
13547194
249647304
464634832
302956316
565727021
416710367
381681316
962136846
425464026
92903518
660935954
557185904
447433719
696814809
689962262
682573315
230856690
541257513
865579619
43235745
373223559
643688720
173908925
463911077
190742240
137600139
10716716
720423395
203566260
739820392
562797469
547832901
493468411
585198824
995252836
207083395
179413288
49689249
46522519
668553275
45305511
200582321
162825242
917014835
48410109
900283108
975778591
551369653
915581537
713497596
913016455
192860659
255411756
616029697
13601687
689703584
320814621
804114245
48213903
79769629
127372024
468058795
18848020
30850811
10444766
141033117
600843814
226476044
392355031
832097234
910453590
713328905
261026218
250997189
396343850
113148329
651267426
555146136
23163133
740218557
434596458
48944769
388555460
557030579
768562552
96076447
864724870
641952
37064653
419851766
897044354
49617929
249287411
248478216
192482527
605750441
783742833
87130412
647432040
515304621
324597424
583534276
188419547
183813463
485015132
308377412
39374602
528083791
317295782
676581802
507095639
311710299
193750614
699094026
133693173
504929921
330008849
325416648
337330047
260460566
879398866
118398615
954712449
171952077
80964231
291319564
322979355
158468295
430034481
157288805
984262720
500021603
931869695
695754879
718541400
545021710
496468720
367566696
351259857
505580075
380248747
307658484
465099695
408860079
607061383
102910675
11727607
595422900
305720247
505243854
603201928
105140672
119887857
503611051
687647167
760920319
378900626
615070672
705588332
70894818
864982023
949622234
981317269
876237780
508028758
111487867
444301501
360327821
275921062
449779959
338236716
476245638
301152565
511513210
863025682
14773140
247811176
55303864
246246694
105270710
23903175
551839410
128068418
99990652
495412237
301510064
569705308
683378014
343681559
735719950
620537656
798063366
138999877
405962163
537118894
382187850
359327275
29121373
345853886
709767139
744879820
926253725
570701715
905975434
682758674
356889323
365618093
720101730
326890282
375636398
144844777
423034412
465845767
590120973
376855391
164740429
791886415
595550931
416567362
539509873
694821525
782018826
579273351
927205720
38508660
71216376
416935995
427150492
245709703
627520049
842441406
272052623
529215308
159822213
125165846
992600488
323464089
8228675
141703856
953286626
338789276
187618261
140045884
131770578
987293205
67482892
309160072
710330209
441920270
224251653
441556836
309308764
310103373
199018548
359440613
637955011
194610711
270736738
424183716
444079059
964135927
331791710
382823092
528296728
260168334
442195209
878762324
474425741
342158152
58451041
835624354
498489101
972827410
205858059
153332321
589414867
259550962
57913764
640366229
313676737
59821396
385879063
873241886
993623880
262430720
393548986
802665809
90127061
168667237
853834992
405420969
49555865
20737770
760009110
80813899
776013765
533545713
183332290
799988026
251709331
159974870
670226304
596397318
683897473
982724434
182147563
242149812
712539607
354734882
494019863
754848641
576597871
2426960
100354870
984996896
616908478
585487726
730640749
547039552
713137748
612911911
982787081
915412127
987495258
61508304
98477874
884098216
569881606
838001941
598401972
18244868
727038353
9981908
659469025
712932334
775050444
64755685
703373311
726840897
887155705
294386228
470920
111935994
284456613
669410090
613185714
711185085
253233141
424102724
411741071
55062253
381083693
453894957
449303327
500379676
842338022
770451739
774225041
854587437
231277740
235206986
324468719
408664555
871990259
85784263
780909935
183420339
972388868
790389558
1336771
415594904
281924381
960631317
310938361
366360414
385846862
882753865
778964163
752588714
318417655
834067078
790513710
825672284
182107224
446760568
956409042
822037754
258951841
560704136
226186055
505873910
265158819
211183764
880235775
817788323
939280157
705574825
816928284
74867516
173253394
801296598
528961304
60200339
653892231
34126831
746247618
887966000
750928964
552943035
36129871
62308434
740337558
198044436
938422256
618680291
826930917
716883630
811797454
119185829
549575598
111282621
324997200
811993925
797081273
718689817
335433131
705209030
458706537
638582477
942005111
363855658
941721614
604743847
550846542
236761792
107449136
683409950
336947942
229925604
297901655
534053989
278275880
694169973
923070513
477715266
241943315
574197961
38258302
261547175
718729655
181054948
341129341
450326940
618453544
22745512
355966762
511982691
232214801
79218315
277006937
434591526
877842758
99848377
254762799
223808297
607327937
653892777
345487169
23194860
626311729
24548219
311456107
356037190
603651257
733059572
223797316
134692955
555674482
164970765
776076716
434933998
714636008
826496678
644813831
350109021
310002786
117937900
977833955
84078231
890272105
345629108
401406795
387532030
585601793
371646657
725467265
324145692
901321509
431328557
669898066
697417398
971819741
881379751
672239506
398095284
954965139
336677163
716459379
152077704
593966333
491674433
935621866
378356434
915254014
454491300
621565145
504293698
775615376
266712764
262877513
110349006
960452381
920701705
796050495
518307064
41219139
570959899
630210861
357674425
485053860
634299166
634096250
84289627
643082303
602287020
848388888
227056786
624918444
659170154
970583679
202788917
11758589
111722031
918829163
774705690
148605335
378595409
844127243
170406442
160965316
650538122
725611643
785425229
219183108
27610503
522311559
722638464
158763172
639645993
33087921
618254984
828047819
149904665
684953861
542412373
279061071
904241567
662271960
901150054
393359228
189102805
913124793
460822337
900542580
327957851
140830827
678457020
395196972
815199884
894357351
45472866
583559112
425010257
931160439
284569643
782725700
364932147
949644691
677670080
522092168
727027706
790868526
747364120
126593818
827251961
507934294
833091445
561809906
500640281
820868152
765356992
656111234
488981185
357392150
726642677
928383995
301053132
706491090
947202174
785111439
859930859
662548993
154139546
818990697
388781442
979227707
392537939
611757511
900473398
950256606
68300714
44944964
168676467
857941421
904831550
989627081
563718447
13642551
558539489
624300887
602530606
548761767
922987960
594650380
125327950
930504210
338316483
392319510
572983737
249881923
916681406
579656061
102847865
242523793
304702175
513569215
462747007
767915781
418902920
192611866
111354938
252489140
764840351
815097797
252278299
471644936
675611247
486697426
20551971
472418429
966999495
289581674
856010856
716567913
626156633
177178783
343119709
33803816
64939642
720868262
444869613
533490299
876565297
104578842
382805725
699521930
78352748
746414771
905244451
131496051
512937107
510993608
315748677
746118323
356226511
48433894
40939864
334671756
553219211
658389190
1364955
823288079
383941474
62724426
290779894
629436531
96087582
849148024
217818738
69339733
25543182
412576024
319642199
554203139
412648723
788688285
768601368
126394279
494083906
432726637
591005559
316020780
430237941
477279383
967423102
268916284
614217182
37243402
439645862
825673443
634990298
800699576
916313198
569188039
302292548
435885810
373222103
283817291
233684705
72560877
197672807
222201946
438655751
530849922
802092935
441724232
902908556
827116641
321254415
178205481
819350946
18395877
89248375
272563670
918570342
839847712
311714760
463449840
879111716
273854737
181549078
579765856
589935369
109473083
981747329
252479817
923592239
169151434
847878194
56103981
414675276
300113410
880068973
147984249
170933299
586507540
807642271
136410727
104684575
961889769
170199781
379199383
728268340
690047291
364366934
425944498
243510906
947121347
247879872
628941205
330464548
207958558
82444760
411710859
217296603
895314524
489783310
963750348
777406147
557861968
420278461
894739960
554982441
714565878
880830186
390135425
608096994
138156042
599160196
341978271
787650763
758203738
828124936
950925421
18859992
286761381
502834438
968483356
316245290
116475161
802403323
442799772
665348926
816601716
950093115
658496364
89321292
895184013
306589869
230259176
215623319
856711185
877815837
770074342
669486143
111662362
190769998
998000197
862030534
737076495
830351982
27873962
510154123
923045056
44324208
551337356
578335738
685120257
991639101
264710851
838460497
330637303
896376889
672424597
71266839
51359241
757541552
902283949
796463948
648825158
334219643
296685830
832635274
122608573
488346105
854496206
691579806
36981711
136476133
859440053
100342966
542934282
341876922
619218184
213496116
935516046
750679063
495916847
738352547
717151057
889431455
685993320
908594600
475760830
225950614
774901050
596391642
74692463
445721165
502449219
437162997
672474719
986275387
124162490
147748453
589586011
465315314
296448995
418524913
564702480
309153920
428996573
893593713
33156676
715435440
233327420
599007427
531987983
589832822
932560861
374473823
33241454
502414674
159367319
383975066
66920790
578269580
144535294
708981307
596060407
280329745
629847686
790773437
189519646
2675898
620245493
306066373
701447593
651062274
769787709
740209003
759656860
700274483
566091690
222196090
592819980
26188521
14158444
290501825
589730054
915424686
94716923
611804372
181542648
248543778
194194729
50080809
60394997
167740933
851816142
270956440
955634801
368138449
26853599
802904309
867820513
173256084
624553362
739729335
922816455
583287497
790327738
419045767
834712080
515589439
686872498
754631568
347342803
279183558
688962881
911945482
537810087
831293804
236603344
240193542
902712941
864189489
506583952
658254989
548481721
646691651
685174293
384039545
483416200
490934461
825597695
991552912
642537792
934888693
34105901
761519
629908510
31181498
200905494
867682508
785774797
465807911
567961688
770704348
845160446
11746896
96336013
455297409
709594331
11949925
534321931
993126599
474917547
1333997
803841897
409260533
83548185
704472611
270391848
812304770
769090960
347173538
847238619
39051262
690311031
610634798
589151160
669528622
287777063
701036624
838217427
182278015
726676921
111544460
546790517
692228137
331982925
237063276
713283708
878755548
278540128
664281315
452400295
301589562
472513598
990701548
238517892
388507213
784616727
567403075
614570467
13878709
400481800
69017726
578935544
715373758
191899277
202931976
366955194
699367972
557998711
846748094
803142813
569881735
456498643
179957509
159400822
365709443
237245902
687040041
383636127
125656644
971792353
381646694
558961760
291815829
110922454
906193565
547778694
332133364
974120010
354273222
22297478
670236506
784912091
235858721
735558012
288596341
655805845
750362066
775494408
675465160
920090497
935001819
92471050
727631128
451276104
85673771
720474712
523163664
792843832
125224206
791134536
307246778
788782294
800012889
18271206
409352617
248713330
51933180
482823583
163655921
525462408
169471514
177115830
136718954
948603089
860918937
519951835
36924751
435663193
306767048
241701657
680317633
22217242
818782709
197535135
742928980
352927725
129125086
769822698
493578352
815901805
641783717
27714611
755455956
987522332
75090277
274237438
446808130
197123044
717973405
453207469
18576196
459000700
950472062
478097527
1870745
667492691
637489336
930402227
642293520
294033672
488011251
204917294
848203426
36391809
721304451
900968565
182428314
140410057
265414860
992695002
274915496
902263814
363776725
902935475
844230027
63674486
382644633
637173142
712699147
258920374
973131894
194583536
515849733
742258371
642359789
419760387
562303601
4130360
262503859
18887978
397155386
214842314
974070514
443701044
985085502
393414501
619475767
282402552
148450516
554729853
618483794
370607526
185508550
286999726
435949930
648410586
30699679
540079929
634713026
493905102
721394816
138967513
882006295
908112060
163942653
537272937
185107541
361701860
457305871
280269946
848079269
206830340
544274546
244700218
922538686
96077262
147459593
984720361
972155357
123977767
248973931
659635062
994965826
704701457
238043476
690247579
853625096
620098638
109904506
714879495
398129569
803925562
157427899
67870776
19403227
200716976
393920048
832669063
766966182
358291106
741475532
285363872
3927664
766537951
52948627
123539138
99039710
738489696
194551797
567034241
380832601
675236313
625531454
23515546
190482718
705798403
195653103
270327950
920895145
925423718
914518381
838404375
57680797
947072452
71590972
342084988
492733438
754884976
361769090
263018326
934382766
286800453
5842622
334180989
379298117
17525426
664129453
275185533
408336565
344010948
767238082
946966687
492662775
606134935
958864886
749425611
866654141
641103860
363943760
337892909
100562611
47994002
894107963
209403425
848252007
175580377
965254635
585811669
591928129
28121023
578088178
380060933
438484893
236480176
222571792
529968125
404070118
50192704
262180321
3381644
461214212
9468319
649195701
787197466
114584060
978764882
394244493
913901720
439133007
100847547
287729215
592955726
332056532
680106391
124286615
201162558
986645410
474164210
441439872
735102883
987781969
558297951
438538849
725334006
606772816
24422402
549496898
645568873
159683391
149775504
222920008
644810477
186945617
340942501
611113935
248782565
656620671
261009627
224585292
963062468
146721539
782447182
660842224
743558024
530769533
954680709
203716510
822121710
872929252
174324246
571045363
179000612
329960377
678347532
790128870
102865938
67285652
617469180
72329982
441938787
6009543
315153222
351735203
166752489
737303817
451283259
297019707
686831116
344409680
618770485
605538890
701113552
691707373
803403912
336771377
830017930
545684784
730962318
656240935
290730994
749948350
508098399
871756254
311986161
301440080
158000579
199407591
734803944
258636461
725441809
24969487
854710041
29877351
923886587
800146714
57876141
382322838
923531740
779107043
773722776
6472271
881475172
689794939
310575361
593141178
620449380
672183922
134990431
588776913
950824718
223112319
12520598
831070963
177267362
945855787
868280686
996213788
582073719
363464394
269408192
150422353
147728278
291615362
642221221
231714760
638938263
17658353
828695603
117714203
191151619
952609454
277838757
971620331
260497418
641122590
513139518
295955281
767324211
210704747
459201496
122410126
648109642
215927640
623954297
909852486
758422435
729513100
786750349
800733277
596717678
59156530
71602209
262516038
14798448
916148065
536442335
651014659
109419261
637891888
598002702
345589834
316513565
482131724
3130123
34453474
919053516
342747277
312190299
914191113
815502967
843881983
634477446
612601885
411301696
631880677
898463845
867218098
696063385
872957202
939866753
894687141
281156918
811258693
327888581
922874320
642503279
383839718
575523680
678109511
171926987
866057614
2464723
133924048
46811871
89043811
772870878
56831919
759770798
804606404
861801209
237883520
873249733
303323273
342464472
566304142
222227750
714474976
169960298
289967577
790897056
413041955
650386390
14335734
872957085
927330527
833288324
853957974
841171614
436567016
262958711
469730720
911780915
755251110
892354943
90534751
383374336
97988482
925983589
123368671
923067023
470281589
596467175
766269942
99481457
533310843
234389381
321905909
198746682
62211066
612488444
283224737
306295869
938412799
511542766
780688148
413150851
302422909
1701689
714297819
605025488
422849491
514943608
223565997
162112123
164700248
255011731
190611691
391978856
495637221
314929514
417747229
356858716
126653265
165505205
635980709
36549095
971699158
839254691
896909719
476592318
611763435
965113757
737107559
111711383
802067201
736312959
53447586
167595693
929224002
559305571
988093590
859118603
817292591
620374764
873996978
374336130
12902491
388623782
724257442
220175842
371643797
478324883
129287477
174393662
698778274
344152500
650647212
449261374
49800715
81997897
404635939
392457005
826548678
277994040
483181515
247061865
275381737
795357843
14456439
85552214
663826130
960408006
395730976
434260765
40936551
153339940
223981687
921696479
966155579
351292509
396268861
88863346
442960787
349714055
690190617
835252582
682902795
52452121
802590862
183762071
385762074
52042095
595840992
320567773
365807366
130009124
487607828
38599435
970087508
851628281
294334771
728841705
464204855
86742605
908127206
805123155
344231702
508902465
761237383
235325997
82456677
363727589
308864858
123935337
669137074
664750087
158931080
342212783
823657265
355988836
413515920
694290486
255772595
587878088
318018677
898126328
805902504
613598470
204087857
397689431
813395974
514848926
815152651
663158849
608769136
675524495
413410624
286539902
216509601
831759117
168337884
478317177
179475299
272378840
852779045
322062924
506310596
63548420
446821203
196221280
342213005
943721944
741697795
188798171
640876404
571629765
979301311
899473807
75888663
730539752
674737492
520056709
896710492
670005124
726815998
6143778
145106955
385380276
274498035
384265341
118852067
971091801
409378877
507079924
128038782
42676959
65310900
333629843
493615621
402654683
210071908
411727965
817774887
387220268
332178279
284041805
612976657
519836240
397424935
329042576
214519829
743241088
154049136
124577215
138988163
563221634
781141466
43619540
356035992
890588455
986832129
626788770
8988352
106015650
954618912
119248935
739122658
598198775
815573854
570185705
78059215
773293464
401872295
787448575
415263136
409931515
995300588
332206035
858675661
181346078
229362725
256766804
809414087
469043360
811473111
531025202
263771568
153802975
404815157
982106972
147592058
355172346
716756147
89181509
571771734
956807852
356767099
479326175
697801300
797732439
161687203
503483512
30275238
664657905
347989536
370970824
106221846
635117761
527418228
155804584
522580799
441824306
555051153
547326963
879970700
185650721
172223124
131038482
559447450
296227325
722938143
290123317
705036032
571252273
486152082
868483857
841924639
791389197
394305594
370783922
130650262
136566351
21351122
946830117
631548558
991667608
165321233
336154698
351704746
43586082
983813317
546896289
448627653
351973764
204932107
303467694
263485951
642341467
369669678
327865941
641439347
99333508
25436126
895700767
750658293
459786256
526249755
748079575
188404057
743302777
404946868
287671752
855967847
142246572
986506884
887753771
813616844
536702730
441083848
621065502
585375886
907938969
867182388
986658548
865152583
800688825
432883313
379590828
538976337
288365813
186267630
741379449
967695857
962785086
275322955
605894787
658770192
308478752
116361329
886485877
124344262
294495970
145772686
646656903
109497132
119312028
356601521
174428986
670764346
376345082
921338542
566802474
783290836
138156947
3024486
991394415
417559610
672862701
782491625
768863538
918813549
207935858
910283693
993515498
521570054
255849114
781866274
598507010
876814191
283358291
667789926
173850897
809471948
933440134
78630057
974399583
912620538
504642869
497965515
189143886
17794317
357171906
69484409
150437234
791523240
629212590
656104850
104841139
524550825
339847687
549905135
713138752
857238754
902203820
752728786
556389079
35459686
507405894
292911529
663798484
168381771
563053876
940572530
326904
837859353
455885489
442121167
247475384
754512155
713724469
700512526
397952493
64000865
170712403
386093594
240044887
516402996
939867102
320548318
857699264
383702209
483967163
613402738
256312863
730900190
248625613
160326061
620382970
402556339
755003542
388876501
386650863
818589750
737868055
507015621
699943573
971227496
742647253
291420626
9616156
499605598
897260520
375409517
730166936
862151687
570998972
794185179
167765846
829195201
866586315
317864218
354555566
391609984
292571279
882132333
962091287
34762314
191915899
410057287
431100729
969670982
667902994
199290748
27959551
718130927
635795813
460252258
294389845
987549663
603946754
718094532
872289168
427985469
492761564
348668417
144492299
29614256
609386392
180332751
116389825
753123637
380641394
686708263
513561460
234150379
622123466
551091030
159061233
445341708
353423488
66499538
252616167
223216011
75802941
986209440
551616337
411360899
629047458
988748028
302122977
287355485
499129877
574232135
825866787
163685362
331556838
62303633
716436835
347247357
797024249
859083845
561065781
71526356
285229748
94596514
98896439
982275965
225518663
330535073
545557057
729934435
868799551
71979653
308057525
43059612
787265501
981148203
822557350
264616952
336414191
260103557
850404011
837028730
294215589
247688756
318576156
873317346
45394798
634354734
747203488
419386088
956048414
8047045
466140154
935891123
105572021
960281187
718697329
281378716
8754840
256939996
250985706
530185644
984337553
189374431
484768565
57531613
714673880
563192994
794202788
973247197
954446512
713826605
971193680
64455968
658673183
847805981
221214817
236188413
397693781
757654776
246325452
276900511
20310800
619874644
811481445
838743271
34009276
828850851
555873109
311663245
393178263
406849686
195209509
375375304
788570535
433897004
857492454
93747358
682791820
576296575
264420798
788680335
413724401
718475863
317764213
172632913
391517652
116896199
489263353
11426610
9862602
798376327
901156023
134566625
831649995
15831180
819803773
954297986
72508656
392598764
484448578
514476677
623825920
488532354
672486799
507282676
716192068
689881145
296957928
908919395
558133394
442715956
23123451
578923393
496857587
433882669
547428366
655954870
445110085
22932762
154714354
311893787
894498687
302036329
503563399
798665475
673930664
120891163
650680644
989678412
384541941
761861837
288996750
676203115
643085205
262091401
121096259
69211880
209871214
689189579
674910263
798502864
702500148
190046711
680276861
409562702
870860610
986956829
188885782
538213090
60896220
6031592
124316633
512698800
11413010
887997393
67137900
433876146
325395784
571088928
212538961
280375336
533673214
202027683
826003102
715783202
219515255
210963956
144224297
189221936
344553733
749841514
777855751
422467820
310078405
918214992
463463755
616050938
666632500
915443170
650665294
735700711
490733022
960054556
134639163
493004724
51023852
650210790
841689556
756335269
184933453
472327304
577728964
903661680
816920938
243509679
250415502
224676833
466284145
844924012
672515494
567819657
642183650
872222294
292320386
812943248
894992633
530026011
557592250
505413610
972891231
896514994
60456394
369732255
375399027
34260685
458728579
851845178
555028887
871685933
647145402
407093059
412854463
483350512
603351044
355042096
540389867
681651869
824532465
273846238
323550783
606331409
766506745
245637086
115872603
482899568
280207822
333112752
732015113
479327289
241749175
346289873
769266938
221615020
535598061
300748818
827094542
145424557
438272476
281721886
825008073
987544250
904969129
31281012
908592074
469632201
851109236
301243758
193207427
380249403
955646904
145881190
961595865
794935185
516776837
181276604
705284086
445468022
433233654
626411549
522354937
663660521
798138798
827183008
211913662
232953031
1751003
351861394
981273780
919202713
304782066
28604220
298015565
831240816
504025256
57470831
912904572
605144276
771448165
552054090
829276614
127064248
307597776
745493632
28763321
92126927
731018097
136708879
944364482
96502024
342900652
630693943
404203856
745041591
437401445
812884419
346924435
818037084
442704075
268417252
690108969
536950862
409223200
416665431
329979521
578628344
111697579
350126575
615511302
383667676
263782651
485704441
391489918
928883298
712524292
72146331
544036290
939167248
674675616
339358513
377158316
942540941
646617743
428587579
404568345
750204274
214945865
403068668
706161131
139185317
766338226
400060847
54212263
277657387
513261050
410858059
108782012
412769666
126381099
611430859
113907069
960080654
705494457
948676496
474366473
330739369
555857368
872824828
224403913
340364831
930944302
743099260
480585057
700859829
121658659
172750654
343127605
927221631
36585141
785005804
952488148
391608903
732961582
648261016
480746490
535678512
781733334
554937222
734743611
232750328
631006658
360939936
62768731
572195988
716025551
3254933
226231540
441526841
56378250
449819788
261753578
365397317
285134182
505505953
895199548
841203022
427819700
165012899
188013465
13834520
282583726
686664391
812661498
351779270
240160027
925360262
790006797
201653323
452560361
545385673
950363775
818577586
40195798
332144358
179906259
948700059
605323309
898038635
908406209
739868436
140986913
610623331
279399032
835765985
291981651
871657368
281865484
92819461
702809252
377670244
616144033
578194217
546258067
178091574
484339728
526923624
443733794
123717136
475377584
53201580
9085831
463497722
258593780
802583141
152970862
875767013
613577368
335955606
153645055
795384932
50119554
947159066
236144098
215727993
421298294
765517781
917288696
584971195
448563373
369466081
157984278
756991495
358606704
700293683
411040199
678009765
881024944
624814475
48867880
304466744
982394728
983299524
735160734
271672667
143318026
427073941
24238323
280739649
696042309
322833541
945054841
596326784
17218779
108526808
20797281
854254822
26349719
970273463
981409859
140319168
347679875
196780777
141176395
743139905
864832925
818352590
956339795
257323447
352057961
296797420
568566050
408996695
583937955
541440702
306950748
626035578
649046628
731965001
669932903
77507554
820945114
869694327
576732860
865823643
583867773
370896012
863553024
299908575
926534426
493473614
944711566
206982087
481835991
728465260
748488662
539151929
917991317
86957556
682511446
513506369
705729191
817775903
602917108
600292868
972211136
760624800
955394498
710368860
6844255
462086919
403973247
192990324
120785730
342562795
518648741
863450411
336928997
225042234
806311825
425120610
432675674
299135967
375265365
113850830
907918185
912109463
597171269
944766434
77373160
333116864
932764149
989100745
60848413
527193091
934054241
655561528
137422011
298397302
209354857
254858659
374350575
151559116
134425397
64781017
740043198
670687022
441098749
275055664
643821468
977030616
971003600
127198799
50487040
595832745
353739253
243281182
921678545
227956659
693114103
658238216
316337498
475510884
410595797
538323922
183642382
888066251
467340351
463916414
623735967
738420944
615033757
859570172
664743037
904060254
639530234
136793979
559121573
540925258
498322820
577841687
311861656
797803218
872972960
682952539
22598301
223662105
877502001
226001936
448313393
469816685
33267307
885021144
20107310
549978385
971402970
559907668
595962502
535386332
441413
877170185
577101051
668362558
462286531
434501391
143893324
481257154
393844794
671373401
780100312
631396939
115905431
817656202
368353915
700962907
773232933
615277740
103970351
446381941
101648331
948374427
901898275
697963343
113592133
392313417
131296513
595098352
863702207
767672259
642266817
841064318
636483199
6348068
793461734
149472290
76636812
142918422
655844952
222694361
103743756
640949468
620943774
569699043
404693145
508050715
73718618
45610900
438062152
614069339
590304606
445061620
896625546
978864491
990437656
592819637
605419622
332304259
352092817
281925760
836473574
37733378
194755785
678492941
926633957
880710036
303388843
360868204
394825556
607461981
911239906
968905495
569454091
626608937
984520493
984327406
413962567
720216589
735679729
273084826
30599573
573208917
772173303
815949602
286679732
804219452
126427320
383043899
263546270
761295659
912152399
778755312
62368794
412937876
35787467
655906329
748175244
548337152
883587058
657061803
493341994
277921031
580630694
789416729
994805360
923641065
413005368
836272453
830821082
942468214
162711202
887814438
802392323
145788103
608265462
276484538
341028044
202072216
141927822
664455111
739103048
119515433
489555642
325138712
983383806
734865084
808347896
267774861
566901524
788691500
611960726
44852643
973585117
824253976
848733043
605616435
909044951
636107646
839293625
198299944
502225616
746168802
174946718
351278477
557470763
581857564
647038096
363479989
276685774
683197458
429994174
468148361
504422315
787672644
58316445
397712059
327010765
853985605
580614944
759580964
989899307
859273425
772348097
700965703
995293916
293941098
535551147
633139273
289242126
541978692
736230618
267608303
499097625
505548103
634966425
862830510
92681536
52917928
606586719
839866171
780004307
234126383
709534752
411707084
164119899
893526576
916815012
694030592
363016143
70550172
636045727
109795606
260057433
819629519
848818261
733948765
290065653
878490103
595914019
133099574
650422198
853599920
547354038
775321088
572608625
41788063
289111192
728817232
910177751
651511338
393325287
826726081
409554466
345583795
696074927
219733387
996589594
829220899
641634403
176591457
477282160
749490659
614751204
388528098
446427956
197337239
491806257
594665420
543050418
685941218
831915212
506315120
869807795
263168369
13000732
834813965
355812102
134908368
436068665
796566626
793391784
48418896
255055115
357319164
239202777
617798833
199509147
822370705
69954251
636227753
157226755
295786866
85714978
691623727
690382030
247547159
38196418
587031171
62834334
266041434
154280929
575747483
896585172
676836736
99239882
186728768
332530978
895384324
745240156
696932390
740016802
935641510
684874636
565932861
917693004
405268368
46442195
505080207
172775446
392707835
669223226
434482650
388568177
234559012
105686059
107115179
875352587
5861299
304234432
557957008
600533644
571854055
56437172
77996107
739252663
657387398
147882133
757722005
508964242
42908475
982128373
882717458
406894186
88255446
297863064
265285995
665569658
158480675
916068876
740752982
933300221
35145928
858350976
659289415
858414391
990665140
170024026
508417500
209708618
119325756
845160646
585602420
214830451
989539432
313774809
84790858
209520357
690376530
79177086
963748897
970025890
112625369
330597437
819834239
566548305
887952206
392604086
889813071
465660581
875052989
511630306
330251687
174898117
127533799
426803626
740810043
396883963
504317212
53927219
250849751
467248688
663547096
35661604
753215029
430113098
772583008
495571198
335475554
128903278
834489153
712022680
161029637
377386525
318378612
37889536
696614372
698014752
542377755
93584095
896368255
589256
590588360
901546423
526251535
558478431
868512091
171453619
415737521
432410966
984817636
26226862
738953349
168492813
623898514
841449293
872723268
382591910
194168949
438547097
525278463
583851151
241558346
878074515
512442190
359624348
826548482
64230811
605642178
414619163
30118103
74674161
246942753
719278956
339699360
950614553
4517422
360115018
865684711
926796751
8284635
987574920
233828856
111806938
291323680
819361873
978392553
524139207
97796293
263748426
470655509
260469985
659005352
413656491
61666610
475107748
940943923
273628455
381394618
215480466
387948953
455549139
264426021
653039439
880994051
781201114
96133177
250474143
988714825
505933207
644758504
353803664
262568917
890739677
747884783
562469357
428897316
576507107
385476427
82929800
815645689
84132427
46072268
187081422
735403728
911932743
104145040
52006597
948455447
261105919
14553402
501288383
333916927
460398614
264477931
928286518
325665343
793855828
675153233
177739018
307050224
988529552
539625889
955206733
490034288
334904520
469602868
460609971
175417043
516900021
907605120
416784379
877035184
711234245
903022145
255056390
612177170
559728453
529866736
412466919
708418792
932952528
748264709
493831327
435524238
22836161
210749232
7993935
609107628
844675798
757165320
296928178
794870656
818435250
305888734
387853234
977685634
454748423
656892722
818517249
407337109
453020276
281103151
133900828
260391925
381671250
452592781
915539255
21670216
586330436
712750328
402848387
273221179
778273148
321973996
326286423
951352047
615323498
821700661
718352819
55052423
994538801
566251793
318963750
427244256
276405330
8935178
200218693
359811695
854460853
690403845
304625237
293697461
230505736
275646407
878613734
892424953
422358601
554583438
134779950
271772602
65508670
820847665
977705564
397051751
486282255
517186439
357206873
874251309
798374521
940881089
464111539
170482669
81264911
94164878
714876313
762729430
947122621
296041759
146714355
72024263
408477304
527659078
630915250
669273372
571997857
524904545
458914481
977763929
543331328
134761114
37224649
342214477
305826055
640650685
687423970
411655565
199272273
50394967
269134346
655607735
82324742
74696844
444642049
340452707
201031569
680465843
623684799
246646108
673493047
790884135
420763963
223406471
349239840
752297677
194197165
241313062
568202281
150659688
515655350
71274510
762017876
233152302
925997450
419494183
513972160
566020539
630369956
864496568
29797630
535447287
700510207
903977986
380926773
900393432
387106376
684884715
520772175
308443823
799581154
136388335
726481234
471266465
757001645
846248357
87174380
452116294
751554450
44895414
133250675
918804163
706446793
940503178
965932933
768606577
777344860
840424923
755272403
55469217
159421277
519981844
97608465
314038877
710292038
953466069
316018969
991838225
670643728
25171414
163249250
505516048
92165695
829753820
160654944
955315680
10756903
990376721
489178092
71986253
272928087
414642244
713852310
423530404
262715931
522870936
269894547
747743478
887882597
527771976
108165359
991073406
478294689
926980165
843371799
34099911
971003319
241054682
704616257
922849808
268789158
786617743
956429191
9804039
32948483
106140914
490842617
402187675
821082582
916344249
924205194
694654478
970364371
811628146
193189475
188293331
676685842
100837187
618440540
402486172
489265971
288220463
485559266
183571028
397543959
208976722
100767615
186386865
213483864
922791068
298712304
466331975
704919170
356001093
782535552
557656958
170023091
465426744
321693424
837064721
378518770
661374219
373728912
842906602
772101333
51495858
387071461
182842788
995901492
759311652
502547755
560559845
641807494
543605303
210433676
873880081
55720696
278631493
294701970
626395252
643000892
92578403
369321050
268617479
222860791
417007457
368583658
662551522
205676605
879668845
463851813
138389453
848464310
421288360
754322559
276290243
627789412
31108841
642851991
457477684
112169088
124704005
742421434
914458095
203140788
548539083
976935157
147789265
11821193
139705828
94131942
802534958
776468665
591436987
488890546
830083905
635450496
505075817
855764421
626387100
302980261
105517670
454629909
291158094
968286589
282609762
672518178
724107918
271784218
836383774
371224555
331581438
156522217
755207180
66799412
113588194
205265860
636664594
815487138
880030781
377826482
791703032
792367903
321860382
576002879
916809568
143698114
905452913
937365063
147893575
777522925
404164331
161790092
345961105
16458179
962672287
533219114
8924073
6034082
80074908
607874921
38638996
762411543
331111648
894252177
796965413
414837752
954783586
307441760
26944467
673555036
914621134
36975767
96933955
314616702
191156349
620798728
9692406
584327826
90301493
117602960
668777420
162818750
629344843
171401625
809327604
926376944
996881006
249319040
926831611
915143126
887036929
245481482
761825335
83083721
643251196
782944581
451101894
520421332
228517137
238671624
22396783
932935932
371009941
228961719
860061663
29281586
912756410
147605520
485880970
73034190
404352361
675851014
111438916
605057975
756903870
912436307
495284329
512662390
282094523
614708152
502028396
783617966
736226353
849541401
98388919
905605286
806911751
64182899
159858803
927689985
952404759
202997424
988324589
658865300
689077214
33949764
167620335
606963909
646550277
702788438
61549959
463676853
255984641
53102807
720177094
495038350
729707703
839092329
731242296
995840386
727029522
523468109
643703529
550758354
916246985
546484308
806118846
653402808
679093343
557806333
432059604
592948869
543416374
279446495
450650594
111218676
603766979
303700977
238617246
939581096
18157494
100166565
709176310
382867766
222006463
767947701
367293434
256499709
722650877
988052008
919002823
209767837
166054828
821637237
461571299
893912481
215531556
118927366
567646930
453040252
644875507
601226903
249224930
422581615
320258705
73212454
620315184
714706052
783576120
223429908
620349822
219807834
612050973
264074133
318424023
646456378
866383617
146706071
532472855
288526662
777502638
530160337
748742834
352028966
441349392
869872539
784856772
107757150
784532614
550406329
777154502
224130196
139711073
343144841
145278728
439888926
765310027
967339923
343989987
744355560
884137920
879133504
570834759
611323185
807871778
645581743
256352031
440647597
713546850
430606088
621397363
755332699
666947896
34945072
249481879
409938351
686348927
935248421
230090941
667210668
748046403
734506837
759810886
66627316
148884571
317168969
430738024
777852052
805138702
305839641
885572766
28020992
244995032
693105370
507631316
584679459
426892270
342862695
904715730
579053558
116304111
780901367
893707358
606392141
915990038
769894510
287631763
262839648
814522186
537358205
626108773
68232766
608658854
464104771
321020490
557883896
714363779
263764815
579589255
19563810
56671512
642162592
167805827
275733303
764651164
487988589
384850448
306429968
302926898
546254946
110859156
79619854
87448562
639108919
40349408
924813465
244548716
472933017
14969156
242070261
62179560
993955217
420470789
702065808
238036466
536658510
365848761
724921737
283606384
542611064
831485539
735186914
566874321
684076355
23517152
628846222
618615171
575928865
142940785
465486023
852150217
179844886
706510353
855098125
612789275
737224941
570737620
695508539
469289306
444679227
354663638
268526641
786201062
116927939
812828460
302471404
492937542
227520939
817751832
589381765
668914694
573793774
510730685
377628200
562504312
438733770
101310468
495693959
654225082
937879637
651789614
972600370
446252875
364654678
824402550
155238006
908984296
910932820
299440333
276986569
811505514
25735696
439934559
529800579
352206072
539028417
55428860
594940097
405659411
139365832
863096770
292721576
899782650
348727904
469773887
895972585
16963850
274660804
477201986
971023830
57842020
566250127
7376103
270630496
107893086
926326979
34371683
210990276
872462015
664285535
444112771
620721475
311710273
930166748
494372956
890419422
220468063
244776279
155956325
429117134
550007602
457716698
178611805
731445347
620293996
844997427
236054709
396282229
428916778
851655805
834438741
262853144
404751545
939358071
806381582
933702852
836895479
905752774
301464083
875799173
797789563
926508297
504210470
655106703
587447953
70209372
370857234
370987022
206200470
162774743
271718622
677938099
81497194
231720627
713063184
159164886
200681446
878860230
635681553
476358999
302198146
180300380
404475233
943523866
55070312
179324122
266195199
984644039
654938989
204840163
110159633
4759669
353170355
372577716
149158084
862368266
435128462
289786143
453197867
670597436
242102714
400491655
455019027
897962162
617683357
225287637
271493168
845416443
60597646
168906710
838048949
834664913
841602053
480053898
639972796
51723275
243354443
126674745
272093615
466941434
783927980
784270141
842470766
355681166
530308916
401228042
807672766
347844552
355025028
675027993
932581136
714710124
361233736
703241363
59648718
18343432
233552014
736215943
211478352
164498739
108349617
162357312
757095266
123998265
880338301
544318916
93162922
734431278
492227353
498341684
245123586
194088992
739651478
337074149
500514013
38583911
778520140
262637384
36649518
331417009
709089297
518312766
455243756
85505950
612371474
465457581
884323418
403119689
861612254
604407752
97866283
191436681
356666319
387652979
68830657
378123474
186725344
732301495
411729836
701796380
370758764
825726504
637011680
430734310
513777088
514743978
439403428
160054811
296060522
900817445
777913970
717609119
489016596
607893
290103974
450195961
743793548
239006075
309997633
851745979
605654462
287487395
31210075
225231502
899387331
331922054
905217176
733007385
480838416
927338754
333772028
761138748
931792678
395527646
569477257
278893400
231595878
164882186
946273560
794923856
513191875
848577545
458390706
662603381
779994638
81445910
430400251
400084952
505571283
696125480
123142128
464215856
697589042
554279237
224895499
7638374
86475887
626491062
136305407
372003976
913513672
462524504
365611183
917097219
665891677
64418291
871199933
866654453
221972148
810877676
105121094
688984496
531358855
37122846
413456333
875516990
625277866
172352404
608234829
272746389
50787866
273029650
694356836
977337892
476760431
741609711
740211121
937729945
721798486
437257182
187891536
407324058
841134158
822501814
478199404
621779133
529834869
903962631
150001880
629302411
259531143
256722791
723478674
224399226
608807925
568157893
947975307
310920755
508900207
570349117
680085583
633517131
718673660
825484597
102017608
844444607
522532593
392614692
551606260
700205368
702130453
267627503
469327817
432671383
427500490
955820585
929344141
259269987
195301104
831178435
644755652
118330938
143928618
929462743
619353545
9210912
180822998
384638259
750471984
559334111
889126667
256890284
81235881
698929663
814317389
781537560
44663921
562582283
838083128
938264984
736023995
500174636
239239513
242201910
830610321
43326484
414064009
906099732
217865824
210036836
97239344
85655674
660289863
955396286
995449329
59570081
68168658
93642410
928461051
16973572
85400424
762644409
196989940
486137320
463236869
747117722
408305628
837636173
246119677
724430506
757147585
849735480
966694499
794342789
201011826
382128086
270724841
349990370
68287527
596844
122890187
495256792
300319089
737810106
152098428
683856048
535320997
526657633
193336214
602431382
231146286
787400857
362257438
68263778
71101134
478294488
565837874
943492668
286464037
26020057
647674498
884309157
896479286
814384340
342543359
276496224
973570846
871348740
858003572
874082384
731992503
773801907
910886699
618309567
808512239
653696459
639175147
475731719
934209130
337295352
584862102
417811805
329576858
929323763
574386345
1804808
837940958
40362571
472439189
946834112
805951913
947432745
892524156
564451585
633463122
757784764
987992454
68190373
258744856
848849992
308011938
170669978
707257707
744208585
175151689
359039855
554383080
173291186
754597834
406779264
24694953
240207441
586407725
188497225
686046987
587649991
192118608
689698197
707077388
614362
851897462
189958390
189461249
684101979
29317271
736875306
957608526
354938997
471367093
212702738
944856710
966258312
264916011
839205055
709101511
114592564
215173338
104236807
100299017
313031469
927602130
805084451
774189062
357824529
135649095
352686002
304989545
931110718
815718580
379550071
694569286
34556127
603470042
355328527
911382601
326438481
665834052
236334676
96325608
216775872
350577739
188561648
628355326
577849152
856614036
393824686
545828614
578465590
551103315
786188871
713236001
73526343
451393453
392313317
897556684
731806404
911342911
919385826
718855258
552588505
420195870
975407679
757443382
61140126
161776823
189258581
753844270
269827128
967153719
675190705
470204997
217040733
303594647
23662957
602731893
335169370
251360759
540667697
699435248
431060756
519574142
48865780
834469991
450900490
127246847
411229983
196036398
669417520
270274631
441338782
335343095
478423019
364605102
221800655
613616829
287518553
908947918
270131563
277146632
213494951
646986543
332336070
715134972
272025432
202933405
858689730
431882794
906846197
49457822
888655625
517961039
850308911
456607893
664274706
331296710
565655583
516128015
65764827
886389150
392926801
646530017
30453760
449387145
175776767
387279076
768088416
481055597
710204552
909376508
738997406
383413794
211831840
14363078
676578097
406533778
485057190
816366581
944845876
470531505
676801651
709805792
2371596
139525037
933666288
686356264
225684593
130086038
354333843
633057372
304072533
737249642
54005284
507179222
477034475
663443566
481365456
18789027
818510194
777568406
181073074
340485384
2868862
669369884
696151838
839963527
138135218
581411994
958270
678947241
192603829
448012180
674191929
829641245
345630129
303693524
137658766
703549186
523243869
16857747
21138078
738308537
905144733
349194606
353190958
599722579
897255928
482320741
961624216
113495511
932577926
675161423
783617784
607348665
741274957
92500429
932948935
582564330
570939644
862497267
206181447
760139328
801046609
22223999
967653776
605117175
643051700
35780798
570933481
264194590
434058307
8207454
912718864
299508167
641336138
810834833
922481438
238811715
763293441
27053161
541630805
421862324
629145356
473031020
869457574
321028634
265115284
598918319
172880231
205259535
436801341
651618484
451147648
232064419
421873845
125429171
417213901
744041741
187275400
193691662
619767303
954126362
78328148
853883079
17472818
457009816
714537833
658290092
641700281
220972617
615454842
526695495
713137782
897515361
151254169
657558725
691185609
148191391
183647481
664055973
705993163
431890059
28456772
501837144
798841294
845861023
745101402
510184922
335027676
665055855
480847936
275041663
809601885
450720588
731110799
306286953
384790239
755064523
674135252
441789889
265990324
395904568
662113236
730152068
12703565
249092625
175251999
886060663
192421100
466507059
542931776
976746254
654896593
300697206
129460400
669980422
626058372
795513412
112976121
642815578
530324363
388961955
143953860
604710622
764294487
11263095
199117062
92285447
472794095
187048818
943657702
355495009
547087553
877865686
236933718
540137790
367937141
610799423
19312509
976325996
835629634
988721237
853669653
954588589
953780153
580836410
7890983
323353511
23489719
305409320
270634676
396665916
862753281
334698436
600186660
938043223
137625977
923807992
460620995
706435961
935110734
435485050
38334183
302162826
866614374
407181992
97872827
114799133
87070380
733840024
934137195
643702028
116502034
868510298
258547043
427393770
878598384
684120259
972723287
256097582
684329336
661444053
566423735
197404712
875239217
729345460
329913248
153489242
61208452
91371132
533761953
297243164
928057129
8997613
529651131
656982801
59011193
834746481
882020245
573250343
803218472
587609448
419336034
815847829
996463467
910306228
792258262
937884762
632834057
437332029
39009368
850613520
185768351
570590701
672219776
687443923
130495064
932773089
696584238
373739981
872192894
745508894
656056827
702020109
683552039
94571685
559962703
751756721
141949501
828109473
736917119
978497009
984539325
221367655
735381941
933300381
326667770
909807037
862866648
882730199
549736503
363543167
378251797
335587738
466384671
631767780
879669568
128130590
134465155
734387290
886309841
895896596
934226873
472928856
961165970
992155761
780047172
36549952
298924834
95774587
207499590
948041603
338718142
87910578
24242747
714092191
278641491
461613846
945840787
834071305
229624078
104361799
864465880
286705605
27718391
666669942
836850748
480962507
918282148
979936305
983047279
470405096
78168815
666801863
972125343
776384464
608419634
375357667
167820185
523396487
926710027
596393481
304689102
655411302
70724358
168029144
228352291
207773382
153885247
524904744
497383997
400235920
27606011
544985945
750107056
236318577
937430797
367715694
883322943
630317765
11228298
720506506
287199897
757766031
196449429
679219936
466600731
608116542
417405979
200806920
615000483
425053947
819717102
509807818
483047710
12091002
838104442
858845876
509392855
731502735
522053916
883710793
563674572
50349004
498700239
423145602
801039756
820870723
240066130
355986630
581058453
423498383
553459502
950048029
518789164
501048940
41207091
566490369
457444367
171568732
270537696
995637134
909566106
166442817
133146235
122889210
819650959
231378388
408577112
548992900
284030642
780560185
516277519
501577465
687626061
638018110
289634894
856746098
728922109
503995582
531363694
138526828
826567965
834940819
936821577
944632682
301161874
788690545
534090406
843591936
646434508
609400372
573978989
216705133
532067562
151127506
113830388
644133916
873762979
519490362
518139813
156174553
693309953
265038320
350723719
261724934
96191453
663649563
42845762
581521240
303693391
281540176
830868587
27543006
426618661
385383912
413124862
929043153
119617252
492597656
240037846
457882356
82031515
698372722
743587256
560259438
34079139
726024906
96838607
229982962
395501045
403603784
995017810
89848896
445736603
762990348
635082388
538355369
117944554
571807360
816500373
571759554
428392367
193687255
930462528
299045034
178371897
524797277
379574935
955538154
157816020
88345288
148558763
591182315
335291635
802572665
794676070
365794121
699723376
849637191
807219785
410207982
941838419
633757802
198873811
600381584
168292795
522112119
265125788
809252343
966915974
107962390
920397027
638761644
977281942
960610462
954391297
813110106
404996181
182365782
858098804
320348464
81151232
805778035
567089600
38532600
740955400
368817305
42278907
9115080
946210333
452037696
519943550
292188665
41395491
996327801
906965823
404566629
565289736
867131821
325656785
320668875
839931324
249214662
23812747
531013846
229679328
477296771
564230642
600326865
104454068
479537434
59183950
61454206
452720699
977734200
996338613
655992458
641903348
803542626
213066397
509058023
173107399
564893845
443840018
862395164
327424531
316560617
756852868
86862628
327230830
333940629
154638133
138890168
428152919
458333027
647520748
88636969
213653850
264238154
161918897
698431825
842925079
10772408
415450738
961221787
415853819
385155747
570231193
559427856
777872561
183169113
679734111
486535988
224332010
701926214
107968108
915597230
312081868
903318315
356526676
409494233
876750303
307129787
177277532
430442751
55406144
900323867
344363015
555148608
33513031
794655019
189463555
487807983
387504390
488684177
239744208
183677656
915171043
397526098
139993962
472924129
116019736
390974597
293452880
618020839
919621862
828554278
212322920
705137117
444597535
535944778
450449929
567849912
883966835
403796211
365011339
409566995
81399625
647842368
855016188
345736297
1211308
794693903
827362413
588961997
478861868
305585417
108306725
67715804
412105980
180425463
268662523
91993368
148598015
384544391
844229125
547783935
897358664
378272429
929981906
442668362
467439649
132699129
712742350
396513472
591706033
842240527
348545277
976060626
62107182
202184957
627887862
116865808
587208734
995303937
935553465
187383224
597044520
275604037
506833794
495044815
115040835
958031128
22516905
558409896
387780213
425651327
667078679
772911636
211314639
764182115
488460680
613105629
796750004
945659771
898363043
769115684
272978842
806617093
90412473
666878827
119004837
407378282
230267370
846605577
477969852
241201519
827026393
664641875
568732700
311307339
583540424
671922069
617884608
612658634
353274989
460031478
586784353
354987696
749144231
230327519
938877781
953288143
392769571
779093520
18930319
778489714
64498289
156730215
835948618
292052625
326288615
305064155
269529719
259314350
936196555
169720245
435258659
446317674
846863625
507710899
2702456
390096207
274267351
865006889
925085548
916771339
498474928
985390249
484093301
50616040
919034115
603706201
161010285
384967067
273079689
710642824
225147651
299288963
737073771
160545450
372214667
872866295
338685947
292055747
751818187
640638028
207951005
449837187
506795202
417808717
699099445
812352385
169300201
960458103
737636832
524601707
144436796
788651222
163696143
692477617
874243262
865318906
102166773
314608503
619119689
60191101
613950233
530457123
240068013
25026690
390431722
141937081
102061087
513074225
326853954
910077734
444202804
508487312
357408449
362502638
661514145
58910023
487598925
512263513
764847913
125422219
307238344
357354812
727246411
592586472
980909194
128556957
891137227
444613703
641580474
427497133
14964068
560724516
882404562
290803079
84763911
127622278
49487022
710022010
969403833
688082037
588706880
82953963
283473023
375071371
34722102
770918324
870424031
31357024
222591630
41921849
84049292
786139515
28328585
977390798
651019838
716869854
445393072
331258813
294401200
844742766
156098779
193179665
626052102
635221368
366290431
395068898
30686822
834877079
976373311
902312227
103712893
390265966
23890815
75602909
355322968
730018042
932446642
797392615
768340236
526727974
581790171
166315970
944706509
810691538
192020465
847492783
603732546
623112
625626439
744349226
358579343
157794767
647429139
745616347
792201781
915925798
345539899
114718546
874327611
704717648
919584181
104510006
253484103
245696160
107510875
724018703
592540497
519225307
179871538
658325434
548905988
233340894
714446783
835615604
113664398
100083467
619099300
346389312
156142182
639481943
836276194
961656137
904903944
217554682
401745552
464018618
884227906
74976205
664865562
384631936
672194466
79833300
709298248
602705661
54618716
