1
0
1
1
2
1
1
0
9
1
8
17
16
1
0
25
0
1
24
97
0
65
88
1
0
233
0
97
0
129
1
80
433
256
129
336
257
256
1
0
1209
0
161
0
385
0
1721
1
256
3073
0
1217
1536
513
0
4097
1280
4096
4928
115513716
0
0
0
0
0
459734641
90658858
228809743
795466947
754141860
743518600
86083183
165231217
525651524
0
401827892
853654427
986525259
0
0
924297281
40446497
0
804161409
905611805
23437770
787625192
0
435057824
905611805
788317198
657522209
278274235
630073737
730230759
743518600
764031923
423742415
893197698
657750844
