-1 2
1 -1
-1 1
2 -1
0 0
1 0
-1 -1
2 1
0 -1
2 2
1 0
1 1
2 -1
0 2
2 0
-1 2
1 1
0 1
2 2
-1 0
1 2
-1 -1
0 1
0 0
-1 2
1 -1
-1 1
2 -1
0 0
1 0
-2 69
96 -20
0 0
-80 -20
32 -17
-7 67
0 0
-2 69
47 -28
7 0
53 -9
-7 93
32 -17
76 3
0 0
-95 66
-45 -37
32 -17
-17 -97
-4 -51
7 0
69 51
7 0
95 38
0 0
36 10
-19 -40
-4 -51
32 -17
7 0
-82 -2
-7 67
-55 61
76 3
-59 -34
43 -23
97 -80
43 -23
44 12
7 0
-4 -51
-4 -51
-7 67
-91 -70
57 96
-2 69
-80 -20
47 -28
-27 13
-2 69
76 3
31 32
-17 -97
0 0
-17 -97
-27 13
7 0
43 -23
36 10
1 -4
-59 -49
1 -4
-59 -49
-4 -71
-51 10
-59 -49
32 -77
10 -81
-13 100
-62 79
80 84
10 -81
-22 -28
0 -33
94 54
-59 65
94 54
0 -33
0 0
-60 11
-47 90
-63 -35
0 0
0 0
-47 90
-15 53
80 84
-59 65
10 -81
15 40
-47 90
-15 53
94 54
-1 36
-32 -4
96 71
99 -33
-73 34
52 -93
-15 10
8 49
69 -77
54 -30
-82 -44
-49 -41
-63 51
-8 -82
21 -28
8 49
-38 -66
88 -2
93 -20
49 44
76 -88
0 0
-31 55
7 16
40 35
73 -85
99 -33
-96 -33
19 3
93 -20
82 -8
-8 -66
-6 -44
1 -82
-75 -36
43 -80
-9 24
62 72
23 -86
61 47
0 0
-93 -8
-87 -58
-98 -88
-75 -33
-17 -92
70 -3
-87 -58
0 -99
1 -82
11 -16
96 45
34 -90
0 0
-17 -92
1 -82
-55 29
0 0
0 0
-98 -88
-17 -92
64 -42
-82 80
0 0
98 6
17 29
-96 30
-9 92
-63 87
-12 23
-30 -70
-75 -36
-82 80
98 6
-55 29
-52 9
37 89
-26 19
-17 -92
-80 -52
11 -16
-16 -57
34 -90
-45 16
-96 30
17 29
-87 3
-3 -39
61 47
1 -82
-55 29
-82 80
64 -42
79 -32
-9 92
-52 9
-86 29
-12 23
56 51
-93 -8
-82 80
-96 30
-55 29
0 0
0 0
98 6
-52 9
58 -87
-9 24
58 -87
-52 9
-82 80
-80 -52
43 -80
17 66
-52 9
64 -42
-23 84
0 0
-87 3
-12 23
-75 -33
-80 -52
-26 19
4 -85
0 0
-96 2
78 32
-76 -42
16 50
-1 -53
51 32
46 -34
69 -30
-2 32
-83 63
-57 8
78 32
4 -85
-43 -3
30 82
-65 95
-100 77
9 -45
86 48
44 48
-31 -44
-65 -95
-99 -25
-91 76
93 75
27 -61
76 -88
-42 -4
-76 -24
-91 76
-74 23
-73 -78
-65 -95
75 31
9 -45
-31 -44
9 -45
-31 -44
75 31
-99 -25
0 0
9 -45
9 -45
75 31
76 -88
-58 -66
59 14
9 -45
2 10
-58 -66
59 14
9 -45
44 48
89 -56
59 14
-65 -95
86 22
75 31
9 -45
86 39
44 48
-91 76
59 14
86 48
89 -56
65 -54
-24 -35
12 15
59 -23
-58 -93
65 -54
-24 -35
47 84
-24 -35
65 -54
85 -42
-58 -93
-34 -23
59 -23
0 0
-24 -35
-43 -72
0 0
85 -42
-43 -72
-2 95
-96 -18
43 44
-53 -46
-93 -28
75 49
-93 -69
-78 83
-93 -69
-35 34
14 -87
75 49
-81 -65
0 0
88 -53
-42 92
65 58
-66 64
-96 -18
-93 -51
-93 -69
89 24
65 58
19 100
-93 -69
-2 95
88 -53
14 -87
-93 -69
-66 64
0 0
14 -87
-35 34
43 44
-2 95
95 83
-66 64
-53 -46
-61 -71
-42 92
75 49
0 0
87 65
14 -87
89 24
1 -83
-66 -50
-61 -45
-29 -88
1 -83
0 0
29 65
-36 -27
62 -76
-61 -45
-17 -28
32 99
32 99
-54 -28
-91 -38
-17 -28
69 8
-9 73
-89 -44
0 0
-1 38
1 3
-91 21
0 0
0 0
-79 36
38 30
1 3
-30 41
-91 21
11 -96
38 -12
-30 58
57 -65
38 -12
0 0
12 -4
0 0
-30 58
1 3
-38 51
-86 23
0 0
-86 23
0 0
16 -27
-93 97
-86 23
38 30
12 -4
38 30
57 -65
-7 75
53 -9
78 1
76 -94
-58 -1
-69 41
29 68
14 -4
-89 -63
0 0
52 -92
72 22
-39 50
-28 6
56 41
-74 84
-32 17
49 80
29 67
12 -13
-16 46
-58 -1
-12 17
93 39
94 42
-77 -53
-12 73
45 -18
-58 -97
-24 53
-12 17
93 39
-16 46
-12 17
-58 -1
-13 -60
-90 73
-81 13
6 8
53 56
14 -4
34 16
-45 81
-97 1
56 41
78 -89
42 46
-11 -14
0 0
24 -80
89 -80
6 8
-85 -14
-13 -60
4 78
17 -52
-58 -1
56 41
6 8
17 -52
6 8
42 46
6 8
14 -4
-29 -55
-52 26
90 46
-39 50
53 56
-52 26
-52 -20
90 46
-74 84
-36 19
1 -85
-8 34
-10 6
-22 15
-14 -80
70 -26
-73 19
80 -86
44 -34
96 77
-33 -64
17 97
-90 51
-70 -83
-10 6
-27 -4
-73 51
4 97
0 0
9 43
42 88
80 -86
-8 34
81 -23
9 43
0 0
9 43
-73 -10
0 0
89 62
-12 21
10 96
-85 24
-86 -93
-22 15
8 19
24 38
-60 -29
-70 -83
-12 21
89 89
80 -86
34 65
11 -26
9 43
-73 -10
16 74
60 -5
52 -68
-8 34
-34 77
9 43
10 96
38 23
-10 6
-22 15
-12 21
0 0
51 79
26 -12
34 65
95 -30
89 89
-34 77
93 99
-34 77
-48 54
-89 -17
-48 54
8 19
80 -86
70 -26
-86 -93
-22 41
-89 -17
16 74
0 0
-90 51
-48 -14
-50 55
-89 -17
0 0
-12 21
-12 21
24 38
96 51
-48 -14
81 -42
-22 15
-74 -78
-14 -80
-67 70
9 43
29 -56
93 99
11 -26
-50 55
76 -34
-12 99
-48 15
-22 41
60 -5
-22 15
-12 21
-10 6
-12 21
60 -5
6 41
-73 51
89 62
20 66
-63 29
6 41
52 -68
60 -5
0 0
52 -68
96 51
-48 -14
-22 15
27 97
-14 -80
0 0
76 -34
17 97
93 -59
9 43
4 -59
4 -59
0 0
1 -85
-42 -50
49 -55
56 -48
-23 28
-64 54
-59 -29
97 -65
24 19
-42 48
49 -55
-30 -21
-11 -22
18 -7
23 84
-44 19
9 -50
26 -44
-44 19
34 28
14 17
0 0
35 29
34 28
25 32
-62 -29
56 -48
-11 -22
99 -31
-11 -22
19 39
23 84
0 0
-24 29
63 -76
-46 -94
71 -39
-66 10
97 -65
100 -34
34 28
-42 48
-95 -40
49 -55
34 28
-42 48
25 32
-42 -50
8 -93
99 -31
45 -96
75 0
-64 54
19 -4
77 -5
-64 54
18 -7
56 84
99 -31
19 39
91 -98
45 -96
46 19
-44 19
0 0
-56 7
-11 -68
56 -48
-56 7
-62 -29
14 -30
35 29
14 17
100 -34
-44 82
34 28
24 19
-95 -40
26 -44
100 -34
18 -7
45 -96
-59 -29
0 0
-79 -67
56 -48
-79 -67
63 -76
-97 84
42 75
61 -32
-23 28
91 -98
34 28
-44 19
97 -65
75 0
24 19
95 71
-74 88
18 -7
64 36
91 -98
-66 10
26 -44
34 28
61 -32
-97 45
-100 92
-46 -94
-97 45
-42 48
75 0
14 17
-17 -28
-64 54
1 -85
25 32
-56 7
-27 -38
-1 47
72 -79
-3 -9
82 14
72 -79
3 33
-3 -9
-59 -37
-3 -9
-3 -9
-61 -30
5 -80
-14 36
63 94
30 -46
-86 59
79 26
0 0
-3 -9
24 -10
72 -79
82 14
-59 -37
-3 -9
51 -30
-48 -91
-86 59
68 -54
-1 47
-86 59
-62 -47
-50 -81
0 0
-36 34
-50 -81
-26 -87
-3 -9
-2 60
-77 -62
-4 3
12 -67
75 18
-4 3
0 0
-4 3
-99 94
-4 3
-15 -11
-17 -70
75 -51
-98 4
-70 79
-89 -9
80 75
-2 -8
0 0
-45 28
12 96
-53 28
0 0
34 56
0 0
-45 -34
-51 -42
-41 44
-63 38
-68 -45
-2 -8
-4 3
35 38
52 14
22 24
-4 3
28 -17
-98 4
86 64
12 -67
22 24
-61 -57
52 14
61 39
-4 3
-96 3
-98 -55
11 -73
28 -17
-2 -8
39 17
-61 -57
5 69
15 -46
65 97
-23 66
79 -50
0 0
-4 3
-17 -70
0 0
-4 3
-89 -9
-4 3
-4 3
0 0
0 0
95 43
35 38
2 34
-4 3
75 18
-98 -55
2 -91
-66 95
-39 8
-5 94
-25 93
13 5
0 0
-28 54
-100 -75
13 5
-1 -63
-100 -75
13 5
6 -11
6 -11
-66 95
0 0
4 33
64 25
32 57
-47 -3
-31 -67
65 -9
-47 -72
-9 -48
-99 60
73 74
-67 -9
6 -11
57 9
-5 94
6 -11
6 -11
9 -51
100 18
-39 -42
-5 94
91 -60
-1 -63
91 -60
78 14
0 0
6 -11
32 57
-58 8
-47 -72
6 -11
73 74
-32 83
78 14
-45 -34
86 97
65 -9
32 25
0 0
17 -19
62 -5
0 0
13 5
-31 -67
-97 -31
32 25
6 -11
0 0
4 33
100 18
-1 -63
-45 -34
57 71
0 0
-87 86
-8 -92
-1 -63
0 0
-45 -34
6 -11
16 -90
-54 -71
32 25
57 71
57 9
-39 -42
48 -99
-65 30
6 -11
-14 -74
6 -11
13 5
-9 -48
-14 -74
-7 48
0 0
6 -11
64 25
2 -91
78 14
-39 -42
21 -19
-84 -75
-8 -92
81 -26
-7 48
0 0
-84 -75
-25 93
6 -11
89 76
6 -11
21 -19
6 -11
-8 -92
57 9
97 47
-29 -100
-28 54
6 -11
-47 -3
4 -87
44 -37
48 -11
-5 22
-21 -89
71 -55
14 50
-40 30
-61 -36
-41 20
89 44
-5 22
72 93
4 95
75 -49
82 29
25 69
18 1
-61 -36
56 -42
52 99
24 -13
-79 30
-94 -58
4 95
-37 22
-3 -3
82 29
-64 -68
14 100
-5 22
87 30
24 -13
-5 22
13 99
-41 73
69 5
24 -13
75 -49
-5 22
24 -13
-78 86
94 94
-43 -49
-37 22
-12 88
4 5
-37 22
-3 -3
-5 22
-5 22
-67 -89
87 30
-5 22
-5 22
-37 22
4 95
44 -37
-68 -46
3 -35
-68 28
-5 22
-53 20
-43 -49
69 5
77 36
31 82
-79 30
-93 -3
56 -42
-68 28
-12 88
-5 22
-37 22
4 5
-87 -12
-5 22
4 5
-4 -26
-8 49
-34 83
-5 22
56 -42
31 82
-20 68
-5 22
-3 -3
4 5
15 75
-48 76
-68 -46
-8 49
69 5
-42 -1
24 -13
-66 65
-56 16
-12 88
-18 70
4 5
-43 -49
18 1
-5 22
-5 22
-43 36
-43 -49
14 50
18 1
-3 -3
64 -20
-56 16
52 99
18 1
-49 -42
-5 22
37 -65
-66 65
-56 16
-68 -46
57 -47
-5 22
52 99
-18 70
52 99
-40 30
-79 30
-70 -24
-5 22
-41 20
31 82
24 -13
-94 -58
-5 22
94 94
52 96
-43 36
4 -87
60 29
-77 -2
24 -13
-93 -3
-5 22
13 99
-79 30
15 75
-5 22
49 39
-5 22
14 50
-37 22
14 50
31 82
14 -47
24 -13
-4 47
-35 -26
46 -67
86 -100
56 52
2 2
13 -10
-35 -73
23 5
10 -88
-25 51
13 -10
23 5
10 81
67 14
0 0
67 -27
23 5
97 92
66 99
47 -9
-2 -17
0 0
20 -7
20 -7
-12 44
29 -8
-9 19
-34 -43
-85 -18
23 5
-60 -1
2 2
3 26
-39 31
23 5
23 5
-21 -59
2 2
-84 47
-40 -8
-49 -26
66 99
86 32
66 99
13 -10
50 71
61 -57
-54 3
64 98
-78 33
95 25
50 71
11 71
77 15
59 73
-32 43
-84 47
96 78
50 71
20 -7
61 -57
-93 -83
3 26
73 -2
90 20
23 5
29 -8
83 -55
67 14
67 32
75 -61
64 98
29 -8
100 15
-32 43
13 -10
47 -9
73 -2
-25 -50
61 0
0 0
86 32
20 -7
-86 22
10 81
-9 19
-9 19
67 14
91 43
29 -38
46 -67
-23 66
21 34
-52 87
0 0
76 62
46 -67
78 32
0 0
13 -10
29 -8
23 5
-23 66
-78 33
-75 -41
-77 -53
57 66
2 2
76 -74
64 98
-85 -18
11 71
86 32
23 5
97 -20
-31 -26
22 -60
20 -7
86 -100
-42 2
-60 77
-91 -30
46 -67
29 -8
-35 -73
-75 -41
83 -55
11 71
24 -73
67 14
78 32
-2 -17
-35 -73
13 -10
67 14
21 34
24 -73
29 -8
20 -7
-81 -40
-20 -60
-71 90
57 66
13 -10
64 98
23 5
-52 87
-35 -26
-34 -43
2 2
23 5
20 -7
67 32
0 0
22 -60
6 -32
18 -23
0 0
29 -62
-47 28
76 60
-19 22
18 -23
-84 -49
50 63
-27 50
30 42
81 -57
49 65
74 -91
69 14
-69 -24
18 -23
-47 28
1 -53
35 5
0 0
-63 -61
49 55
0 0
66 99
52 -85
-60 -10
-47 -43
6 -80
0 0
0 0
43 -54
-84 -12
-25 -51
0 0
-62 -75
43 -54
18 6
76 -74
-13 -26
43 -54
-34 -50
0 0
-71 66
1 -53
-72 95
28 26
27 -10
-55 -14
-20 46
-22 -9
69 85
7 -83
24 2
0 0
99 37
-78 -33
6 -80
43 -54
-66 8
80 61
43 -54
-56 65
-26 -62
-17 -98
0 0
-13 82
0 0
-20 46
70 -59
-88 3
-25 -51
-77 71
-63 -61
47 -73
-55 -14
87 26
0 0
-41 51
87 26
-67 -90
43 -54
83 -41
0 0
76 -74
38 42
-72 95
97 -67
-62 -75
7 -83
-28 83
-48 -85
-77 71
-60 -10
-47 -43
0 0
0 0
-20 46
80 -97
18 6
52 -85
6 25
11 95
-85 99
-88 3
0 0
-9 98
38 39
0 0
17 16
-13 82
93 75
-25 -51
80 -97
0 0
-56 65
-98 -73
-41 51
-85 99
76 -74
-13 -26
-66 8
80 61
0 0
-98 -73
18 6
-85 99
-64 -83
43 -54
-63 -61
0 0
0 0
-73 5
49 55
-51 10
-13 -26
-17 -98
-88 3
-60 -10
98 93
0 0
0 0
-9 98
-84 -12
80 61
-34 -50
-73 5
0 0
7 -83
-77 -78
0 0
0 0
18 6
6 -80
82 19
93 75
47 -73
69 85
-20 46
-45 63
-64 -83
28 26
0 0
93 75
1 -53
-22 -9
0 0
-60 -10
-48 -85
-1 64
-91 2
-36 -22
-40 57
-1 64
53 -27
-92 -30
-13 45
10 10
-57 62
-14 69
-86 27
5 0
10 10
63 93
-57 62
-1 64
4 4
10 10
-36 -22
-75 -80
-14 69
98 32
13 -12
5 0
74 -75
68 43
35 -14
10 10
72 45
63 75
95 -12
-72 6
4 4
10 10
10 10
95 -12
-13 43
-52 49
35 -14
48 11
4 4
-13 45
-6 -21
91 -66
52 46
-13 45
82 91
0 0
84 -36
63 75
-6 -55
-13 45
-42 5
0 0
-86 27
100 54
4 4
12 31
-21 52
48 11
-14 69
21 -92
41 34
-13 43
-72 98
-85 42
63 81
66 -46
79 19
1 -53
-72 98
-1 64
0 0
-41 95
68 43
-40 57
43 23
4 4
98 32
35 -14
12 31
-56 66
4 4
72 45
22 -80
35 -14
-92 -30
82 91
-13 43
72 45
-40 57
0 0
-68 58
-47 -12
63 75
10 10
-7 47
29 -39
4 4
34 52
95 -12
0 0
98 32
-6 -21
-13 45
100 54
5 -85
95 -12
10 10
41 34
38 -56
12 31
95 -12
4 4
-47 -12
63 93
5 -61
4 4
-36 -22
-25 -19
31 10
-92 -30
5 0
-75 17
-47 -12
-92 -30
74 -75
75 -44
-13 45
95 -12
34 52
21 -84
68 43
-7 47
17 -94
-68 58
-58 12
-1 64
-60 10
41 34
21 -92
91 -66
-72 6
10 10
13 -83
10 10
-7 47
-68 58
-72 -71
34 52
-13 45
35 74
-48 -71
-58 12
34 52
4 4
-13 45
68 43
4 4
69 -49
-68 58
-6 -21
-13 45
95 -12
0 0
-29 -4
-80 -83
-52 49
-80 -83
72 -66
5 0
5 0
-75 -80
38 -56
-57 62
4 4
10 10
79 19
22 -80
4 4
4 4
32 58
-92 92
-91 2
68 43
-13 45
-47 -12
32 58
-14 69
-52 49
-9 -9
0 95
0 95
69 75
0 95
69 75
-9 -9
-17 83
19 20
0 0
76 -73
-73 20
-28 -37
0 0
96 -92
-69 49
-87 24
6 7
-99 41
91 80
19 20
-87 24
-17 83
-69 49
-73 20
-91 -92
82 -63
6 7
0 -39
-61 28
-28 -37
-17 -25
-46 -25
6 7
6 7
91 80
-61 28
-28 -37
-100 9
96 -92
19 20
-61 28
6 7
6 7
-100 9
76 -73
50 40
-100 56
0 0
66 -64
82 -63
-100 56
83 40
6 7
71 -67
-41 -66
20 82
76 -73
47 32
2 36
3 -72
-84 -47
-36 -36
-68 71
-64 59
-72 59
0 0
-46 -2
60 31
-89 89
-22 4
0 0
-7 -6
19 -50
39 -10
-20 8
-15 48
-20 8
85 10
91 68
-12 -32
39 -45
-98 -77
-84 56
41 90
-46 -2
-77 -19
-22 4
-22 4
96 3
-98 -77
0 0
-89 89
-37 -37
-46 22
-7 -6
0 0
-56 77
-37 -37
88 -17
-7 -6
0 0
-46 22
85 10
14 79
39 -10
96 3
-40 -39
-89 89
96 3
-86 -61
12 52
-64 59
39 -10
-7 -6
2 12
-41 -20
-72 59
-7 -6
0 0
-40 -39
41 90
-84 56
60 31
3 -72
-68 19
-41 -20
-98 -77
-64 59
96 -24
91 68
41 45
-14 -90
-77 -19
-89 89
-63 54
7 23
3 -72
39 -10
-7 -6
39 -45
41 90
-4 55
0 0
39 -10
91 68
-63 54
85 10
-46 -2
-20 8
91 13
-48 -69
2 12
-77 -19
41 45
41 90
-4 55
-20 8
-22 4
97 -7
-78 86
2 12
68 60
0 0
91 68
96 -24
-15 48
-13 -35
-86 -61
0 0
68 60
56 80
-7 -6
85 10
91 13
-19 -38
78 -28
98 10
65 16
7 23
-46 22
91 68
-78 86
-20 8
-84 -47
-25 62
0 0
2 12
-46 22
97 -7
85 10
-25 62
-4 92
-19 21
-19 21
56 40
-72 68
0 0
0 0
2 -34
37 47
84 -44
-42 -73
-73 -77
75 -42
-82 15
-35 38
61 31
0 0
-42 -73
-45 -43
61 31
-19 21
0 0
-99 -2
-42 -71
61 31
-42 -73
20 -29
88 61
-87 -100
-73 -77
82 95
84 -44
-68 -22
-72 -78
-45 -96
-45 -43
56 40
23 -38
-35 38
-71 -25
-2 -85
-41 72
-58 1
87 62
0 0
0 0
-80 -71
75 -42
-35 43
0 0
-37 35
88 61
2 -34
-71 -25
-37 35
-2 -85
23 -38
3 -46
-2 9
58 -78
-15 86
26 48
53 -31
58 -93
8 -6
53 65
0 0
92 70
36 21
72 -41
-15 -72
56 -96
-58 -16
8 -6
0 0
26 -96
53 -31
51 -56
-58 -16
-2 9
0 0
70 3
30 59
-2 9
31 -50
33 -31
26 48
44 5
0 0
59 -75
-35 99
47 -24
42 74
-21 2
-85 -60
51 -56
94 -22
-78 -6
0 0
77 -57
-1 66
0 0
-98 65
-54 -92
-20 -46
-93 -81
-72 51
-30 -33
56 -38
-25 -20
0 0
-60 -98
83 -47
-32 -25
15 -99
-8 80
75 -31
35 87
84 3
-74 75
82 32
-20 6
-89 -21
0 0
60 81
-20 -46
-53 43
-88 -62
60 81
23 89
86 -77
51 -45
-25 -20
52 56
-59 86
-20 -46
-54 61
-20 6
-90 -57
86 -77
-1 66
82 32
0 0
76 -14
-49 -9
60 81
-98 40
17 42
-25 14
-29 -80
-20 6
-25 -20
58 -99
-93 -81
11 -44
17 42
0 0
39 -42
52 56
15 -99
-52 91
51 -45
94 -55
17 42
67 -84
45 87
3 45
-57 90
11 -44
11 -44
-25 14
-49 -9
-32 -25
-49 -91
-8 80
-40 -24
-84 47
88 79
0 0
17 42
-32 -25
0 0
-25 39
57 67
-52 -21
0 0
17 42
0 0
75 -31
-73 -76
3 -54
-52 91
-99 8
-93 -81
17 42
-52 91
-98 40
-57 90
-90 -57
35 85
-98 40
-35 -46
29 -98
-20 6
55 -20
17 42
84 3
11 -44
51 -45
0 0
23 89
-52 91
-73 -76
-74 75
-32 -25
-49 -91
84 3
-88 -62
29 -46
39 -42
12 -81
90 -61
0 0
-17 11
23 77
-17 -40
-17 11
1 8
1 8
-4 -5
36 -16
90 30
-20 83
57 -16
-50 16
-17 11
1 8
46 47
68 -75
-25 -31
-79 34
-20 83
57 18
43 80
-81 43
-17 -40
0 0
-91 67
0 0
-29 -8
0 0
-23 67
89 79
-95 60
-22 -44
40 -9
-2 -65
0 0
64 -17
43 80
-23 67
-44 -26
-4 -5
0 0
-18 10
16 -34
-17 11
-17 -40
0 0
-18 10
0 0
57 18
-74 71
0 0
12 -81
-17 11
-22 -44
-18 10
-25 -31
-22 -44
-2 -65
31 -92
16 -34
-28 30
89 79
-4 -5
-67 -7
-30 -98
-2 95
-43 66
-72 11
8 45
70 -99
-43 66
-70 -2
-62 -19
70 -99
-13 -24
-2 95
-43 66
-70 -2
-61 58
-70 -2
-62 -19
0 0
-98 40
0 0
-76 23
1 -43
0 0
15 85
-26 -45
-100 -78
-41 -72
0 0
28 -15
-23 68
23 19
30 -58
64 27
-25 -41
-92 8
-26 -96
-40 28
24 25
56 83
28 -15
19 -53
40 86
19 -53
-40 28
0 0
10 91
-62 -72
-45 -86
-40 31
0 0
22 -14
64 27
-81 67
22 -14
0 -74
54 -46
13 13
9 23
-6 85
9 -36
54 2
9 23
21 73
10 91
24 25
9 23
28 -15
54 2
-41 -72
9 -36
-25 -41
-48 -83
-25 -41
-25 -41
-53 -45
0 0
-14 55
23 19
-25 -41
-23 68
-92 8
76 69
23 19
-25 -41
0 0
-8 39
9 23
78 -82
-12 -42
-91 -35
78 -82
64 -34
63 43
-25 -41
-87 55
-48 -83
-43 71
0 0
-26 82
-92 8
13 13
0 0
2 -57
-6 21
-88 -68
-35 -64
-28 -11
27 -2
-6 21
-20 -1
47 -100
19 29
14 -18
15 85
-22 -41
-3 -59
62 65
-15 -49
30 -10
23 72
-4 -51
92 9
47 -100
23 72
92 9
27 -2
-29 69
-6 21
-48 64
91 3
42 -44
-56 58
-32 27
-11 -82
30 -10
27 -2
8 -89
63 -64
92 9
15 85
-30 -33
-88 -68
24 15
-56 54
15 85
-28 -11
30 -10
-65 90
91 3
-50 -5
-15 -49
27 -2
-11 -38
-35 -64
-11 -38
-15 -49
69 -7
-71 -69
-56 58
-85 36
27 37
-6 21
19 29
-16 -59
77 28
27 -2
-49 -98
-11 -82
-83 78
93 34
-28 -11
-12 -37
-11 -38
2 -57
19 29
-34 100
69 -7
-4 -51
-3 -59
4 -5
0 0
27 37
-28 -11
-65 -95
-75 94
-50 -5
-63 33
-81 29
30 -10
-11 -82
75 46
-49 -98
-48 64
27 -98
80 38
-12 -37
14 -18
-81 24
-11 -82
-6 -93
-3 82
80 3
42 -25
-3 82
0 0
-22 2
-22 2
42 -25
-29 -67
42 -25
-85 24
35 4
-22 2
-73 -28
-8 53
11 -44
15 -42
74 17
-7 3
-38 -100
-17 -76
0 0
-85 -76
88 -42
99 -17
-7 3
5 70
15 -42
15 -42
11 -44
72 -87
-7 3
9 66
47 -76
-56 -62
43 9
73 -29
30 47
83 -82
30 -49
30 -49
-13 -2
30 -49
15 -42
15 -42
86 49
17 -84
11 -44
22 90
-58 62
56 -11
20 -63
15 -42
50 -31
45 -38
99 37
-7 3
30 -49
72 -87
96 12
11 -33
30 -49
-64 26
50 -31
-33 -69
96 12
-4 22
37 -49
15 -42
43 -68
83 -82
-89 -56
72 -87
15 -42
73 -29
-84 -34
-7 3
-58 62
-85 -76
78 -78
86 49
29 100
15 -42
0 0
47 -76
15 -42
5 70
-13 -2
40 -55
15 -42
61 -75
5 70
-13 -2
-71 -39
30 -49
15 -42
45 -38
61 -75
-13 -2
29 79
-33 -69
-7 3
-4 22
30 -49
30 -49
96 12
0 0
-4 22
-14 64
-41 92
50 -31
82 61
73 -29
-4 22
11 -44
88 -42
30 -49
96 12
-7 3
-7 3
50 -31
18 -70
-47 4
-8 -9
85 -37
29 51
0 0
-10 61
-22 -36
20 55
42 -28
-41 -57
42 67
0 0
-1 78
-50 39
62 21
10 -75
-60 -28
58 -88
70 -1
-77 -91
88 95
-3 -14
-48 -88
-1 -97
-64 -41
-89 45
-3 -14
-97 32
-1 78
-70 -32
32 13
51 85
62 21
11 4
67 -86
67 71
-54 9
67 71
62 -88
-54 9
-3 -14
-56 -35
90 78
-3 -14
-1 78
-3 -14
-1 18
-3 -14
-60 -28
-74 -94
-5 70
70 -16
11 4
-47 -45
29 68
70 -16
70 -1
6 -51
62 -32
0 0
-3 -14
54 -6
11 4
-1 78
98 87
-3 -14
-5 70
58 -88
53 -56
-94 -7
-60 -28
0 0
30 -50
30 -50
-3 -14
-56 -35
-3 -14
-54 9
-64 -12
-3 -14
-5 70
67 -86
70 -1
21 -89
-1 95
0 0
26 98
37 -40
-40 -100
-12 -6
0 0
-12 -34
-83 23
-12 -34
41 -67
-34 -45
-47 16
-32 -38
26 98
-7 5
-47 16
-1 95
15 -28
83 -54
-81 98
0 0
-91 -95
-1 95
75 45
-7 5
76 41
5 -98
-32 -52
-41 82
-11 -33
-63 78
-29 -31
-82 64
92 15
-81 5
-2 83
-2 71
76 -23
-37 -84
-30 28
37 26
-71 0
-3 12
12 3
72 -95
72 -59
27 45
-2 83
46 10
18 75
26 -27
-30 28
18 75
-95 -32
78 -54
-25 -32
0 0
12 3
-71 0
-78 -57
-3 12
71 -91
0 0
-78 -57
12 3
12 3
-30 28
-90 10
-3 12
-9 -33
-71 0
18 75
-3 12
79 -36
-60 24
26 97
-59 -19
27 79
12 3
-9 -33
-2 71
37 26
26 -27
-2 71
-3 12
-67 -77
76 -23
37 26
-49 60
-20 -17
72 -95
-20 -17
41 -89
-60 24
-64 -82
0 0
67 39
-45 49
-90 -82
-60 24
6 5
44 88
67 39
30 100
0 0
-90 -82
-9 -33
81 -50
-18 -65
-71 0
-64 -82
97 -95
34 36
-8 -19
29 -25
79 -36
-90 13
8 8
-50 38
-3 12
-49 52
12 3
2 54
-59 -19
-28 38
-49 60
-60 24
27 79
32 -98
71 70
0 77
24 6
12 3
71 70
-20 -17
-90 10
-2 71
-30 28
24 6
-37 -84
0 0
11 -67
34 36
-74 69
24 6
1 67
79 -36
-71 0
24 6
-9 -33
-93 31
-3 12
14 -18
-45 49
68 73
-31 30
-68 49
96 27
14 -18
-9 -33
-18 -65
-43 13
34 36
14 -18
75 54
24 6
12 3
63 57
-2 22
30 -54
15 -56
-36 -28
7 67
72 -93
54 -14
-8 -55
-47 -59
34 -51
46 29
-92 -17
64 -11
0 0
-26 -85
-36 -28
-92 -17
-47 -59
0 0
32 90
72 -93
-39 -68
75 35
-36 -28
20 16
34 -51
82 -2
15 -56
46 -70
72 -93
75 35
-57 -7
82 -2
54 -14
12 12
34 -51
-36 -25
64 -11
15 -56
-92 -17
34 -51
-31 -59
-94 -72
12 12
46 29
2 81
-94 -72
54 -14
12 12
7 67
-31 -59
46 -84
-94 -72
34 -51
-39 -68
-94 -72
7 67
46 -84
34 -51
0 0
72 -93
-36 -28
-36 -28
7 67
34 -51
-36 -28
14 -89
-30 28
-41 26
34 24
19 98
86 24
-65 -93
-19 -47
0 0
-52 -16
27 59
-20 -3
-26 20
19 98
96 -62
64 7
-40 91
-31 -17
0 0
3 -65
1 -4
27 -16
17 -17
-90 -16
92 -96
-69 -93
-92 71
77 -19
-86 -50
17 -17
17 -17
98 -70
10 -14
-25 81
1 -1
1 -4
94 81
1 -4
52 -45
14 -10
12 -73
-5 0
1 -4
3 -65
74 -95
-69 -93
97 -30
-56 -76
1 -1
0 -19
67 -72
42 48
44 -28
3 -65
82 10
68 25
1 -4
-15 76
-1 45
41 1
-10 7
-80 57
-18 -4
-44 -45
0 0
-4 -29
77 -58
0 0
-18 -4
27 53
97 -49
96 99
-10 7
-36 63
-99 -9
-22 53
-58 24
-4 -29
30 0
60 57
-50 35
-10 7
-20 -76
97 -49
58 85
-100 63
-18 -4
-51 50
-93 -7
-51 -19
11 -43
-10 7
-44 -45
0 0
-99 -9
-99 -99
0 0
0 0
48 26
-34 45
-86 87
65 37
24 56
41 -41
-51 -19
77 -58
-99 -9
-1 45
-4 -29
37 -34
-79 -28
-1 45
0 0
90 -42
20 18
49 93
-51 50
-99 -9
0 0
90 -17
68 45
-85 30
83 -2
9 -21
-7 -22
37 -34
-51 -19
-20 -76
-10 7
-20 -76
30 0
-4 -29
-1 45
0 0
-17 -81
83 -2
48 26
-86 87
-64 -8
-51 50
33 63
15 -40
19 -36
-10 7
0 0
9 -21
48 26
0 0
-96 50
18 52
-99 -9
68 45
-13 -97
-10 7
41 -41
-10 7
11 -43
68 45
-36 63
-58 24
68 45
48 -84
37 -34
58 85
-4 -29
-17 -81
-36 63
40 -9
33 63
-51 -19
-50 35
0 0
92 -59
0 0
68 45
28 28
0 0
40 -9
20 18
-18 -4
20 18
92 -59
-13 -97
53 -55
37 -34
-10 7
33 63
90 -17
-44 -45
-34 45
-86 -28
18 52
-10 7
9 -80
-56 84
-99 -79
-28 -42
49 -52
42 -9
-11 22
5 -5
5 -5
-17 -14
-9 -97
86 64
-43 32
-97 2
-56 84
-54 -27
-43 32
-99 -28
-21 -44
-99 -79
-11 22
-44 9
-18 -68
-63 96
5 -5
-81 -89
-9 -97
43 -53
-44 9
-20 -6
-75 56
-98 -38
58 27
-17 -14
25 -17
-17 -14
13 64
9 -80
5 -5
49 -52
-80 -17
47 -39
77 100
9 72
83 -2
50 -74
0 0
-6 18
5 -5
9 72
-56 84
-40 -90
5 -5
81 -34
24 41
-98 -38
9 72
-44 9
82 4
-85 -84
24 41
-17 -14
49 -2
0 0
98 73
0 0
-98 -38
-46 51
-43 32
5 -5
-7 -71
9 -80
83 -2
93 83
-97 74
86 64
-53 -85
-68 -56
5 -5
-75 56
-80 -87
-17 -14
-80 -87
-21 -44
24 41
-65 -1
19 -90
20 61
58 27
80 45
77 100
-98 -38
50 -74
-43 32
-81 -72
49 -2
0 0
-20 -6
0 0
19 -90
-81 -89
15 -13
-28 -42
-56 84
-56 0
0 0
0 0
41 31
-17 -14
-17 -14
47 -39
36 66
-20 -6
-97 2
56 46
43 -53
0 0
-8 22
-44 9
-84 -22
82 4
16 -64
-87 14
42 65
49 49
25 60
-42 34
69 -85
-41 15
-24 -4
70 -68
71 78
-20 29
13 -31
85 36
70 -68
85 36
-42 34
4 43
-24 -4
3 -86
3 -28
28 -16
8 0
78 -5
-6 -5
-73 42
84 -58
-93 -2
39 53
-28 31
-6 -5
5 -48
85 6
-81 -24
-26 54
0 0
0 0
-3 -5
53 67
-90 86
0 0
85 6
17 -78
-77 63
-15 11
-43 -5
93 33
-14 4
0 0
0 0
-14 -37
-19 85
-75 97
-12 87
91 -76
-33 -47
-46 -21
54 23
-33 -47
0 0
-84 -49
-12 87
-100 -10
-46 -16
66 -11
66 12
77 -68
0 0
47 -18
59 95
0 29
0 0
-82 4
-33 -65
-3 -62
88 49
-3 -62
77 -68
0 0
88 49
0 0
66 -11
0 0
91 -76
77 -68
-11 28
-46 -21
-46 -16
54 23
65 -100
-33 -47
-84 -49
59 95
0 0
-3 -62
-13 69
-37 -54
48 42
30 22
-39 75
0 0
-34 -69
-90 -6
19 -59
-53 67
82 63
0 0
90 -29
30 22
-99 -46
34 37
80 -82
9 -30
17 8
19 -59
-20 -14
41 -48
-84 -26
79 96
-37 -54
-22 44
0 0
54 -13
29 16
-54 16
-99 -46
8 61
-20 -14
69 -13
-18 -58
95 12
19 -59
41 -48
-63 17
35 30
13 86
19 -59
0 0
0 0
-20 -14
-41 -45
28 -29
60 16
67 -69
-41 -45
-13 69
-22 44
-90 -6
-39 75
29 16
54 -13
-97 -19
-56 -27
8 61
-20 -14
89 87
-52 -99
29 16
41 -48
-84 -26
0 0
6 -72
-78 82
-65 -24
0 0
53 30
-31 81
-3 -35
0 0
-65 -24
78 40
-3 -35
78 40
65 12
6 -72
-75 71
0 0
24 -85
-75 71
78 40
-3 -35
-90 86
-31 81
48 29
92 6
78 40
55 -44
48 29
-63 -92
0 0
70 32
65 12
9 19
-42 55
92 6
-41 -53
11 90
53 30
0 0
-68 42
0 0
-75 71
78 40
0 0
0 0
6 -72
9 19
21 -81
78 40
65 12
29 93
29 93
-5 99
-5 62
-42 99
5 27
-29 -58
40 18
-53 -64
5 27
-6 67
-96 40
-34 -73
5 27
-23 -71
64 55
-54 91
-53 -64
-39 23
75 -91
32 1
-13 87
96 22
6 29
-62 -42
-41 68
-22 -18
87 94
92 -88
-76 73
-5 62
-58 -51
-57 -53
73 -68
5 27
-58 -51
-3 -75
46 38
-4 -51
-84 -3
-88 70
5 27
96 52
-57 -53
-34 -39
80 -5
-41 68
-83 -72
0 0
-5 62
73 -68
-34 -39
68 32
5 27
6 29
-3 -75
91 -33
6 29
-6 67
46 38
8 95
-38 -29
-29 -58
92 -77
94 -38
5 27
-57 -53
-76 73
33 29
0 0
0 0
5 27
-54 91
20 23
-88 70
5 27
-46 -5
-18 -49
-30 -92
-41 89
5 27
-22 -18
-81 -82
33 29
-23 -71
-27 99
0 0
39 -32
26 -18
-7 10
0 0
32 -83
4 26
-58 87
28 61
26 -18
4 26
-7 10
-7 10
4 26
-7 10
-80 37
69 57
4 26
32 -83
0 0
11 -53
76 71
62 0
11 -53
84 -68
16 -3
-13 33
-74 57
0 0
77 -79
77 -79
-46 12
0 0
-94 -78
0 0
-94 -78
0 0
92 -47
-94 -78
11 -53
24 64
-66 -6
-94 -78
14 -96
0 0
64 -13
97 50
14 -96
-10 48
45 -62
71 -76
-10 48
0 0
-8 45
82 -18
50 2
-8 45
0 0
-24 10
71 16
60 8
82 -18
-55 -81
-8 45
0 0
14 -96
71 16
-41 54
-2 99
-92 9
-45 51
-44 13
15 95
88 23
-10 -100
58 16
76 64
0 0
6 83
-55 67
58 -35
-45 51
-93 -16
-90 -82
-82 45
6 83
-23 64
-44 13
83 90
-34 77
-60 -29
17 -86
76 -66
76 -66
74 -34
90 -47
37 -31
74 -34
81 -38
-43 -98
-43 -98
37 -31
-71 -21
-43 -98
-2 39
-79 25
-41 -11
33 79
23 38
-2 39
-91 -43
-82 49
33 79
23 38
-91 -43
-93 -46
24 62
-23 94
-93 -46
9 -41
23 38
89 91
24 62
30 -9
0 -7
23 38
93 -100
89 91
43 88
4 -95
74 84
6 -95
4 -15
-17 12
77 -12
47 100
6 -22
0 0
25 9
0 0
44 -86
70 -44
19 -20
25 9
29 28
28 7
3 7
-2 32
90 -95
57 37
17 -10
70 -16
52 16
2 -24
84 85
63 -67
-30 5
82 -68
16 -79
52 16
24 -67
98 47
3 15
2 99
-88 94
17 -10
78 -27
82 -68
58 30
-92 85
-33 -35
2 -24
-92 85
-11 4
-2 32
-18 -38
17 -10
43 67
85 -22
59 32
24 -67
17 -10
16 -79
-94 87
-43 -9
90 -95
-33 -35
97 -54
-94 -20
-24 11
19 82
58 30
5 100
-42 -3
-91 -46
-63 89
2 99
-30 5
-29 -93
1 -12
-96 -97
30 22
38 75
0 0
-20 -15
32 -78
97 -93
-40 8
-3 -28
1 -12
20 2
59 31
-3 -28
82 17
48 -31
-34 25
-88 -48
-3 -28
47 84
23 93
64 -10
-91 -61
-6 -86
0 0
-62 -53
-96 -97
0 0
-51 -94
-3 -28
64 29
32 -78
-87 -49
-18 76
94 38
-53 70
-91 -61
50 42
-59 60
82 94
0 0
0 0
80 19
59 31
0 0
-85 62
-98 -97
-40 8
-53 70
39 78
87 44
-6 -86
-88 -48
87 44
-30 -53
64 29
-34 25
7 77
69 73
38 75
0 0
52 -56
-92 38
-100 41
94 38
0 0
66 -74
-36 -85
-100 41
7 77
-62 -4
-62 -53
-68 -86
-63 98
0 0
52 -56
41 -14
-98 -97
-62 -4
20 2
-30 -53
1 -12
7 77
-92 38
50 42
39 -58
-52 -39
27 -62
20 2
-96 -97
-92 38
7 -56
65 39
-34 25
66 -74
80 19
1 -56
69 -67
51 -22
38 84
1 -56
-96 -10
22 -38
0 0
-96 -10
92 -95
22 -38
82 20
0 0
1 -20
22 -38
51 -22
-84 -1
1 -56
22 -38
73 64
-81 85
-33 -49
14 -81
74 37
-37 23
-1 40
-93 24
-17 -64
-63 18
99 34
-34 -2
78 41
-17 -64
78 38
-30 -37
29 89
0 75
-59 14
-47 80
42 17
-17 -64
41 -15
-18 64
-43 51
93 -63
0 0
66 14
-50 -47
-29 -48
83 -76
99 34
0 0
2 11
2 11
3 1
0 0
98 87
-1 88
35 32
29 87
9 11
90 57
8 29
30 70
85 40
9 11
9 11
81 -61
84 57
23 52
10 24
48 -67
-88 -51
48 -67
41 -48
6 14
35 32
29 81
9 11
-67 24
8 29
-45 67
48 -67
-68 -20
73 98
-14 -79
10 24
-32 -93
94 37
84 57
3 -36
48 -67
-39 6
23 52
-55 58
41 -48
0 0
9 11
39 -75
10 24
-70 52
-65 14
0 0
23 52
23 52
-23 -91
39 -75
73 98
-28 -54
26 -63
-67 24
45 97
0 0
94 37
6 14
-55 58
-70 52
0 0
-23 -91
41 -48
-98 31
26 -63
-42 -73
6 14
3 -36
9 11
-45 67
-28 -54
1 -41
-3 77
2 -27
92 26
-64 63
-67 55
-3 77
2 -23
-46 -27
2 -27
74 -47
-21 -72
58 -50
2 -27
2 -27
-95 -11
-74 -19
96 24
-45 19
2 -27
72 -21
2 -27
-68 -20
46 97
2 -23
-31 -28
46 97
-63 76
97 -18
-30 18
15 25
-5 -89
2 -27
86 -87
42 -6
2 -23
2 -23
-2 32
59 0
2 -23
8 -67
44 16
92 62
-5 -89
2 -23
-67 55
59 0
90 -90
0 0
2 -23
2 -23
2 -23
-45 19
1 -41
-1 20
66 60
0 0
-1 20
0 0
51 -52
-25 84
-51 75
-44 15
-38 -15
10 42
-46 58
-37 -15
27 -65
0 0
-33 -30
0 0
0 0
0 0
27 -65
-37 -15
-33 -30
10 98
0 0
-74 15
86 63
26 -29
-33 -30
25 5
66 60
-66 72
-38 -15
-58 -26
-20 -31
27 -65
0 0
-66 72
47 -34
-16 -58
-37 -15
-100 -43
-85 -78
-44 15
0 0
-38 -15
-1 20
-24 8
10 98
86 63
-1 20
0 0
81 66
-1 20
0 0
0 0
-5 71
-87 -28
-15 39
77 29
-53 -60
-46 50
33 60
0 0
-72 -82
38 -74
92 -63
-45 -39
32 -77
0 0
-59 23
-44 -16
0 0
-3 -34
17 27
0 0
-87 -28
95 82
6 95
-5 71
-40 -30
-84 43
-53 -60
-2 23
87 -15
17 27
-59 23
35 -14
53 27
6 95
32 -77
92 -63
49 31
79 -69
0 0
86 -33
87 -15
0 0
-36 52
90 36
78 72
17 27
35 -14
18 76
57 -38
-40 -30
38 -74
-99 95
17 27
0 0
-36 52
-44 -16
78 72
-3 -34
-55 84
-45 -39
-42 -80
0 0
88 -71
-72 -82
94 -84
17 27
86 -33
-36 52
-36 52
0 0
53 27
-5 -53
86 -33
-45 -39
-53 -60
79 -69
-45 -39
88 -71
17 27
90 36
-16 -65
-44 -16
-15 39
-3 -34
-36 52
0 0
-53 -60
17 27
17 27
0 0
-16 -65
-14 39
30 59
-44 -16
-42 -80
-48 -4
-40 -30
86 -33
-53 -60
-46 50
-2 23
-82 6
0 0
35 -14
-45 -39
-50 19
0 0
-2 96
-14 -31
32 -9
8 85
-36 22
22 15
62 -87
65 7
-80 93
53 -17
-2 96
32 -9
44 32
-12 64
32 87
98 -22
32 -9
48 -19
22 15
-14 -31
13 64
-23 7
32 -9
98 -22
-23 7
-91 -17
0 0
-2 96
11 -81
-99 -98
-10 -48
93 -100
-14 -31
64 -50
-2 96
87 40
0 0
62 -87
60 -9
84 58
22 15
60 -9
65 7
-10 -48
-2 96
-83 -37
87 40
13 64
85 58
-99 -98
-38 -11
-44 -76
-12 64
-83 43
0 0
85 73
0 0
-8 -28
39 -86
62 -87
93 -100
60 -9
22 15
64 -50
32 -9
64 -78
22 15
48 -19
60 12
41 -62
85 73
93 -100
65 7
32 -9
-91 -17
22 15
8 85
-91 -17
-94 -29
-99 -98
22 15
93 -100
-99 -98
98 -22
32 -9
32 -9
-80 93
85 73
-1 -39
84 -8
-1 -39
-1 64
-16 15
-21 19
-77 -8
44 76
26 45
0 0
-76 -56
-54 -45
36 -52
-16 15
44 76
36 -99
-78 31
67 -46
-16 15
0 0
0 0
41 61
30 -69
-50 -4
36 -99
-46 78
-54 -45
-1 64
36 -52
-21 19
41 61
86 -42
44 76
0 0
26 45
58 -47
-77 -50
-41 64
100 -70
-76 -56
41 61
30 -69
73 7
30 -69
50 50
58 -47
0 0
0 0
-21 19
-77 -50
58 -47
50 50
-54 -45
-19 -81
-16 15
-19 -81
-21 19
90 98
30 -69
-4 43
-16 15
2 -22
35 -16
-63 -6
-46 75
-29 -60
18 -10
30 50
26 81
-58 27
44 80
52 33
-81 -72
11 -10
57 -33
80 -3
-46 -33
-16 -60
-70 25
-52 -78
57 -33
52 33
-46 75
82 93
29 -9
-58 27
21 65
-8 -69
-61 -6
-5 -98
11 -10
82 93
57 10
11 -10
-63 -6
-51 -21
11 -10
88 28
-31 -2
-100 92
29 -9
0 0
-24 42
39 -4
19 83
-24 42
6 19
6 19
35 -16
-18 2
57 49
26 81
18 -10
-54 31
-8 29
19 -53
-48 45
-70 25
-62 -78
-91 48
-25 76
18 -10
6 19
0 0
-81 -35
-31 60
0 0
0 0
-70 25
6 19
57 10
0 0
-42 0
16 73
-18 2
-31 -19
-6 48
-21 87
0 0
-51 -21
-68 -78
88 28
-46 75
-89 3
-16 -60
81 -95
-18 2
6 66
73 -97
-70 25
6 19
66 63
-54 31
-18 2
-86 34
96 59
26 81
73 -97
96 -8
0 0
-25 76
96 38
-31 -19
-31 -2
-31 -19
18 -10
6 19
2 -22
-79 74
-68 -78
-31 60
6 19
-36 95
-100 90
-68 -78
-91 48
-31 -19
-24 42
6 19
-54 31
52 33
-51 -21
73 -97
83 94
-27 14
6 19
-62 -78
6 66
57 10
-18 2
-46 75
44 80
-100 92
-42 0
-46 -33
95 27
26 81
-70 25
83 94
0 0
39 -4
2 -22
-98 -9
-9 79
81 96
20 -36
81 96
0 0
26 44
-47 0
47 -66
8 -3
72 -92
53 3
-28 -28
47 20
65 43
8 -3
-27 32
31 -38
93 33
-26 -12
38 45
-9 79
18 99
70 40
28 37
-56 54
-69 -22
42 81
34 -26
20 79
-74 -36
35 -34
-31 18
-40 -82
32 100
20 79
-100 -10
26 44
72 -92
0 0
30 -75
-32 47
89 -35
-14 -54
-71 49
33 87
31 -38
-27 32
-94 71
-31 18
28 37
-14 -54
-76 14
93 33
-32 47
-14 15
32 100
-100 -10
28 37
-34 35
22 55
0 0
-63 -24
39 48
-32 47
0 0
-93 91
98 33
45 -70
-3 26
-22 18
-37 30
-6 11
-6 11
44 -70
-33 0
4 15
-48 42
43 -16
-33 0
-40 -48
10 100
12 -46
-61 59
-10 -11
64 100
4 15
44 12
-64 -97
44 -70
0 0
0 0
-33 24
-3 26
-33 24
4 15
10 -69
-81 -25
43 -16
70 87
84 -24
83 14
10 -69
0 0
-3 26
72 45
-37 30
-48 42
-55 -5
-10 -11
4 15
-6 11
12 -46
-77 -95
-6 11
4 15
-26 -87
-11 42
-33 100
-19 26
64 29
-38 22
-20 -58
-11 42
60 -16
-38 22
-19 26
-38 22
-80 31
-34 2
13 70
-98 18
-19 26
-98 18
95 65
-46 -35
25 84
-19 26
92 76
-16 -54
-40 -20
-84 64
-19 26
-34 2
-38 22
69 17
-37 -14
79 -11
64 29
-34 2
79 -64
0 0
-40 71
-11 32
-89 -32
-17 34
60 -16
79 -64
64 29
-37 -14
95 65
-33 100
-38 22
-98 18
42 -64
-97 -21
49 -17
-19 26
51 87
42 -64
-34 2
-40 -20
-46 -35
-83 6
-19 26
92 76
-40 -20
2 34
-19 26
64 29
-33 100
12 32
-19 26
-64 -57
79 -11
-37 -14
39 87
69 17
-33 100
49 -17
-21 39
-34 2
51 87
-98 18
-21 39
-17 34
92 76
-38 22
-11 42
75 82
-80 31
-64 -57
39 32
15 76
-37 -14
49 -50
4 -71
80 31
8 44
-41 18
12 -27
-94 -20
-17 -7
7 -82
75 17
0 0
-15 25
-25 67
-42 51
15 73
-78 58
-17 -7
-15 25
35 -86
-66 -18
44 -98
0 3
12 -27
-14 50
-71 -43
0 3
44 -98
-96 50
-71 -43
0 0
-94 40
-78 -54
-94 40
-68 -87
-78 58
-87 27
-20 -31
-17 -7
0 0
7 -46
-22 77
-41 18
-23 -92
-94 40
-17 -7
69 26
69 26
-23 -92
7 -46
35 -2
-42 51
41 -63
18 88
100 -80
4 -71
-61 -22
-2 -54
-22 77
44 -98
-79 -22
34 27
7 -82
7 -46
69 26
2 46
0 0
44 -98
-61 -22
-68 -87
44 -98
0 3
0 0
-66 -18
31 -94
12 -27
-2 -54
1 -77
15 7
-16 88
85 81
11 -41
-2 -12
73 44
67 96
75 -20
-16 88
77 -53
-8 5
-16 -24
-12 -73
20 -21
-35 -23
71 -66
-16 -24
11 -41
61 -83
-50 2
29 80
-15 -52
25 -37
-57 -86
-49 6
74 93
-50 2
74 93
20 -21
-87 -44
-41 -30
-8 5
-2 -12
-68 96
96 -55
-56 -35
75 63
-16 -24
-27 89
85 81
-23 -53
-80 100
-88 -49
-78 -54
-8 5
-41 -30
25 -37
43 -46
-57 -86
1 77
-15 -52
-72 -43
-27 89
-21 37
25 -37
43 -46
-26 -76
-68 96
-90 -27
73 44
20 -21
75 -20
-32 -99
-52 52
-17 -2
-1 29
-30 64
100 16
-16 -31
0 0
-56 82
-60 -51
-90 -85
37 -5
-14 -73
-5 -29
-76 8
-34 -4
0 65
-11 -89
11 14
82 48
10 22
98 8
-42 -54
33 93
-1 29
-68 -98
-80 -50
11 14
16 -19
-1 29
-52 89
-87 66
16 -19
37 -5
-18 -67
-5 -29
83 65
-68 -98
-8 -6
-58 -80
0 0
-76 8
-32 86
70 87
-5 -29
59 -28
-55 -51
28 -18
2 57
47 -39
59 -28
100 44
-1 29
-88 -11
-42 -54
8 95
-10 73
-33 -5
70 87
-30 64
-34 -4
-90 -85
96 -3
-52 -41
-14 86
47 -39
97 98
-32 86
28 -18
40 53
-64 18
11 14
-42 71
40 34
-24 -37
41 33
-14 86
11 14
33 93
-11 -89
37 -5
0 0
41 33
-48 58
44 -20
-68 -98
88 72
8 95
69 -7
0 0
-56 82
-76 8
-16 -49
30 8
2 57
-1 29
10 22
-42 71
57 -67
13 82
-5 -29
-30 64
-32 -29
97 -83
-5 -29
-87 66
-10 73
16 -51
69 -7
11 14
-29 22
-55 -51
47 -39
-18 -67
97 98
-42 -54
16 -19
-53 -27
0 0
-71 41
-18 -67
37 -5
-55 -51
100 16
33 93
59 -28
11 14
0 0
-95 70
96 -3
-62 -78
-58 -80
-5 -29
-16 -31
59 -28
-52 89
98 8
47 -39
-80 -50
28 -18
-14 -73
-33 -5
2 -67
-75 -25
-40 -61
59 16
25 49
0 0
-34 -78
-6 -45
24 -6
-11 13
-6 -45
-49 46
98 -56
24 -6
6 82
-11 13
0 0
-24 -16
34 30
6 33
-24 -16
0 0
24 -6
82 -26
2 -67
97 -48
16 -55
40 4
-24 -16
6 33
0 0
0 -4
-29 55
-61 8
-40 -61
35 51
32 -6
-7 -2
17 -61
0 0
35 51
76 73
-12 -84
16 -14
0 -4
54 28
44 -61
1 63
-57 -86
50 -78
28 1
16 -14
-29 55
19 72
0 0
0 -4
92 81
37 60
37 60
27 -67
-82 81
-89 -45
-24 66
24 -6
32 -6
24 -6
-66 84
54 28
0 -4
-49 48
80 55
16 -14
19 -75
-66 84
-34 58
-82 81
7 49
97 -48
-73 -37
22 35
22 35
16 15
-7 -2
0 0
-57 -86
98 -56
59 43
0 0
44 -61
-55 12
16 15
59 43
-24 60
-55 12
35 51
22 35
76 -96
-7 -2
-26 5
53 68
-17 50
-60 -24
16 -55
28 1
22 35
59 16
-88 -50
19 72
0 -4
-4 -57
67 35
-11 13
-7 -2
79 -7
53 68
-12 -84
84 68
0 -4
92 81
-92 43
-34 58
16 -55
59 43
76 73
44 -61
0 -4
66 -58
6 33
50 -89
-24 -16
84 68
98 -56
-60 -24
50 -78
-75 -25
-89 -45
-42 76
-75 -25
6 33
0 -4
17 -61
-88 -50
0 0
59 43
36 -67
16 15
-24 -16
19 -75
16 -14
97 -48
-61 8
44 -61
98 -56
-94 98
35 51
-17 50
16 -14
-61 8
-9 89
0 0
-74 -95
-57 -80
-9 -42
37 -89
-64 -92
-48 28
71 40
28 -100
0 0
70 -29
-22 33
70 7
0 0
81 -85
-72 28
-3 -100
39 56
0 0
-63 98
-86 74
88 -46
81 34
37 -89
88 -46
-92 -68
81 -85
50 55
-13 89
-48 28
0 0
6 64
-27 -54
28 -100
39 56
-14 60
0 0
-61 9
-51 -79
70 -29
0 0
-64 -92
-74 -95
-3 3
-61 9
71 40
-3 3
-46 40
71 40
-9 -42
8 -48
88 -46
-72 28
6 64
-92 -68
6 64
-11 67
37 -89
-3 3
-3 3
28 -100
69 30
-3 3
0 0
0 0
28 -100
-48 28
42 25
-27 -54
0 0
0 0
-14 60
8 -48
-38 -97
71 40
-38 -97
-11 41
21 -17
98 -3
-76 -96
58 -93
40 24
-74 14
29 -25
84 -5
98 -3
0 0
10 14
-77 93
29 -25
99 -88
40 24
-79 25
-7 -55
-1 -64
21 -17
10 -83
14 -18
10 -83
52 -51
63 84
14 -26
38 56
14 -18
59 -88
40 -7
-25 56
69 32
-20 -82
99 16
61 -58
-2 -10
93 83
28 34
23 -21
24 44
61 -58
-63 -70
23 -21
58 37
57 98
34 88
-25 56
-24 -22
96 74
39 -1
87 81
-73 33
-24 -22
67 -84
-88 42
-26 -59
-24 -22
28 34
-49 -31
-17 35
-93 75
21 -73
38 56
25 -49
-53 6
-63 -70
-17 35
32 1
34 88
-49 -31
-52 82
8 49
8 -43
39 -1
-37 44
-2 -10
-52 -88
21 35
21 35
-30 59
-63 -70
87 81
-2 -10
21 28
-33 54
24 44
40 -42
-76 -82
-2 -10
-95 43
99 16
-9 -57
23 -21
33 55
40 -42
-95 43
-94 42
59 35
8 -43
23 -21
63 84
57 98
3 -47
0 0
-50 17
55 14
-83 -72
-78 -25
-59 -58
-42 93
-78 77
-84 -83
-98 48
31 -29
-1 1
-1 -7
-60 -25
-57 19
-13 48
3 32
12 -27
35 96
55 14
-88 -9
94 -99
-85 1
0 0
28 46
97 -28
3 -47
12 -27
92 -26
12 -27
-1 -7
31 -29
-60 32
-98 48
-60 85
-57 -51
0 0
-96 0
-98 48
-85 1
-78 -25
-59 -58
-44 -67
-96 0
-57 -51
55 14
-15 34
-98 48
3 -47
-44 -67
0 0
93 85
-15 -21
-59 -58
-1 1
55 14
-98 48
-1 -7
0 0
92 -26
-59 -58
94 -99
-50 17
31 -29
-1 -7
-88 73
-20 -79
-53 -37
-44 -51
0 0
-91 1
59 73
35 96
-83 -72
-88 73
43 5
83 -58
-1 1
-91 1
-40 -68
-1 -7
-1 -7
-59 -58
-78 77
-57 19
28 46
-1 -7
-88 -9
0 0
28 46
-15 -21
-44 -51
-98 48
3 32
12 -27
46 29
-83 67
28 46
-6 -51
-78 77
-51 17
62 -10
3 32
92 -26
43 5
-40 -68
-51 17
83 -58
-1 -7
92 -26
-88 -9
-51 17
-1 1
12 -27
83 -58
-20 -79
-96 0
0 0
-60 32
97 -28
-2 64
-89 72
62 -34
-59 -46
-38 81
25 -31
4 -51
0 0
-89 72
26 -31
-28 1
-28 1
-28 1
-60 36
26 -31
0 0
-46 21
-59 -46
25 -31
86 67
-48 -83
-34 65
-33 48
-69 -87
79 -81
-72 -37
-87 -75
-62 22
89 -32
-2 64
-35 -43
25 -31
62 40
-18 -39
-46 21
-28 1
62 40
15 -30
47 -67
-87 -75
-42 -69
-29 56
-50 34
20 39
0 0
-98 90
-19 5
-81 9
-35 -43
-13 -87
31 -94
36 13
-19 5
-23 -19
-62 22
-6 32
26 -70
-28 1
-64 -79
-9 -57
-91 12
89 100
-57 81
-19 5
-82 50
-23 -19
0 0
79 -81
-82 50
0 0
-19 5
-33 48
26 -31
-98 -30
4 -51
-19 5
-60 36
4 -51
26 -31
25 -31
-28 1
37 100
-28 1
59 -89
-57 20
-48 -83
31 -18
2 39
-45 -17
0 0
-45 -17
-62 22
-23 -19
62 -34
-35 -43
71 -79
25 -31
62 40
-4 49
30 -20
-98 -49
4 -12
-26 -17
92 82
-3 -10
43 81
-3 -10
-26 -17
77 75
0 0
-100 32
62 14
38 33
0 0
4 -12
-18 46
-100 32
95 77
-11 -41
30 -20
-26 -17
-22 -99
-86 -26
70 56
-22 -99
70 -1
4 -12
52 -10
86 12
-12 -59
95 38
4 -12
0 0
-26 -17
4 -12
-99 -43
100 -59
-3 -10
0 0
100 -59
62 14
77 75
81 -41
28 91
-51 19
4 -12
-3 -10
-3 -10
-26 -17
-11 -41
-26 -17
0 0
-3 -10
-26 -17
-4 49
-26 -17
30 -20
86 12
0 0
86 12
95 38
100 -59
81 -41
-26 -17
37 -48
-3 -10
-3 -10
38 33
0 0
0 0
0 0
30 -18
0 0
-3 -10
-26 -17
-64 -39
4 -12
0 0
-99 15
4 -12
88 -66
-51 19
-59 -59
0 0
67 37
-18 46
-69 26
-86 -26
38 33
38 33
-97 -11
71 45
-3 -10
92 82
-20 -74
-51 19
-99 -43
-37 -75
100 -59
-3 -10
-86 -26
71 45
-59 -59
95 77
-51 19
77 75
-3 -10
62 14
92 82
-61 -21
-3 -10
-3 -10
-8 33
-3 -10
-1 53
-90 36
-59 -40
-24 3
-1 53
-27 -10
-25 -9
33 6
-95 -48
34 38
33 6
-11 53
32 -70
-64 -55
-79 98
-94 9
34 38
-20 -2
-85 -83
84 74
-75 19
-35 0
-1 53
-9 89
-39 -16
-25 -9
-90 36
89 67
48 36
84 74
-39 -16
-1 53
-24 3
-29 -33
-57 -11
-39 -16
-35 0
84 74
-57 -11
-24 3
79 100
-29 -33
-35 0
84 74
-39 -16
-39 -16
-9 89
-94 9
-24 3
41 -10
-57 -11
-25 -9
-92 -32
61 8
-24 3
-95 -48
-35 0
42 78
-68 34
89 6
-45 70
-39 -16
-27 -10
-45 70
33 6
34 38
0 0
33 6
-76 31
42 78
-64 -55
-20 -2
-68 34
-35 0
-24 3
32 -70
-90 36
-24 3
88 -66
72 36
79 100
-1 16
40 -91
-11 29
7 14
57 79
-47 92
-62 71
7 14
-35 -66
-36 31
-58 -46
-52 57
-1 16
7 14
23 -74
93 -89
8 -79
71 33
-1 -10
79 46
-98 -97
0 0
-81 39
-53 31
-1 -10
-11 69
17 -48
-65 44
-65 -74
36 -74
3 6
6 29
6 85
0 0
-89 -100
89 -20
-7 -69
89 -20
-27 -5
22 44
-32 54
-61 24
-13 72
0 0
55 15
85 100
36 -74
-89 -100
3 6
0 0
6 68
11 -11
-99 63
-58 -87
0 0
0 0
6 29
30 -37
24 19
36 -74
11 -11
6 68
77 40
-27 -5
-40 98
-88 -28
11 -11
-61 85
17 -48
0 0
-13 72
24 19
17 -48
56 7
67 -90
90 97
-65 44
21 -78
43 -92
-32 54
-13 72
-29 43
-5 33
55 -3
-19 -17
32 -98
-4 91
-95 -59
24 -68
-87 -88
23 -37
0 0
-34 -49
2 35
0 0
61 46
33 70
-20 -91
0 0
20 5
-5 -4
-2 -18
93 15
37 96
-5 -4
25 -82
-86 87
0 0
-5 -4
89 -72
-95 -85
-3 -82
82 69
-36 19
41 4
3 41
48 -61
-12 15
82 69
0 0
0 0
-20 -22
-61 12
-95 -59
3 41
-21 7
41 4
-5 -4
73 -24
20 5
-13 57
-5 -4
-4 91
0 0
-5 -4
-2 -18
41 4
33 70
41 4
-14 20
-20 -22
33 70
2 35
-12 15
-95 -59
-58 -52
-36 19
-20 -22
25 -82
48 -61
89 -72
-21 7
0 0
-2 -18
100 -39
-20 -22
-36 19
38 18
-2 -18
-55 -21
-5 -4
-95 24
-58 -52
23 -37
39 41
-43 45
20 5
41 4
-5 -4
-21 7
-5 -4
20 70
0 0
-53 25
-20 -22
-12 15
-53 25
41 4
-20 -91
52 -79
33 70
-4 91
48 -61
-91 -64
-20 -22
-14 20
-21 7
7 -57
-76 89
-63 73
0 0
-80 100
37 -36
-12 50
88 -38
-68 26
-98 76
-48 -46
0 0
-33 -58
-76 89
37 -36
0 0
-80 63
7 -57
-10 -47
1 -89
89 -83
-23 -7
54 -25
-27 -10
-46 -38
11 -46
88 73
33 -48
34 31
-23 -4
16 82
-50 -46
-18 85
93 93
-11 -86
2 3
-65 -92
-80 -12
-3 -18
71 -36
-32 65
34 4
-23 -79
6 5
-64 -1
73 -94
63 -11
-90 -82
-19 50
79 -77
-58 -77
47 13
85 -38
48 -13
-9 -63
-15 19
-44 -53
2 3
-33 -56
-57 33
85 -38
-30 90
96 -95
47 28
-93 -66
-28 -69
-29 6
-5 42
89 -43
-7 61
-32 86
75 30
-2 -15
33 -47
-81 72
-30 -10
59 89
60 23
31 -44
-32 -21
-9 -27
-86 70
-70 -98
-59 5
60 71
21 -35
26 55
10 3
61 -51
98 44
46 -33
-16 17
-12 75
-82 -91
-2 -86
46 -30
3 20
2 -16
16 -86
10 0
42 -37
53 99
5 62
-12 -21
93 93
-12 27
-23 -23
89 -62
45 73
11 95
80 -85
0 0
-71 53
-15 -66
47 28
-6 3
61 -51
22 68
-51 10
-42 67
58 -49
-16 -55
9 -54
27 -2
-98 -63
-43 -99
-51 88
-11 -52
-55 -33
-40 -93
-81 -31
-51 43
2 3
-11 56
53 99
-23 -4
3 20
57 -100
-47 -92
19 22
7 -57
34 31
-58 -15
-14 84
10 7
-63 18
-81 -57
-23 23
-91 -97
-27 -10
5 38
-70 -88
44 9
-48 67
-37 -84
-75 -1
-7 89
95 47
44 -46
48 -13
-15 -48
7 34
25 -56
23 59
-14 -18
67 -56
52 42
91 75
42 56
-26 0
-99 -73
-51 18
0 0
-98 -20
23 1
19 21
6 3
-11 56
-52 -85
61 -51
59 89
52 -91
-28 -69
-67 25
10 3
22 56
46 -33
5 89
-86 -83
24 -48
9 19
-65 92
95 51
6 -10
63 -61
10 3
-64 76
66 7
57 37
14 -28
-41 -20
38 69
-41 20
2 3
24 -40
-6 3
36 -77
2 3
-28 27
-31 5
-5 -24
5 34
75 95
28 -51
61 -87
-64 -94
-37 37
-96 -38
68 57
17 -84
-31 24
40 9
-23 23
37 35
-70 -88
-98 -14
42 -36
6 60
26 -3
-24 38
-80 -96
-6 3
-65 30
-94 -32
40 -95
49 -88
37 35
-58 -3
10 0
-16 -91
62 -61
22 53
26 -17
58 80
-76 74
17 16
-26 9
-31 -45
2 3
58 37
12 84
-60 -27
-18 19
-84 -2
68 20
3 -14
11 26
-81 -31
16 -88
-93 -46
32 -63
36 -62
81 5
-5 -83
-58 -64
61 -51
5 14
-14 19
-100 70
11 -17
-86 33
26 39
-92 -32
3 -14
69 -96
94 13
6 5
40 -98
39 58
-23 42
-70 -88
-36 -19
44 51
-42 67
19 21
37 60
-63 13
-28 63
75 -21
42 76
-31 62
-23 -86
96 13
-33 -73
-7 8
-93 -75
77 -22
-99 22
94 -1
-81 -26
-19 7
45 13
-5 -14
0 79
-34 -47
87 -94
-39 -36
17 -55
-18 19
-31 94
33 -36
3 -14
8 80
6 3
-54 59
87 64
0 12
-67 -83
-59 4
-11 56
32 -48
27 -2
58 28
-17 -51
89 19
-38 -19
11 -64
-14 96
31 -70
72 -100
83 -34
-8 -11
-81 72
-5 92
6 3
-11 8
-4 -79
76 -75
80 -54
17 43
-81 -54
-48 34
-87 52
19 22
-46 80
22 9
-71 80
-66 -79
25 -10
-11 -52
-60 47
71 -35
3 -28
40 61
98 44
85 79
22 -34
53 43
-23 42
49 34
0 0
54 -12
-67 -83
10 83
-24 76
-99 27
-37 -90
-11 13
30 -16
16 86
47 -7
-59 -81
-80 -16
58 88
7 -91
-72 86
9 67
21 0
-73 76
-99 -73
-44 39
43 -40
63 5
75 91
88 -79
41 94
92 14
-2 -15
-66 -38
-5 42
-41 5
45 3
-15 -20
46 88
-21 1
-72 -32
-15 38
-50 -74
3 20
46 -68
47 27
-42 77
-14 -88
-28 -4
84 44
-7 89
-67 25
27 53
-51 24
-15 38
-55 -70
53 -8
6 66
0 0
44 -46
-15 -78
-47 86
75 -3
7 -57
87 -76
22 37
-63 -3
14 18
-77 95
89 -26
92 14
2 -16
-40 -5
5 89
10 0
58 -6
22 -59
-21 39
-38 -19
-93 -46
58 37
87 -67
-65 -92
-19 17
46 -30
20 -69
-26 9
-62 -23
-3 -77
-28 27
86 92
7 -49
79 -77
52 -26
-24 84
-42 -65
63 -61
-41 -62
-19 -12
-79 65
-46 -38
25 -10
67 67
1 -25
24 -48
39 -38
-46 -47
-91 -29
-81 89
-53 45
-1 -34
-6 3
-15 -66
40 -95
-25 34
77 81
-31 59
-33 -73
45 13
-91 -53
9 61
58 -77
-69 31
19 -68
69 72
-40 -72
-2 -28
-60 -48
33 -48
48 -28
-3 4
-41 -20
2 3
22 37
-1 -50
18 -10
16 86
-19 -12
-42 77
-11 8
0 -41
90 -11
23 -59
-6 3
-25 -42
-61 -5
36 51
-82 -51
-18 -67
30 -84
43 -38
-14 -27
-100 -75
-18 85
50 61
2 3
-13 24
32 -48
30 -41
40 2
36 3
10 0
-5 -14
-60 47
6 5
-3 4
-14 -18
52 -8
-82 -51
23 84
-23 42
50 0
58 -49
2 3
70 -44
6 3
-22 25
91 32
-82 -44
5 -30
-37 10
90 86
-1 -50
-97 -28
-66 -38
44 -56
52 -8
9 12
-30 52
-72 82
-11 -86
-71 36
-16 -55
10 -84
83 -34
97 46
-50 -48
7 -57
44 33
-49 -80
-50 68
-85 -37
-67 96
15 -14
-19 7
43 -64
96 -14
94 -5
-16 48
29 -61
-41 25
22 -5
-80 -20
22 88
-7 39
69 95
91 -38
-42 -6
-51 86
-75 -92
40 85
0 -5
95 -86
-70 -98
80 -69
67 60
62 -93
-80 -96
-11 -52
-26 85
-24 -27
-7 8
65 5
42 -36
-11 13
90 -58
92 -57
22 53
12 -27
-71 100
-7 -20
97 46
-7 45
-33 53
7 7
79 82
-35 -45
-43 29
5 62
-11 82
-27 38
46 11
10 -84
-45 -57
13 76
37 -84
-77 -34
-55 26
41 94
1 -25
99 -99
54 -10
10 -99
-44 2
30 -40
8 23
2 -9
4 -22
79 -77
-21 1
-38 -82
5 14
92 16
61 -51
-20 67
-28 27
10 7
-81 -31
-55 -70
68 95
-10 73
30 -16
-80 -16
68 95
42 -36
-77 -1
0 0
46 -33
43 -75
90 -77
-91 1
-1 14
39 -38
-38 -78
-76 -47
90 82
-6 3
90 -37
65 29
17 16
1 -89
52 42
-41 25
27 -2
6 3
1 -89
16 -90
22 -56
58 80
-69 77
55 -42
-26 85
59 86
-9 -31
36 3
1 -31
-27 -21
38 48
-45 -3
3 -14
62 -92
37 -48
71 31
39 -56
96 18
47 13
10 0
-14 19
-6 3
3 -14
43 -38
92 -14
10 0
100 52
-81 63
-96 -2
44 -67
92 -14
-11 -73
100 31
-20 -54
69 41
59 57
2 3
6 5
75 95
-33 -56
0 -5
8 23
72 33
31 24
-100 85
-48 -49
5 34
-85 -95
30 -72
-73 25
87 -93
52 42
-7 -35
0 0
-33 53
88 73
-15 10
-10 62
22 -5
-20 67
29 6
-100 -62
28 34
4 -42
44 -56
51 17
-7 39
38 -30
51 -21
-86 33
23 -89
-30 24
15 -99
92 50
10 83
-14 -27
-5 85
23 1
87 80
11 -85
41 67
99 -63
6 -38
22 -56
-69 38
25 -44
-58 25
62 73
26 39
29 12
-23 42
90 -77
17 43
-88 -54
37 -4
-58 -87
-64 -1
-58 -78
-14 -29
84 -34
-84 27
36 -62
93 23
3 -14
-48 8
-18 -27
32 -48
17 55
9 67
9 5
-36 -49
0 -5
-7 -20
54 86
-77 -1
-11 8
92 89
93 93
65 -9
6 51
-99 55
-60 -15
87 -93
47 28
-55 24
7 -49
-88 87
-1 14
25 -10
85 79
58 -77
-60 69
52 42
71 90
-48 67
75 -3
17 -55
-88 -51
5 38
-88 -54
19 22
10 -27
-55 26
46 88
22 56
92 -60
6 5
-55 26
-54 -55
85 -37
16 9
37 -4
-17 -83
-89 -82
2 3
30 -68
-46 80
-29 -35
-100 85
-81 -54
98 -15
-87 -36
58 88
-23 -11
39 -56
-21 -5
33 70
-76 97
6 3
-7 8
59 57
-3 -18
-33 -73
41 11
91 51
33 -36
7 7
-77 93
-55 26
-76 -28
-4 -79
42 7
-3 4
-86 -83
-11 -74
-22 -11
36 -77
-52 -72
58 80
75 -3
60 -38
-4 -79
-41 3
44 -46
-14 -26
63 -11
-91 1
-5 42
75 91
24 64
60 23
-3 4
22 68
-11 8
-5 42
50 0
-83 -77
32 60
0 0
83 -24
93 25
90 77
32 60
8 -38
-19 7
-1 -32
30 24
-51 -85
2 3
-24 -27
67 -1
-94 -76
-24 -40
6 3
-25 34
70 -44
80 73
-11 8
27 -2
74 49
-30 13
-19 -53
62 -93
-66 -38
-2 20
-20 36
44 9
8 80
-73 76
99 93
3 -14
-11 8
27 -2
-63 13
29 14
-86 40
16 -59
37 60
9 -54
-34 13
-44 -53
7 13
79 -14
-25 34
-100 85
10 7
33 -36
-7 -35
10 0
65 -9
-8 -23
76 -76
84 -34
9 60
-11 13
-64 -1
15 -99
-63 -90
3 -35
46 -68
6 3
1 60
-57 -19
26 -67
-16 48
28 34
34 -87
-60 69
10 3
-45 65
46 88
0 0
-1 15
-7 8
53 99
-18 19
60 -38
19 22
-1 80
-30 90
76 37
9 19
19 -67
68 -3
36 -62
34 4
16 -90
-24 84
78 -47
-41 -30
42 -36
-40 91
-13 24
-16 -76
-35 32
10 3
10 7
81 -23
0 0
2 -16
14 -24
-64 6
-30 52
-31 -53
8 65
56 -60
85 -76
-49 -48
6 5
30 -16
0 0
0 -5
-34 37
67 60
-94 -14
-67 -29
-80 -96
-70 -88
100 -72
-77 -1
-80 -96
0 0
18 -10
-63 -3
-13 24
-60 -48
73 81
71 17
19 99
65 35
-54 56
19 32
91 52
71 -36
-30 5
-64 3
95 47
-82 50
-69 31
97 77
-9 -31
-19 17
-68 72
54 20
6 5
66 -49
-40 -50
44 -56
97 60
45 -60
90 -30
22 -59
10 3
2 3
47 4
27 -99
69 41
-14 -18
-95 45
-87 -100
28 -51
-81 5
-41 -62
-51 15
-58 -77
-28 -93
78 -15
42 -37
80 -70
-7 61
-38 23
-2 -39
6 3
-60 -48
-53 -91
5 -30
-60 23
26 36
21 -35
77 -90
-96 24
-32 65
47 -26
-4 96
66 -52
39 23
52 -26
68 20
89 41
-39 -36
23 -59
80 -54
97 77
75 95
76 -76
10 3
30 -40
2 3
-3 40
99 -63
-46 6
-2 -25
-51 15
16 -88
-48 -39
63 -11
-94 -32
36 -92
-57 65
67 -20
0 -5
66 38
-85 74
-95 66
65 -9
30 -41
-29 -4
24 -48
24 64
-81 -54
-15 -25
5 62
85 4
-71 -71
41 2
-8 52
-59 -57
-73 76
-48 34
-19 57
-30 38
-30 -10
-45 -32
41 99
10 -86
-36 58
-55 -33
12 67
95 76
73 -94
3 -14
70 14
46 88
9 -80
-16 48
-54 59
9 60
6 3
78 75
-50 -74
-38 -19
11 -17
-18 19
-1 -10
-66 36
5 34
37 -4
-28 -69
-45 19
-5 -14
-3 -18
62 22
-22 14
-81 -31
-82 -91
-47 86
-12 -21
36 -96
97 68
1 20
84 32
0 -5
-27 -43
34 71
-1 14
9 25
73 7
51 -52
37 60
-23 -23
-98 25
-54 96
-16 -55
-81 89
-18 19
26 39
-48 67
2 -9
99 -48
7 -18
-12 -1
-64 87
-32 -30
-10 -56
9 19
-43 69
18 12
59 86
-2 -86
-58 73
-5 -36
62 -92
-41 -30
16 -59
63 -33
-20 36
29 14
45 73
-41 20
-44 2
89 19
1 -89
-71 36
19 -67
2 -9
56 91
15 -25
-3 4
100 -22
36 51
-91 1
10 3
23 1
-5 -83
-49 81
-36 -19
2 3
-24 38
-33 -25
-59 59
9 25
-60 38
79 61
6 5
-30 52
73 -22
18 61
-82 37
-81 -66
-36 36
-68 20
-75 -1
27 -99
38 32
35 30
-92 -20
-45 60
18 -10
-41 -80
33 -36
-99 71
-7 -35
-6 3
-84 27
81 -23
22 84
-75 5
-75 -89
26 -17
-33 68
6 3
-31 -53
0 0
92 -38
57 41
-46 6
45 13
0 0
25 -2
48 -76
39 -56
74 87
42 56
62 -20
58 28
16 -88
0 0
86 12
16 9
-11 -86
4 -22
-30 24
48 92
-76 36
-36 58
31 24
0 0
-15 19
0 -54
63 -61
47 -7
35 -99
-97 59
41 99
-37 10
4 -22
94 -1
28 93
-82 -37
-31 24
-63 13
-3 -50
9 67
9 -54
-45 65
69 41
15 -99
16 -59
-97 59
45 -68
-71 36
55 11
7 -18
76 -76
-94 -82
24 -72
41 -43
-30 -95
-27 -10
-82 -82
-60 69
18 26
96 13
5 -34
-5 29
56 -60
-54 -62
-96 -38
30 -40
-45 -35
36 51
10 0
-41 47
-82 -51
1 20
-14 19
76 37
-77 30
55 11
22 -34
4 -54
25 -2
68 20
39 52
56 -93
-5 -14
16 0
25 -56
28 -51
-7 -33
-26 -10
2 3
-33 53
-11 8
19 22
5 89
89 -43
2 -16
69 41
-3 -18
46 -33
90 86
47 4
-1 -10
-5 92
-12 -21
-36 36
-50 -48
2 3
-90 -82
-94 74
17 55
88 -79
-27 -21
0 0
37 74
13 76
90 -11
9 5
-16 17
-35 -20
-83 99
-2 -15
39 23
100 -41
48 -13
36 11
30 -40
-19 -12
-5 100
41 -43
98 44
99 -74
0 0
86 -56
11 -85
-60 47
-40 -93
-28 27
-95 -95
89 -43
22 22
15 54
-14 -18
5 62
95 17
0 0
-6 87
-14 -18
39 52
71 -73
-62 -27
89 -62
-60 -48
6 3
69 -28
15 54
93 -98
-55 -44
-38 -78
-19 -12
18 -10
19 -1
52 -91
6 3
40 34
17 16
-44 55
86 -56
-9 -27
-10 96
42 56
24 64
32 -57
37 60
89 -83
-3 -62
76 -76
-14 -88
-31 72
-38 -78
-16 48
-26 -32
11 92
2 3
-14 -94
-71 -95
-71 80
94 -42
-31 -72
0 -5
-1 -10
-34 -10
-17 -83
5 -34
-12 27
98 3
-91 -66
-10 -56
16 -59
44 15
-17 -83
-14 -88
-96 24
-30 90
-90 -82
7 34
-9 26
-48 -76
65 -74
-33 -56
-78 19
-40 -72
-14 -88
9 -51
-11 8
19 22
-100 70
14 -61
-76 52
16 9
11 26
58 -47
-27 -21
22 -59
89 23
-76 -47
15 54
87 64
9 5
26 -56
-45 -57
13 27
-15 53
-35 -67
-23 -57
-11 -74
70 -5
-64 87
-69 62
-92 -98
-44 55
-86 70
61 -39
69 -6
86 12
81 72
-51 88
59 44
-1 -32
-88 14
2 3
29 16
-72 6
21 -87
10 3
2 -16
-1 14
-37 37
95 87
-4 -81
-76 52
-1 100
-78 -32
57 -1
-56 -30
-60 -49
-65 4
9 57
-86 -38
-22 -11
-33 -50
-2 4
-42 -62
68 -51
5 5
-55 -59
-29 25
-10 -5
70 -96
-2 0
43 96
27 100
80 -32
-64 -22
-22 -10
62 -77
48 -33
0 1
-36 10
-65 -41
6 53
-80 -28
-10 50
25 -34
-94 6
-6 9
11 44
-1 -86
88 40
-15 100
40 -62
-40 38
-47 21
-1 -24
-17 74
-30 -66
55 -50
-58 -90
58 -25
-46 24
11 0
20 20
-76 -85
0 -4
-63 84
-72 82
65 35
5 -68
-79 -31
33 -24
8 -11
-94 98
11 68
77 32
-1 59
93 33
82 92
-59 -30
-38 27
10 31
-55 21
-75 -24
-9 -80
-55 -16
35 91
-100 58
-10 49
88 -18
35 69
-15 -22
-70 -23
-20 -9
-10 50
83 83
-40 56
-49 26
-72 -63
-72 96
22 44
-18 -55
12 -41
0 1
-54 0
-75 32
-22 -11
-52 -34
28 -16
1 -7
-2 0
-11 25
87 -24
-52 -34
53 -12
0 -7
-74 -19
-96 -63
37 58
68 -92
-36 -43
-25 23
-65 87
-40 45
-33 -25
14 -35
19 34
-43 -72
65 53
0 0
69 56
77 89
59 -14
-22 25
-26 -28
-92 -52
-76 75
-40 76
-72 -22
-14 -58
-2 4
-37 -3
56 -94
-41 29
97 1
-94 -51
-12 -43
93 -47
30 67
-19 13
-2 0
-90 51
-85 -96
81 -17
-13 15
63 -3
18 12
-59 2
83 15
-29 -95
0 -7
95 86
-60 -23
68 -29
16 -92
93 22
-15 -22
-36 49
-79 -28
61 44
71 51
-10 -13
-34 -6
-16 -92
29 1
50 -64
0 -4
-36 44
8 -69
-2 0
69 -33
69 52
29 1
-75 59
25 95
66 17
57 43
0 0
63 22
9 -20
99 45
42 -34
-26 -28
-61 51
-47 -95
0 1
33 -33
37 25
96 -4
75 71
-3 37
84 16
1 -7
0 0
-13 15
-92 54
-87 8
-1 -35
6 -59
-57 -25
-65 -41
-10 73
-44 -16
-62 20
-24 75
25 -63
84 -39
-40 1
71 37
4 -85
37 -37
-59 12
35 -32
81 -60
-2 46
50 52
30 38
18 12
9 -20
-94 -89
47 80
-14 -58
68 -29
26 -53
-59 -31
38 -42
-20 -9
22 8
8 1
-81 -56
26 26
49 -73
35 86
-1 3
62 12
73 -18
33 56
-89 -17
22 -26
-75 76
-21 14
-7 28
-60 46
2 -5
-1 3
14 6
45 59
-2 0
-2 0
50 -20
-20 -9
44 -5
-16 34
13 24
12 83
-14 -86
13 -49
65 -23
16 -5
37 -37
-61 49
28 -53
-90 -41
-59 -44
54 76
-95 -3
-69 80
-2 0
-93 -72
15 -99
-72 -26
-60 -41
-51 -15
-30 -24
62 17
-52 22
80 74
35 -43
-78 -59
87 100
-44 -16
18 -37
-28 61
-30 43
-25 25
-96 -42
-28 -89
73 62
-21 14
25 -34
-29 25
18 -10
44 44
-54 -18
76 -27
47 -62
75 68
-26 -23
-62 48
32 -54
-31 -14
69 79
99 -62
-62 -80
46 -64
73 -95
23 96
-70 39
1 11
83 -4
-63 -30
22 -23
71 67
35 69
-60 93
94 -74
-34 -35
-92 42
33 -13
-15 58
15 2
43 3
-40 -34
-34 -85
63 -57
-98 13
-34 -90
43 -59
-22 -10
-60 29
-78 -43
-3 98
-43 -43
-21 5
64 21
8 52
-96 -63
63 71
-94 45
-52 94
-82 11
78 82
-15 50
92 -58
0 1
0 0
43 -4
-16 -92
21 14
-15 58
100 -37
33 88
0 1
-11 92
-44 -32
-94 54
7 19
-57 14
-50 56
-4 -96
-25 64
-24 -8
-62 48
-87 -85
53 -99
-75 32
-62 79
-3 27
81 -60
-36 90
-26 -74
72 -13
39 -52
39 15
14 -62
-24 -1
5 15
100 -27
54 -77
-88 77
-64 -40
21 23
-5 -21
-75 -61
-12 14
81 -66
-48 33
17 78
-95 -17
65 -40
98 51
-23 -73
42 39
71 68
10 47
43 61
36 10
55 81
-10 -25
16 -5
-10 -25
-88 -24
-14 -42
-6 15
87 -94
-94 6
-96 -10
42 39
57 -1
3 -70
-33 -12
2 -27
-33 -25
29 1
0 -4
-63 -21
-46 46
-89 -83
-9 85
11 3
-2 4
24 67
-1 98
64 -45
-69 -37
42 92
-99 59
82 52
-2 0
50 23
25 97
-32 20
72 39
56 -67
30 5
35 58
0 0
73 -75
-67 2
34 8
4 57
5 -98
-17 2
40 -89
8 27
1 53
69 53
-78 99
8 1
0 -7
-22 -87
-91 -29
-93 44
23 11
66 -96
1 -26
-51 -62
-91 88
-100 72
-2 4
26 -16
23 -99
37 -52
-95 30
-16 70
-97 -86
-70 92
36 39
32 -29
-100 77
-82 -75
39 1
27 17
39 -68
-45 26
3 -10
50 -23
9 -19
-22 18
72 -47
-54 -80
62 17
-98 -19
-71 68
-74 -82
21 14
-99 -58
8 1
74 57
-50 -3
7 47
99 39
-12 -22
26 26
33 -23
63 98
60 -17
37 -37
90 -45
0 0
0 0
54 93
30 9
-74 88
98 95
-79 65
79 39
98 -42
61 -73
-23 -73
22 15
-78 -86
-38 -77
3 -10
10 64
-40 99
-76 4
58 -87
-4 -2
-39 82
66 -96
8 1
-69 80
-61 -50
-36 36
55 66
6 -10
-51 51
2 -5
-38 -29
0 0
-5 -21
1 33
-68 45
35 92
-96 -47
-9 95
88 -55
-19 76
-38 -77
-24 28
-31 32
57 64
32 48
54 76
-59 -27
-39 56
-38 -73
-78 99
-63 -100
18 8
-25 -42
59 9
71 37
65 43
-24 36
8 1
47 -62
52 52
12 -15
-12 -100
41 36
-87 -76
-14 1
-2 0
97 79
-25 -25
-24 -56
32 17
-96 -47
-64 -40
23 -36
-18 15
-77 -96
0 1
0 0
44 75
13 43
81 -15
-94 -89
0 -7
63 -16
68 77
0 20
63 -83
86 -51
96 -26
3 -1
-36 44
-47 1
-35 37
32 48
-82 17
22 45
-50 -83
-65 75
99 39
54 -28
58 25
69 58
54 -52
45 59
81 7
62 -81
-90 35
87 91
-54 67
21 23
-31 70
46 -74
61 44
3 3
-23 97
26 26
-98 44
-92 2
5 -28
98 83
-77 92
-73 75
-93 -66
-90 35
-1 3
27 48
-6 -60
-30 -35
21 60
-13 27
-6 -3
-56 2
14 22
-31 -14
-66 58
10 47
-69 11
50 75
62 -77
-79 -7
0 1
8 28
46 -10
99 -21
-14 5
-42 -5
-84 -16
76 -11
-88 76
-50 -97
-7 21
13 -80
-85 -42
-61 17
77 92
-24 49
74 -47
-19 -33
30 22
-30 -35
75 31
0 1
0 1
-36 10
-27 -37
-50 76
-2 0
-50 10
-67 -30
22 -26
39 28
56 -28
-24 -8
-14 -37
86 -51
67 -75
-48 -52
-1 3
1 33
-21 5
72 5
64 59
40 77
-20 -90
-45 -25
50 5
-1 3
-69 -77
-6 80
27 -9
75 13
4 10
7 -25
6 39
-17 2
13 43
-90 7
7 -43
66 -88
-92 -65
3 3
0 20
-30 7
-54 -80
-18 -30
-22 -56
99 14
41 -75
0 1
14 6
3 31
-16 12
-58 28
-73 -82
-12 14
-29 86
66 -96
-68 -87
67 -69
-24 -8
-99 59
-18 -40
84 73
-50 -3
45 -42
-15 -22
0 0
22 93
65 63
33 -44
68 55
-21 5
-42 -24
96 -90
57 90
7 -46
-36 36
-15 50
0 0
-68 45
74 -83
-18 -57
-66 -22
-66 58
-31 7
-50 11
-90 80
-62 15
86 3
27 -93
-18 15
-24 46
42 -40
-72 -12
11 -2
0 1
64 -16
-11 -96
63 -3
-38 -29
-8 -33
32 17
-50 11
10 83
66 17
-35 21
-92 -74
-67 51
-10 -5
-59 2
9 6
-17 -11
74 -47
52 35
14 26
15 -99
-55 57
-58 -90
5 5
-45 85
-86 -14
-10 -20
7 85
85 54
-3 17
8 -17
-46 -46
-70 -5
-40 38
68 -37
3 -81
11 -95
-86 -49
50 94
91 -80
0 1
-52 7
-87 3
-68 -87
35 -45
95 83
-89 70
-88 -24
-20 50
79 29
5 16
-1 3
-16 -45
-19 82
-35 4
5 5
-16 34
2 33
-76 -26
3 61
72 51
72 -80
89 84
-14 -34
-85 -83
-22 18
71 -6
-2 4
-81 -76
-12 -43
92 52
-97 -66
-82 50
8 -28
77 -31
-32 -52
-70 45
34 -90
77 59
-32 63
39 28
66 -56
36 -65
-61 67
49 72
0 1
-61 -90
-30 -87
27 -93
3 -1
-83 -97
81 7
-12 -9
-94 27
6 4
-28 -89
13 91
-31 55
-2 0
0 1
-27 84
-78 -41
11 -26
68 8
-2 4
36 10
-44 66
-2 80
72 -20
-43 45
54 -52
41 -75
4 0
22 100
45 -83
39 18
0 1
-31 17
99 -21
-55 94
31 60
97 -5
9 -37
-75 -64
52 -48
-81 42
-30 -87
6 57
32 52
59 -40
42 -3
-65 -97
93 -100
-10 -44
93 -47
-14 5
-14 -11
-71 98
21 14
5 5
-94 4
-31 -14
-40 5
45 -96
24 -11
30 53
-21 14
13 -78
-67 85
-30 -24
45 77
-50 20
-74 -85
24 -67
-25 25
-72 -12
-58 28
-89 -71
24 -11
-63 -2
-60 93
2 63
-14 -14
-9 -80
69 53
-2 4
81 -80
42 -34
-17 -42
67 -25
-21 3
65 47
95 83
-16 -45
-64 -6
-7 -25
12 -3
95 -10
-67 2
8 28
6 -59
-51 97
61 39
48 -50
-34 -52
3 -81
40 -62
-56 -57
31 -49
-67 -50
-93 92
-25 23
-6 -3
21 -44
-93 2
-87 59
3 68
-2 0
0 -10
37 -100
-2 4
16 -88
-60 -82
-25 49
-43 46
50 23
98 -42
-56 -72
-77 69
25 -38
86 21
63 50
-95 14
-21 14
-45 66
21 14
-16 -98
34 -48
-13 -96
-33 68
86 100
33 -15
67 -15
-100 -79
-72 62
43 61
1 -7
61 39
2 -5
-68 2
-16 34
24 55
62 21
-40 12
81 15
-2 0
12 -48
29 -36
16 -56
-2 0
-13 2
80 -31
-24 28
5 -42
0 0
-15 28
84 73
-30 34
-3 32
83 15
-3 32
-71 25
29 -93
52 19
44 71
22 -26
18 73
63 18
6 39
-20 50
3 3
50 40
80 -55
-25 -42
74 -47
31 88
-97 -23
62 -81
80 -50
-43 89
-47 -26
1 -7
22 8
-73 48
75 68
-85 54
-64 -40
-14 -58
-12 91
18 -60
79 81
33 38
-93 77
96 16
22 -10
48 -51
18 7
51 -88
-93 2
-95 63
11 -95
-39 -48
-26 52
-94 51
32 -2
20 20
-74 -87
-62 98
72 -41
-75 -61
-50 35
-7 97
83 15
63 22
-75 76
-21 3
50 85
21 23
-26 -23
2 -27
24 -62
44 44
30 38
-53 42
-31 -14
63 -59
22 44
-33 -12
-90 84
23 96
66 -67
-28 -91
-28 44
-100 58
-31 55
-6 20
77 -31
-3 44
-16 34
-37 50
-26 -7
-19 -33
-82 88
53 13
31 -69
-91 -23
9 -59
-2 0
-23 -10
-4 -60
-91 -48
0 -7
8 -11
-95 30
-30 40
32 -29
0 1
41 66
-11 -96
-4 -2
3 0
-80 -61
-16 12
70 46
-27 -23
-98 13
-80 46
-4 -94
36 -25
-99 -10
-99 -49
-44 -52
-12 -87
-48 33
-76 -69
-17 10
-15 50
50 -64
89 67
-28 -85
-77 4
5 74
-60 4
-6 -3
-9 -59
-10 -5
-86 -21
-15 67
-47 52
-92 -74
62 -47
-76 52
-83 -77
-50 -97
-37 -76
-76 52
-67 -6
41 -65
-86 -58
-19 -33
81 77
-84 -96
0 -7
66 2
-2 46
-93 -4
-6 26
99 -91
17 -64
-1 3
5 -28
-35 37
-37 -60
22 -10
-76 -53
66 -96
72 5
-23 91
10 -19
-36 -9
-42 54
-71 42
-6 15
32 48
65 52
-62 20
-80 84
55 -50
-45 -14
42 -28
-63 -1
-81 41
-2 0
3 0
14 -73
99 -95
5 5
-48 -85
-41 63
-34 38
-82 11
-92 5
-79 -7
27 -23
63 -16
27 -65
91 -34
16 -88
-100 29
-75 -24
-75 40
15 2
-12 14
37 46
3 3
-96 68
-9 -80
-72 62
-7 28
0 0
18 73
-68 -2
5 -98
-47 1
-37 50
-10 -5
-45 -8
45 45
3 -10
50 52
-20 -50
9 -12
8 -28
-14 -14
9 -20
-65 65
-21 3
24 40
-98 48
-77 -62
-25 60
-62 94
38 94
-68 -2
1 -7
-67 21
0 1
-13 15
-42 -30
-51 -54
28 11
0 1
1 -26
21 14
-51 51
0 1
-8 -42
55 -74
35 -32
3 95
-39 82
-61 90
-24 -8
31 62
45 -82
-7 -55
-85 42
66 5
99 39
-47 -98
0 1
-45 66
-10 -5
11 -44
32 -59
86 36
-53 -67
-6 13
-75 32
-63 -21
-17 -11
-22 50
-50 10
37 25
26 75
-84 -16
-30 7
-62 -87
89 -34
-95 80
12 -3
11 -44
16 -5
36 -13
11 3
-77 4
1 -7
-27 -30
-2 4
40 80
-16 46
50 -23
63 -84
-72 3
-43 -74
11 10
-99 77
8 -97
-12 -9
-9 44
13 24
28 -25
-76 -69
58 69
-50 -83
30 6
69 76
36 -1
-99 -49
67 -76
-54 0
7 76
-34 -6
-70 45
-78 -41
-77 30
69 74
-60 46
3 37
-86 14
-61 -65
-1 3
74 67
66 -88
-57 -9
-12 91
8 -28
-40 1
32 -59
85 23
32 86
-4 55
-87 8
-66 92
60 92
83 44
73 -24
-64 3
50 -81
-36 44
-33 -5
-50 48
11 91
57 -100
-3 32
-40 38
-4 -65
-83 -77
-14 1
-51 -15
-76 91
69 45
27 -27
-32 -85
-4 -81
-67 73
-6 2
73 66
-83 -100
16 -56
-68 -87
3 9
97 -30
-16 46
-47 46
-54 -6
-99 59
79 12
-30 -24
-6 -3
36 39
-96 -47
-84 -96
-50 -72
97 -33
-61 -65
-8 -18
84 59
44 64
60 7
58 56
64 -67
89 100
-7 40
-37 73
10 55
-48 -52
-34 -50
-75 -56
64 -81
-73 94
93 33
-16 12
-76 -41
51 -60
96 -26
-72 82
9 67
49 -64
25 -87
0 1
18 -37
-23 9
-78 -25
-80 -85
93 56
-15 -22
-59 -30
11 -41
-76 52
-89 -28
-1 3
8 64
75 89
-14 -11
15 -94
-48 -81
3 31
68 8
50 -81
-90 -41
11 10
48 -51
-90 -71
60 17
32 -66
83 -67
-74 8
-71 38
53 -98
-38 59
97 -33
-34 63
97 16
-32 -85
8 1
-3 37
-6 -3
21 -54
-62 20
-3 32
-50 11
-72 85
-56 -72
0 0
-76 -41
58 -14
-10 49
-6 2
30 38
65 -23
-95 -3
-85 -16
-53 -27
-17 31
-60 46
-2 0
-62 -5
-16 34
49 -37
44 25
-87 92
-41 -95
27 -27
77 32
27 -23
72 -58
41 -8
-1 3
-2 0
68 -44
30 -6
26 99
7 -43
-23 90
47 -96
-79 34
56 40
-90 -71
-30 71
60 50
27 -65
91 -80
22 44
58 -55
11 -42
80 43
63 -84
-53 42
-61 46
8 -11
81 -17
-53 13
48 -57
8 28
-92 -15
-26 52
8 27
64 -14
61 93
-26 -35
-89 67
-47 25
79 29
-40 56
71 -33
58 69
89 31
-69 -29
-2 0
62 -62
68 -44
42 85
-43 -78
4 -85
-50 -3
1 11
-54 -9
88 -33
-6 -60
-56 43
-31 17
4 -86
90 -45
-82 -86
49 -39
-12 81
-47 59
-82 50
-60 -41
24 40
-84 21
-92 54
40 -89
-63 37
17 22
-62 71
-23 18
-48 -85
-2 4
21 -54
59 9
-72 63
100 -72
-17 40
-30 -25
-11 10
-42 -54
0 0
-2 4
-75 -45
68 8
0 1
40 80
-17 -42
-60 -52
52 -76
11 3
-5 90
-80 18
-98 79
-34 -52
56 -28
43 -59
95 -10
79 81
86 21
42 46
-11 -96
-87 -77
-7 36
28 -53
-47 -26
-7 36
57 55
10 -83
-13 15
21 14
3 -1
-43 -74
6 3
6 39
-48 60
12 83
70 -80
-29 86
39 18
-21 -44
-1 3
-79 -36
42 -50
17 -64
80 -55
28 -53
-21 -43
86 45
-56 19
-67 73
65 -49
-22 78
30 -49
62 80
7 -92
-68 6
-18 15
70 51
-50 11
-16 34
25 -63
16 5
-8 -18
-57 67
3 9
3 -1
8 52
34 -5
-98 -19
-7 21
-65 -97
-26 33
85 -66
-93 -51
-95 -78
-95 4
-26 95
14 33
-14 -14
-21 -6
60 -23
-82 93
54 -52
0 0
-85 -2
-44 84
24 2
11 -85
0 1
75 -73
65 70
-35 26
20 43
56 40
-63 -90
75 -64
39 28
58 -37
-66 92
-60 -49
-7 -53
-90 4
-51 97
53 -47
41 -21
42 -3
-47 79
8 65
32 -29
0 1
-2 4
12 -3
-71 68
-79 -36
14 22
-37 -60
87 -24
-99 -36
8 -26
22 45
27 -23
-80 -61
-15 -22
21 -54
-2 0
1 -26
-6 15
-69 -29
0 44
19 12
-23 90
-95 -78
-98 13
93 22
37 -94
-32 -40
-43 89
-7 -23
-50 -29
-28 13
-2 0
-28 44
66 -26
6 40
27 17
-28 76
-58 89
-100 -64
100 -12
73 -86
-26 33
-17 10
-92 -10
-35 26
62 82
-81 53
-51 -77
28 -43
-99 -49
0 1
-43 -43
88 -18
73 -95
-93 92
-10 -25
-87 -31
-98 99
31 60
7 -60
-1 3
14 6
-49 84
-25 -1
87 13
-62 -23
-38 24
-34 83
-100 69
74 -19
98 -24
85 -70
78 -64
-27 -78
0 0
-18 -55
-18 15
-62 -5
33 80
-63 -4
34 65
12 -85
10 -19
-73 17
50 -87
76 35
-16 34
95 -83
73 62
56 -44
69 56
50 -44
0 44
-93 -51
-38 59
77 26
5 16
-60 -82
-18 -22
-61 51
24 40
-8 -18
0 -7
62 -32
-39 -32
-48 -89
48 -97
65 70
41 -1
-100 -7
-48 65
25 -14
66 -96
-8 75
-78 -84
-11 26
-32 -85
-72 62
11 -26
-26 -28
-40 1
35 -45
-23 90
8 -45
-38 64
67 -61
45 4
64 35
-2 43
0 0
59 -24
-3 32
-90 -54
-75 100
3 3
-51 -54
11 -26
-92 5
-8 75
-7 40
-34 -6
-92 5
-96 84
16 26
2 32
-94 4
-11 -93
-26 -23
38 69
-21 -43
59 -41
81 -15
-20 -63
-3 17
24 -21
-85 -81
31 59
-2 43
34 -70
21 23
97 16
6 40
62 -30
19 -75
-18 2
-26 100
-30 91
-56 -57
24 -39
-46 44
98 83
26 93
-97 87
37 -94
31 21
-17 -23
-72 13
-70 -5
70 -30
8 -26
52 -48
41 49
-12 91
23 11
-63 -100
38 32
-77 92
39 28
62 1
-60 -41
6 -57
100 17
14 -84
-61 44
25 -41
-31 15
-2 0
3 61
-26 95
91 34
-45 26
28 75
8 1
-37 -36
0 0
16 -5
-60 -74
-70 92
82 63
55 -58
-10 -89
55 -58
-59 -13
60 -44
-6 2
-13 15
-33 -50
72 -62
37 46
-2 0
6 58
-49 -48
76 34
-100 69
-6 -60
61 -87
5 16
-16 34
-26 -23
72 -62
-73 17
-24 -28
13 63
17 22
-46 -90
5 5
-12 -100
49 -39
51 90
12 48
-52 5
-50 -3
11 10
-82 -70
17 68
-64 -40
-75 -24
-48 -80
22 -10
69 45
-2 0
18 8
70 51
0 1
38 100
27 -23
70 51
11 -41
-40 45
-33 -88
14 22
-81 2
63 -84
16 85
76 -24
37 25
40 -89
80 15
18 78
-40 52
-66 75
-85 59
-18 86
11 68
94 -74
-45 66
-11 -65
100 94
-75 59
-49 -46
-25 86
-32 -36
51 -88
37 25
-24 49
93 -47
-3 98
-42 72
17 72
89 -4
55 64
8 1
-44 -91
-23 -10
92 -6
-68 -82
74 -47
-11 25
45 -42
60 -13
-3 -69
-20 94
58 -25
19 12
24 -21
-2 4
-30 8
61 82
-57 -30
3 9
15 80
24 -67
-55 21
39 -95
8 1
57 9
-38 64
0 1
-52 94
69 70
99 14
-65 -97
38 70
-13 -5
17 22
-61 14
-2 0
-3 44
-53 86
73 -18
-36 49
65 57
0 -4
-75 100
24 -21
73 -26
-48 -37
28 75
-12 14
-60 81
60 17
-59 24
39 28
-95 30
-65 -97
-59 24
45 9
-18 64
-2 0
-74 -82
-90 -44
28 -53
9 9
5 -13
-23 -99
-75 -56
-14 87
-35 56
86 -68
13 5
80 -50
-6 13
57 43
-12 32
32 47
-26 78
24 -21
60 -26
31 21
-8 -42
0 0
-78 78
66 -56
-17 92
-42 7
63 22
-83 46
-41 -52
46 -74
36 80
-78 -59
-48 -89
-54 -48
46 58
61 39
22 -60
-21 14
34 -48
3 3
-59 -79
-10 -5
7 -4
-1 -24
-66 25
-1 -24
97 79
-36 36
-39 82
93 64
25 -52
-94 27
-64 63
7 -43
46 -64
-82 -1
-62 -75
-52 -1
55 93
-13 27
-7 -86
55 26
-76 -85
-100 3
-14 -11
86 -68
71 38
94 -9
25 -38
66 -88
-79 -7
24 -67
-97 83
-67 35
73 -18
-95 -3
-1 33
-58 28
12 -3
-72 -22
32 -16
-28 44
60 -13
64 -1
-53 -67
-2 4
-14 -14
30 -77
-47 -98
-4 42
-94 -62
0 0
78 82
0 1
-78 78
-28 44
77 -43
31 60
-65 40
75 68
-98 -19
-73 75
-94 -49
64 -1
-22 -11
0 1
49 99
-22 -10
-34 -6
5 100
73 -75
-2 4
11 -2
69 52
-76 62
-64 -6
-40 52
0 0
-80 -40
-14 -94
11 0
63 -3
60 50
-3 27
72 -62
38 33
-68 -87
3 95
-42 54
-18 -22
18 -10
-31 -14
-17 -42
62 -77
-14 -64
-74 -55
-68 -82
-72 56
21 14
11 -26
-72 -1
-12 14
-92 -51
65 52
91 16
32 -66
-95 80
-97 -66
-12 15
-38 -27
-36 78
-77 29
43 -91
38 70
75 8
14 -35
0 0
13 -83
-25 86
81 -80
35 92
22 -23
-19 55
76 -11
6 3
-50 -83
-2 0
0 0
3 0
-68 -87
-40 -26
56 -28
-88 -24
-20 68
-15 28
-44 80
57 -93
25 97
31 1
64 62
-30 -87
65 35
0 1
30 -18
9 -59
-91 2
86 3
25 83
-29 0
-11 -10
71 -15
32 -71
-11 10
-12 -9
-49 64
-98 -85
-25 49
35 -19
38 10
70 59
-6 13
54 93
21 96
0 -7
-69 95
-26 -28
-41 -52
9 -3
98 95
-1 -24
93 -44
-99 27
56 98
-87 -47
8 1
-95 -39
-3 27
-56 -46
-84 82
17 -52
0 1
46 -10
3 3
3 -81
-86 -14
-88 -29
-17 -11
-1 3
35 85
-11 -93
35 -32
-37 -76
38 10
-32 -36
62 12
25 8
-40 52
24 -21
72 51
7 19
-96 -72
-18 2
-99 62
0 -4
-74 -64
39 -52
34 23
-44 -99
86 59
-62 -57
-36 -33
11 -26
54 76
-18 2
-4 -2
35 -32
-93 -72
-9 -64
24 2
83 83
11 -2
4 30
-59 -79
7 -92
16 -92
43 96
-17 -11
31 34
-57 29
50 23
95 53
-2 4
91 -34
90 -89
36 -1
50 97
40 -62
-2 4
-35 -47
-46 44
-72 15
8 -45
42 -14
37 -52
39 18
81 -17
-44 46
-59 -66
4 0
23 99
-86 -58
32 47
8 1
13 43
9 -2
55 26
-56 86
-3 -100
-12 14
81 77
-29 5
-17 -11
-62 88
64 -53
86 100
-49 26
74 85
59 10
-17 -90
42 41
-2 84
-12 14
-11 -24
-82 93
-4 -81
-98 -85
-11 33
87 78
36 52
37 58
8 28
20 18
80 -32
5 5
-2 -80
50 47
88 40
-92 -74
-85 42
45 -42
-46 86
68 -37
-45 -25
35 91
13 89
61 93
99 -94
77 50
13 89
-52 98
-79 -52
38 -38
-18 64
-17 -61
7 -46
11 10
-13 78
-97 96
66 45
72 -13
16 55
0 0
58 66
0 0
-30 -26
76 -18
-2 -44
-67 -48
-48 -80
46 -41
-1 59
66 2
21 -54
82 -17
51 -52
-34 -68
-57 72
0 -42
3 -1
-43 -43
-72 38
89 -1
38 82
-19 -9
-3 -76
88 -81
-2 4
50 52
-93 46
-20 -22
-4 -96
60 -17
58 -55
-46 -55
69 53
65 -40
-11 -85
-51 -54
3 -18
-75 -49
-25 23
-30 -35
65 -59
4 89
94 -9
-96 -63
-65 -42
-43 -43
-17 92
-97 96
-44 18
0 0
-54 -6
41 -75
6 4
62 15
-91 88
-59 -30
-45 85
-42 -11
-24 86
33 -23
-22 55
-83 -65
43 -66
-2 0
79 28
18 -21
43 96
16 5
-96 -63
0 37
-2 0
-46 86
-81 66
-22 -87
-73 -11
-32 -40
-49 52
-33 -5
-79 -31
48 -39
-56 -57
14 33
-76 -6
-25 60
-97 -23
-94 51
-24 -28
71 38
6 3
66 -88
36 -15
62 12
78 62
55 11
7 -89
-36 36
0 1
50 -30
21 94
-42 96
96 47
19 -39
34 -31
5 74
78 43
36 -15
50 -64
44 71
-50 -97
99 -92
16 5
-4 -2
-2 0
69 74
-35 -14
70 -44
84 73
-40 45
-85 -16
-47 37
0 1
-15 100
-51 64
1 48
-63 -1
100 9
-54 70
71 23
28 -27
-88 76
51 90
64 -23
-57 -30
22 -78
-92 -75
-68 98
-2 4
-98 -32
-50 8
-56 43
1 -43
-66 -49
-92 -9
13 91
-47 46
86 57
3 3
51 -60
76 -27
28 5
13 -45
-67 -31
72 5
-14 -37
66 -26
-25 -42
-84 -68
22 -10
4 10
33 -13
-46 93
43 -66
-93 -61
55 -50
4 82
-98 95
-5 90
32 -29
10 55
79 39
5 -98
0 -7
42 -3
-12 81
-99 62
22 44
86 21
27 31
-81 100
46 74
-70 37
3 -1
-2 0
-98 20
-37 -36
72 44
-9 -80
8 84
57 43
17 23
71 38
-2 43
93 -47
-10 32
76 -27
-10 -20
-72 96
-55 -59
27 -23
-86 -95
42 98
75 -73
-9 98
-77 -9
-42 -62
74 57
-96 -63
-34 63
32 48
-51 97
50 -16
-11 10
60 -44
11 -95
64 -67
3 -81
-88 -49
-20 68
65 -3
-48 -89
-51 64
37 25
0 1
52 93
-27 -57
-99 -16
24 -21
-20 13
42 39
0 0
82 -34
-64 -40
26 26
-47 -16
-21 -43
-28 76
53 14
0 -30
-40 -79
-5 90
-30 -7
25 -25
55 -24
-84 -42
76 -81
97 79
71 -39
4 -24
-34 83
-70 9
-29 -78
96 -26
-69 -62
88 -94
-1 3
9 -37
18 8
27 -65
92 -58
97 32
32 86
4 82
3 -1
70 -96
-57 -79
33 -13
64 -1
-16 77
-77 4
-23 -99
3 -1
-84 -96
46 -41
37 6
5 38
47 -51
-18 -55
1 -7
-6 2
3 37
98 51
17 -10
-36 40
78 62
-30 -26
-29 0
-38 -27
13 72
11 68
73 -95
-92 59
-7 28
-36 83
97 -33
11 -85
-30 7
-16 -45
-64 95
-40 45
-60 -58
7 -36
95 -83
-44 -14
-88 -75
-70 -23
-1 33
-19 13
-19 99
39 28
-21 3
-8 75
-3 27
16 -56
-70 9
-69 -75
-2 0
