2 8
2 8
30 2254
25 2185
3 264
10 1150
16 1325
26 2648
5 365
4 318
20 1708
8 790
14 1215
22 1858
17 1651
15 1533
19 1482
16 1386
21 1928
15 1032
15 1148
24 2270
20 1817
8 691
14 1190
19 1790
16 1617
15 1562
12 1227
11 952
18 1761
13 1222
21 2018
27 2543
15 1329
3 252
23 1919
22 2214
13 1236
30 2355
3 176
2 105
5 453
14 1079
26 2550
21 1918
28 2306
25 2082
20 1862
2 124
25 2110
19 1455
11 1027
14 1024
2 178
26 2436
8 623
16 1172
12 1006
11 1074
23 1863
19 1737
17 1740
7 599
8 884
10 1099
21 2006
1 37
23 2322
27 2666
5 325
14 1392
7 702
4 304
15 1381
6 489
10 832
13 1048
10 838
10 999
22 1757
11 791
2 234
29 2402
28 2389
26 2866
12 840
13 1127
21 1989
15 1561
43718 4577460629455
43732 4579096252879
43316 4577824999805
43732 4579642001922
43763 4580348085438
43451 4575705117977
43523 4580501034596
43658 4587891767773
43306 4583723587210
43413 4585851890359
