278071633
73485073
25570414
362743172
907245330
148847543
815888365
357899237
510637411
617541416
817413961
74915850
994455978
3731186
851454141
295148424
462549427
74953810
736127127
686047068
917552646
398453995
547281192
736898015
982253852
150989075
342302475
181842290
478937225
533763597
489434073
203260681
918509784
304954867
719323650
550490648
472761678
681664092
303584706
917143864
198830755
457074398
655547412
462108179
85852970
167577073
818358921
241410326
492130083
651572669
415350458
437129400
750676475
760580102
682614062
552101444
849324054
761674657
980494543
666204318
299547470
909703025
885952775
996505220
400282562
73309046
716876515
524628828
747613386
507462679
569205751
154728384
77473882
799232631
119875236
887488180
948838655
398218376
386142407
213485853
632088957
369398462
983763562
545025674
964384594
782233170
358175303
148752089
714970576
429490991
287760322
276641448
928757534
688378163
401316346
353462636
629289015
201943510
391773286
686118480
