3 5 9 11 15 16 17 28 32 35 42 44 47 60 61 74 91 99 114 135 139 151 164 167 176 201 229 230 258 286 319 368 386 425 440 481 530 530 569 609 644 765 954
4 12 16 23 25 37 37 46 48 50 57 67 69 75 77 83 83 85 95 103 126 139 166 168 170 176 185 190 196 197 209 236 241 249 279 283 286 325 388 446 459 476 483 540 610 1012
1 11 16 29 31 31 49 59 63 76 78 86 106 108 110 111 117 147 147 152 157 166 175 183 184 194 224 224 243 257 275 287 307 320 350 374 388 394 400 426 440 606 612 847
8 17 29 30 32 36 37 38 40 45 54 61 63 89 92 102 107 108 112 117 129 129 129 136 147 149 158 174 189 194 200 211 225 227 237 261 276 287 318 345 376 382 395 404 414 439 465 795 885
1 1 6 11 15 20 21 27 28 29 33 45 51 53 60 72 75 90 93 95 102 106 168 169 224 240 268 271 320 321 335 356 382 391 404 419 505 528 582 596 735 852
4 4 9 19 39 43 50 63 69 70 72 83 84 87 93 94 113 114 125 131 148 154 174 186 193 217 222 226 231 237 244 254 263 281 328 385 406 454 681 791 807 956
30 34 39 43 64 67 68 73 75 79 80 90 97 100 106 116 119 124 126 127 142 145 155 156 181 187 214 225 252 277 284 386 388 394 405 453 466 572 576 709 884
1 13 23 31 35 41 52 65 74 75 77 101 102 125 131 133 137 156 163 169 179 187 192 194 211 226 231 255 268 274 292 304 330 345 409 452 646 677 709 742 750
5 9 11 15 31 33 33 35 38 45 49 50 60 61 75 86 90 96 102 103 113 115 138 147 152 154 156 176 178 185 199 206 213 248 267 278 280 310 361 384 395 398 434 461 484 489 547 586 790
1 2 3 3 29 30 42 47 68 70 70 70 71 75 76 85 89 93 93 119 125 135 138 140 150 184 190 192 196 236 282 283 291 295 312 341 376 500 555 617 630 1099 1384
6 8 12 12 12 27 29 29 38 40 47 56 59 61 61 65 65 79 81 91 119 123 124 131 143 162 163 208 220 246 247 262 275 290 316 347 348 374 394 413 429 459 523 687 716 827
9 11 13 14 21 22 22 28 37 38 40 40 45 45 48 57 63 69 78 95 100 101 105 122 129 131 138 161 165 193 209 243 265 287 304 349 368 387 399 454 472 511 586 753 753 995
2 10 11 13 17 17 25 29 30 31 35 35 44 49 49 53 65 68 74 82 85 88 89 91 95 100 118 121 125 126 133 172 202 256 281 305 319 419 423 468 487 507 555 715 1427 1443
5 11 13 24 24 40 43 45 46 53 57 58 62 72 89 104 107 115 126 132 137 148 181 229 262 284 285 299 301 301 314 349 376 386 393 427 436 446 483 506 511 528 557
1 5 8 8 9 15 18 22 28 32 39 49 56 60 66 70 73 91 96 111 130 131 134 139 140 142 147 153 165 168 174 184 192 213 239 252 259 280 297 309 362 423 429 470 492 532 625 1284
5 12 18 20 21 26 28 30 60 63 66 70 70 72 79 84 88 88 94 95 99 103 109 128 138 142 145 170 185 189 200 205 205 222 232 235 241 247 251 253 312 314 324 371 399 438 654 659 725 887
2 5 7 8 13 16 16 18 22 22 24 25 29 30 46 48 51 64 71 76 78 92 94 98 119 138 142 145 160 161 178 180 183 203 205 209 242 247 332 342 368 411 435 473 494 504 647 932 947
3 9 19 20 24 24 31 36 44 51 51 53 58 58 59 71 71 79 86 91 91 92 103 105 130 137 144 149 155 174 177 208 209 220 232 234 286 310 330 338 338 341 394 453 549 744 745 762 852
14 15 18 24 25 27 27 32 43 53 69 69 85 90 97 98 101 104 109 111 120 138 149 149 187 191 195 208 218 223 224 234 248 254 260 262 262 289 317 332 345 389 471 790 911 994
6 16 24 29 29 29 44 47 57 58 60 69 79 80 86 105 115 129 147 151 152 155 160 175 201 207 238 272 281 281 303 311 324 330 331 349 410 524 549 638 760 1580
2 15 17 29 30 34 41 44 46 47 53 66 67 71 73 80 84 93 100 111 121 141 145 149 151 152 162 162 163 194 198 229 231 256 257 259 270 272 295 312 313 332 416 422 436 542 565 607 735
7 11 12 16 26 32 39 43 45 74 91 113 122 122 127 147 153 165 166 177 185 192 207 208 212 219 221 295 300 301 311 316 318 348 421 421 439 457 457 515 615 1170
2 6 11 12 15 22 29 46 46 62 63 74 75 76 80 89 90 92 114 119 123 145 157 169 169 173 179 191 207 209 247 262 277 285 336 349 372 383 385 467 494 666 700 785 838
1 4 30 31 40 44 44 55 72 74 74 75 77 92 94 108 110 125 126 143 166 168 179 184 188 189 194 202 246 252 266 277 290 305 319 325 351 364 411 452 485 548 626 676
6 7 12 21 25 35 37 47 48 62 65 69 76 86 103 104 107 114 122 123 140 145 156 167 172 178 191 192 221 251 286 300 304 373 393 455 540 542 559 572 614 678 742
1 3 9 11 13 14 14 17 24 28 34 49 57 71 94 104 109 117 118 121 131 132 133 146 151 160 168 172 175 176 183 187 188 222 225 256 262 277 302 340 349 387 480 487 556 563 609 650 761
2 3 16 17 19 22 24 24 24 26 42 45 55 58 91 106 113 117 119 136 138 146 147 156 159 165 203 214 232 252 276 339 368 377 409 414 459 475 509 553 915 1067
1 1 5 12 14 15 22 27 28 29 35 50 65 67 84 94 99 100 101 101 116 126 128 142 155 156 160 166 167 175 183 186 249 255 261 292 298 350 388 422 442 468 484 541 562 613 657
2 5 8 13 15 21 23 27 46 48 50 55 57 68 71 85 91 94 97 101 114 125 140 219 224 233 239 247 271 274 282 291 329 330 341 344 348 392 455 472 664 673 1188
14 15 15 17 21 36 36 44 46 48 54 81 85 89 90 91 97 98 104 108 109 121 140 156 164 169 172 185 190 228 230 235 237 284 295 296 312 334 334 340 373 416 423 546 632 684 969
2 2 3 10 12 21 35 37 39 41 42 48 61 62 62 63 74 81 86 106 116 117 120 120 123 124 140 158 167 167 188 190 211 215 237 238 242 253 275 309 344 351 399 428 455 463 468 477 551 634
15 26 29 29 38 39 43 48 50 51 56 60 74 81 86 93 103 128 154 157 168 173 182 185 194 198 208 220 225 248 261 300 410 447 461 512 530 533 592 881 1225
6 6 9 11 12 25 31 34 36 51 64 90 107 110 113 113 121 122 123 137 152 153 159 163 171 191 192 201 201 214 227 274 281 285 300 311 474 486 595 619 742 1009 1271
1 3 10 13 14 20 29 44 46 52 55 69 73 73 82 84 98 103 112 113 117 122 151 172 195 218 223 229 245 252 261 277 278 317 319 328 336 343 383 387 399 538 673 714 808
7 12 16 32 33 39 42 46 49 50 50 58 66 68 70 85 104 118 126 153 156 157 171 176 192 205 215 224 226 239 241 268 271 275 365 369 376 380 396 421 438 511 584 612 1217
3 8 12 42 45 48 48 50 53 53 54 55 59 87 114 118 155 159 163 170 171 178 198 200 218 223 247 247 260 262 271 310 340 352 456 485 506 517 623 716 1019
7 14 19 23 23 31 38 56 62 63 65 80 88 93 94 105 110 116 120 128 134 140 157 175 177 178 180 208 211 234 234 246 284 284 294 295 329 367 369 393 396 417 439 605 607 614 624
2 17 21 23 30 57 61 71 77 78 84 87 89 93 93 98 102 104 105 123 128 134 142 151 173 178 184 184 197 226 228 237 239 251 258 258 260 281 284 318 331 379 437 493 508 695 773
1 3 5 8 10 14 14 20 34 37 49 50 55 57 58 60 64 67 70 76 77 90 94 99 111 127 158 162 179 186 201 226 227 236 308 317 323 330 333 338 415 416 472 489 494 504 581 729 952
2 3 20 20 24 28 38 46 51 52 56 63 66 68 76 82 93 95 98 99 101 108 110 133 153 165 180 182 190 193 205 212 262 263 277 289 303 305 360 363 432 467 490 530 586 777 873
5 12 15 22 24 28 35 64 64 65 68 71 72 80 84 101 102 112 127 129 139 142 143 156 156 157 180 183 188 192 209 214 238 252 253 255 262 267 267 279 315 482 482 537 676 708 914
7 19 28 32 33 35 41 48 49 50 52 64 69 100 102 130 133 149 150 173 187 221 227 258 299 299 320 336 361 366 377 390 395 410 417 459 502 558 629 683 809
8 12 20 22 29 37 42 54 60 63 65 67 80 82 101 103 117 123 128 131 136 140 140 150 151 154 192 195 198 227 240 243 340 377 430 437 493 589 605 842 998 1346
12 17 21 22 24 24 41 43 48 53 58 61 65 66 77 87 88 94 96 105 110 120 122 128 129 138 139 141 145 150 156 163 183 196 205 228 229 236 273 288 290 300 328 364 387 409 422 471 1953
6 7 7 21 21 24 25 28 36 39 42 48 50 63 64 66 72 74 80 81 84 89 90 98 107 116 137 145 179 181 184 230 255 282 308 334 378 380 435 458 459 473 479 525 608 650 1110
6 6 10 10 11 13 24 39 55 62 65 67 71 92 96 97 119 123 126 159 174 175 186 217 220 232 249 264 305 338 338 348 351 361 396 429 471 499 603 978 1024
7 9 14 16 18 23 27 28 37 42 43 48 52 52 53 86 88 99 99 114 114 116 126 131 137 157 158 164 173 175 230 244 250 250 259 277 293 293 299 303 315 349 353 487 528 700 1527
2 6 20 28 30 31 31 37 44 47 49 51 51 69 78 81 81 89 94 95 96 128 136 154 164 167 176 210 210 229 232 251 271 303 311 328 357 458 482 545 613 660 701 829
4 4 4 10 11 12 31 35 40 58 65 71 95 97 101 101 108 116 124 126 139 141 143 152 161 172 190 195 201 201 214 218 219 229 242 273 276 281 403 428 430 516 750 840 878
7 9 9 15 19 24 27 34 34 47 55 92 93 95 99 100 103 107 115 121 127 127 132 133 155 165 174 193 197 209 222 244 264 274 279 301 308 324 335 350 355 431 437 483 554 700 824
1 7 14 15 15 16 19 26 26 29 35 44 52 67 67 77 79 79 80 86 87 114 115 118 122 130 140 150 152 163 166 195 221 232 232 232 257 261 261 330 358 389 410 411 537 574 670 679 841
29 30 31 33 36 38 41 43 44 57 62 64 64 72 76 85 85 91 99 107 121 130 131 145 158 161 162 166 174 179 179 185 196 196 197 217 224 229 243 265 282 298 311 348 389 398 435 640 662 791
6 12 13 20 22 27 30 39 43 49 53 56 60 64 68 69 80 103 108 123 125 131 135 140 148 149 174 179 181 192 194 194 201 213 216 335 339 393 458 480 511 571 589 632 670 1004
3 4 14 14 21 24 27 27 31 32 49 62 64 86 89 90 101 109 115 139 141 164 189 206 226 242 296 308 318 332 355 370 434 442 494 547 627 647 746 868 899
2 9 17 23 34 38 40 41 43 47 52 65 66 73 77 80 94 102 103 110 111 112 117 135 138 143 152 153 163 165 166 172 200 217 219 239 267 286 309 344 352 366 375 422 428 483 567 604 724
5 14 21 21 31 35 35 35 38 40 43 45 60 66 73 82 92 93 98 98 100 117 119 123 134 148 156 164 166 167 196 215 221 256 267 278 287 301 325 339 364 370 501 560 568 576 594 646
5 9 20 23 30 31 32 40 48 49 53 53 72 75 88 94 104 118 118 120 125 131 143 149 156 156 156 174 186 219 222 225 270 277 283 284 316 341 397 541 543 616 633 652 663 865
4 12 23 36 39 42 43 50 52 68 68 70 72 73 81 83 85 87 97 107 125 140 142 144 160 163 164 179 208 244 249 278 305 310 327 327 472 511 713 843 878 1017
2 6 6 19 35 56 61 66 68 82 82 85 90 98 100 109 114 131 136 139 146 159 160 177 183 214 229 233 248 271 335 339 364 390 455 462 542 566 599 601 858
3 8 9 10 14 16 16 19 24 34 37 38 54 55 69 77 94 98 100 104 133 136 139 170 183 190 199 241 280 288 291 343 348 361 366 376 400 431 468 474 477 533 930 949
10 12 12 19 22 24 33 36 51 66 68 83 87 104 105 106 114 121 123 125 151 161 178 180 187 187 199 235 239 261 269 284 287 422 447 449 475 476 500 517 681 683 739
2 2 5 11 11 17 19 22 23 24 42 44 49 83 83 85 92 98 112 118 125 127 140 144 147 149 162 167 172 186 202 205 209 242 254 265 268 283 295 309 316 322 343 359 362 375 437 442 478 740
2 3 8 11 16 23 24 25 41 42 43 49 52 59 59 72 78 85 88 93 96 105 107 107 117 129 146 147 149 154 155 174 196 203 203 221 236 243 276 290 352 390 394 475 500 742 773 834 1069
6 11 17 24 28 42 52 54 54 57 62 62 73 74 77 78 86 93 95 103 107 122 128 129 129 132 134 141 145 149 153 161 162 177 181 186 203 210 250 314 325 360 392 442 657 679 797 817 913
2 6 21 26 28 29 36 42 43 47 51 54 61 62 65 71 79 88 107 129 144 147 149 166 185 187 188 204 208 235 240 245 265 276 283 285 290 290 303 340 352 469 489 566 652 946
5 5 17 18 23 32 40 46 49 53 64 73 97 99 108 121 122 124 127 130 137 138 139 144 149 167 167 181 183 200 203 209 217 244 249 253 256 261 288 288 304 318 327 401 421 435 601 637 664
2 2 4 6 15 19 22 25 27 27 49 51 58 60 64 68 81 88 91 105 106 110 112 135 135 138 146 153 205 219 219 223 225 325 352 353 353 450 451 452 477 534 586 732 991
6 7 23 24 29 39 44 58 59 65 67 70 73 76 82 93 100 106 112 121 124 147 156 197 205 220 237 271 272 299 315 318 366 368 370 468 514 542 550 617 661 695
1 10 14 24 30 54 54 58 61 75 106 110 122 123 123 128 141 146 177 182 184 185 194 198 200 206 207 215 224 240 254 260 310 322 340 349 369 401 410 433 455 463 588 685
9 15 20 20 21 24 29 33 33 35 36 51 69 72 79 83 91 115 125 130 139 149 151 154 160 163 176 191 199 214 214 214 261 262 276 282 284 321 333 349 362 392 447 450 466 611 682 727
