2491803999
20000000000000
510234141239
148512826
2199
4541
65644
40325
1119
251
41013
4854
34197
209
15301
3179106588
4008998410
45082
15783
144
457746893
273157729
3586
252
13187
17043
17784
8114
17928705
9
26653
411
2331792499
4050
7469
7357
422419938
3010518598
6893
22371
54
6314
4810
7353
36824
13293
66754
1667875426
14952
2654042
23706
6058
34728
361
17805
3951287378
247
6247
8202
24514
315
2625
619269939
883
25021
3016
1981948718
13
975
53260
3467
31070
29277
1868
456120121
21306
17933
10871066
567
29
11841
1112070642
1224617454
3939388801
3766134474
26045
119
24
18023
1281
6585
29848
32893
6800
10170
13037
21079
36150
125510137
416671524
3533029907
2204
137
8
811
115
226
2265
1150
544
15
2571
1563
416
1150
5
103
1154
204
2867
2570
2296
2571
5161
397
1641
40
2539
22
187
139
303
124
4895
4060
535
4740
2849
4871
982
5059
499
278
2
1503
703
52
560
1380
823
247
4394
624
1433
3379
437
3046
3061
119
1723
81
2911
3217
1370
601
4098
344
111
12
850
1379
12
1434
798
384
2147
631
3822
2155
2612
2003
1141
3172
473
832
4034
72
5
38
1044
783
1929
180
381
2437
4263
145
346
52
1791
153
1156
1478
1123
28
570
375
1913
527
793
1230
4113
815
4591
2056
129
1052
15
182
39
37
46
1790
374
1388
597
430
4637
294
4441
1
143
135
704
381
1200
3685
2122
2594
365
656
4999
3100
2631
23
1214
990
303
4336
270
130
17
135
5
1161
79
227
43
382
12
1129
163
395
785
400
362
2299
1853
3684
164
30
5586
1350
681
2217
62
58
204
767
136
244
2038
163
117
1575
16
2965
378
3982
1
81
11
3591
538
2002
16
1226
2214
376
971
1497
688
2525
22599592892
1933469386
12982380013
6277102345
16654457014
13668212486
11495507
4235962311
1150430474
39631113
4664465556
1610799442
226092506
9894321604
5145993901
2294937870
2108805518
63318359
30653387182
4594305387
11672410920
2187798919
9943296127
241192619
9159812253
6582017327
6757887355
2683866002
1549672388
2117079
9893127891
14270909867
8911370761
15218006585
5025316
17886810291
425855165
570740520
566821970
16849042743
55213799
486815603
14827168734
14879854433
21661297723
14637248155
1452380225
5032786
3561508
52164647
4860082098
645128039
170401077
410878730
18625767993
149858615
14007993246
18476830747
11251272114
1733288630
15606409622
118329665
2595275217
14711057349
12256483981
8071195347
1183791267
1582760055
1308071623
14386404911
2808164245
10821904555
19149223
335874302
7076827121
22537152931
331346084
4785970336
146200828
10785210625
1878310728
22053365316
4918590660
11232743512
8847054115
108559514
20767570040
738621975
8157477338
14805797720
289192248
2923884359
5494559562
18589580056
6828369177
20441934570
8360599129
14984969192
9570955821
1008168793
9966430550
12594272295
6673400505
7847907849
15972031189
3830759159
5374699230
11531103087
440001926
15204686449
18551875248
55795142
13259331697
160726617
19889076341
18168522338
18186215829
6723627678
8405448264
2964696348
4844300889
12168775991
30686648200
599982416
675447871
96494039
11789799089
8698613073
9158620432
14367079124
5414920371
13912584911
2521937062
12294122518
8636110235
11754668239
211855320
3542507995
4503261807
25352673962
164420135
1223587078
1091054820
8532624672
498356012
10674479663
22078505551
10833363259
1642272051
10335897357
17024465242
6136629409
25891225023
945730965
2174427557
5860180094
798298928
929962134
6106061930
1563017447
2082846618
585641342
394017085
2506053642
10615111488
1757158266
19003447394
331475735
496536475
29641744
11016778
43629027
12059580392
527507097
4708686389
1142873413
2900450964
257284691
6742531273
23051897633
856372137
5192593261
13251470507
1078517195
945672242
3329100522
2453237768
950369851
10255278800
595308790
13630532019
3256445653
92979920
7047444022
23757810411
7056135330
24993359537
11397306555
6436326516
10117842555
12745433121
3498440890
1497646
1131514284
3245225190
13610806583
2995175805
1307129360
10501659
15636083188
3544872429
4320415205
9720945316
7688614243
13048946247
16442350773
1776393272
3773109693
676860995
4661849804
9641790968
2456540668
4266261426
3306497218
2196192265
3265891914
13736143
10256370286
2624252526
24244513321
434025692
5286020690
11643481944
921237187
13751356778
7150064109
6817309653
1670674746
1811411602
1517710712
2909620964
13672425540
736832469
8218912320
26628087709
4079454371
783920220
367285943
9432250467
10242240118
3759742733
16989837266
216365593
9432913
182280054
460026420
54767173
1756872842
6231904526
6109792321
8900055924
18206259075
354804065
672375114
665703910
9101925617
137977418
10234843545
1413132212
10272153269
558143443
3477952753
2711043841
3868903441
375581314
15437891125
9881950
304057584
2593932596
3426056342
29828353
11741485965
4671340242
206058764
1141874155
13308668023
18532153665
53242051
210257794
21454623870
2158419744
136608612
21119749811
14281543128
11019204
3408106293
2260951259
14576250316
11530674891
12572954737
4212471494
186437223
28937892087
7643444086
2142044510
1145433215
19269386010
178332549
6247621209
4673141424
1784600779
14422786779
17556098
18226084425
2128142620
814383126
864528009
1408279
7379724573
1674477068
2392569125
757308983
9156705281
198880335
8809805353
29694514359
3674298604
12638756910
24374361765
6648982381
9569828266
960742580
26668189868
4673600592
3606476003
318220095
51119081
2611923285
174512223
17080299393
5611790445
3927078
5592195577
5360506
21622165
2056269316
5735648286
4017399002
68544781
36455195
50555245
5855476169
5465060
2707367847
17478408322
28994240663
27619549320
2855855591
24556693864
1553880426
15772791514
1093668898
10730710309
407217076
5191033086
1784076597
350832615
4503959630
14984287447
29024223514
7389035382
12444662
3208192464
1793488460
4748610653
170545263
4258563
3804435384
4425491958
9986167488
27589032
515892314
518988552
1980673463
108953747
3808686234
8282071496
1653067922
13440269905
493688728
1850514888
11496486377
563594780
4314378045
1315822332
1238427597
8068868868
23373720231
1117495289
4383531743
7681294503
3641624140
6220528736
7637876870
177014
10940991558
1634817072
2167395783
6220182832
6343971
812175042
6073317175
318289256
5023338385
20358944314
4243036728
3875013290
7255788990
3098591289
4372436868
9866209630
25190844398
5236474873
465647900
4647457983
16651333650
521221860
1859331205
10010391545
690523866
7561099735
24550163126
1504110094
808137332
24049376560
126085743
2639774899
14799489358
8948894
1463978234
3058200464
4191089495
7873029753
15149209633
144728221
70348884
126294249
19960880153
203763
252093492
2414272982
11766414689
29081228472
7540569
2722611458
18911048122
298050291
9652500
14720730623
3836975080
577747709
565464192
19696783240
22058409664
1940974026
32092758540
709462785
55254934
606402535
24538380710
4911457469
15158968033
4564518688
232606978
7003691205
17213203165
1379649266
10454336
8042879766
3909038894
8818947784
98299843
9011336609
2023315114
3524486809
9219522031
8584971128
126407130
6066244878
5541261120
30606474582
976905468
2313556026
261570239
245518415
197778674
17054807232
